2024-11-06 11:43:18.263 +01:00 [WRN] The ASP.NET Core developer certificate is not trusted. For information about trusting the ASP.NET Core developer certificate, see https://aka.ms/aspnet/https-trust-dev-cert.
2024-11-06 11:43:18.303 +01:00 [INF] Now listening on: https://localhost:7285
2024-11-06 11:43:18.305 +01:00 [INF] Now listening on: http://localhost:5269
2024-11-06 11:43:18.309 +01:00 [INF] Application started. Press Ctrl+C to shut down.
2024-11-06 11:43:18.311 +01:00 [INF] Hosting environment: Development
2024-11-06 11:43:18.312 +01:00 [INF] Content root path: C:\Users\Per\Desktop\ReactBranch\ITPE3200-React\api
2024-11-06 11:43:18.580 +01:00 [INF] Request starting HTTP/2 GET https://localhost:7285/ - null null
2024-11-06 11:43:18.613 +01:00 [INF] Request finished HTTP/2 GET https://localhost:7285/ - 404 0 null 35.4714ms
2024-11-06 11:43:18.619 +01:00 [INF] Request reached the end of the middleware pipeline without being handled by application code. Request path: GET https://localhost:7285/, Response status code: 404
2024-11-06 11:43:18.651 +01:00 [INF] Request starting HTTP/2 GET https://localhost:7285/favicon.ico - null null
2024-11-06 11:43:18.659 +01:00 [INF] Request finished HTTP/2 GET https://localhost:7285/favicon.ico - 499 null null 9.1567ms
2024-11-06 11:43:18.660 +01:00 [INF] Request reached the end of the middleware pipeline without being handled by application code. Request path: GET https://localhost:7285/favicon.ico, Response status code: 499
2024-11-06 11:43:50.839 +01:00 [INF] Request starting HTTP/2 GET https://localhost:7285/swagger/ - null null
2024-11-06 11:43:50.840 +01:00 [INF] Request starting HTTP/2 GET https://localhost:7285/swagger/index.html - null null
2024-11-06 11:43:50.843 +01:00 [INF] Request finished HTTP/2 GET https://localhost:7285/swagger/ - 499 null null 5.7643ms
2024-11-06 11:43:50.893 +01:00 [INF] Request finished HTTP/2 GET https://localhost:7285/swagger/index.html - 200 null text/html;charset=utf-8 52.7948ms
2024-11-06 11:43:50.911 +01:00 [INF] Request starting HTTP/2 GET https://localhost:7285/swagger/swagger-ui.css - null null
2024-11-06 11:43:50.921 +01:00 [INF] Sending file. Request path: '/swagger-ui.css'. Physical path: 'N/A'
2024-11-06 11:43:50.921 +01:00 [INF] Request finished HTTP/2 GET https://localhost:7285/swagger/swagger-ui.css - 499 143943 text/css 9.6999ms
2024-11-06 11:43:51.008 +01:00 [INF] Request starting HTTP/2 GET https://localhost:7285/swagger/favicon-16x16.png - null null
2024-11-06 11:43:51.009 +01:00 [INF] Sending file. Request path: '/favicon-16x16.png'. Physical path: 'N/A'
2024-11-06 11:43:51.009 +01:00 [INF] Request finished HTTP/2 GET https://localhost:7285/swagger/favicon-16x16.png - 499 665 image/png 1.3407ms
2024-11-06 11:43:51.032 +01:00 [INF] Request starting HTTP/2 GET https://localhost:7285/swagger/v1/swagger.json - null null
2024-11-06 11:43:51.117 +01:00 [INF] Request finished HTTP/2 GET https://localhost:7285/swagger/v1/swagger.json - 200 null application/json;charset=utf-8 84.9227ms
2024-11-06 11:44:32.965 +01:00 [INF] Request starting HTTP/2 GET https://localhost:7285/images/bruker2/bruker2.jpg - null null
2024-11-06 11:44:32.966 +01:00 [INF] Request starting HTTP/2 GET https://localhost:7285/images/bruker1/bruker1.jpg - null null
2024-11-06 11:44:32.969 +01:00 [INF] Request starting HTTP/2 GET https://localhost:7285/images/bruker3/bruker3.jpg - null null
2024-11-06 11:44:33.022 +01:00 [INF] Sending file. Request path: '/images/bruker3/bruker3.jpg'. Physical path: 'C:\Users\Per\Desktop\ReactBranch\ITPE3200-React\api\wwwroot\images\bruker3\bruker3.jpg'
2024-11-06 11:44:33.023 +01:00 [INF] Request finished HTTP/2 GET https://localhost:7285/images/bruker3/bruker3.jpg - 200 651609 image/jpeg 54.128ms
2024-11-06 11:44:33.043 +01:00 [INF] Sending file. Request path: '/images/bruker2/bruker2.jpg'. Physical path: 'C:\Users\Per\Desktop\ReactBranch\ITPE3200-React\api\wwwroot\images\bruker2\bruker2.jpg'
2024-11-06 11:44:33.043 +01:00 [INF] Request finished HTTP/2 GET https://localhost:7285/images/bruker2/bruker2.jpg - 200 1185535 image/jpeg 78.4116ms
2024-11-06 11:44:33.071 +01:00 [INF] Sending file. Request path: '/images/bruker1/bruker1.jpg'. Physical path: 'C:\Users\Per\Desktop\ReactBranch\ITPE3200-React\api\wwwroot\images\bruker1\bruker1.jpg'
2024-11-06 11:44:33.071 +01:00 [INF] Request finished HTTP/2 GET https://localhost:7285/images/bruker1/bruker1.jpg - 200 2136966 image/jpeg 104.2833ms
2024-11-06 11:44:44.441 +01:00 [INF] Request starting HTTP/2 GET https://localhost:7285/api/userapi/userlist - null null
2024-11-06 11:44:44.444 +01:00 [INF] CORS policy execution successful.
2024-11-06 11:44:44.445 +01:00 [INF] Executing endpoint 'systemOut.Controllers.UserAPIController.UserList (api)'
2024-11-06 11:44:44.460 +01:00 [INF] Route matched with {action = "UserList", controller = "UserAPI"}. Executing controller action with signature System.Threading.Tasks.Task`1[Microsoft.AspNetCore.Mvc.IActionResult] UserList() on controller systemOut.Controllers.UserAPIController (api).
2024-11-06 11:44:44.463 +01:00 [INF] Request starting HTTP/2 GET https://localhost:7285/api/userapi/userlist - null null
2024-11-06 11:44:44.465 +01:00 [INF] CORS policy execution successful.
2024-11-06 11:44:44.465 +01:00 [INF] Executing endpoint 'systemOut.Controllers.UserAPIController.UserList (api)'
2024-11-06 11:44:44.465 +01:00 [INF] Route matched with {action = "UserList", controller = "UserAPI"}. Executing controller action with signature System.Threading.Tasks.Task`1[Microsoft.AspNetCore.Mvc.IActionResult] UserList() on controller systemOut.Controllers.UserAPIController (api).
2024-11-06 11:44:44.626 +01:00 [INF] Executing OkObjectResult, writing value of type 'System.Linq.Enumerable+SelectListIterator`2[[systemOut.Models.User, api, Version=1.0.0.0, Culture=neutral, PublicKeyToken=null],[systemOut.DTOs.UserDto, api, Version=1.0.0.0, Culture=neutral, PublicKeyToken=null]]'.
2024-11-06 11:44:44.626 +01:00 [INF] Executing OkObjectResult, writing value of type 'System.Linq.Enumerable+SelectListIterator`2[[systemOut.Models.User, api, Version=1.0.0.0, Culture=neutral, PublicKeyToken=null],[systemOut.DTOs.UserDto, api, Version=1.0.0.0, Culture=neutral, PublicKeyToken=null]]'.
2024-11-06 11:44:44.698 +01:00 [INF] Executed action systemOut.Controllers.UserAPIController.UserList (api) in 230.4847ms
2024-11-06 11:44:44.698 +01:00 [INF] Executed action systemOut.Controllers.UserAPIController.UserList (api) in 235.2605ms
2024-11-06 11:44:44.698 +01:00 [INF] Executed endpoint 'systemOut.Controllers.UserAPIController.UserList (api)'
2024-11-06 11:44:44.698 +01:00 [INF] Executed endpoint 'systemOut.Controllers.UserAPIController.UserList (api)'
2024-11-06 11:44:44.705 +01:00 [INF] Request finished HTTP/2 GET https://localhost:7285/api/userapi/userlist - 200 145 application/json; charset=utf-8 263.1751ms
2024-11-06 11:44:44.705 +01:00 [INF] Request starting HTTP/2 GET https://localhost:7285/images/bruker6/bruker6.jpg - null null
2024-11-06 11:44:44.705 +01:00 [INF] Request finished HTTP/2 GET https://localhost:7285/api/userapi/userlist - 200 145 application/json; charset=utf-8 240.8198ms
2024-11-06 11:44:44.705 +01:00 [INF] Request starting HTTP/2 GET https://localhost:7285/images/bruker7/bruker7.jpg - null null
2024-11-06 11:44:44.759 +01:00 [INF] Sending file. Request path: '/images/bruker7/bruker7.jpg'. Physical path: 'C:\Users\Per\Desktop\ReactBranch\ITPE3200-React\api\wwwroot\images\bruker7\bruker7.jpg'
2024-11-06 11:44:44.759 +01:00 [INF] Request finished HTTP/2 GET https://localhost:7285/images/bruker7/bruker7.jpg - 200 1342093 image/jpeg 54.1178ms
2024-11-06 11:44:44.783 +01:00 [INF] Sending file. Request path: '/images/bruker6/bruker6.jpg'. Physical path: 'C:\Users\Per\Desktop\ReactBranch\ITPE3200-React\api\wwwroot\images\bruker6\bruker6.jpg'
2024-11-06 11:44:44.783 +01:00 [INF] Request finished HTTP/2 GET https://localhost:7285/images/bruker6/bruker6.jpg - 200 2207768 image/jpeg 78.5662ms
2024-11-06 11:45:08.041 +01:00 [INF] Request starting HTTP/2 GET https://localhost:7285/api/imageapi/getimages - null null
2024-11-06 11:45:08.041 +01:00 [INF] CORS policy execution successful.
2024-11-06 11:45:08.041 +01:00 [INF] Executing endpoint 'systemOut.Controllers.ImageAPIController.GetImages (api)'
2024-11-06 11:45:08.045 +01:00 [INF] Route matched with {action = "GetImages", controller = "ImageAPI"}. Executing controller action with signature System.Threading.Tasks.Task`1[Microsoft.AspNetCore.Mvc.IActionResult] GetImages() on controller systemOut.Controllers.ImageAPIController (api).
2024-11-06 11:45:08.111 +01:00 [INF] Executing OkObjectResult, writing value of type 'System.Linq.Enumerable+SelectListIterator`2[[systemOut.Models.Image, api, Version=1.0.0.0, Culture=neutral, PublicKeyToken=null],[systemOut.DTOs.ImageDto, api, Version=1.0.0.0, Culture=neutral, PublicKeyToken=null]]'.
2024-11-06 11:45:08.115 +01:00 [INF] Executed action systemOut.Controllers.ImageAPIController.GetImages (api) in 69.5485ms
2024-11-06 11:45:08.115 +01:00 [INF] Executed endpoint 'systemOut.Controllers.ImageAPIController.GetImages (api)'
2024-11-06 11:45:08.116 +01:00 [INF] Request finished HTTP/2 GET https://localhost:7285/api/imageapi/getimages - 200 253 application/json; charset=utf-8 75.0484ms
2024-11-06 11:45:08.121 +01:00 [INF] Request starting HTTP/2 GET https://localhost:7285/images/bruker5/bruker5.jpg - null null
2024-11-06 11:45:08.121 +01:00 [INF] Request starting HTTP/2 GET https://localhost:7285/images/bruker4/bruker4.jpg - null null
2024-11-06 11:45:08.144 +01:00 [INF] Sending file. Request path: '/images/bruker5/bruker5.jpg'. Physical path: 'C:\Users\Per\Desktop\ReactBranch\ITPE3200-React\api\wwwroot\images\bruker5\bruker5.jpg'
2024-11-06 11:45:08.145 +01:00 [INF] Request finished HTTP/2 GET https://localhost:7285/images/bruker5/bruker5.jpg - 200 612825 image/jpeg 23.5437ms
2024-11-06 11:45:08.159 +01:00 [INF] Sending file. Request path: '/images/bruker4/bruker4.jpg'. Physical path: 'C:\Users\Per\Desktop\ReactBranch\ITPE3200-React\api\wwwroot\images\bruker4\bruker4.jpg'
2024-11-06 11:45:08.160 +01:00 [INF] Request finished HTTP/2 GET https://localhost:7285/images/bruker4/bruker4.jpg - 200 1202767 image/jpeg 38.357ms
2024-11-06 11:45:25.341 +01:00 [INF] Request starting HTTP/2 OPTIONS https://localhost:7285/api/imageapi/create - null null
2024-11-06 11:45:25.342 +01:00 [INF] CORS policy execution successful.
2024-11-06 11:45:25.342 +01:00 [INF] Request finished HTTP/2 OPTIONS https://localhost:7285/api/imageapi/create - 204 null null 1.8683ms
2024-11-06 11:45:25.344 +01:00 [INF] Request starting HTTP/2 POST https://localhost:7285/api/imageapi/create - application/json 94
2024-11-06 11:45:25.344 +01:00 [INF] CORS policy execution successful.
2024-11-06 11:45:25.344 +01:00 [INF] Executing endpoint 'systemOut.Controllers.ImageAPIController.Create (api)'
2024-11-06 11:45:25.351 +01:00 [INF] Route matched with {action = "Create", controller = "ImageAPI"}. Executing controller action with signature System.Threading.Tasks.Task`1[Microsoft.AspNetCore.Mvc.IActionResult] Create(systemOut.DTOs.ImageDto) on controller systemOut.Controllers.ImageAPIController (api).
2024-11-06 11:45:25.472 +01:00 [INF] Executing CreatedAtActionResult, writing value of type 'systemOut.Models.Image'.
2024-11-06 11:45:25.486 +01:00 [INF] Executed action systemOut.Controllers.ImageAPIController.Create (api) in 135.1956ms
2024-11-06 11:45:25.486 +01:00 [INF] Executed endpoint 'systemOut.Controllers.ImageAPIController.Create (api)'
2024-11-06 11:45:25.486 +01:00 [INF] Request finished HTTP/2 POST https://localhost:7285/api/imageapi/create - 201 151 application/json; charset=utf-8 142.2127ms
2024-11-06 11:45:26.604 +01:00 [INF] Request starting HTTP/2 GET https://localhost:7285/api/imageapi/getimages - null null
2024-11-06 11:45:26.604 +01:00 [INF] CORS policy execution successful.
2024-11-06 11:45:26.605 +01:00 [INF] Executing endpoint 'systemOut.Controllers.ImageAPIController.GetImages (api)'
2024-11-06 11:45:26.605 +01:00 [INF] Route matched with {action = "GetImages", controller = "ImageAPI"}. Executing controller action with signature System.Threading.Tasks.Task`1[Microsoft.AspNetCore.Mvc.IActionResult] GetImages() on controller systemOut.Controllers.ImageAPIController (api).
2024-11-06 11:45:26.608 +01:00 [INF] Executing OkObjectResult, writing value of type 'System.Linq.Enumerable+SelectListIterator`2[[systemOut.Models.Image, api, Version=1.0.0.0, Culture=neutral, PublicKeyToken=null],[systemOut.DTOs.ImageDto, api, Version=1.0.0.0, Culture=neutral, PublicKeyToken=null]]'.
2024-11-06 11:45:26.608 +01:00 [INF] Executed action systemOut.Controllers.ImageAPIController.GetImages (api) in 3.6093ms
2024-11-06 11:45:26.608 +01:00 [INF] Executed endpoint 'systemOut.Controllers.ImageAPIController.GetImages (api)'
2024-11-06 11:45:26.608 +01:00 [INF] Request finished HTTP/2 GET https://localhost:7285/api/imageapi/getimages - 200 377 application/json; charset=utf-8 4.1961ms
2024-11-06 11:45:30.054 +01:00 [INF] Request starting HTTP/2 GET https://localhost:7285/api/imageapi/5 - null null
2024-11-06 11:45:30.054 +01:00 [INF] CORS policy execution successful.
2024-11-06 11:45:30.054 +01:00 [INF] Executing endpoint 'systemOut.Controllers.ImageAPIController.GetImage (api)'
2024-11-06 11:45:30.058 +01:00 [INF] Route matched with {action = "GetImage", controller = "ImageAPI"}. Executing controller action with signature System.Threading.Tasks.Task`1[Microsoft.AspNetCore.Mvc.IActionResult] GetImage(Int32) on controller systemOut.Controllers.ImageAPIController (api).
2024-11-06 11:45:30.076 +01:00 [INF] Request starting HTTP/2 GET https://localhost:7285/api/imageapi/5 - null null
2024-11-06 11:45:30.076 +01:00 [INF] CORS policy execution successful.
2024-11-06 11:45:30.076 +01:00 [INF] Executing endpoint 'systemOut.Controllers.ImageAPIController.GetImage (api)'
2024-11-06 11:45:30.076 +01:00 [INF] Route matched with {action = "GetImage", controller = "ImageAPI"}. Executing controller action with signature System.Threading.Tasks.Task`1[Microsoft.AspNetCore.Mvc.IActionResult] GetImage(Int32) on controller systemOut.Controllers.ImageAPIController (api).
2024-11-06 11:45:30.094 +01:00 [INF] Executing OkObjectResult, writing value of type 'Castle.Proxies.ImageProxy'.
2024-11-06 11:45:30.094 +01:00 [INF] Executing OkObjectResult, writing value of type 'Castle.Proxies.ImageProxy'.
2024-11-06 11:45:30.211 +01:00 [INF] Executed action systemOut.Controllers.ImageAPIController.GetImage (api) in 153.5397ms
2024-11-06 11:45:30.211 +01:00 [INF] Executed endpoint 'systemOut.Controllers.ImageAPIController.GetImage (api)'
2024-11-06 11:45:30.212 +01:00 [INF] Executed action systemOut.Controllers.ImageAPIController.GetImage (api) in 135.3387ms
2024-11-06 11:45:30.212 +01:00 [INF] Request finished HTTP/2 GET https://localhost:7285/api/imageapi/5 - 200 1023 application/json; charset=utf-8 157.7702ms
2024-11-06 11:45:30.212 +01:00 [INF] Executed endpoint 'systemOut.Controllers.ImageAPIController.GetImage (api)'
2024-11-06 11:45:30.212 +01:00 [INF] Request finished HTTP/2 GET https://localhost:7285/api/imageapi/5 - 200 1023 application/json; charset=utf-8 135.851ms
2024-11-06 11:45:33.416 +01:00 [INF] Request starting HTTP/2 OPTIONS https://localhost:7285/api/imageapi/update/5 - null null
2024-11-06 11:45:33.416 +01:00 [INF] CORS policy execution successful.
2024-11-06 11:45:33.416 +01:00 [INF] Request finished HTTP/2 OPTIONS https://localhost:7285/api/imageapi/update/5 - 204 null null 0.3668ms
2024-11-06 11:45:33.417 +01:00 [INF] Request starting HTTP/2 PUT https://localhost:7285/api/imageapi/update/5 - application/json 135
2024-11-06 11:45:33.418 +01:00 [INF] CORS policy execution successful.
2024-11-06 11:45:33.418 +01:00 [INF] Executing endpoint 'systemOut.Controllers.ImageAPIController.Update (api)'
2024-11-06 11:45:33.420 +01:00 [INF] Route matched with {action = "Update", controller = "ImageAPI"}. Executing controller action with signature System.Threading.Tasks.Task`1[Microsoft.AspNetCore.Mvc.IActionResult] Update(Int32, systemOut.DTOs.ImageDto) on controller systemOut.Controllers.ImageAPIController (api).
2024-11-06 11:45:33.430 +01:00 [INF] Executing OkObjectResult, writing value of type 'Castle.Proxies.ImageProxy'.
2024-11-06 11:45:33.441 +01:00 [INF] Executed action systemOut.Controllers.ImageAPIController.Update (api) in 20.9043ms
2024-11-06 11:45:33.441 +01:00 [INF] Executed endpoint 'systemOut.Controllers.ImageAPIController.Update (api)'
2024-11-06 11:45:33.441 +01:00 [INF] Request finished HTTP/2 PUT https://localhost:7285/api/imageapi/update/5 - 200 1052 application/json; charset=utf-8 23.9117ms
2024-11-06 11:45:34.373 +01:00 [INF] Request starting HTTP/2 GET https://localhost:7285/api/imageapi/getimages - null null
2024-11-06 11:45:34.373 +01:00 [INF] CORS policy execution successful.
2024-11-06 11:45:34.373 +01:00 [INF] Executing endpoint 'systemOut.Controllers.ImageAPIController.GetImages (api)'
2024-11-06 11:45:34.373 +01:00 [INF] Route matched with {action = "GetImages", controller = "ImageAPI"}. Executing controller action with signature System.Threading.Tasks.Task`1[Microsoft.AspNetCore.Mvc.IActionResult] GetImages() on controller systemOut.Controllers.ImageAPIController (api).
2024-11-06 11:45:34.376 +01:00 [INF] Executing OkObjectResult, writing value of type 'System.Linq.Enumerable+SelectListIterator`2[[systemOut.Models.Image, api, Version=1.0.0.0, Culture=neutral, PublicKeyToken=null],[systemOut.DTOs.ImageDto, api, Version=1.0.0.0, Culture=neutral, PublicKeyToken=null]]'.
2024-11-06 11:45:34.376 +01:00 [INF] Executed action systemOut.Controllers.ImageAPIController.GetImages (api) in 2.6728ms
2024-11-06 11:45:34.376 +01:00 [INF] Executed endpoint 'systemOut.Controllers.ImageAPIController.GetImages (api)'
2024-11-06 11:45:34.376 +01:00 [INF] Request finished HTTP/2 GET https://localhost:7285/api/imageapi/getimages - 200 406 application/json; charset=utf-8 3.2534ms
2024-11-06 11:45:40.862 +01:00 [INF] Request starting HTTP/2 OPTIONS https://localhost:7285/api/imageapi/delete/5 - null null
2024-11-06 11:45:40.863 +01:00 [INF] CORS policy execution successful.
2024-11-06 11:45:40.863 +01:00 [INF] Request finished HTTP/2 OPTIONS https://localhost:7285/api/imageapi/delete/5 - 204 null null 0.27ms
2024-11-06 11:45:40.864 +01:00 [INF] Request starting HTTP/2 DELETE https://localhost:7285/api/imageapi/delete/5 - null null
2024-11-06 11:45:40.864 +01:00 [INF] CORS policy execution successful.
2024-11-06 11:45:40.864 +01:00 [INF] Executing endpoint 'systemOut.Controllers.ImageAPIController.DeleteConfirmed (api)'
2024-11-06 11:45:40.867 +01:00 [INF] Route matched with {action = "DeleteConfirmed", controller = "ImageAPI"}. Executing controller action with signature System.Threading.Tasks.Task`1[Microsoft.AspNetCore.Mvc.IActionResult] DeleteConfirmed(Int32) on controller systemOut.Controllers.ImageAPIController (api).
2024-11-06 11:45:40.922 +01:00 [INF] Executing StatusCodeResult, setting HTTP status code 204
2024-11-06 11:45:40.922 +01:00 [INF] Executed action systemOut.Controllers.ImageAPIController.DeleteConfirmed (api) in 55.1249ms
2024-11-06 11:45:40.922 +01:00 [INF] Executed endpoint 'systemOut.Controllers.ImageAPIController.DeleteConfirmed (api)'
2024-11-06 11:45:40.922 +01:00 [INF] Request finished HTTP/2 DELETE https://localhost:7285/api/imageapi/delete/5 - 204 null null 58.0061ms
2024-11-06 11:45:45.586 +01:00 [INF] Request starting HTTP/2 GET https://localhost:7285/api/userapi/userlist - null null
2024-11-06 11:45:45.586 +01:00 [INF] Request starting HTTP/2 GET https://localhost:7285/api/userapi/userlist - null null
2024-11-06 11:45:45.587 +01:00 [INF] CORS policy execution successful.
2024-11-06 11:45:45.587 +01:00 [INF] CORS policy execution successful.
2024-11-06 11:45:45.587 +01:00 [INF] Executing endpoint 'systemOut.Controllers.UserAPIController.UserList (api)'
2024-11-06 11:45:45.587 +01:00 [INF] Executing endpoint 'systemOut.Controllers.UserAPIController.UserList (api)'
2024-11-06 11:45:45.587 +01:00 [INF] Route matched with {action = "UserList", controller = "UserAPI"}. Executing controller action with signature System.Threading.Tasks.Task`1[Microsoft.AspNetCore.Mvc.IActionResult] UserList() on controller systemOut.Controllers.UserAPIController (api).
2024-11-06 11:45:45.587 +01:00 [INF] Route matched with {action = "UserList", controller = "UserAPI"}. Executing controller action with signature System.Threading.Tasks.Task`1[Microsoft.AspNetCore.Mvc.IActionResult] UserList() on controller systemOut.Controllers.UserAPIController (api).
2024-11-06 11:45:45.590 +01:00 [INF] Executing OkObjectResult, writing value of type 'System.Linq.Enumerable+SelectListIterator`2[[systemOut.Models.User, api, Version=1.0.0.0, Culture=neutral, PublicKeyToken=null],[systemOut.DTOs.UserDto, api, Version=1.0.0.0, Culture=neutral, PublicKeyToken=null]]'.
2024-11-06 11:45:45.590 +01:00 [INF] Executing OkObjectResult, writing value of type 'System.Linq.Enumerable+SelectListIterator`2[[systemOut.Models.User, api, Version=1.0.0.0, Culture=neutral, PublicKeyToken=null],[systemOut.DTOs.UserDto, api, Version=1.0.0.0, Culture=neutral, PublicKeyToken=null]]'.
2024-11-06 11:45:45.591 +01:00 [INF] Executed action systemOut.Controllers.UserAPIController.UserList (api) in 3.7037ms
2024-11-06 11:45:45.591 +01:00 [INF] Executed action systemOut.Controllers.UserAPIController.UserList (api) in 3.6946ms
2024-11-06 11:45:45.591 +01:00 [INF] Executed endpoint 'systemOut.Controllers.UserAPIController.UserList (api)'
2024-11-06 11:45:45.591 +01:00 [INF] Executed endpoint 'systemOut.Controllers.UserAPIController.UserList (api)'
2024-11-06 11:45:45.591 +01:00 [INF] Request finished HTTP/2 GET https://localhost:7285/api/userapi/userlist - 200 145 application/json; charset=utf-8 4.2408ms
2024-11-06 11:45:45.591 +01:00 [INF] Request finished HTTP/2 GET https://localhost:7285/api/userapi/userlist - 200 145 application/json; charset=utf-8 4.6427ms
2024-11-06 11:45:48.104 +01:00 [INF] Request starting HTTP/2 GET https://localhost:7285/api/imageapi/getimages - null null
2024-11-06 11:45:48.104 +01:00 [INF] CORS policy execution successful.
2024-11-06 11:45:48.104 +01:00 [INF] Executing endpoint 'systemOut.Controllers.ImageAPIController.GetImages (api)'
2024-11-06 11:45:48.104 +01:00 [INF] Route matched with {action = "GetImages", controller = "ImageAPI"}. Executing controller action with signature System.Threading.Tasks.Task`1[Microsoft.AspNetCore.Mvc.IActionResult] GetImages() on controller systemOut.Controllers.ImageAPIController (api).
2024-11-06 11:45:48.106 +01:00 [INF] Executing OkObjectResult, writing value of type 'System.Linq.Enumerable+SelectListIterator`2[[systemOut.Models.Image, api, Version=1.0.0.0, Culture=neutral, PublicKeyToken=null],[systemOut.DTOs.ImageDto, api, Version=1.0.0.0, Culture=neutral, PublicKeyToken=null]]'.
2024-11-06 11:45:48.107 +01:00 [INF] Executed action systemOut.Controllers.ImageAPIController.GetImages (api) in 2.4735ms
2024-11-06 11:45:48.107 +01:00 [INF] Executed endpoint 'systemOut.Controllers.ImageAPIController.GetImages (api)'
2024-11-06 11:45:48.107 +01:00 [INF] Request finished HTTP/2 GET https://localhost:7285/api/imageapi/getimages - 200 253 application/json; charset=utf-8 2.9773ms
2024-11-06 11:46:47.540 +01:00 [INF] Request starting HTTP/2 GET https://localhost:7285/api/userapi/userlist - null null
2024-11-06 11:46:47.541 +01:00 [INF] Request starting HTTP/2 GET https://localhost:7285/api/userapi/userlist - null null
2024-11-06 11:46:47.541 +01:00 [INF] CORS policy execution successful.
2024-11-06 11:46:47.541 +01:00 [INF] Executing endpoint 'systemOut.Controllers.UserAPIController.UserList (api)'
2024-11-06 11:46:47.542 +01:00 [INF] Route matched with {action = "UserList", controller = "UserAPI"}. Executing controller action with signature System.Threading.Tasks.Task`1[Microsoft.AspNetCore.Mvc.IActionResult] UserList() on controller systemOut.Controllers.UserAPIController (api).
2024-11-06 11:46:47.542 +01:00 [INF] CORS policy execution successful.
2024-11-06 11:46:47.542 +01:00 [INF] Executing endpoint 'systemOut.Controllers.UserAPIController.UserList (api)'
2024-11-06 11:46:47.543 +01:00 [INF] Route matched with {action = "UserList", controller = "UserAPI"}. Executing controller action with signature System.Threading.Tasks.Task`1[Microsoft.AspNetCore.Mvc.IActionResult] UserList() on controller systemOut.Controllers.UserAPIController (api).
2024-11-06 11:46:47.548 +01:00 [INF] Executing OkObjectResult, writing value of type 'System.Linq.Enumerable+SelectListIterator`2[[systemOut.Models.User, api, Version=1.0.0.0, Culture=neutral, PublicKeyToken=null],[systemOut.DTOs.UserDto, api, Version=1.0.0.0, Culture=neutral, PublicKeyToken=null]]'.
2024-11-06 11:46:47.548 +01:00 [INF] Executing OkObjectResult, writing value of type 'System.Linq.Enumerable+SelectListIterator`2[[systemOut.Models.User, api, Version=1.0.0.0, Culture=neutral, PublicKeyToken=null],[systemOut.DTOs.UserDto, api, Version=1.0.0.0, Culture=neutral, PublicKeyToken=null]]'.
2024-11-06 11:46:47.548 +01:00 [INF] Executed action systemOut.Controllers.UserAPIController.UserList (api) in 6.6435ms
2024-11-06 11:46:47.548 +01:00 [INF] Executed action systemOut.Controllers.UserAPIController.UserList (api) in 4.8362ms
2024-11-06 11:46:47.548 +01:00 [INF] Executed endpoint 'systemOut.Controllers.UserAPIController.UserList (api)'
2024-11-06 11:46:47.548 +01:00 [INF] Executed endpoint 'systemOut.Controllers.UserAPIController.UserList (api)'
2024-11-06 11:46:47.548 +01:00 [INF] Request finished HTTP/2 GET https://localhost:7285/api/userapi/userlist - 200 145 application/json; charset=utf-8 8.0669ms
2024-11-06 11:46:47.548 +01:00 [INF] Request finished HTTP/2 GET https://localhost:7285/api/userapi/userlist - 200 145 application/json; charset=utf-8 7.6218ms
2024-11-06 11:46:58.290 +01:00 [INF] Request starting HTTP/2 OPTIONS https://localhost:7285/api/userapi/create - null null
2024-11-06 11:46:58.290 +01:00 [INF] CORS policy execution successful.
2024-11-06 11:46:58.290 +01:00 [INF] Request finished HTTP/2 OPTIONS https://localhost:7285/api/userapi/create - 204 null null 0.293ms
2024-11-06 11:46:58.292 +01:00 [INF] Request starting HTTP/2 POST https://localhost:7285/api/userapi/create - application/json 62
2024-11-06 11:46:58.292 +01:00 [INF] CORS policy execution successful.
2024-11-06 11:46:58.292 +01:00 [INF] Executing endpoint 'systemOut.Controllers.UserAPIController.Create (api)'
2024-11-06 11:46:58.295 +01:00 [INF] Route matched with {action = "Create", controller = "UserAPI"}. Executing controller action with signature System.Threading.Tasks.Task`1[Microsoft.AspNetCore.Mvc.IActionResult] Create(systemOut.DTOs.UserDto) on controller systemOut.Controllers.UserAPIController (api).
2024-11-06 11:46:58.305 +01:00 [INF] Executing CreatedAtActionResult, writing value of type 'systemOut.Models.User'.
2024-11-06 11:46:58.306 +01:00 [INF] Executed action systemOut.Controllers.UserAPIController.Create (api) in 11.4372ms
2024-11-06 11:46:58.306 +01:00 [INF] Executed endpoint 'systemOut.Controllers.UserAPIController.Create (api)'
2024-11-06 11:46:58.306 +01:00 [INF] Request finished HTTP/2 POST https://localhost:7285/api/userapi/create - 201 116 application/json; charset=utf-8 14.3691ms
2024-11-06 11:46:58.319 +01:00 [INF] Request starting HTTP/2 GET https://localhost:7285/api/userapi/userlist - null null
2024-11-06 11:46:58.320 +01:00 [INF] Request starting HTTP/2 GET https://localhost:7285/api/userapi/userlist - null null
2024-11-06 11:46:58.320 +01:00 [INF] CORS policy execution successful.
2024-11-06 11:46:58.320 +01:00 [INF] CORS policy execution successful.
2024-11-06 11:46:58.320 +01:00 [INF] Executing endpoint 'systemOut.Controllers.UserAPIController.UserList (api)'
2024-11-06 11:46:58.320 +01:00 [INF] Executing endpoint 'systemOut.Controllers.UserAPIController.UserList (api)'
2024-11-06 11:46:58.320 +01:00 [INF] Route matched with {action = "UserList", controller = "UserAPI"}. Executing controller action with signature System.Threading.Tasks.Task`1[Microsoft.AspNetCore.Mvc.IActionResult] UserList() on controller systemOut.Controllers.UserAPIController (api).
2024-11-06 11:46:58.320 +01:00 [INF] Route matched with {action = "UserList", controller = "UserAPI"}. Executing controller action with signature System.Threading.Tasks.Task`1[Microsoft.AspNetCore.Mvc.IActionResult] UserList() on controller systemOut.Controllers.UserAPIController (api).
2024-11-06 11:46:58.323 +01:00 [INF] Executing OkObjectResult, writing value of type 'System.Linq.Enumerable+SelectListIterator`2[[systemOut.Models.User, api, Version=1.0.0.0, Culture=neutral, PublicKeyToken=null],[systemOut.DTOs.UserDto, api, Version=1.0.0.0, Culture=neutral, PublicKeyToken=null]]'.
2024-11-06 11:46:58.323 +01:00 [INF] Executing OkObjectResult, writing value of type 'System.Linq.Enumerable+SelectListIterator`2[[systemOut.Models.User, api, Version=1.0.0.0, Culture=neutral, PublicKeyToken=null],[systemOut.DTOs.UserDto, api, Version=1.0.0.0, Culture=neutral, PublicKeyToken=null]]'.
2024-11-06 11:46:58.323 +01:00 [INF] Executed action systemOut.Controllers.UserAPIController.UserList (api) in 2.96ms
2024-11-06 11:46:58.323 +01:00 [INF] Executed endpoint 'systemOut.Controllers.UserAPIController.UserList (api)'
2024-11-06 11:46:58.323 +01:00 [INF] Executed action systemOut.Controllers.UserAPIController.UserList (api) in 3.038ms
2024-11-06 11:46:58.323 +01:00 [INF] Request finished HTTP/2 GET https://localhost:7285/api/userapi/userlist - 200 219 application/json; charset=utf-8 3.6431ms
2024-11-06 11:46:58.323 +01:00 [INF] Executed endpoint 'systemOut.Controllers.UserAPIController.UserList (api)'
2024-11-06 11:46:58.323 +01:00 [INF] Request finished HTTP/2 GET https://localhost:7285/api/userapi/userlist - 200 219 application/json; charset=utf-8 3.3641ms
2024-11-06 11:46:58.331 +01:00 [INF] Request starting HTTP/2 GET https://localhost:7285/images/bruker9/bruker9.jpg - null null
2024-11-06 11:46:58.373 +01:00 [INF] Sending file. Request path: '/images/bruker9/bruker9.jpg'. Physical path: 'C:\Users\Per\Desktop\ReactBranch\ITPE3200-React\api\wwwroot\images\bruker9\bruker9.jpg'
2024-11-06 11:46:58.373 +01:00 [INF] Request finished HTTP/2 GET https://localhost:7285/images/bruker9/bruker9.jpg - 200 1634859 image/jpeg 43.01ms
2024-11-06 11:48:38.499 +01:00 [INF] Request starting HTTP/2 OPTIONS https://localhost:7285/api/userapi/delete/8 - null null
2024-11-06 11:48:38.499 +01:00 [INF] CORS policy execution successful.
2024-11-06 11:48:38.499 +01:00 [INF] Request finished HTTP/2 OPTIONS https://localhost:7285/api/userapi/delete/8 - 204 null null 0.2635ms
2024-11-06 11:48:38.503 +01:00 [INF] Request starting HTTP/2 DELETE https://localhost:7285/api/userapi/delete/8 - null null
2024-11-06 11:48:38.503 +01:00 [INF] CORS policy execution successful.
2024-11-06 11:48:38.503 +01:00 [INF] Executing endpoint 'systemOut.Controllers.UserAPIController.DeleteConfirmed (api)'
2024-11-06 11:48:38.505 +01:00 [INF] Route matched with {action = "DeleteConfirmed", controller = "UserAPI"}. Executing controller action with signature System.Threading.Tasks.Task`1[Microsoft.AspNetCore.Mvc.IActionResult] DeleteConfirmed(Int32) on controller systemOut.Controllers.UserAPIController (api).
2024-11-06 11:48:38.516 +01:00 [INF] Executing StatusCodeResult, setting HTTP status code 204
2024-11-06 11:48:38.516 +01:00 [INF] Executed action systemOut.Controllers.UserAPIController.DeleteConfirmed (api) in 10.8019ms
2024-11-06 11:48:38.516 +01:00 [INF] Executed endpoint 'systemOut.Controllers.UserAPIController.DeleteConfirmed (api)'
2024-11-06 11:48:38.516 +01:00 [INF] Request finished HTTP/2 DELETE https://localhost:7285/api/userapi/delete/8 - 204 null null 13.8116ms
2024-11-06 11:48:40.500 +01:00 [INF] Request starting HTTP/2 GET https://localhost:7285/api/userapi/userlist - null null
2024-11-06 11:48:40.500 +01:00 [INF] CORS policy execution successful.
2024-11-06 11:48:40.500 +01:00 [INF] Executing endpoint 'systemOut.Controllers.UserAPIController.UserList (api)'
2024-11-06 11:48:40.501 +01:00 [INF] Route matched with {action = "UserList", controller = "UserAPI"}. Executing controller action with signature System.Threading.Tasks.Task`1[Microsoft.AspNetCore.Mvc.IActionResult] UserList() on controller systemOut.Controllers.UserAPIController (api).
2024-11-06 11:48:40.503 +01:00 [INF] Executing OkObjectResult, writing value of type 'System.Linq.Enumerable+SelectListIterator`2[[systemOut.Models.User, api, Version=1.0.0.0, Culture=neutral, PublicKeyToken=null],[systemOut.DTOs.UserDto, api, Version=1.0.0.0, Culture=neutral, PublicKeyToken=null]]'.
2024-11-06 11:48:40.503 +01:00 [INF] Executed action systemOut.Controllers.UserAPIController.UserList (api) in 2.6271ms
2024-11-06 11:48:40.503 +01:00 [INF] Executed endpoint 'systemOut.Controllers.UserAPIController.UserList (api)'
2024-11-06 11:48:40.503 +01:00 [INF] Request finished HTTP/2 GET https://localhost:7285/api/userapi/userlist - 200 145 application/json; charset=utf-8 3.2702ms
2024-11-06 11:48:42.103 +01:00 [INF] Request starting HTTP/2 GET https://localhost:7285/api/userapi/userlist - null null
2024-11-06 11:48:42.103 +01:00 [INF] CORS policy execution successful.
2024-11-06 11:48:42.104 +01:00 [INF] Executing endpoint 'systemOut.Controllers.UserAPIController.UserList (api)'
2024-11-06 11:48:42.104 +01:00 [INF] Route matched with {action = "UserList", controller = "UserAPI"}. Executing controller action with signature System.Threading.Tasks.Task`1[Microsoft.AspNetCore.Mvc.IActionResult] UserList() on controller systemOut.Controllers.UserAPIController (api).
2024-11-06 11:48:42.106 +01:00 [INF] Executing OkObjectResult, writing value of type 'System.Linq.Enumerable+SelectListIterator`2[[systemOut.Models.User, api, Version=1.0.0.0, Culture=neutral, PublicKeyToken=null],[systemOut.DTOs.UserDto, api, Version=1.0.0.0, Culture=neutral, PublicKeyToken=null]]'.
2024-11-06 11:48:42.106 +01:00 [INF] Executed action systemOut.Controllers.UserAPIController.UserList (api) in 2.4104ms
2024-11-06 11:48:42.106 +01:00 [INF] Executed endpoint 'systemOut.Controllers.UserAPIController.UserList (api)'
2024-11-06 11:48:42.106 +01:00 [INF] Request finished HTTP/2 GET https://localhost:7285/api/userapi/userlist - 200 145 application/json; charset=utf-8 2.981ms
