2024-11-26 11:42:42.996 +01:00 [WRN] The ASP.NET Core developer certificate is not trusted. For information about trusting the ASP.NET Core developer certificate, see https://aka.ms/aspnet/https-trust-dev-cert.
2024-11-26 11:42:43.033 +01:00 [INF] Now listening on: https://localhost:7285
2024-11-26 11:42:43.034 +01:00 [INF] Now listening on: http://localhost:5269
2024-11-26 11:42:43.038 +01:00 [INF] Application started. Press Ctrl+C to shut down.
2024-11-26 11:42:43.040 +01:00 [INF] Hosting environment: Development
2024-11-26 11:42:43.041 +01:00 [INF] Content root path: C:\Users\Per\Desktop\ReactBranch\ITPE3200-React\api
2024-11-26 11:42:43.289 +01:00 [INF] Request starting HTTP/2 GET https://localhost:7285/ - null null
2024-11-26 11:42:43.320 +01:00 [INF] Request finished HTTP/2 GET https://localhost:7285/ - 404 0 null 32.5774ms
2024-11-26 11:42:43.325 +01:00 [INF] Request reached the end of the middleware pipeline without being handled by application code. Request path: GET https://localhost:7285/, Response status code: 404
2024-11-26 11:42:43.339 +01:00 [INF] Request starting HTTP/2 GET https://localhost:7285/favicon.ico - null null
2024-11-26 11:42:43.347 +01:00 [INF] Request finished HTTP/2 GET https://localhost:7285/favicon.ico - 499 null null 7.705ms
2024-11-26 11:42:43.347 +01:00 [INF] Request reached the end of the middleware pipeline without being handled by application code. Request path: GET https://localhost:7285/favicon.ico, Response status code: 499
2024-11-26 11:42:47.404 +01:00 [INF] Request starting HTTP/2 GET https://localhost:7285/api/imageapi/getimages - null null
2024-11-26 11:42:47.407 +01:00 [INF] CORS policy execution successful.
2024-11-26 11:42:47.408 +01:00 [INF] Executing endpoint 'systemOut.Controllers.ImageAPIController.GetImages (api)'
2024-11-26 11:42:47.419 +01:00 [INF] Request starting HTTP/2 GET https://localhost:7285/api/imageapi/getimages - null null
2024-11-26 11:42:47.420 +01:00 [INF] CORS policy execution successful.
2024-11-26 11:42:47.421 +01:00 [INF] Executing endpoint 'systemOut.Controllers.ImageAPIController.GetImages (api)'
2024-11-26 11:42:47.422 +01:00 [INF] Route matched with {action = "GetImages", controller = "ImageAPI"}. Executing controller action with signature System.Threading.Tasks.Task`1[Microsoft.AspNetCore.Mvc.IActionResult] GetImages() on controller systemOut.Controllers.ImageAPIController (api).
2024-11-26 11:42:47.426 +01:00 [INF] Route matched with {action = "GetImages", controller = "ImageAPI"}. Executing controller action with signature System.Threading.Tasks.Task`1[Microsoft.AspNetCore.Mvc.IActionResult] GetImages() on controller systemOut.Controllers.ImageAPIController (api).
2024-11-26 11:42:47.585 +01:00 [INF] Executing OkObjectResult, writing value of type 'System.Linq.Enumerable+SelectListIterator`2[[systemOut.Models.Image, api, Version=1.0.0.0, Culture=neutral, PublicKeyToken=null],[systemOut.DTOs.ImageDto, api, Version=1.0.0.0, Culture=neutral, PublicKeyToken=null]]'.
2024-11-26 11:42:47.585 +01:00 [INF] Executing OkObjectResult, writing value of type 'System.Linq.Enumerable+SelectListIterator`2[[systemOut.Models.Image, api, Version=1.0.0.0, Culture=neutral, PublicKeyToken=null],[systemOut.DTOs.ImageDto, api, Version=1.0.0.0, Culture=neutral, PublicKeyToken=null]]'.
2024-11-26 11:42:47.653 +01:00 [INF] Executed action systemOut.Controllers.ImageAPIController.GetImages (api) in 227.6705ms
2024-11-26 11:42:47.653 +01:00 [INF] Executed action systemOut.Controllers.ImageAPIController.GetImages (api) in 224.8ms
2024-11-26 11:42:47.653 +01:00 [INF] Executed endpoint 'systemOut.Controllers.ImageAPIController.GetImages (api)'
2024-11-26 11:42:47.653 +01:00 [INF] Executed endpoint 'systemOut.Controllers.ImageAPIController.GetImages (api)'
2024-11-26 11:42:47.659 +01:00 [INF] Request finished HTTP/2 GET https://localhost:7285/api/imageapi/getimages - 200 378 application/json; charset=utf-8 239.7524ms
2024-11-26 11:42:47.659 +01:00 [INF] Request finished HTTP/2 GET https://localhost:7285/api/imageapi/getimages - 200 378 application/json; charset=utf-8 254.8652ms
2024-11-26 11:42:47.660 +01:00 [INF] Request starting HTTP/2 GET https://localhost:7285/images/images/index/note1.jpg - null null
2024-11-26 11:42:47.661 +01:00 [INF] Request finished HTTP/2 GET https://localhost:7285/images/images/index/note1.jpg - 404 0 null 0.5736ms
2024-11-26 11:42:47.661 +01:00 [INF] Request reached the end of the middleware pipeline without being handled by application code. Request path: GET https://localhost:7285/images/images/index/note1.jpg, Response status code: 404
2024-11-26 11:42:50.012 +01:00 [INF] Request starting HTTP/2 GET https://localhost:7285/api/imageapi/2 - null null
2024-11-26 11:42:50.012 +01:00 [INF] Request starting HTTP/2 GET https://localhost:7285/api/imageapi/2 - null null
2024-11-26 11:42:50.012 +01:00 [INF] CORS policy execution successful.
2024-11-26 11:42:50.012 +01:00 [INF] CORS policy execution successful.
2024-11-26 11:42:50.012 +01:00 [INF] Executing endpoint 'systemOut.Controllers.ImageAPIController.GetImage (api)'
2024-11-26 11:42:50.012 +01:00 [INF] Executing endpoint 'systemOut.Controllers.ImageAPIController.GetImage (api)'
2024-11-26 11:42:50.020 +01:00 [INF] Route matched with {action = "GetImage", controller = "ImageAPI"}. Executing controller action with signature System.Threading.Tasks.Task`1[Microsoft.AspNetCore.Mvc.IActionResult] GetImage(Int32) on controller systemOut.Controllers.ImageAPIController (api).
2024-11-26 11:42:50.020 +01:00 [INF] Route matched with {action = "GetImage", controller = "ImageAPI"}. Executing controller action with signature System.Threading.Tasks.Task`1[Microsoft.AspNetCore.Mvc.IActionResult] GetImage(Int32) on controller systemOut.Controllers.ImageAPIController (api).
2024-11-26 11:42:50.133 +01:00 [INF] Executing OkObjectResult, writing value of type 'Castle.Proxies.ImageProxy'.
2024-11-26 11:42:50.133 +01:00 [INF] Executing OkObjectResult, writing value of type 'Castle.Proxies.ImageProxy'.
2024-11-26 11:42:50.421 +01:00 [INF] Executed action systemOut.Controllers.ImageAPIController.GetImage (api) in 401.0699ms
2024-11-26 11:42:50.421 +01:00 [INF] Executed action systemOut.Controllers.ImageAPIController.GetImage (api) in 401.0273ms
2024-11-26 11:42:50.422 +01:00 [INF] Executed endpoint 'systemOut.Controllers.ImageAPIController.GetImage (api)'
2024-11-26 11:42:50.422 +01:00 [INF] Executed endpoint 'systemOut.Controllers.ImageAPIController.GetImage (api)'
2024-11-26 11:42:50.425 +01:00 [INF] Request finished HTTP/2 GET https://localhost:7285/api/imageapi/2 - 200 62307 application/json; charset=utf-8 413.1599ms
2024-11-26 11:42:50.425 +01:00 [INF] Request finished HTTP/2 GET https://localhost:7285/api/imageapi/2 - 200 62307 application/json; charset=utf-8 413.2048ms
2024-11-26 11:42:50.431 +01:00 [INF] Request starting HTTP/2 GET https://localhost:7285/api/commentapi/getcomments - null null
2024-11-26 11:42:50.431 +01:00 [INF] Request starting HTTP/2 GET https://localhost:7285/api/commentapi/getcomments - null null
2024-11-26 11:42:50.431 +01:00 [INF] CORS policy execution successful.
2024-11-26 11:42:50.431 +01:00 [INF] CORS policy execution successful.
2024-11-26 11:42:50.431 +01:00 [INF] Executing endpoint 'systemOut.Controllers.CommentAPIController.GetComments (api)'
2024-11-26 11:42:50.431 +01:00 [INF] Executing endpoint 'systemOut.Controllers.CommentAPIController.GetComments (api)'
2024-11-26 11:42:50.432 +01:00 [INF] Request starting HTTP/2 GET https://localhost:7285/images/images/index/note1.jpg - null null
2024-11-26 11:42:50.432 +01:00 [INF] Request finished HTTP/2 GET https://localhost:7285/images/images/index/note1.jpg - 404 0 null 0.3981ms
2024-11-26 11:42:50.432 +01:00 [INF] Request reached the end of the middleware pipeline without being handled by application code. Request path: GET https://localhost:7285/images/images/index/note1.jpg, Response status code: 404
2024-11-26 11:42:50.434 +01:00 [INF] Route matched with {action = "GetComments", controller = "CommentAPI"}. Executing controller action with signature System.Threading.Tasks.Task`1[Microsoft.AspNetCore.Mvc.IActionResult] GetComments() on controller systemOut.Controllers.CommentAPIController (api).
2024-11-26 11:42:50.434 +01:00 [INF] Route matched with {action = "GetComments", controller = "CommentAPI"}. Executing controller action with signature System.Threading.Tasks.Task`1[Microsoft.AspNetCore.Mvc.IActionResult] GetComments() on controller systemOut.Controllers.CommentAPIController (api).
2024-11-26 11:42:50.443 +01:00 [INF] Executing OkObjectResult, writing value of type 'System.Linq.Enumerable+SelectListIterator`2[[systemOut.Models.Comment, api, Version=1.0.0.0, Culture=neutral, PublicKeyToken=null],[systemOut.DTOs.CommentDto, api, Version=1.0.0.0, Culture=neutral, PublicKeyToken=null]]'.
2024-11-26 11:42:50.443 +01:00 [INF] Executing OkObjectResult, writing value of type 'System.Linq.Enumerable+SelectListIterator`2[[systemOut.Models.Comment, api, Version=1.0.0.0, Culture=neutral, PublicKeyToken=null],[systemOut.DTOs.CommentDto, api, Version=1.0.0.0, Culture=neutral, PublicKeyToken=null]]'.
2024-11-26 11:42:50.445 +01:00 [INF] Executed action systemOut.Controllers.CommentAPIController.GetComments (api) in 11.3221ms
2024-11-26 11:42:50.445 +01:00 [INF] Executed action systemOut.Controllers.CommentAPIController.GetComments (api) in 11.367ms
2024-11-26 11:42:50.446 +01:00 [INF] Executed endpoint 'systemOut.Controllers.CommentAPIController.GetComments (api)'
2024-11-26 11:42:50.446 +01:00 [INF] Executed endpoint 'systemOut.Controllers.CommentAPIController.GetComments (api)'
2024-11-26 11:42:50.446 +01:00 [INF] Request finished HTTP/2 GET https://localhost:7285/api/commentapi/getcomments - 200 736 application/json; charset=utf-8 15.0414ms
2024-11-26 11:42:50.446 +01:00 [INF] Request finished HTTP/2 GET https://localhost:7285/api/commentapi/getcomments - 200 736 application/json; charset=utf-8 14.6699ms
2024-11-26 11:42:50.450 +01:00 [INF] Request starting HTTP/2 GET https://localhost:7285/api/userapi/10 - null null
2024-11-26 11:42:50.450 +01:00 [INF] Request starting HTTP/2 GET https://localhost:7285/api/userapi/10 - null null
2024-11-26 11:42:50.450 +01:00 [INF] CORS policy execution successful.
2024-11-26 11:42:50.450 +01:00 [INF] CORS policy execution successful.
2024-11-26 11:42:50.451 +01:00 [INF] Executing endpoint 'systemOut.Controllers.UserAPIController.GetUser (api)'
2024-11-26 11:42:50.451 +01:00 [INF] Executing endpoint 'systemOut.Controllers.UserAPIController.GetUser (api)'
2024-11-26 11:42:50.453 +01:00 [INF] Route matched with {action = "GetUser", controller = "UserAPI"}. Executing controller action with signature System.Threading.Tasks.Task`1[Microsoft.AspNetCore.Mvc.IActionResult] GetUser(Int32) on controller systemOut.Controllers.UserAPIController (api).
2024-11-26 11:42:50.453 +01:00 [INF] Route matched with {action = "GetUser", controller = "UserAPI"}. Executing controller action with signature System.Threading.Tasks.Task`1[Microsoft.AspNetCore.Mvc.IActionResult] GetUser(Int32) on controller systemOut.Controllers.UserAPIController (api).
2024-11-26 11:42:50.455 +01:00 [INF] Request starting HTTP/2 GET https://localhost:7285/api/userapi/10 - null null
2024-11-26 11:42:50.456 +01:00 [INF] Request starting HTTP/2 GET https://localhost:7285/api/userapi/10 - null null
2024-11-26 11:42:50.456 +01:00 [INF] CORS policy execution successful.
2024-11-26 11:42:50.456 +01:00 [INF] CORS policy execution successful.
2024-11-26 11:42:50.456 +01:00 [INF] Executing endpoint 'systemOut.Controllers.UserAPIController.GetUser (api)'
2024-11-26 11:42:50.456 +01:00 [INF] Executing endpoint 'systemOut.Controllers.UserAPIController.GetUser (api)'
2024-11-26 11:42:50.456 +01:00 [INF] Route matched with {action = "GetUser", controller = "UserAPI"}. Executing controller action with signature System.Threading.Tasks.Task`1[Microsoft.AspNetCore.Mvc.IActionResult] GetUser(Int32) on controller systemOut.Controllers.UserAPIController (api).
2024-11-26 11:42:50.457 +01:00 [INF] Route matched with {action = "GetUser", controller = "UserAPI"}. Executing controller action with signature System.Threading.Tasks.Task`1[Microsoft.AspNetCore.Mvc.IActionResult] GetUser(Int32) on controller systemOut.Controllers.UserAPIController (api).
2024-11-26 11:42:50.493 +01:00 [INF] Executing OkObjectResult, writing value of type 'Castle.Proxies.UserProxy'.
2024-11-26 11:42:50.495 +01:00 [INF] Executing OkObjectResult, writing value of type 'Castle.Proxies.UserProxy'.
2024-11-26 11:42:50.518 +01:00 [INF] Executing OkObjectResult, writing value of type 'Castle.Proxies.UserProxy'.
2024-11-26 11:42:50.519 +01:00 [INF] Executing OkObjectResult, writing value of type 'Castle.Proxies.UserProxy'.
2024-11-26 11:42:50.657 +01:00 [INF] Executed action systemOut.Controllers.UserAPIController.GetUser (api) in 200.5906ms
2024-11-26 11:42:50.657 +01:00 [INF] Executed action systemOut.Controllers.UserAPIController.GetUser (api) in 203.8475ms
2024-11-26 11:42:50.657 +01:00 [INF] Executed action systemOut.Controllers.UserAPIController.GetUser (api) in 203.9125ms
2024-11-26 11:42:50.657 +01:00 [INF] Executed endpoint 'systemOut.Controllers.UserAPIController.GetUser (api)'
2024-11-26 11:42:50.657 +01:00 [INF] Executed endpoint 'systemOut.Controllers.UserAPIController.GetUser (api)'
2024-11-26 11:42:50.657 +01:00 [INF] Executed endpoint 'systemOut.Controllers.UserAPIController.GetUser (api)'
2024-11-26 11:42:50.658 +01:00 [INF] Request finished HTTP/2 GET https://localhost:7285/api/userapi/10 - 200 45670 application/json; charset=utf-8 207.7566ms
2024-11-26 11:42:50.658 +01:00 [INF] Request finished HTTP/2 GET https://localhost:7285/api/userapi/10 - 200 45670 application/json; charset=utf-8 207.3248ms
2024-11-26 11:42:50.658 +01:00 [INF] Request finished HTTP/2 GET https://localhost:7285/api/userapi/10 - 200 45670 application/json; charset=utf-8 202.2032ms
2024-11-26 11:42:50.663 +01:00 [INF] Executed action systemOut.Controllers.UserAPIController.GetUser (api) in 206.3902ms
2024-11-26 11:42:50.663 +01:00 [INF] Executed endpoint 'systemOut.Controllers.UserAPIController.GetUser (api)'
2024-11-26 11:42:50.663 +01:00 [INF] Request finished HTTP/2 GET https://localhost:7285/api/userapi/10 - 200 45670 application/json; charset=utf-8 207.4467ms
2024-11-26 11:42:51.675 +01:00 [INF] Request starting HTTP/2 GET https://localhost:7285/api/imageapi/2 - null null
2024-11-26 11:42:51.675 +01:00 [INF] Request starting HTTP/2 GET https://localhost:7285/api/imageapi/2 - null null
2024-11-26 11:42:51.676 +01:00 [INF] CORS policy execution successful.
2024-11-26 11:42:51.676 +01:00 [INF] CORS policy execution successful.
2024-11-26 11:42:51.676 +01:00 [INF] Executing endpoint 'systemOut.Controllers.ImageAPIController.GetImage (api)'
2024-11-26 11:42:51.676 +01:00 [INF] Executing endpoint 'systemOut.Controllers.ImageAPIController.GetImage (api)'
2024-11-26 11:42:51.676 +01:00 [INF] Route matched with {action = "GetImage", controller = "ImageAPI"}. Executing controller action with signature System.Threading.Tasks.Task`1[Microsoft.AspNetCore.Mvc.IActionResult] GetImage(Int32) on controller systemOut.Controllers.ImageAPIController (api).
2024-11-26 11:42:51.676 +01:00 [INF] Route matched with {action = "GetImage", controller = "ImageAPI"}. Executing controller action with signature System.Threading.Tasks.Task`1[Microsoft.AspNetCore.Mvc.IActionResult] GetImage(Int32) on controller systemOut.Controllers.ImageAPIController (api).
2024-11-26 11:42:51.680 +01:00 [INF] Executing OkObjectResult, writing value of type 'Castle.Proxies.ImageProxy'.
2024-11-26 11:42:51.681 +01:00 [INF] Executing OkObjectResult, writing value of type 'Castle.Proxies.ImageProxy'.
2024-11-26 11:42:51.754 +01:00 [INF] Executed action systemOut.Controllers.ImageAPIController.GetImage (api) in 78.1927ms
2024-11-26 11:42:51.754 +01:00 [INF] Executed endpoint 'systemOut.Controllers.ImageAPIController.GetImage (api)'
2024-11-26 11:42:51.755 +01:00 [INF] Request finished HTTP/2 GET https://localhost:7285/api/imageapi/2 - 200 62307 application/json; charset=utf-8 79.8483ms
2024-11-26 11:42:51.755 +01:00 [INF] Executed action systemOut.Controllers.ImageAPIController.GetImage (api) in 79.5036ms
2024-11-26 11:42:51.756 +01:00 [INF] Executed endpoint 'systemOut.Controllers.ImageAPIController.GetImage (api)'
2024-11-26 11:42:51.756 +01:00 [INF] Request finished HTTP/2 GET https://localhost:7285/api/imageapi/2 - 200 62307 application/json; charset=utf-8 80.618ms
2024-11-26 11:42:51.764 +01:00 [INF] Request starting HTTP/2 GET https://localhost:7285/api/imageapi/get-all-image-urls - null null
2024-11-26 11:42:51.764 +01:00 [INF] Request starting HTTP/2 GET https://localhost:7285/api/userapi/userlist - null null
2024-11-26 11:42:51.764 +01:00 [INF] Request starting HTTP/2 GET https://localhost:7285/api/imageapi/get-all-image-urls - null null
2024-11-26 11:42:51.764 +01:00 [INF] CORS policy execution successful.
2024-11-26 11:42:51.764 +01:00 [INF] CORS policy execution successful.
2024-11-26 11:42:51.764 +01:00 [INF] Executing endpoint 'systemOut.Controllers.UserAPIController.UserList (api)'
2024-11-26 11:42:51.764 +01:00 [INF] CORS policy execution successful.
2024-11-26 11:42:51.765 +01:00 [INF] Executing endpoint 'systemOut.Controllers.ImageAPIController.GetAllImageUrls (api)'
2024-11-26 11:42:51.765 +01:00 [INF] Executing endpoint 'systemOut.Controllers.ImageAPIController.GetAllImageUrls (api)'
2024-11-26 11:42:51.765 +01:00 [INF] Request starting HTTP/2 GET https://localhost:7285/api/userapi/userlist - null null
2024-11-26 11:42:51.765 +01:00 [INF] CORS policy execution successful.
2024-11-26 11:42:51.765 +01:00 [INF] Executing endpoint 'systemOut.Controllers.UserAPIController.UserList (api)'
2024-11-26 11:42:51.766 +01:00 [INF] Route matched with {action = "GetAllImageUrls", controller = "ImageAPI"}. Executing controller action with signature Microsoft.AspNetCore.Mvc.IActionResult GetAllImageUrls() on controller systemOut.Controllers.ImageAPIController (api).
2024-11-26 11:42:51.766 +01:00 [INF] Route matched with {action = "GetAllImageUrls", controller = "ImageAPI"}. Executing controller action with signature Microsoft.AspNetCore.Mvc.IActionResult GetAllImageUrls() on controller systemOut.Controllers.ImageAPIController (api).
2024-11-26 11:42:51.767 +01:00 [INF] Route matched with {action = "UserList", controller = "UserAPI"}. Executing controller action with signature System.Threading.Tasks.Task`1[Microsoft.AspNetCore.Mvc.IActionResult] UserList() on controller systemOut.Controllers.UserAPIController (api).
2024-11-26 11:42:51.767 +01:00 [INF] Route matched with {action = "UserList", controller = "UserAPI"}. Executing controller action with signature System.Threading.Tasks.Task`1[Microsoft.AspNetCore.Mvc.IActionResult] UserList() on controller systemOut.Controllers.UserAPIController (api).
