2024-11-26 11:31:29.380 +01:00 [WRN] The ASP.NET Core developer certificate is not trusted. For information about trusting the ASP.NET Core developer certificate, see https://aka.ms/aspnet/https-trust-dev-cert.
2024-11-26 11:31:29.421 +01:00 [INF] Now listening on: https://localhost:7285
2024-11-26 11:31:29.423 +01:00 [INF] Now listening on: http://localhost:5269
2024-11-26 11:31:29.427 +01:00 [INF] Application started. Press Ctrl+C to shut down.
2024-11-26 11:31:29.429 +01:00 [INF] Hosting environment: Development
2024-11-26 11:31:29.430 +01:00 [INF] Content root path: C:\Users\Per\Desktop\ReactBranch\ITPE3200-React\api
2024-11-26 11:31:29.668 +01:00 [INF] Request starting HTTP/2 GET https://localhost:7285/ - null null
2024-11-26 11:31:29.698 +01:00 [INF] Request finished HTTP/2 GET https://localhost:7285/ - 404 0 null 30.083ms
2024-11-26 11:31:29.703 +01:00 [INF] Request reached the end of the middleware pipeline without being handled by application code. Request path: GET https://localhost:7285/, Response status code: 404
2024-11-26 11:31:29.717 +01:00 [INF] Request starting HTTP/2 GET https://localhost:7285/favicon.ico - null null
2024-11-26 11:31:29.726 +01:00 [INF] Request finished HTTP/2 GET https://localhost:7285/favicon.ico - 499 null null 8.1837ms
2024-11-26 11:31:29.726 +01:00 [INF] Request reached the end of the middleware pipeline without being handled by application code. Request path: GET https://localhost:7285/favicon.ico, Response status code: 499
2024-11-26 11:32:23.501 +01:00 [INF] Request starting HTTP/2 GET https://localhost:7285/api/imageapi/2 - null null
2024-11-26 11:32:23.501 +01:00 [INF] Request starting HTTP/2 GET https://localhost:7285/api/imageapi/2 - null null
2024-11-26 11:32:23.508 +01:00 [INF] CORS policy execution successful.
2024-11-26 11:32:23.508 +01:00 [INF] CORS policy execution successful.
2024-11-26 11:32:23.509 +01:00 [INF] Executing endpoint 'systemOut.Controllers.ImageAPIController.GetImage (api)'
2024-11-26 11:32:23.509 +01:00 [INF] Executing endpoint 'systemOut.Controllers.ImageAPIController.GetImage (api)'
2024-11-26 11:32:23.527 +01:00 [INF] Route matched with {action = "GetImage", controller = "ImageAPI"}. Executing controller action with signature System.Threading.Tasks.Task`1[Microsoft.AspNetCore.Mvc.IActionResult] GetImage(Int32) on controller systemOut.Controllers.ImageAPIController (api).
2024-11-26 11:32:23.527 +01:00 [INF] Route matched with {action = "GetImage", controller = "ImageAPI"}. Executing controller action with signature System.Threading.Tasks.Task`1[Microsoft.AspNetCore.Mvc.IActionResult] GetImage(Int32) on controller systemOut.Controllers.ImageAPIController (api).
2024-11-26 11:32:23.732 +01:00 [INF] Executing OkObjectResult, writing value of type 'Castle.Proxies.ImageProxy'.
2024-11-26 11:32:23.732 +01:00 [INF] Executing OkObjectResult, writing value of type 'Castle.Proxies.ImageProxy'.
2024-11-26 11:32:24.075 +01:00 [INF] Executed action systemOut.Controllers.ImageAPIController.GetImage (api) in 544.4826ms
2024-11-26 11:32:24.075 +01:00 [INF] Executed action systemOut.Controllers.ImageAPIController.GetImage (api) in 544.4731ms
2024-11-26 11:32:24.075 +01:00 [INF] Executed endpoint 'systemOut.Controllers.ImageAPIController.GetImage (api)'
2024-11-26 11:32:24.075 +01:00 [INF] Executed endpoint 'systemOut.Controllers.ImageAPIController.GetImage (api)'
2024-11-26 11:32:24.080 +01:00 [INF] Request finished HTTP/2 GET https://localhost:7285/api/imageapi/2 - 200 62304 application/json; charset=utf-8 578.6042ms
2024-11-26 11:32:24.080 +01:00 [INF] Request finished HTTP/2 GET https://localhost:7285/api/imageapi/2 - 200 62304 application/json; charset=utf-8 578.6098ms
2024-11-26 11:32:47.869 +01:00 [INF] Request starting HTTP/2 GET https://localhost:7285/api/imageapi/2 - null null
2024-11-26 11:32:47.869 +01:00 [INF] Request starting HTTP/2 GET https://localhost:7285/api/imageapi/2 - null null
2024-11-26 11:32:47.871 +01:00 [INF] CORS policy execution successful.
2024-11-26 11:32:47.871 +01:00 [INF] CORS policy execution successful.
2024-11-26 11:32:47.871 +01:00 [INF] Executing endpoint 'systemOut.Controllers.ImageAPIController.GetImage (api)'
2024-11-26 11:32:47.871 +01:00 [INF] Executing endpoint 'systemOut.Controllers.ImageAPIController.GetImage (api)'
2024-11-26 11:32:47.871 +01:00 [INF] Route matched with {action = "GetImage", controller = "ImageAPI"}. Executing controller action with signature System.Threading.Tasks.Task`1[Microsoft.AspNetCore.Mvc.IActionResult] GetImage(Int32) on controller systemOut.Controllers.ImageAPIController (api).
2024-11-26 11:32:47.871 +01:00 [INF] Route matched with {action = "GetImage", controller = "ImageAPI"}. Executing controller action with signature System.Threading.Tasks.Task`1[Microsoft.AspNetCore.Mvc.IActionResult] GetImage(Int32) on controller systemOut.Controllers.ImageAPIController (api).
2024-11-26 11:32:47.919 +01:00 [INF] Executing OkObjectResult, writing value of type 'Castle.Proxies.ImageProxy'.
2024-11-26 11:32:47.919 +01:00 [INF] Executing OkObjectResult, writing value of type 'Castle.Proxies.ImageProxy'.
2024-11-26 11:32:47.985 +01:00 [INF] Executed action systemOut.Controllers.ImageAPIController.GetImage (api) in 113.6467ms
2024-11-26 11:32:47.985 +01:00 [INF] Executed action systemOut.Controllers.ImageAPIController.GetImage (api) in 113.6136ms
2024-11-26 11:32:47.985 +01:00 [INF] Executed endpoint 'systemOut.Controllers.ImageAPIController.GetImage (api)'
2024-11-26 11:32:47.985 +01:00 [INF] Executed endpoint 'systemOut.Controllers.ImageAPIController.GetImage (api)'
2024-11-26 11:32:47.985 +01:00 [INF] Request finished HTTP/2 GET https://localhost:7285/api/imageapi/2 - 200 62304 application/json; charset=utf-8 116.2168ms
2024-11-26 11:32:47.985 +01:00 [INF] Request finished HTTP/2 GET https://localhost:7285/api/imageapi/2 - 200 62304 application/json; charset=utf-8 116.2029ms
2024-11-26 11:33:05.677 +01:00 [INF] Request starting HTTP/2 GET https://localhost:7285/api/imageapi/2 - null null
2024-11-26 11:33:05.677 +01:00 [INF] CORS policy execution successful.
2024-11-26 11:33:05.677 +01:00 [INF] Executing endpoint 'systemOut.Controllers.ImageAPIController.GetImage (api)'
2024-11-26 11:33:05.678 +01:00 [INF] Route matched with {action = "GetImage", controller = "ImageAPI"}. Executing controller action with signature System.Threading.Tasks.Task`1[Microsoft.AspNetCore.Mvc.IActionResult] GetImage(Int32) on controller systemOut.Controllers.ImageAPIController (api).
2024-11-26 11:33:05.680 +01:00 [INF] Executing OkObjectResult, writing value of type 'Castle.Proxies.ImageProxy'.
2024-11-26 11:33:05.694 +01:00 [INF] Request starting HTTP/2 GET https://localhost:7285/api/imageapi/2 - null null
2024-11-26 11:33:05.694 +01:00 [INF] CORS policy execution successful.
2024-11-26 11:33:05.694 +01:00 [INF] Executing endpoint 'systemOut.Controllers.ImageAPIController.GetImage (api)'
2024-11-26 11:33:05.694 +01:00 [INF] Route matched with {action = "GetImage", controller = "ImageAPI"}. Executing controller action with signature System.Threading.Tasks.Task`1[Microsoft.AspNetCore.Mvc.IActionResult] GetImage(Int32) on controller systemOut.Controllers.ImageAPIController (api).
2024-11-26 11:33:05.697 +01:00 [INF] Executing OkObjectResult, writing value of type 'Castle.Proxies.ImageProxy'.
2024-11-26 11:33:05.736 +01:00 [INF] Executed action systemOut.Controllers.ImageAPIController.GetImage (api) in 58.1192ms
2024-11-26 11:33:05.736 +01:00 [INF] Executed endpoint 'systemOut.Controllers.ImageAPIController.GetImage (api)'
2024-11-26 11:33:05.736 +01:00 [INF] Request finished HTTP/2 GET https://localhost:7285/api/imageapi/2 - 200 62304 application/json; charset=utf-8 59.0283ms
2024-11-26 11:33:05.746 +01:00 [INF] Executed action systemOut.Controllers.ImageAPIController.GetImage (api) in 52.445ms
2024-11-26 11:33:05.747 +01:00 [INF] Executed endpoint 'systemOut.Controllers.ImageAPIController.GetImage (api)'
2024-11-26 11:33:05.747 +01:00 [INF] Request finished HTTP/2 GET https://localhost:7285/api/imageapi/2 - 200 62304 application/json; charset=utf-8 52.9664ms
2024-11-26 11:33:40.923 +01:00 [INF] Request starting HTTP/2 GET https://localhost:7285/api/imageapi/2 - null null
2024-11-26 11:33:40.923 +01:00 [INF] CORS policy execution successful.
2024-11-26 11:33:40.924 +01:00 [INF] Executing endpoint 'systemOut.Controllers.ImageAPIController.GetImage (api)'
2024-11-26 11:33:40.924 +01:00 [INF] Route matched with {action = "GetImage", controller = "ImageAPI"}. Executing controller action with signature System.Threading.Tasks.Task`1[Microsoft.AspNetCore.Mvc.IActionResult] GetImage(Int32) on controller systemOut.Controllers.ImageAPIController (api).
2024-11-26 11:33:40.926 +01:00 [INF] Executing OkObjectResult, writing value of type 'Castle.Proxies.ImageProxy'.
2024-11-26 11:33:40.932 +01:00 [INF] Request starting HTTP/2 GET https://localhost:7285/api/imageapi/2 - null null
2024-11-26 11:33:40.933 +01:00 [INF] CORS policy execution successful.
2024-11-26 11:33:40.933 +01:00 [INF] Executing endpoint 'systemOut.Controllers.ImageAPIController.GetImage (api)'
2024-11-26 11:33:40.933 +01:00 [INF] Route matched with {action = "GetImage", controller = "ImageAPI"}. Executing controller action with signature System.Threading.Tasks.Task`1[Microsoft.AspNetCore.Mvc.IActionResult] GetImage(Int32) on controller systemOut.Controllers.ImageAPIController (api).
2024-11-26 11:33:40.937 +01:00 [INF] Executing OkObjectResult, writing value of type 'Castle.Proxies.ImageProxy'.
2024-11-26 11:33:41.015 +01:00 [INF] Executed action systemOut.Controllers.ImageAPIController.GetImage (api) in 91.2643ms
2024-11-26 11:33:41.015 +01:00 [INF] Executed endpoint 'systemOut.Controllers.ImageAPIController.GetImage (api)'
2024-11-26 11:33:41.015 +01:00 [INF] Request finished HTTP/2 GET https://localhost:7285/api/imageapi/2 - 200 62304 application/json; charset=utf-8 91.9186ms
2024-11-26 11:33:41.020 +01:00 [INF] Executed action systemOut.Controllers.ImageAPIController.GetImage (api) in 87.0665ms
2024-11-26 11:33:41.020 +01:00 [INF] Executed endpoint 'systemOut.Controllers.ImageAPIController.GetImage (api)'
2024-11-26 11:33:41.021 +01:00 [INF] Request finished HTTP/2 GET https://localhost:7285/api/imageapi/2 - 200 62304 application/json; charset=utf-8 88.0993ms
2024-11-26 11:33:41.026 +01:00 [INF] Request starting HTTP/2 GET https://localhost:7285/api/imageapi/get-all-image-urls - null null
2024-11-26 11:33:41.026 +01:00 [INF] Request starting HTTP/2 GET https://localhost:7285/api/userapi/userlist - null null
2024-11-26 11:33:41.026 +01:00 [INF] CORS policy execution successful.
2024-11-26 11:33:41.026 +01:00 [INF] CORS policy execution successful.
2024-11-26 11:33:41.027 +01:00 [INF] Executing endpoint 'systemOut.Controllers.ImageAPIController.GetAllImageUrls (api)'
2024-11-26 11:33:41.027 +01:00 [INF] Executing endpoint 'systemOut.Controllers.UserAPIController.UserList (api)'
2024-11-26 11:33:41.027 +01:00 [INF] Request starting HTTP/2 GET https://localhost:7285/api/imageapi/get-all-image-urls - null null
2024-11-26 11:33:41.027 +01:00 [INF] CORS policy execution successful.
2024-11-26 11:33:41.027 +01:00 [INF] Request starting HTTP/2 GET https://localhost:7285/api/userapi/userlist - null null
2024-11-26 11:33:41.027 +01:00 [INF] Executing endpoint 'systemOut.Controllers.ImageAPIController.GetAllImageUrls (api)'
2024-11-26 11:33:41.028 +01:00 [INF] CORS policy execution successful.
2024-11-26 11:33:41.028 +01:00 [INF] Executing endpoint 'systemOut.Controllers.UserAPIController.UserList (api)'
2024-11-26 11:33:41.029 +01:00 [INF] Route matched with {action = "GetAllImageUrls", controller = "ImageAPI"}. Executing controller action with signature Microsoft.AspNetCore.Mvc.IActionResult GetAllImageUrls() on controller systemOut.Controllers.ImageAPIController (api).
2024-11-26 11:33:41.029 +01:00 [INF] Route matched with {action = "GetAllImageUrls", controller = "ImageAPI"}. Executing controller action with signature Microsoft.AspNetCore.Mvc.IActionResult GetAllImageUrls() on controller systemOut.Controllers.ImageAPIController (api).
2024-11-26 11:33:41.030 +01:00 [INF] Route matched with {action = "UserList", controller = "UserAPI"}. Executing controller action with signature System.Threading.Tasks.Task`1[Microsoft.AspNetCore.Mvc.IActionResult] UserList() on controller systemOut.Controllers.UserAPIController (api).
2024-11-26 11:33:41.030 +01:00 [INF] Route matched with {action = "UserList", controller = "UserAPI"}. Executing controller action with signature System.Threading.Tasks.Task`1[Microsoft.AspNetCore.Mvc.IActionResult] UserList() on controller systemOut.Controllers.UserAPIController (api).
2024-11-26 11:33:41.032 +01:00 [INF] Executing OkObjectResult, writing value of type 'System.Collections.Generic.List`1[[System.String, System.Private.CoreLib, Version=8.0.0.0, Culture=neutral, PublicKeyToken=7cec85d7bea7798e]]'.
2024-11-26 11:33:41.032 +01:00 [INF] Executing OkObjectResult, writing value of type 'System.Collections.Generic.List`1[[System.String, System.Private.CoreLib, Version=8.0.0.0, Culture=neutral, PublicKeyToken=7cec85d7bea7798e]]'.
2024-11-26 11:33:41.033 +01:00 [INF] Executed action systemOut.Controllers.ImageAPIController.GetAllImageUrls (api) in 3.8064ms
2024-11-26 11:33:41.033 +01:00 [INF] Executed action systemOut.Controllers.ImageAPIController.GetAllImageUrls (api) in 3.8457ms
2024-11-26 11:33:41.033 +01:00 [INF] Executed endpoint 'systemOut.Controllers.ImageAPIController.GetAllImageUrls (api)'
2024-11-26 11:33:41.033 +01:00 [INF] Executed endpoint 'systemOut.Controllers.ImageAPIController.GetAllImageUrls (api)'
2024-11-26 11:33:41.033 +01:00 [INF] Request finished HTTP/2 GET https://localhost:7285/api/imageapi/get-all-image-urls - 200 715 application/json; charset=utf-8 6.6882ms
2024-11-26 11:33:41.033 +01:00 [INF] Request finished HTTP/2 GET https://localhost:7285/api/imageapi/get-all-image-urls - 200 715 application/json; charset=utf-8 5.5812ms
2024-11-26 11:33:41.043 +01:00 [INF] Executing OkObjectResult, writing value of type 'System.Linq.Enumerable+SelectListIterator`2[[systemOut.Models.User, api, Version=1.0.0.0, Culture=neutral, PublicKeyToken=null],[systemOut.DTOs.UserDto, api, Version=1.0.0.0, Culture=neutral, PublicKeyToken=null]]'.
2024-11-26 11:33:41.043 +01:00 [INF] Executing OkObjectResult, writing value of type 'System.Linq.Enumerable+SelectListIterator`2[[systemOut.Models.User, api, Version=1.0.0.0, Culture=neutral, PublicKeyToken=null],[systemOut.DTOs.UserDto, api, Version=1.0.0.0, Culture=neutral, PublicKeyToken=null]]'.
2024-11-26 11:33:41.046 +01:00 [INF] Executed action systemOut.Controllers.UserAPIController.UserList (api) in 15.5207ms
2024-11-26 11:33:41.046 +01:00 [INF] Executed action systemOut.Controllers.UserAPIController.UserList (api) in 15.8614ms
2024-11-26 11:33:41.046 +01:00 [INF] Executed endpoint 'systemOut.Controllers.UserAPIController.UserList (api)'
2024-11-26 11:33:41.046 +01:00 [INF] Executed endpoint 'systemOut.Controllers.UserAPIController.UserList (api)'
2024-11-26 11:33:41.046 +01:00 [INF] Request finished HTTP/2 GET https://localhost:7285/api/userapi/userlist - 200 220 application/json; charset=utf-8 18.2814ms
2024-11-26 11:33:41.046 +01:00 [INF] Request finished HTTP/2 GET https://localhost:7285/api/userapi/userlist - 200 220 application/json; charset=utf-8 19.6058ms
2024-11-26 11:33:53.348 +01:00 [INF] Request starting HTTP/2 OPTIONS https://localhost:7285/api/imageapi/update/2 - null null
2024-11-26 11:33:53.348 +01:00 [INF] CORS policy execution successful.
2024-11-26 11:33:53.349 +01:00 [INF] Request finished HTTP/2 OPTIONS https://localhost:7285/api/imageapi/update/2 - 204 null null 0.886ms
2024-11-26 11:33:53.350 +01:00 [INF] Request starting HTTP/2 PUT https://localhost:7285/api/imageapi/update/2 - application/json 116
2024-11-26 11:33:53.351 +01:00 [INF] CORS policy execution successful.
2024-11-26 11:33:53.351 +01:00 [INF] Executing endpoint 'systemOut.Controllers.ImageAPIController.Update (api)'
2024-11-26 11:33:53.354 +01:00 [INF] Route matched with {action = "Update", controller = "ImageAPI"}. Executing controller action with signature System.Threading.Tasks.Task`1[Microsoft.AspNetCore.Mvc.IActionResult] Update(Int32, systemOut.DTOs.ImageDto) on controller systemOut.Controllers.ImageAPIController (api).
2024-11-26 11:33:53.432 +01:00 [INF] Executing OkObjectResult, writing value of type 'Castle.Proxies.ImageProxy'.
2024-11-26 11:33:53.466 +01:00 [INF] Executed action systemOut.Controllers.ImageAPIController.Update (api) in 112.5448ms
2024-11-26 11:33:53.466 +01:00 [INF] Executed endpoint 'systemOut.Controllers.ImageAPIController.Update (api)'
2024-11-26 11:33:53.467 +01:00 [INF] Request finished HTTP/2 PUT https://localhost:7285/api/imageapi/update/2 - 200 62309 application/json; charset=utf-8 116.2561ms
2024-11-26 11:33:53.558 +01:00 [INF] Request starting HTTP/2 GET https://localhost:7285/api/imageapi/getimages - null null
2024-11-26 11:33:53.558 +01:00 [INF] Request starting HTTP/2 GET https://localhost:7285/api/imageapi/getimages - null null
2024-11-26 11:33:53.558 +01:00 [INF] CORS policy execution successful.
2024-11-26 11:33:53.558 +01:00 [INF] CORS policy execution successful.
2024-11-26 11:33:53.558 +01:00 [INF] Executing endpoint 'systemOut.Controllers.ImageAPIController.GetImages (api)'
2024-11-26 11:33:53.558 +01:00 [INF] Executing endpoint 'systemOut.Controllers.ImageAPIController.GetImages (api)'
2024-11-26 11:33:53.561 +01:00 [INF] Route matched with {action = "GetImages", controller = "ImageAPI"}. Executing controller action with signature System.Threading.Tasks.Task`1[Microsoft.AspNetCore.Mvc.IActionResult] GetImages() on controller systemOut.Controllers.ImageAPIController (api).
2024-11-26 11:33:53.561 +01:00 [INF] Route matched with {action = "GetImages", controller = "ImageAPI"}. Executing controller action with signature System.Threading.Tasks.Task`1[Microsoft.AspNetCore.Mvc.IActionResult] GetImages() on controller systemOut.Controllers.ImageAPIController (api).
2024-11-26 11:33:53.567 +01:00 [INF] Executing OkObjectResult, writing value of type 'System.Linq.Enumerable+SelectListIterator`2[[systemOut.Models.Image, api, Version=1.0.0.0, Culture=neutral, PublicKeyToken=null],[systemOut.DTOs.ImageDto, api, Version=1.0.0.0, Culture=neutral, PublicKeyToken=null]]'.
2024-11-26 11:33:53.567 +01:00 [INF] Executing OkObjectResult, writing value of type 'System.Linq.Enumerable+SelectListIterator`2[[systemOut.Models.Image, api, Version=1.0.0.0, Culture=neutral, PublicKeyToken=null],[systemOut.DTOs.ImageDto, api, Version=1.0.0.0, Culture=neutral, PublicKeyToken=null]]'.
2024-11-26 11:33:53.569 +01:00 [INF] Executed action systemOut.Controllers.ImageAPIController.GetImages (api) in 8.0318ms
2024-11-26 11:33:53.569 +01:00 [INF] Executed action systemOut.Controllers.ImageAPIController.GetImages (api) in 8.0185ms
2024-11-26 11:33:53.569 +01:00 [INF] Executed endpoint 'systemOut.Controllers.ImageAPIController.GetImages (api)'
2024-11-26 11:33:53.569 +01:00 [INF] Executed endpoint 'systemOut.Controllers.ImageAPIController.GetImages (api)'
2024-11-26 11:33:53.569 +01:00 [INF] Request finished HTTP/2 GET https://localhost:7285/api/imageapi/getimages - 200 380 application/json; charset=utf-8 11.0202ms
2024-11-26 11:33:53.569 +01:00 [INF] Request finished HTTP/2 GET https://localhost:7285/api/imageapi/getimages - 200 380 application/json; charset=utf-8 10.5437ms
2024-11-26 11:33:53.715 +01:00 [INF] Request starting HTTP/2 GET https://localhost:7285/wwwroot/images/user1/flower.jpg - null null
2024-11-26 11:33:53.716 +01:00 [INF] Request finished HTTP/2 GET https://localhost:7285/wwwroot/images/user1/flower.jpg - 404 0 null 0.6896ms
2024-11-26 11:33:53.716 +01:00 [INF] Request reached the end of the middleware pipeline without being handled by application code. Request path: GET https://localhost:7285/wwwroot/images/user1/flower.jpg, Response status code: 404
2024-11-26 11:34:08.530 +01:00 [INF] Request starting HTTP/2 GET https://localhost:7285/api/imageapi/2 - null null
2024-11-26 11:34:08.530 +01:00 [INF] Request starting HTTP/2 GET https://localhost:7285/api/imageapi/2 - null null
2024-11-26 11:34:08.530 +01:00 [INF] CORS policy execution successful.
2024-11-26 11:34:08.530 +01:00 [INF] CORS policy execution successful.
2024-11-26 11:34:08.530 +01:00 [INF] Executing endpoint 'systemOut.Controllers.ImageAPIController.GetImage (api)'
2024-11-26 11:34:08.530 +01:00 [INF] Executing endpoint 'systemOut.Controllers.ImageAPIController.GetImage (api)'
2024-11-26 11:34:08.530 +01:00 [INF] Route matched with {action = "GetImage", controller = "ImageAPI"}. Executing controller action with signature System.Threading.Tasks.Task`1[Microsoft.AspNetCore.Mvc.IActionResult] GetImage(Int32) on controller systemOut.Controllers.ImageAPIController (api).
2024-11-26 11:34:08.530 +01:00 [INF] Route matched with {action = "GetImage", controller = "ImageAPI"}. Executing controller action with signature System.Threading.Tasks.Task`1[Microsoft.AspNetCore.Mvc.IActionResult] GetImage(Int32) on controller systemOut.Controllers.ImageAPIController (api).
2024-11-26 11:34:08.533 +01:00 [INF] Executing OkObjectResult, writing value of type 'Castle.Proxies.ImageProxy'.
2024-11-26 11:34:08.533 +01:00 [INF] Executing OkObjectResult, writing value of type 'Castle.Proxies.ImageProxy'.
2024-11-26 11:34:08.592 +01:00 [INF] Executed action systemOut.Controllers.ImageAPIController.GetImage (api) in 61.7383ms
2024-11-26 11:34:08.592 +01:00 [INF] Executed action systemOut.Controllers.ImageAPIController.GetImage (api) in 61.7405ms
2024-11-26 11:34:08.592 +01:00 [INF] Executed endpoint 'systemOut.Controllers.ImageAPIController.GetImage (api)'
2024-11-26 11:34:08.592 +01:00 [INF] Executed endpoint 'systemOut.Controllers.ImageAPIController.GetImage (api)'
2024-11-26 11:34:08.592 +01:00 [INF] Request finished HTTP/2 GET https://localhost:7285/api/imageapi/2 - 200 62309 application/json; charset=utf-8 62.7528ms
2024-11-26 11:34:08.592 +01:00 [INF] Request finished HTTP/2 GET https://localhost:7285/api/imageapi/2 - 200 62309 application/json; charset=utf-8 62.5395ms
2024-11-26 11:34:08.602 +01:00 [INF] Request starting HTTP/2 GET https://localhost:7285/api/commentapi/getcomments - null null
2024-11-26 11:34:08.602 +01:00 [INF] Request starting HTTP/2 GET https://localhost:7285/wwwroot/images/user1/flower.jpg - null null
2024-11-26 11:34:08.602 +01:00 [INF] Request starting HTTP/2 GET https://localhost:7285/api/commentapi/getcomments - null null
2024-11-26 11:34:08.602 +01:00 [INF] CORS policy execution successful.
2024-11-26 11:34:08.602 +01:00 [INF] CORS policy execution successful.
2024-11-26 11:34:08.602 +01:00 [INF] Executing endpoint 'systemOut.Controllers.CommentAPIController.GetComments (api)'
2024-11-26 11:34:08.602 +01:00 [INF] Executing endpoint 'systemOut.Controllers.CommentAPIController.GetComments (api)'
2024-11-26 11:34:08.602 +01:00 [INF] Request finished HTTP/2 GET https://localhost:7285/wwwroot/images/user1/flower.jpg - 404 0 null 0.3074ms
2024-11-26 11:34:08.602 +01:00 [INF] Request reached the end of the middleware pipeline without being handled by application code. Request path: GET https://localhost:7285/wwwroot/images/user1/flower.jpg, Response status code: 404
2024-11-26 11:34:08.605 +01:00 [INF] Route matched with {action = "GetComments", controller = "CommentAPI"}. Executing controller action with signature System.Threading.Tasks.Task`1[Microsoft.AspNetCore.Mvc.IActionResult] GetComments() on controller systemOut.Controllers.CommentAPIController (api).
2024-11-26 11:34:08.605 +01:00 [INF] Route matched with {action = "GetComments", controller = "CommentAPI"}. Executing controller action with signature System.Threading.Tasks.Task`1[Microsoft.AspNetCore.Mvc.IActionResult] GetComments() on controller systemOut.Controllers.CommentAPIController (api).
2024-11-26 11:34:08.613 +01:00 [INF] Executing OkObjectResult, writing value of type 'System.Linq.Enumerable+SelectListIterator`2[[systemOut.Models.Comment, api, Version=1.0.0.0, Culture=neutral, PublicKeyToken=null],[systemOut.DTOs.CommentDto, api, Version=1.0.0.0, Culture=neutral, PublicKeyToken=null]]'.
2024-11-26 11:34:08.613 +01:00 [INF] Executing OkObjectResult, writing value of type 'System.Linq.Enumerable+SelectListIterator`2[[systemOut.Models.Comment, api, Version=1.0.0.0, Culture=neutral, PublicKeyToken=null],[systemOut.DTOs.CommentDto, api, Version=1.0.0.0, Culture=neutral, PublicKeyToken=null]]'.
2024-11-26 11:34:08.615 +01:00 [INF] Executed action systemOut.Controllers.CommentAPIController.GetComments (api) in 10.5753ms
2024-11-26 11:34:08.615 +01:00 [INF] Executed action systemOut.Controllers.CommentAPIController.GetComments (api) in 10.5592ms
2024-11-26 11:34:08.615 +01:00 [INF] Executed endpoint 'systemOut.Controllers.CommentAPIController.GetComments (api)'
2024-11-26 11:34:08.615 +01:00 [INF] Executed endpoint 'systemOut.Controllers.CommentAPIController.GetComments (api)'
2024-11-26 11:34:08.615 +01:00 [INF] Request finished HTTP/2 GET https://localhost:7285/api/commentapi/getcomments - 200 736 application/json; charset=utf-8 13.5468ms
2024-11-26 11:34:08.615 +01:00 [INF] Request finished HTTP/2 GET https://localhost:7285/api/commentapi/getcomments - 200 736 application/json; charset=utf-8 13.8724ms
2024-11-26 11:34:08.620 +01:00 [INF] Request starting HTTP/2 GET https://localhost:7285/api/userapi/10 - null null
2024-11-26 11:34:08.621 +01:00 [INF] Request starting HTTP/2 GET https://localhost:7285/api/userapi/10 - null null
2024-11-26 11:34:08.621 +01:00 [INF] CORS policy execution successful.
2024-11-26 11:34:08.621 +01:00 [INF] CORS policy execution successful.
2024-11-26 11:34:08.621 +01:00 [INF] Executing endpoint 'systemOut.Controllers.UserAPIController.GetUser (api)'
2024-11-26 11:34:08.621 +01:00 [INF] Executing endpoint 'systemOut.Controllers.UserAPIController.GetUser (api)'
2024-11-26 11:34:08.623 +01:00 [INF] Route matched with {action = "GetUser", controller = "UserAPI"}. Executing controller action with signature System.Threading.Tasks.Task`1[Microsoft.AspNetCore.Mvc.IActionResult] GetUser(Int32) on controller systemOut.Controllers.UserAPIController (api).
2024-11-26 11:34:08.623 +01:00 [INF] Route matched with {action = "GetUser", controller = "UserAPI"}. Executing controller action with signature System.Threading.Tasks.Task`1[Microsoft.AspNetCore.Mvc.IActionResult] GetUser(Int32) on controller systemOut.Controllers.UserAPIController (api).
2024-11-26 11:34:08.627 +01:00 [INF] Request starting HTTP/2 GET https://localhost:7285/api/userapi/10 - null null
2024-11-26 11:34:08.627 +01:00 [INF] Request starting HTTP/2 GET https://localhost:7285/api/userapi/10 - null null
2024-11-26 11:34:08.627 +01:00 [INF] CORS policy execution successful.
2024-11-26 11:34:08.627 +01:00 [INF] CORS policy execution successful.
2024-11-26 11:34:08.627 +01:00 [INF] Executing endpoint 'systemOut.Controllers.UserAPIController.GetUser (api)'
2024-11-26 11:34:08.627 +01:00 [INF] Executing endpoint 'systemOut.Controllers.UserAPIController.GetUser (api)'
2024-11-26 11:34:08.627 +01:00 [INF] Route matched with {action = "GetUser", controller = "UserAPI"}. Executing controller action with signature System.Threading.Tasks.Task`1[Microsoft.AspNetCore.Mvc.IActionResult] GetUser(Int32) on controller systemOut.Controllers.UserAPIController (api).
2024-11-26 11:34:08.627 +01:00 [INF] Route matched with {action = "GetUser", controller = "UserAPI"}. Executing controller action with signature System.Threading.Tasks.Task`1[Microsoft.AspNetCore.Mvc.IActionResult] GetUser(Int32) on controller systemOut.Controllers.UserAPIController (api).
2024-11-26 11:34:08.631 +01:00 [INF] Executing OkObjectResult, writing value of type 'Castle.Proxies.UserProxy'.
2024-11-26 11:34:08.632 +01:00 [INF] Executing OkObjectResult, writing value of type 'Castle.Proxies.UserProxy'.
2024-11-26 11:34:08.635 +01:00 [INF] Executing OkObjectResult, writing value of type 'Castle.Proxies.UserProxy'.
2024-11-26 11:34:08.653 +01:00 [INF] Executing OkObjectResult, writing value of type 'Castle.Proxies.UserProxy'.
2024-11-26 11:34:08.728 +01:00 [INF] Executed action systemOut.Controllers.UserAPIController.GetUser (api) in 104.47ms
2024-11-26 11:34:08.728 +01:00 [INF] Executed endpoint 'systemOut.Controllers.UserAPIController.GetUser (api)'
2024-11-26 11:34:08.729 +01:00 [INF] Request finished HTTP/2 GET https://localhost:7285/api/userapi/10 - 200 45694 application/json; charset=utf-8 108.9633ms
2024-11-26 11:34:08.729 +01:00 [INF] Executed action systemOut.Controllers.UserAPIController.GetUser (api) in 102.3504ms
2024-11-26 11:34:08.730 +01:00 [INF] Executed endpoint 'systemOut.Controllers.UserAPIController.GetUser (api)'
2024-11-26 11:34:08.730 +01:00 [INF] Request finished HTTP/2 GET https://localhost:7285/api/userapi/10 - 200 45694 application/json; charset=utf-8 103.2472ms
2024-11-26 11:34:08.737 +01:00 [INF] Executed action systemOut.Controllers.UserAPIController.GetUser (api) in 113.5655ms
2024-11-26 11:34:08.737 +01:00 [INF] Executed endpoint 'systemOut.Controllers.UserAPIController.GetUser (api)'
2024-11-26 11:34:08.737 +01:00 [INF] Request finished HTTP/2 GET https://localhost:7285/api/userapi/10 - 200 45694 application/json; charset=utf-8 116.2295ms
2024-11-26 11:34:08.750 +01:00 [INF] Executed action systemOut.Controllers.UserAPIController.GetUser (api) in 122.9748ms
2024-11-26 11:34:08.750 +01:00 [INF] Executed endpoint 'systemOut.Controllers.UserAPIController.GetUser (api)'
2024-11-26 11:34:08.750 +01:00 [INF] Request finished HTTP/2 GET https://localhost:7285/api/userapi/10 - 200 45694 application/json; charset=utf-8 123.7461ms
2024-11-26 11:34:11.052 +01:00 [INF] Request starting HTTP/2 GET https://localhost:7285/api/imageapi/2 - null null
2024-11-26 11:34:11.053 +01:00 [INF] Request starting HTTP/2 GET https://localhost:7285/api/imageapi/2 - null null
2024-11-26 11:34:11.053 +01:00 [INF] CORS policy execution successful.
2024-11-26 11:34:11.053 +01:00 [INF] CORS policy execution successful.
2024-11-26 11:34:11.053 +01:00 [INF] Executing endpoint 'systemOut.Controllers.ImageAPIController.GetImage (api)'
2024-11-26 11:34:11.053 +01:00 [INF] Executing endpoint 'systemOut.Controllers.ImageAPIController.GetImage (api)'
2024-11-26 11:34:11.053 +01:00 [INF] Route matched with {action = "GetImage", controller = "ImageAPI"}. Executing controller action with signature System.Threading.Tasks.Task`1[Microsoft.AspNetCore.Mvc.IActionResult] GetImage(Int32) on controller systemOut.Controllers.ImageAPIController (api).
2024-11-26 11:34:11.053 +01:00 [INF] Route matched with {action = "GetImage", controller = "ImageAPI"}. Executing controller action with signature System.Threading.Tasks.Task`1[Microsoft.AspNetCore.Mvc.IActionResult] GetImage(Int32) on controller systemOut.Controllers.ImageAPIController (api).
2024-11-26 11:34:11.056 +01:00 [INF] Executing OkObjectResult, writing value of type 'Castle.Proxies.ImageProxy'.
2024-11-26 11:34:11.057 +01:00 [INF] Executing OkObjectResult, writing value of type 'Castle.Proxies.ImageProxy'.
2024-11-26 11:34:11.109 +01:00 [INF] Executed action systemOut.Controllers.ImageAPIController.GetImage (api) in 56.2829ms
2024-11-26 11:34:11.109 +01:00 [INF] Executed action systemOut.Controllers.ImageAPIController.GetImage (api) in 56.3856ms
2024-11-26 11:34:11.109 +01:00 [INF] Executed endpoint 'systemOut.Controllers.ImageAPIController.GetImage (api)'
2024-11-26 11:34:11.109 +01:00 [INF] Executed endpoint 'systemOut.Controllers.ImageAPIController.GetImage (api)'
2024-11-26 11:34:11.109 +01:00 [INF] Request finished HTTP/2 GET https://localhost:7285/api/imageapi/2 - 200 62309 application/json; charset=utf-8 57.3441ms
2024-11-26 11:34:11.109 +01:00 [INF] Request finished HTTP/2 GET https://localhost:7285/api/imageapi/2 - 200 62309 application/json; charset=utf-8 56.8311ms
2024-11-26 11:34:11.122 +01:00 [INF] Request starting HTTP/2 GET https://localhost:7285/api/imageapi/get-all-image-urls - null null
2024-11-26 11:34:11.122 +01:00 [INF] Request starting HTTP/2 GET https://localhost:7285/api/userapi/userlist - null null
2024-11-26 11:34:11.123 +01:00 [INF] Request starting HTTP/2 GET https://localhost:7285/api/imageapi/get-all-image-urls - null null
2024-11-26 11:34:11.123 +01:00 [INF] Request starting HTTP/2 GET https://localhost:7285/api/userapi/userlist - null null
2024-11-26 11:34:11.123 +01:00 [INF] CORS policy execution successful.
2024-11-26 11:34:11.123 +01:00 [INF] CORS policy execution successful.
2024-11-26 11:34:11.123 +01:00 [INF] CORS policy execution successful.
2024-11-26 11:34:11.123 +01:00 [INF] CORS policy execution successful.
2024-11-26 11:34:11.123 +01:00 [INF] Executing endpoint 'systemOut.Controllers.ImageAPIController.GetAllImageUrls (api)'
2024-11-26 11:34:11.123 +01:00 [INF] Executing endpoint 'systemOut.Controllers.UserAPIController.UserList (api)'
2024-11-26 11:34:11.123 +01:00 [INF] Executing endpoint 'systemOut.Controllers.ImageAPIController.GetAllImageUrls (api)'
2024-11-26 11:34:11.123 +01:00 [INF] Executing endpoint 'systemOut.Controllers.UserAPIController.UserList (api)'
2024-11-26 11:34:11.123 +01:00 [INF] Route matched with {action = "GetAllImageUrls", controller = "ImageAPI"}. Executing controller action with signature Microsoft.AspNetCore.Mvc.IActionResult GetAllImageUrls() on controller systemOut.Controllers.ImageAPIController (api).
2024-11-26 11:34:11.123 +01:00 [INF] Route matched with {action = "UserList", controller = "UserAPI"}. Executing controller action with signature System.Threading.Tasks.Task`1[Microsoft.AspNetCore.Mvc.IActionResult] UserList() on controller systemOut.Controllers.UserAPIController (api).
2024-11-26 11:34:11.123 +01:00 [INF] Route matched with {action = "GetAllImageUrls", controller = "ImageAPI"}. Executing controller action with signature Microsoft.AspNetCore.Mvc.IActionResult GetAllImageUrls() on controller systemOut.Controllers.ImageAPIController (api).
2024-11-26 11:34:11.123 +01:00 [INF] Route matched with {action = "UserList", controller = "UserAPI"}. Executing controller action with signature System.Threading.Tasks.Task`1[Microsoft.AspNetCore.Mvc.IActionResult] UserList() on controller systemOut.Controllers.UserAPIController (api).
2024-11-26 11:34:11.125 +01:00 [INF] Executing OkObjectResult, writing value of type 'System.Collections.Generic.List`1[[System.String, System.Private.CoreLib, Version=8.0.0.0, Culture=neutral, PublicKeyToken=7cec85d7bea7798e]]'.
2024-11-26 11:34:11.126 +01:00 [INF] Executing OkObjectResult, writing value of type 'System.Collections.Generic.List`1[[System.String, System.Private.CoreLib, Version=8.0.0.0, Culture=neutral, PublicKeyToken=7cec85d7bea7798e]]'.
2024-11-26 11:34:11.126 +01:00 [INF] Executed action systemOut.Controllers.ImageAPIController.GetAllImageUrls (api) in 2.9028ms
2024-11-26 11:34:11.126 +01:00 [INF] Executing OkObjectResult, writing value of type 'System.Linq.Enumerable+SelectListIterator`2[[systemOut.Models.User, api, Version=1.0.0.0, Culture=neutral, PublicKeyToken=null],[systemOut.DTOs.UserDto, api, Version=1.0.0.0, Culture=neutral, PublicKeyToken=null]]'.
2024-11-26 11:34:11.126 +01:00 [INF] Executed action systemOut.Controllers.ImageAPIController.GetAllImageUrls (api) in 2.885ms
2024-11-26 11:34:11.126 +01:00 [INF] Executed endpoint 'systemOut.Controllers.ImageAPIController.GetAllImageUrls (api)'
2024-11-26 11:34:11.127 +01:00 [INF] Executed endpoint 'systemOut.Controllers.ImageAPIController.GetAllImageUrls (api)'
2024-11-26 11:34:11.127 +01:00 [INF] Request finished HTTP/2 GET https://localhost:7285/api/imageapi/get-all-image-urls - 200 715 application/json; charset=utf-8 4.2151ms
2024-11-26 11:34:11.127 +01:00 [INF] Request finished HTTP/2 GET https://localhost:7285/api/imageapi/get-all-image-urls - 200 715 application/json; charset=utf-8 4.6432ms
2024-11-26 11:34:11.127 +01:00 [INF] Executing OkObjectResult, writing value of type 'System.Linq.Enumerable+SelectListIterator`2[[systemOut.Models.User, api, Version=1.0.0.0, Culture=neutral, PublicKeyToken=null],[systemOut.DTOs.UserDto, api, Version=1.0.0.0, Culture=neutral, PublicKeyToken=null]]'.
2024-11-26 11:34:11.127 +01:00 [INF] Executed action systemOut.Controllers.UserAPIController.UserList (api) in 3.5665ms
2024-11-26 11:34:11.127 +01:00 [INF] Executed endpoint 'systemOut.Controllers.UserAPIController.UserList (api)'
2024-11-26 11:34:11.127 +01:00 [INF] Executed action systemOut.Controllers.UserAPIController.UserList (api) in 3.7425ms
2024-11-26 11:34:11.127 +01:00 [INF] Executed endpoint 'systemOut.Controllers.UserAPIController.UserList (api)'
2024-11-26 11:34:11.127 +01:00 [INF] Request finished HTTP/2 GET https://localhost:7285/api/userapi/userlist - 200 220 application/json; charset=utf-8 4.2419ms
2024-11-26 11:34:11.127 +01:00 [INF] Request finished HTTP/2 GET https://localhost:7285/api/userapi/userlist - 200 220 application/json; charset=utf-8 4.5199ms
2024-11-26 11:34:49.060 +01:00 [INF] Request starting HTTP/2 OPTIONS https://localhost:7285/api/imageapi/update/2 - null null
2024-11-26 11:34:49.062 +01:00 [INF] CORS policy execution successful.
2024-11-26 11:34:49.063 +01:00 [INF] Request finished HTTP/2 OPTIONS https://localhost:7285/api/imageapi/update/2 - 204 null null 2.7773ms
2024-11-26 11:34:49.065 +01:00 [INF] Request starting HTTP/2 PUT https://localhost:7285/api/imageapi/update/2 - application/json 119
2024-11-26 11:34:49.065 +01:00 [INF] CORS policy execution successful.
2024-11-26 11:34:49.067 +01:00 [INF] Executing endpoint 'systemOut.Controllers.ImageAPIController.Update (api)'
2024-11-26 11:34:49.067 +01:00 [INF] Route matched with {action = "Update", controller = "ImageAPI"}. Executing controller action with signature System.Threading.Tasks.Task`1[Microsoft.AspNetCore.Mvc.IActionResult] Update(Int32, systemOut.DTOs.ImageDto) on controller systemOut.Controllers.ImageAPIController (api).
2024-11-26 11:34:49.072 +01:00 [INF] Executing OkObjectResult, writing value of type 'Castle.Proxies.ImageProxy'.
2024-11-26 11:34:49.103 +01:00 [INF] Executed action systemOut.Controllers.ImageAPIController.Update (api) in 36.3744ms
2024-11-26 11:34:49.103 +01:00 [INF] Executed endpoint 'systemOut.Controllers.ImageAPIController.Update (api)'
2024-11-26 11:34:49.103 +01:00 [INF] Request finished HTTP/2 PUT https://localhost:7285/api/imageapi/update/2 - 200 62312 application/json; charset=utf-8 37.9419ms
2024-11-26 11:34:49.116 +01:00 [INF] Request starting HTTP/2 GET https://localhost:7285/api/imageapi/getimages - null null
2024-11-26 11:34:49.116 +01:00 [INF] Request starting HTTP/2 GET https://localhost:7285/api/imageapi/getimages - null null
2024-11-26 11:34:49.116 +01:00 [INF] CORS policy execution successful.
2024-11-26 11:34:49.116 +01:00 [INF] CORS policy execution successful.
2024-11-26 11:34:49.116 +01:00 [INF] Executing endpoint 'systemOut.Controllers.ImageAPIController.GetImages (api)'
2024-11-26 11:34:49.116 +01:00 [INF] Executing endpoint 'systemOut.Controllers.ImageAPIController.GetImages (api)'
2024-11-26 11:34:49.116 +01:00 [INF] Route matched with {action = "GetImages", controller = "ImageAPI"}. Executing controller action with signature System.Threading.Tasks.Task`1[Microsoft.AspNetCore.Mvc.IActionResult] GetImages() on controller systemOut.Controllers.ImageAPIController (api).
2024-11-26 11:34:49.116 +01:00 [INF] Route matched with {action = "GetImages", controller = "ImageAPI"}. Executing controller action with signature System.Threading.Tasks.Task`1[Microsoft.AspNetCore.Mvc.IActionResult] GetImages() on controller systemOut.Controllers.ImageAPIController (api).
2024-11-26 11:34:49.120 +01:00 [INF] Executing OkObjectResult, writing value of type 'System.Linq.Enumerable+SelectListIterator`2[[systemOut.Models.Image, api, Version=1.0.0.0, Culture=neutral, PublicKeyToken=null],[systemOut.DTOs.ImageDto, api, Version=1.0.0.0, Culture=neutral, PublicKeyToken=null]]'.
2024-11-26 11:34:49.120 +01:00 [INF] Executing OkObjectResult, writing value of type 'System.Linq.Enumerable+SelectListIterator`2[[systemOut.Models.Image, api, Version=1.0.0.0, Culture=neutral, PublicKeyToken=null],[systemOut.DTOs.ImageDto, api, Version=1.0.0.0, Culture=neutral, PublicKeyToken=null]]'.
2024-11-26 11:34:49.120 +01:00 [INF] Executed action systemOut.Controllers.ImageAPIController.GetImages (api) in 3.31ms
2024-11-26 11:34:49.120 +01:00 [INF] Executed action systemOut.Controllers.ImageAPIController.GetImages (api) in 3.3199ms
2024-11-26 11:34:49.120 +01:00 [INF] Executed endpoint 'systemOut.Controllers.ImageAPIController.GetImages (api)'
2024-11-26 11:34:49.120 +01:00 [INF] Executed endpoint 'systemOut.Controllers.ImageAPIController.GetImages (api)'
2024-11-26 11:34:49.120 +01:00 [INF] Request finished HTTP/2 GET https://localhost:7285/api/imageapi/getimages - 200 383 application/json; charset=utf-8 4.017ms
2024-11-26 11:34:49.120 +01:00 [INF] Request finished HTTP/2 GET https://localhost:7285/api/imageapi/getimages - 200 383 application/json; charset=utf-8 3.6612ms
2024-11-26 11:34:49.128 +01:00 [INF] Request starting HTTP/2 GET https://localhost:7285/wwwroot/images/bruker7/bruker7.jpg - null null
2024-11-26 11:34:49.128 +01:00 [INF] Request finished HTTP/2 GET https://localhost:7285/wwwroot/images/bruker7/bruker7.jpg - 404 0 null 0.3289ms
2024-11-26 11:34:49.128 +01:00 [INF] Request reached the end of the middleware pipeline without being handled by application code. Request path: GET https://localhost:7285/wwwroot/images/bruker7/bruker7.jpg, Response status code: 404
2024-11-26 11:36:20.479 +01:00 [INF] Request starting HTTP/2 GET https://localhost:7285/api/imageapi/getimages - null null
2024-11-26 11:36:20.479 +01:00 [INF] CORS policy execution successful.
2024-11-26 11:36:20.479 +01:00 [INF] Executing endpoint 'systemOut.Controllers.ImageAPIController.GetImages (api)'
2024-11-26 11:36:20.481 +01:00 [INF] Route matched with {action = "GetImages", controller = "ImageAPI"}. Executing controller action with signature System.Threading.Tasks.Task`1[Microsoft.AspNetCore.Mvc.IActionResult] GetImages() on controller systemOut.Controllers.ImageAPIController (api).
2024-11-26 11:36:20.484 +01:00 [INF] Executing OkObjectResult, writing value of type 'System.Linq.Enumerable+SelectListIterator`2[[systemOut.Models.Image, api, Version=1.0.0.0, Culture=neutral, PublicKeyToken=null],[systemOut.DTOs.ImageDto, api, Version=1.0.0.0, Culture=neutral, PublicKeyToken=null]]'.
2024-11-26 11:36:20.484 +01:00 [INF] Executed action systemOut.Controllers.ImageAPIController.GetImages (api) in 2.3379ms
2024-11-26 11:36:20.485 +01:00 [INF] Executed endpoint 'systemOut.Controllers.ImageAPIController.GetImages (api)'
2024-11-26 11:36:20.485 +01:00 [INF] Request finished HTTP/2 GET https://localhost:7285/api/imageapi/getimages - 200 383 application/json; charset=utf-8 5.8271ms
2024-11-26 11:36:23.017 +01:00 [INF] Request starting HTTP/2 GET https://localhost:7285/api/imageapi/2 - null null
2024-11-26 11:36:23.017 +01:00 [INF] CORS policy execution successful.
2024-11-26 11:36:23.017 +01:00 [INF] Request starting HTTP/2 GET https://localhost:7285/api/imageapi/2 - null null
2024-11-26 11:36:23.018 +01:00 [INF] Executing endpoint 'systemOut.Controllers.ImageAPIController.GetImage (api)'
2024-11-26 11:36:23.018 +01:00 [INF] CORS policy execution successful.
2024-11-26 11:36:23.018 +01:00 [INF] Route matched with {action = "GetImage", controller = "ImageAPI"}. Executing controller action with signature System.Threading.Tasks.Task`1[Microsoft.AspNetCore.Mvc.IActionResult] GetImage(Int32) on controller systemOut.Controllers.ImageAPIController (api).
2024-11-26 11:36:23.018 +01:00 [INF] Executing endpoint 'systemOut.Controllers.ImageAPIController.GetImage (api)'
2024-11-26 11:36:23.018 +01:00 [INF] Route matched with {action = "GetImage", controller = "ImageAPI"}. Executing controller action with signature System.Threading.Tasks.Task`1[Microsoft.AspNetCore.Mvc.IActionResult] GetImage(Int32) on controller systemOut.Controllers.ImageAPIController (api).
2024-11-26 11:36:23.021 +01:00 [INF] Executing OkObjectResult, writing value of type 'Castle.Proxies.ImageProxy'.
2024-11-26 11:36:23.021 +01:00 [INF] Executing OkObjectResult, writing value of type 'Castle.Proxies.ImageProxy'.
2024-11-26 11:36:23.074 +01:00 [INF] Executed action systemOut.Controllers.ImageAPIController.GetImage (api) in 56.5489ms
2024-11-26 11:36:23.074 +01:00 [INF] Executed action systemOut.Controllers.ImageAPIController.GetImage (api) in 56.6281ms
2024-11-26 11:36:23.074 +01:00 [INF] Executed endpoint 'systemOut.Controllers.ImageAPIController.GetImage (api)'
2024-11-26 11:36:23.074 +01:00 [INF] Executed endpoint 'systemOut.Controllers.ImageAPIController.GetImage (api)'
2024-11-26 11:36:23.074 +01:00 [INF] Request finished HTTP/2 GET https://localhost:7285/api/imageapi/2 - 200 62312 application/json; charset=utf-8 56.956ms
2024-11-26 11:36:23.074 +01:00 [INF] Request finished HTTP/2 GET https://localhost:7285/api/imageapi/2 - 200 62312 application/json; charset=utf-8 57.4855ms
2024-11-26 11:36:23.082 +01:00 [INF] Request starting HTTP/2 GET https://localhost:7285/api/commentapi/getcomments - null null
2024-11-26 11:36:23.082 +01:00 [INF] Request starting HTTP/2 GET https://localhost:7285/api/commentapi/getcomments - null null
2024-11-26 11:36:23.083 +01:00 [INF] Request starting HTTP/2 GET https://localhost:7285/wwwroot/images/bruker7/bruker7.jpg - null null
2024-11-26 11:36:23.083 +01:00 [INF] CORS policy execution successful.
2024-11-26 11:36:23.083 +01:00 [INF] CORS policy execution successful.
2024-11-26 11:36:23.083 +01:00 [INF] Request finished HTTP/2 GET https://localhost:7285/wwwroot/images/bruker7/bruker7.jpg - 404 0 null 0.2549ms
2024-11-26 11:36:23.083 +01:00 [INF] Executing endpoint 'systemOut.Controllers.CommentAPIController.GetComments (api)'
2024-11-26 11:36:23.083 +01:00 [INF] Executing endpoint 'systemOut.Controllers.CommentAPIController.GetComments (api)'
2024-11-26 11:36:23.083 +01:00 [INF] Request reached the end of the middleware pipeline without being handled by application code. Request path: GET https://localhost:7285/wwwroot/images/bruker7/bruker7.jpg, Response status code: 404
2024-11-26 11:36:23.083 +01:00 [INF] Route matched with {action = "GetComments", controller = "CommentAPI"}. Executing controller action with signature System.Threading.Tasks.Task`1[Microsoft.AspNetCore.Mvc.IActionResult] GetComments() on controller systemOut.Controllers.CommentAPIController (api).
2024-11-26 11:36:23.083 +01:00 [INF] Route matched with {action = "GetComments", controller = "CommentAPI"}. Executing controller action with signature System.Threading.Tasks.Task`1[Microsoft.AspNetCore.Mvc.IActionResult] GetComments() on controller systemOut.Controllers.CommentAPIController (api).
2024-11-26 11:36:23.087 +01:00 [INF] Executing OkObjectResult, writing value of type 'System.Linq.Enumerable+SelectListIterator`2[[systemOut.Models.Comment, api, Version=1.0.0.0, Culture=neutral, PublicKeyToken=null],[systemOut.DTOs.CommentDto, api, Version=1.0.0.0, Culture=neutral, PublicKeyToken=null]]'.
2024-11-26 11:36:23.087 +01:00 [INF] Executed action systemOut.Controllers.CommentAPIController.GetComments (api) in 3.8008ms
2024-11-26 11:36:23.087 +01:00 [INF] Executed endpoint 'systemOut.Controllers.CommentAPIController.GetComments (api)'
2024-11-26 11:36:23.087 +01:00 [INF] Executing OkObjectResult, writing value of type 'System.Linq.Enumerable+SelectListIterator`2[[systemOut.Models.Comment, api, Version=1.0.0.0, Culture=neutral, PublicKeyToken=null],[systemOut.DTOs.CommentDto, api, Version=1.0.0.0, Culture=neutral, PublicKeyToken=null]]'.
2024-11-26 11:36:23.087 +01:00 [INF] Request finished HTTP/2 GET https://localhost:7285/api/commentapi/getcomments - 200 736 application/json; charset=utf-8 5.0655ms
2024-11-26 11:36:23.087 +01:00 [INF] Executed action systemOut.Controllers.CommentAPIController.GetComments (api) in 3.9055ms
2024-11-26 11:36:23.087 +01:00 [INF] Executed endpoint 'systemOut.Controllers.CommentAPIController.GetComments (api)'
2024-11-26 11:36:23.087 +01:00 [INF] Request finished HTTP/2 GET https://localhost:7285/api/commentapi/getcomments - 200 736 application/json; charset=utf-8 5.4254ms
2024-11-26 11:36:23.091 +01:00 [INF] Request starting HTTP/2 GET https://localhost:7285/api/userapi/10 - null null
2024-11-26 11:36:23.091 +01:00 [INF] CORS policy execution successful.
2024-11-26 11:36:23.091 +01:00 [INF] Request starting HTTP/2 GET https://localhost:7285/api/userapi/10 - null null
2024-11-26 11:36:23.091 +01:00 [INF] Executing endpoint 'systemOut.Controllers.UserAPIController.GetUser (api)'
2024-11-26 11:36:23.092 +01:00 [INF] CORS policy execution successful.
2024-11-26 11:36:23.092 +01:00 [INF] Route matched with {action = "GetUser", controller = "UserAPI"}. Executing controller action with signature System.Threading.Tasks.Task`1[Microsoft.AspNetCore.Mvc.IActionResult] GetUser(Int32) on controller systemOut.Controllers.UserAPIController (api).
2024-11-26 11:36:23.092 +01:00 [INF] Executing endpoint 'systemOut.Controllers.UserAPIController.GetUser (api)'
2024-11-26 11:36:23.092 +01:00 [INF] Route matched with {action = "GetUser", controller = "UserAPI"}. Executing controller action with signature System.Threading.Tasks.Task`1[Microsoft.AspNetCore.Mvc.IActionResult] GetUser(Int32) on controller systemOut.Controllers.UserAPIController (api).
2024-11-26 11:36:23.095 +01:00 [INF] Executing OkObjectResult, writing value of type 'Castle.Proxies.UserProxy'.
2024-11-26 11:36:23.095 +01:00 [INF] Executing OkObjectResult, writing value of type 'Castle.Proxies.UserProxy'.
2024-11-26 11:36:23.100 +01:00 [INF] Request starting HTTP/2 GET https://localhost:7285/api/userapi/10 - null null
2024-11-26 11:36:23.100 +01:00 [INF] Request starting HTTP/2 GET https://localhost:7285/api/userapi/10 - null null
2024-11-26 11:36:23.100 +01:00 [INF] CORS policy execution successful.
2024-11-26 11:36:23.100 +01:00 [INF] Executing endpoint 'systemOut.Controllers.UserAPIController.GetUser (api)'
2024-11-26 11:36:23.100 +01:00 [INF] CORS policy execution successful.
2024-11-26 11:36:23.100 +01:00 [INF] Route matched with {action = "GetUser", controller = "UserAPI"}. Executing controller action with signature System.Threading.Tasks.Task`1[Microsoft.AspNetCore.Mvc.IActionResult] GetUser(Int32) on controller systemOut.Controllers.UserAPIController (api).
2024-11-26 11:36:23.100 +01:00 [INF] Executing endpoint 'systemOut.Controllers.UserAPIController.GetUser (api)'
2024-11-26 11:36:23.101 +01:00 [INF] Route matched with {action = "GetUser", controller = "UserAPI"}. Executing controller action with signature System.Threading.Tasks.Task`1[Microsoft.AspNetCore.Mvc.IActionResult] GetUser(Int32) on controller systemOut.Controllers.UserAPIController (api).
2024-11-26 11:36:23.104 +01:00 [INF] Executing OkObjectResult, writing value of type 'Castle.Proxies.UserProxy'.
2024-11-26 11:36:23.107 +01:00 [INF] Executing OkObjectResult, writing value of type 'Castle.Proxies.UserProxy'.
2024-11-26 11:36:23.185 +01:00 [INF] Executed action systemOut.Controllers.UserAPIController.GetUser (api) in 93.568ms
2024-11-26 11:36:23.186 +01:00 [INF] Executed endpoint 'systemOut.Controllers.UserAPIController.GetUser (api)'
2024-11-26 11:36:23.187 +01:00 [INF] Request finished HTTP/2 GET https://localhost:7285/api/userapi/10 - 200 45730 application/json; charset=utf-8 95.7328ms
2024-11-26 11:36:23.193 +01:00 [INF] Executed action systemOut.Controllers.UserAPIController.GetUser (api) in 100.8337ms
2024-11-26 11:36:23.193 +01:00 [INF] Executed endpoint 'systemOut.Controllers.UserAPIController.GetUser (api)'
2024-11-26 11:36:23.193 +01:00 [INF] Request finished HTTP/2 GET https://localhost:7285/api/userapi/10 - 200 45730 application/json; charset=utf-8 101.4259ms
2024-11-26 11:36:23.195 +01:00 [INF] Executed action systemOut.Controllers.UserAPIController.GetUser (api) in 94.1058ms
2024-11-26 11:36:23.195 +01:00 [INF] Executed endpoint 'systemOut.Controllers.UserAPIController.GetUser (api)'
2024-11-26 11:36:23.195 +01:00 [INF] Request finished HTTP/2 GET https://localhost:7285/api/userapi/10 - 200 45730 application/json; charset=utf-8 95.3884ms
2024-11-26 11:36:23.218 +01:00 [INF] Executed action systemOut.Controllers.UserAPIController.GetUser (api) in 117.0346ms
2024-11-26 11:36:23.218 +01:00 [INF] Executed endpoint 'systemOut.Controllers.UserAPIController.GetUser (api)'
2024-11-26 11:36:23.218 +01:00 [INF] Request finished HTTP/2 GET https://localhost:7285/api/userapi/10 - 200 45730 application/json; charset=utf-8 118.3225ms
2024-11-26 11:36:24.962 +01:00 [INF] Request starting HTTP/2 GET https://localhost:7285/api/imageapi/2 - null null
2024-11-26 11:36:24.963 +01:00 [INF] CORS policy execution successful.
2024-11-26 11:36:24.963 +01:00 [INF] Request starting HTTP/2 GET https://localhost:7285/api/imageapi/2 - null null
2024-11-26 11:36:24.963 +01:00 [INF] Executing endpoint 'systemOut.Controllers.ImageAPIController.GetImage (api)'
2024-11-26 11:36:24.963 +01:00 [INF] CORS policy execution successful.
2024-11-26 11:36:24.963 +01:00 [INF] Route matched with {action = "GetImage", controller = "ImageAPI"}. Executing controller action with signature System.Threading.Tasks.Task`1[Microsoft.AspNetCore.Mvc.IActionResult] GetImage(Int32) on controller systemOut.Controllers.ImageAPIController (api).
2024-11-26 11:36:24.963 +01:00 [INF] Executing endpoint 'systemOut.Controllers.ImageAPIController.GetImage (api)'
2024-11-26 11:36:24.963 +01:00 [INF] Route matched with {action = "GetImage", controller = "ImageAPI"}. Executing controller action with signature System.Threading.Tasks.Task`1[Microsoft.AspNetCore.Mvc.IActionResult] GetImage(Int32) on controller systemOut.Controllers.ImageAPIController (api).
2024-11-26 11:36:24.966 +01:00 [INF] Executing OkObjectResult, writing value of type 'Castle.Proxies.ImageProxy'.
2024-11-26 11:36:24.967 +01:00 [INF] Executing OkObjectResult, writing value of type 'Castle.Proxies.ImageProxy'.
2024-11-26 11:36:25.021 +01:00 [INF] Executed action systemOut.Controllers.ImageAPIController.GetImage (api) in 58.2492ms
2024-11-26 11:36:25.021 +01:00 [INF] Executed endpoint 'systemOut.Controllers.ImageAPIController.GetImage (api)'
2024-11-26 11:36:25.021 +01:00 [INF] Executed action systemOut.Controllers.ImageAPIController.GetImage (api) in 58.3703ms
2024-11-26 11:36:25.021 +01:00 [INF] Executed endpoint 'systemOut.Controllers.ImageAPIController.GetImage (api)'
2024-11-26 11:36:25.021 +01:00 [INF] Request finished HTTP/2 GET https://localhost:7285/api/imageapi/2 - 200 62312 application/json; charset=utf-8 59.2111ms
2024-11-26 11:36:25.021 +01:00 [INF] Request finished HTTP/2 GET https://localhost:7285/api/imageapi/2 - 200 62312 application/json; charset=utf-8 58.9177ms
2024-11-26 11:36:25.034 +01:00 [INF] Request starting HTTP/2 GET https://localhost:7285/api/imageapi/get-all-image-urls - null null
2024-11-26 11:36:25.034 +01:00 [INF] Request starting HTTP/2 GET https://localhost:7285/api/userapi/userlist - null null
2024-11-26 11:36:25.034 +01:00 [INF] CORS policy execution successful.
2024-11-26 11:36:25.034 +01:00 [INF] CORS policy execution successful.
2024-11-26 11:36:25.034 +01:00 [INF] Executing endpoint 'systemOut.Controllers.ImageAPIController.GetAllImageUrls (api)'
2024-11-26 11:36:25.034 +01:00 [INF] Executing endpoint 'systemOut.Controllers.UserAPIController.UserList (api)'
2024-11-26 11:36:25.034 +01:00 [INF] Route matched with {action = "GetAllImageUrls", controller = "ImageAPI"}. Executing controller action with signature Microsoft.AspNetCore.Mvc.IActionResult GetAllImageUrls() on controller systemOut.Controllers.ImageAPIController (api).
2024-11-26 11:36:25.034 +01:00 [INF] Route matched with {action = "UserList", controller = "UserAPI"}. Executing controller action with signature System.Threading.Tasks.Task`1[Microsoft.AspNetCore.Mvc.IActionResult] UserList() on controller systemOut.Controllers.UserAPIController (api).
2024-11-26 11:36:25.035 +01:00 [INF] Request starting HTTP/2 GET https://localhost:7285/api/imageapi/get-all-image-urls - null null
2024-11-26 11:36:25.035 +01:00 [INF] CORS policy execution successful.
2024-11-26 11:36:25.035 +01:00 [INF] Executing endpoint 'systemOut.Controllers.ImageAPIController.GetAllImageUrls (api)'
2024-11-26 11:36:25.035 +01:00 [INF] Request starting HTTP/2 GET https://localhost:7285/api/userapi/userlist - null null
2024-11-26 11:36:25.035 +01:00 [INF] Route matched with {action = "GetAllImageUrls", controller = "ImageAPI"}. Executing controller action with signature Microsoft.AspNetCore.Mvc.IActionResult GetAllImageUrls() on controller systemOut.Controllers.ImageAPIController (api).
2024-11-26 11:36:25.035 +01:00 [INF] CORS policy execution successful.
2024-11-26 11:36:25.035 +01:00 [INF] Executing endpoint 'systemOut.Controllers.UserAPIController.UserList (api)'
2024-11-26 11:36:25.035 +01:00 [INF] Route matched with {action = "UserList", controller = "UserAPI"}. Executing controller action with signature System.Threading.Tasks.Task`1[Microsoft.AspNetCore.Mvc.IActionResult] UserList() on controller systemOut.Controllers.UserAPIController (api).
2024-11-26 11:36:25.037 +01:00 [INF] Executing OkObjectResult, writing value of type 'System.Linq.Enumerable+SelectListIterator`2[[systemOut.Models.User, api, Version=1.0.0.0, Culture=neutral, PublicKeyToken=null],[systemOut.DTOs.UserDto, api, Version=1.0.0.0, Culture=neutral, PublicKeyToken=null]]'.
2024-11-26 11:36:25.037 +01:00 [INF] Executed action systemOut.Controllers.UserAPIController.UserList (api) in 3.2386ms
2024-11-26 11:36:25.038 +01:00 [INF] Executing OkObjectResult, writing value of type 'System.Collections.Generic.List`1[[System.String, System.Private.CoreLib, Version=8.0.0.0, Culture=neutral, PublicKeyToken=7cec85d7bea7798e]]'.
2024-11-26 11:36:25.038 +01:00 [INF] Executed endpoint 'systemOut.Controllers.UserAPIController.UserList (api)'
2024-11-26 11:36:25.038 +01:00 [INF] Executing OkObjectResult, writing value of type 'System.Collections.Generic.List`1[[System.String, System.Private.CoreLib, Version=8.0.0.0, Culture=neutral, PublicKeyToken=7cec85d7bea7798e]]'.
2024-11-26 11:36:25.038 +01:00 [INF] Request finished HTTP/2 GET https://localhost:7285/api/userapi/userlist - 200 220 application/json; charset=utf-8 4.3519ms
2024-11-26 11:36:25.038 +01:00 [INF] Executed action systemOut.Controllers.ImageAPIController.GetAllImageUrls (api) in 2.8272ms
2024-11-26 11:36:25.038 +01:00 [INF] Executed action systemOut.Controllers.ImageAPIController.GetAllImageUrls (api) in 3.8806ms
2024-11-26 11:36:25.038 +01:00 [INF] Executed endpoint 'systemOut.Controllers.ImageAPIController.GetAllImageUrls (api)'
2024-11-26 11:36:25.038 +01:00 [INF] Executed endpoint 'systemOut.Controllers.ImageAPIController.GetAllImageUrls (api)'
2024-11-26 11:36:25.038 +01:00 [INF] Executing OkObjectResult, writing value of type 'System.Linq.Enumerable+SelectListIterator`2[[systemOut.Models.User, api, Version=1.0.0.0, Culture=neutral, PublicKeyToken=null],[systemOut.DTOs.UserDto, api, Version=1.0.0.0, Culture=neutral, PublicKeyToken=null]]'.
2024-11-26 11:36:25.038 +01:00 [INF] Request finished HTTP/2 GET https://localhost:7285/api/imageapi/get-all-image-urls - 200 715 application/json; charset=utf-8 3.7863ms
2024-11-26 11:36:25.038 +01:00 [INF] Request finished HTTP/2 GET https://localhost:7285/api/imageapi/get-all-image-urls - 200 715 application/json; charset=utf-8 4.3706ms
2024-11-26 11:36:25.038 +01:00 [INF] Executed action systemOut.Controllers.UserAPIController.UserList (api) in 2.827ms
2024-11-26 11:36:25.038 +01:00 [INF] Executed endpoint 'systemOut.Controllers.UserAPIController.UserList (api)'
2024-11-26 11:36:25.038 +01:00 [INF] Request finished HTTP/2 GET https://localhost:7285/api/userapi/userlist - 200 220 application/json; charset=utf-8 3.3958ms
2024-11-26 11:36:29.245 +01:00 [INF] Request starting HTTP/2 OPTIONS https://localhost:7285/api/imageapi/update/2 - null null
2024-11-26 11:36:29.245 +01:00 [INF] CORS policy execution successful.
2024-11-26 11:36:29.245 +01:00 [INF] Request finished HTTP/2 OPTIONS https://localhost:7285/api/imageapi/update/2 - 204 null null 0.2027ms
2024-11-26 11:36:29.246 +01:00 [INF] Request starting HTTP/2 PUT https://localhost:7285/api/imageapi/update/2 - application/json 115
2024-11-26 11:36:29.246 +01:00 [INF] CORS policy execution successful.
2024-11-26 11:36:29.246 +01:00 [INF] Executing endpoint 'systemOut.Controllers.ImageAPIController.Update (api)'
2024-11-26 11:36:29.246 +01:00 [INF] Route matched with {action = "Update", controller = "ImageAPI"}. Executing controller action with signature System.Threading.Tasks.Task`1[Microsoft.AspNetCore.Mvc.IActionResult] Update(Int32, systemOut.DTOs.ImageDto) on controller systemOut.Controllers.ImageAPIController (api).
2024-11-26 11:36:29.251 +01:00 [INF] Executing OkObjectResult, writing value of type 'Castle.Proxies.ImageProxy'.
2024-11-26 11:36:29.283 +01:00 [INF] Executed action systemOut.Controllers.ImageAPIController.Update (api) in 36.8131ms
2024-11-26 11:36:29.283 +01:00 [INF] Executed endpoint 'systemOut.Controllers.ImageAPIController.Update (api)'
2024-11-26 11:36:29.283 +01:00 [INF] Request finished HTTP/2 PUT https://localhost:7285/api/imageapi/update/2 - 200 62308 application/json; charset=utf-8 37.227ms
2024-11-26 11:36:29.293 +01:00 [INF] Request starting HTTP/2 GET https://localhost:7285/api/imageapi/getimages - null null
2024-11-26 11:36:29.293 +01:00 [INF] CORS policy execution successful.
2024-11-26 11:36:29.293 +01:00 [INF] Executing endpoint 'systemOut.Controllers.ImageAPIController.GetImages (api)'
2024-11-26 11:36:29.294 +01:00 [INF] Request starting HTTP/2 GET https://localhost:7285/api/imageapi/getimages - null null
2024-11-26 11:36:29.294 +01:00 [INF] Route matched with {action = "GetImages", controller = "ImageAPI"}. Executing controller action with signature System.Threading.Tasks.Task`1[Microsoft.AspNetCore.Mvc.IActionResult] GetImages() on controller systemOut.Controllers.ImageAPIController (api).
2024-11-26 11:36:29.294 +01:00 [INF] CORS policy execution successful.
2024-11-26 11:36:29.294 +01:00 [INF] Executing endpoint 'systemOut.Controllers.ImageAPIController.GetImages (api)'
2024-11-26 11:36:29.294 +01:00 [INF] Route matched with {action = "GetImages", controller = "ImageAPI"}. Executing controller action with signature System.Threading.Tasks.Task`1[Microsoft.AspNetCore.Mvc.IActionResult] GetImages() on controller systemOut.Controllers.ImageAPIController (api).
2024-11-26 11:36:29.296 +01:00 [INF] Executing OkObjectResult, writing value of type 'System.Linq.Enumerable+SelectListIterator`2[[systemOut.Models.Image, api, Version=1.0.0.0, Culture=neutral, PublicKeyToken=null],[systemOut.DTOs.ImageDto, api, Version=1.0.0.0, Culture=neutral, PublicKeyToken=null]]'.
2024-11-26 11:36:29.296 +01:00 [INF] Executed action systemOut.Controllers.ImageAPIController.GetImages (api) in 2.7741ms
2024-11-26 11:36:29.297 +01:00 [INF] Executed endpoint 'systemOut.Controllers.ImageAPIController.GetImages (api)'
2024-11-26 11:36:29.297 +01:00 [INF] Request finished HTTP/2 GET https://localhost:7285/api/imageapi/getimages - 200 379 application/json; charset=utf-8 4.0892ms
2024-11-26 11:36:29.297 +01:00 [INF] Executing OkObjectResult, writing value of type 'System.Linq.Enumerable+SelectListIterator`2[[systemOut.Models.Image, api, Version=1.0.0.0, Culture=neutral, PublicKeyToken=null],[systemOut.DTOs.ImageDto, api, Version=1.0.0.0, Culture=neutral, PublicKeyToken=null]]'.
2024-11-26 11:36:29.297 +01:00 [INF] Executed action systemOut.Controllers.ImageAPIController.GetImages (api) in 3.2717ms
2024-11-26 11:36:29.297 +01:00 [INF] Executed endpoint 'systemOut.Controllers.ImageAPIController.GetImages (api)'
2024-11-26 11:36:29.297 +01:00 [INF] Request finished HTTP/2 GET https://localhost:7285/api/imageapi/getimages - 200 379 application/json; charset=utf-8 3.7543ms
2024-11-26 11:36:29.304 +01:00 [INF] Request starting HTTP/2 GET https://localhost:7285/images/images/user1/flower.jpg - null null
2024-11-26 11:36:29.305 +01:00 [INF] Request finished HTTP/2 GET https://localhost:7285/images/images/user1/flower.jpg - 404 0 null 0.4702ms
2024-11-26 11:36:29.305 +01:00 [INF] Request reached the end of the middleware pipeline without being handled by application code. Request path: GET https://localhost:7285/images/images/user1/flower.jpg, Response status code: 404
2024-11-26 11:42:02.361 +01:00 [INF] Request starting HTTP/2 GET https://localhost:7285/api/imageapi/2 - null null
2024-11-26 11:42:02.361 +01:00 [INF] Request starting HTTP/2 GET https://localhost:7285/api/imageapi/2 - null null
2024-11-26 11:42:02.361 +01:00 [INF] CORS policy execution successful.
2024-11-26 11:42:02.361 +01:00 [INF] CORS policy execution successful.
2024-11-26 11:42:02.361 +01:00 [INF] Executing endpoint 'systemOut.Controllers.ImageAPIController.GetImage (api)'
2024-11-26 11:42:02.361 +01:00 [INF] Route matched with {action = "GetImage", controller = "ImageAPI"}. Executing controller action with signature System.Threading.Tasks.Task`1[Microsoft.AspNetCore.Mvc.IActionResult] GetImage(Int32) on controller systemOut.Controllers.ImageAPIController (api).
2024-11-26 11:42:02.362 +01:00 [INF] Executing endpoint 'systemOut.Controllers.ImageAPIController.GetImage (api)'
2024-11-26 11:42:02.363 +01:00 [INF] Route matched with {action = "GetImage", controller = "ImageAPI"}. Executing controller action with signature System.Threading.Tasks.Task`1[Microsoft.AspNetCore.Mvc.IActionResult] GetImage(Int32) on controller systemOut.Controllers.ImageAPIController (api).
2024-11-26 11:42:02.370 +01:00 [INF] Executing OkObjectResult, writing value of type 'Castle.Proxies.ImageProxy'.
2024-11-26 11:42:02.402 +01:00 [INF] Executed action systemOut.Controllers.ImageAPIController.GetImage (api) in 38.9717ms
2024-11-26 11:42:02.402 +01:00 [INF] Executed endpoint 'systemOut.Controllers.ImageAPIController.GetImage (api)'
2024-11-26 11:42:02.402 +01:00 [INF] Request finished HTTP/2 GET https://localhost:7285/api/imageapi/2 - 200 62308 application/json; charset=utf-8 41.3935ms
2024-11-26 11:42:02.410 +01:00 [INF] Request starting HTTP/2 GET https://localhost:7285/api/commentapi/getcomments - null null
2024-11-26 11:42:02.411 +01:00 [INF] CORS policy execution successful.
2024-11-26 11:42:02.411 +01:00 [INF] Request starting HTTP/2 GET https://localhost:7285/api/commentapi/getcomments - null null
2024-11-26 11:42:02.411 +01:00 [INF] Executing endpoint 'systemOut.Controllers.CommentAPIController.GetComments (api)'
2024-11-26 11:42:02.411 +01:00 [INF] CORS policy execution successful.
2024-11-26 11:42:02.411 +01:00 [INF] Route matched with {action = "GetComments", controller = "CommentAPI"}. Executing controller action with signature System.Threading.Tasks.Task`1[Microsoft.AspNetCore.Mvc.IActionResult] GetComments() on controller systemOut.Controllers.CommentAPIController (api).
2024-11-26 11:42:02.411 +01:00 [INF] Executing endpoint 'systemOut.Controllers.CommentAPIController.GetComments (api)'
2024-11-26 11:42:02.411 +01:00 [INF] Route matched with {action = "GetComments", controller = "CommentAPI"}. Executing controller action with signature System.Threading.Tasks.Task`1[Microsoft.AspNetCore.Mvc.IActionResult] GetComments() on controller systemOut.Controllers.CommentAPIController (api).
2024-11-26 11:42:02.411 +01:00 [INF] Request starting HTTP/2 GET https://localhost:7285/images/images/user1/flower.jpg - null null
2024-11-26 11:42:02.411 +01:00 [INF] Request finished HTTP/2 GET https://localhost:7285/images/images/user1/flower.jpg - 404 0 null 0.3045ms
2024-11-26 11:42:02.412 +01:00 [INF] Request reached the end of the middleware pipeline without being handled by application code. Request path: GET https://localhost:7285/images/images/user1/flower.jpg, Response status code: 404
2024-11-26 11:42:02.413 +01:00 [INF] Executing OkObjectResult, writing value of type 'System.Linq.Enumerable+SelectListIterator`2[[systemOut.Models.Comment, api, Version=1.0.0.0, Culture=neutral, PublicKeyToken=null],[systemOut.DTOs.CommentDto, api, Version=1.0.0.0, Culture=neutral, PublicKeyToken=null]]'.
2024-11-26 11:42:02.413 +01:00 [INF] Executed action systemOut.Controllers.CommentAPIController.GetComments (api) in 2.6163ms
2024-11-26 11:42:02.414 +01:00 [INF] Executed endpoint 'systemOut.Controllers.CommentAPIController.GetComments (api)'
2024-11-26 11:42:02.415 +01:00 [INF] Request finished HTTP/2 GET https://localhost:7285/api/commentapi/getcomments - 200 736 application/json; charset=utf-8 4.6739ms
2024-11-26 11:42:02.417 +01:00 [INF] Executing OkObjectResult, writing value of type 'System.Linq.Enumerable+SelectListIterator`2[[systemOut.Models.Comment, api, Version=1.0.0.0, Culture=neutral, PublicKeyToken=null],[systemOut.DTOs.CommentDto, api, Version=1.0.0.0, Culture=neutral, PublicKeyToken=null]]'.
2024-11-26 11:42:02.418 +01:00 [INF] Executed action systemOut.Controllers.CommentAPIController.GetComments (api) in 6.6789ms
2024-11-26 11:42:02.418 +01:00 [INF] Executed endpoint 'systemOut.Controllers.CommentAPIController.GetComments (api)'
2024-11-26 11:42:02.418 +01:00 [INF] Request finished HTTP/2 GET https://localhost:7285/api/commentapi/getcomments - 200 736 application/json; charset=utf-8 7.01ms
2024-11-26 11:42:02.419 +01:00 [INF] Request starting HTTP/2 GET https://localhost:7285/api/userapi/10 - null null
2024-11-26 11:42:02.419 +01:00 [INF] Request starting HTTP/2 GET https://localhost:7285/api/userapi/10 - null null
2024-11-26 11:42:02.419 +01:00 [INF] CORS policy execution successful.
2024-11-26 11:42:02.419 +01:00 [INF] CORS policy execution successful.
2024-11-26 11:42:02.419 +01:00 [INF] Executing endpoint 'systemOut.Controllers.UserAPIController.GetUser (api)'
2024-11-26 11:42:02.419 +01:00 [INF] Executing endpoint 'systemOut.Controllers.UserAPIController.GetUser (api)'
2024-11-26 11:42:02.419 +01:00 [INF] Route matched with {action = "GetUser", controller = "UserAPI"}. Executing controller action with signature System.Threading.Tasks.Task`1[Microsoft.AspNetCore.Mvc.IActionResult] GetUser(Int32) on controller systemOut.Controllers.UserAPIController (api).
2024-11-26 11:42:02.419 +01:00 [INF] Route matched with {action = "GetUser", controller = "UserAPI"}. Executing controller action with signature System.Threading.Tasks.Task`1[Microsoft.AspNetCore.Mvc.IActionResult] GetUser(Int32) on controller systemOut.Controllers.UserAPIController (api).
2024-11-26 11:42:02.422 +01:00 [INF] Executing OkObjectResult, writing value of type 'Castle.Proxies.UserProxy'.
2024-11-26 11:42:02.422 +01:00 [INF] Executing OkObjectResult, writing value of type 'Castle.Proxies.UserProxy'.
2024-11-26 11:42:02.428 +01:00 [INF] Request starting HTTP/2 GET https://localhost:7285/api/userapi/10 - null null
2024-11-26 11:42:02.429 +01:00 [INF] CORS policy execution successful.
2024-11-26 11:42:02.429 +01:00 [INF] Executing endpoint 'systemOut.Controllers.UserAPIController.GetUser (api)'
2024-11-26 11:42:02.429 +01:00 [INF] Route matched with {action = "GetUser", controller = "UserAPI"}. Executing controller action with signature System.Threading.Tasks.Task`1[Microsoft.AspNetCore.Mvc.IActionResult] GetUser(Int32) on controller systemOut.Controllers.UserAPIController (api).
2024-11-26 11:42:02.431 +01:00 [INF] Request starting HTTP/2 GET https://localhost:7285/api/userapi/10 - null null
2024-11-26 11:42:02.432 +01:00 [INF] CORS policy execution successful.
2024-11-26 11:42:02.432 +01:00 [INF] Executing endpoint 'systemOut.Controllers.UserAPIController.GetUser (api)'
2024-11-26 11:42:02.432 +01:00 [INF] Route matched with {action = "GetUser", controller = "UserAPI"}. Executing controller action with signature System.Threading.Tasks.Task`1[Microsoft.AspNetCore.Mvc.IActionResult] GetUser(Int32) on controller systemOut.Controllers.UserAPIController (api).
2024-11-26 11:42:02.434 +01:00 [INF] Executing OkObjectResult, writing value of type 'Castle.Proxies.UserProxy'.
2024-11-26 11:42:02.437 +01:00 [INF] Executing OkObjectResult, writing value of type 'Castle.Proxies.UserProxy'.
2024-11-26 11:42:02.539 +01:00 [INF] Executing OkObjectResult, writing value of type 'Castle.Proxies.ImageProxy'.
2024-11-26 11:42:02.540 +01:00 [INF] Executed action systemOut.Controllers.UserAPIController.GetUser (api) in 120.6581ms
2024-11-26 11:42:02.540 +01:00 [INF] Executed endpoint 'systemOut.Controllers.UserAPIController.GetUser (api)'
2024-11-26 11:42:02.541 +01:00 [INF] Request finished HTTP/2 GET https://localhost:7285/api/userapi/10 - 200 45682 application/json; charset=utf-8 122.1855ms
2024-11-26 11:42:02.554 +01:00 [INF] Executed action systemOut.Controllers.UserAPIController.GetUser (api) in 124.6578ms
2024-11-26 11:42:02.554 +01:00 [INF] Executed endpoint 'systemOut.Controllers.UserAPIController.GetUser (api)'
2024-11-26 11:42:02.554 +01:00 [INF] Request finished HTTP/2 GET https://localhost:7285/api/userapi/10 - 200 45682 application/json; charset=utf-8 125.9433ms
2024-11-26 11:42:02.567 +01:00 [INF] Executed action systemOut.Controllers.UserAPIController.GetUser (api) in 135.3794ms
2024-11-26 11:42:02.567 +01:00 [INF] Executed endpoint 'systemOut.Controllers.UserAPIController.GetUser (api)'
2024-11-26 11:42:02.568 +01:00 [INF] Request finished HTTP/2 GET https://localhost:7285/api/userapi/10 - 200 45682 application/json; charset=utf-8 137.2628ms
2024-11-26 11:42:02.575 +01:00 [INF] Executed action systemOut.Controllers.UserAPIController.GetUser (api) in 156.1079ms
2024-11-26 11:42:02.575 +01:00 [INF] Executed endpoint 'systemOut.Controllers.UserAPIController.GetUser (api)'
2024-11-26 11:42:02.575 +01:00 [INF] Request finished HTTP/2 GET https://localhost:7285/api/userapi/10 - 200 45682 application/json; charset=utf-8 156.9301ms
2024-11-26 11:42:02.591 +01:00 [INF] Executed action systemOut.Controllers.ImageAPIController.GetImage (api) in 229.1091ms
2024-11-26 11:42:02.591 +01:00 [INF] Executed endpoint 'systemOut.Controllers.ImageAPIController.GetImage (api)'
2024-11-26 11:42:02.592 +01:00 [INF] Request finished HTTP/2 GET https://localhost:7285/api/imageapi/2 - 200 62308 application/json; charset=utf-8 230.9582ms
2024-11-26 11:42:03.701 +01:00 [INF] Request starting HTTP/2 GET https://localhost:7285/api/userapi/userlist - null null
2024-11-26 11:42:03.701 +01:00 [INF] CORS policy execution successful.
2024-11-26 11:42:03.701 +01:00 [INF] Executing endpoint 'systemOut.Controllers.UserAPIController.UserList (api)'
2024-11-26 11:42:03.701 +01:00 [INF] Route matched with {action = "UserList", controller = "UserAPI"}. Executing controller action with signature System.Threading.Tasks.Task`1[Microsoft.AspNetCore.Mvc.IActionResult] UserList() on controller systemOut.Controllers.UserAPIController (api).
2024-11-26 11:42:03.702 +01:00 [INF] Request starting HTTP/2 GET https://localhost:7285/api/userapi/userlist - null null
2024-11-26 11:42:03.702 +01:00 [INF] CORS policy execution successful.
2024-11-26 11:42:03.702 +01:00 [INF] Executing endpoint 'systemOut.Controllers.UserAPIController.UserList (api)'
2024-11-26 11:42:03.702 +01:00 [INF] Route matched with {action = "UserList", controller = "UserAPI"}. Executing controller action with signature System.Threading.Tasks.Task`1[Microsoft.AspNetCore.Mvc.IActionResult] UserList() on controller systemOut.Controllers.UserAPIController (api).
2024-11-26 11:42:03.704 +01:00 [INF] Executing OkObjectResult, writing value of type 'System.Linq.Enumerable+SelectListIterator`2[[systemOut.Models.User, api, Version=1.0.0.0, Culture=neutral, PublicKeyToken=null],[systemOut.DTOs.UserDto, api, Version=1.0.0.0, Culture=neutral, PublicKeyToken=null]]'.
2024-11-26 11:42:03.704 +01:00 [INF] Executed action systemOut.Controllers.UserAPIController.UserList (api) in 2.9671ms
2024-11-26 11:42:03.704 +01:00 [INF] Executed endpoint 'systemOut.Controllers.UserAPIController.UserList (api)'
2024-11-26 11:42:03.705 +01:00 [INF] Request finished HTTP/2 GET https://localhost:7285/api/userapi/userlist - 200 220 application/json; charset=utf-8 3.9898ms
2024-11-26 11:42:03.705 +01:00 [INF] Executing OkObjectResult, writing value of type 'System.Linq.Enumerable+SelectListIterator`2[[systemOut.Models.User, api, Version=1.0.0.0, Culture=neutral, PublicKeyToken=null],[systemOut.DTOs.UserDto, api, Version=1.0.0.0, Culture=neutral, PublicKeyToken=null]]'.
2024-11-26 11:42:03.705 +01:00 [INF] Executed action systemOut.Controllers.UserAPIController.UserList (api) in 2.8477ms
2024-11-26 11:42:03.705 +01:00 [INF] Executed endpoint 'systemOut.Controllers.UserAPIController.UserList (api)'
2024-11-26 11:42:03.705 +01:00 [INF] Request finished HTTP/2 GET https://localhost:7285/api/userapi/userlist - 200 220 application/json; charset=utf-8 3.3337ms
2024-11-26 11:42:05.858 +01:00 [INF] Request starting HTTP/2 GET https://localhost:7285/api/imageapi/2 - null null
2024-11-26 11:42:05.858 +01:00 [INF] Request starting HTTP/2 GET https://localhost:7285/api/imageapi/2 - null null
2024-11-26 11:42:05.859 +01:00 [INF] CORS policy execution successful.
2024-11-26 11:42:05.859 +01:00 [INF] CORS policy execution successful.
2024-11-26 11:42:05.859 +01:00 [INF] Executing endpoint 'systemOut.Controllers.ImageAPIController.GetImage (api)'
2024-11-26 11:42:05.859 +01:00 [INF] Executing endpoint 'systemOut.Controllers.ImageAPIController.GetImage (api)'
2024-11-26 11:42:05.859 +01:00 [INF] Route matched with {action = "GetImage", controller = "ImageAPI"}. Executing controller action with signature System.Threading.Tasks.Task`1[Microsoft.AspNetCore.Mvc.IActionResult] GetImage(Int32) on controller systemOut.Controllers.ImageAPIController (api).
2024-11-26 11:42:05.859 +01:00 [INF] Route matched with {action = "GetImage", controller = "ImageAPI"}. Executing controller action with signature System.Threading.Tasks.Task`1[Microsoft.AspNetCore.Mvc.IActionResult] GetImage(Int32) on controller systemOut.Controllers.ImageAPIController (api).
2024-11-26 11:42:05.862 +01:00 [INF] Executing OkObjectResult, writing value of type 'Castle.Proxies.ImageProxy'.
2024-11-26 11:42:05.863 +01:00 [INF] Executing OkObjectResult, writing value of type 'Castle.Proxies.ImageProxy'.
2024-11-26 11:42:05.915 +01:00 [INF] Executed action systemOut.Controllers.ImageAPIController.GetImage (api) in 56.076ms
2024-11-26 11:42:05.915 +01:00 [INF] Executed endpoint 'systemOut.Controllers.ImageAPIController.GetImage (api)'
2024-11-26 11:42:05.915 +01:00 [INF] Executed action systemOut.Controllers.ImageAPIController.GetImage (api) in 56.2594ms
2024-11-26 11:42:05.915 +01:00 [INF] Request finished HTTP/2 GET https://localhost:7285/api/imageapi/2 - 200 62308 application/json; charset=utf-8 57.1494ms
2024-11-26 11:42:05.915 +01:00 [INF] Executed endpoint 'systemOut.Controllers.ImageAPIController.GetImage (api)'
2024-11-26 11:42:05.915 +01:00 [INF] Request finished HTTP/2 GET https://localhost:7285/api/imageapi/2 - 200 62308 application/json; charset=utf-8 56.844ms
2024-11-26 11:42:05.927 +01:00 [INF] Request starting HTTP/2 GET https://localhost:7285/api/imageapi/get-all-image-urls - null null
2024-11-26 11:42:05.927 +01:00 [INF] CORS policy execution successful.
2024-11-26 11:42:05.927 +01:00 [INF] Executing endpoint 'systemOut.Controllers.ImageAPIController.GetAllImageUrls (api)'
2024-11-26 11:42:05.927 +01:00 [INF] Request starting HTTP/2 GET https://localhost:7285/api/userapi/userlist - null null
2024-11-26 11:42:05.927 +01:00 [INF] Request starting HTTP/2 GET https://localhost:7285/api/imageapi/get-all-image-urls - null null
2024-11-26 11:42:05.927 +01:00 [INF] CORS policy execution successful.
2024-11-26 11:42:05.928 +01:00 [INF] Route matched with {action = "GetAllImageUrls", controller = "ImageAPI"}. Executing controller action with signature Microsoft.AspNetCore.Mvc.IActionResult GetAllImageUrls() on controller systemOut.Controllers.ImageAPIController (api).
2024-11-26 11:42:05.928 +01:00 [INF] CORS policy execution successful.
2024-11-26 11:42:05.928 +01:00 [INF] Request starting HTTP/2 GET https://localhost:7285/api/userapi/userlist - null null
2024-11-26 11:42:05.928 +01:00 [INF] Executing endpoint 'systemOut.Controllers.UserAPIController.UserList (api)'
2024-11-26 11:42:05.928 +01:00 [INF] Executing endpoint 'systemOut.Controllers.ImageAPIController.GetAllImageUrls (api)'
2024-11-26 11:42:05.928 +01:00 [INF] CORS policy execution successful.
2024-11-26 11:42:05.928 +01:00 [INF] Executing endpoint 'systemOut.Controllers.UserAPIController.UserList (api)'
2024-11-26 11:42:05.928 +01:00 [INF] Route matched with {action = "UserList", controller = "UserAPI"}. Executing controller action with signature System.Threading.Tasks.Task`1[Microsoft.AspNetCore.Mvc.IActionResult] UserList() on controller systemOut.Controllers.UserAPIController (api).
2024-11-26 11:42:05.928 +01:00 [INF] Route matched with {action = "GetAllImageUrls", controller = "ImageAPI"}. Executing controller action with signature Microsoft.AspNetCore.Mvc.IActionResult GetAllImageUrls() on controller systemOut.Controllers.ImageAPIController (api).
2024-11-26 11:42:05.928 +01:00 [INF] Route matched with {action = "UserList", controller = "UserAPI"}. Executing controller action with signature System.Threading.Tasks.Task`1[Microsoft.AspNetCore.Mvc.IActionResult] UserList() on controller systemOut.Controllers.UserAPIController (api).
2024-11-26 11:42:05.930 +01:00 [INF] Executing OkObjectResult, writing value of type 'System.Collections.Generic.List`1[[System.String, System.Private.CoreLib, Version=8.0.0.0, Culture=neutral, PublicKeyToken=7cec85d7bea7798e]]'.
2024-11-26 11:42:05.930 +01:00 [INF] Executing OkObjectResult, writing value of type 'System.Collections.Generic.List`1[[System.String, System.Private.CoreLib, Version=8.0.0.0, Culture=neutral, PublicKeyToken=7cec85d7bea7798e]]'.
2024-11-26 11:42:05.930 +01:00 [INF] Executing OkObjectResult, writing value of type 'System.Linq.Enumerable+SelectListIterator`2[[systemOut.Models.User, api, Version=1.0.0.0, Culture=neutral, PublicKeyToken=null],[systemOut.DTOs.UserDto, api, Version=1.0.0.0, Culture=neutral, PublicKeyToken=null]]'.
2024-11-26 11:42:05.930 +01:00 [INF] Executed action systemOut.Controllers.ImageAPIController.GetAllImageUrls (api) in 2.7292ms
2024-11-26 11:42:05.930 +01:00 [INF] Executed endpoint 'systemOut.Controllers.ImageAPIController.GetAllImageUrls (api)'
2024-11-26 11:42:05.930 +01:00 [INF] Executed action systemOut.Controllers.ImageAPIController.GetAllImageUrls (api) in 2.3112ms
2024-11-26 11:42:05.930 +01:00 [INF] Executed endpoint 'systemOut.Controllers.ImageAPIController.GetAllImageUrls (api)'
2024-11-26 11:42:05.930 +01:00 [INF] Request finished HTTP/2 GET https://localhost:7285/api/imageapi/get-all-image-urls - 200 715 application/json; charset=utf-8 3.6579ms
2024-11-26 11:42:05.931 +01:00 [INF] Request finished HTTP/2 GET https://localhost:7285/api/imageapi/get-all-image-urls - 200 715 application/json; charset=utf-8 3.1666ms
2024-11-26 11:42:05.931 +01:00 [INF] Executed action systemOut.Controllers.UserAPIController.UserList (api) in 2.8608ms
2024-11-26 11:42:05.931 +01:00 [INF] Executed endpoint 'systemOut.Controllers.UserAPIController.UserList (api)'
2024-11-26 11:42:05.931 +01:00 [INF] Request finished HTTP/2 GET https://localhost:7285/api/userapi/userlist - 200 220 application/json; charset=utf-8 3.5099ms
2024-11-26 11:42:05.931 +01:00 [INF] Executing OkObjectResult, writing value of type 'System.Linq.Enumerable+SelectListIterator`2[[systemOut.Models.User, api, Version=1.0.0.0, Culture=neutral, PublicKeyToken=null],[systemOut.DTOs.UserDto, api, Version=1.0.0.0, Culture=neutral, PublicKeyToken=null]]'.
2024-11-26 11:42:05.931 +01:00 [INF] Executed action systemOut.Controllers.UserAPIController.UserList (api) in 3.1122ms
2024-11-26 11:42:05.931 +01:00 [INF] Executed endpoint 'systemOut.Controllers.UserAPIController.UserList (api)'
2024-11-26 11:42:05.931 +01:00 [INF] Request finished HTTP/2 GET https://localhost:7285/api/userapi/userlist - 200 220 application/json; charset=utf-8 4.0834ms
2024-11-26 11:42:08.124 +01:00 [INF] Request starting HTTP/2 OPTIONS https://localhost:7285/api/imageapi/update/2 - null null
2024-11-26 11:42:08.124 +01:00 [INF] CORS policy execution successful.
2024-11-26 11:42:08.124 +01:00 [INF] Request finished HTTP/2 OPTIONS https://localhost:7285/api/imageapi/update/2 - 204 null null 0.4151ms
2024-11-26 11:42:08.126 +01:00 [INF] Request starting HTTP/2 PUT https://localhost:7285/api/imageapi/update/2 - application/json 114
2024-11-26 11:42:08.126 +01:00 [INF] CORS policy execution successful.
2024-11-26 11:42:08.126 +01:00 [INF] Executing endpoint 'systemOut.Controllers.ImageAPIController.Update (api)'
2024-11-26 11:42:08.126 +01:00 [INF] Route matched with {action = "Update", controller = "ImageAPI"}. Executing controller action with signature System.Threading.Tasks.Task`1[Microsoft.AspNetCore.Mvc.IActionResult] Update(Int32, systemOut.DTOs.ImageDto) on controller systemOut.Controllers.ImageAPIController (api).
2024-11-26 11:42:08.131 +01:00 [INF] Executing OkObjectResult, writing value of type 'Castle.Proxies.ImageProxy'.
2024-11-26 11:42:08.163 +01:00 [INF] Executed action systemOut.Controllers.ImageAPIController.Update (api) in 37.3252ms
2024-11-26 11:42:08.163 +01:00 [INF] Executed endpoint 'systemOut.Controllers.ImageAPIController.Update (api)'
2024-11-26 11:42:08.163 +01:00 [INF] Request finished HTTP/2 PUT https://localhost:7285/api/imageapi/update/2 - 200 62307 application/json; charset=utf-8 37.8273ms
2024-11-26 11:42:08.172 +01:00 [INF] Request starting HTTP/2 GET https://localhost:7285/api/imageapi/getimages - null null
2024-11-26 11:42:08.173 +01:00 [INF] Request starting HTTP/2 GET https://localhost:7285/api/imageapi/getimages - null null
2024-11-26 11:42:08.173 +01:00 [INF] CORS policy execution successful.
2024-11-26 11:42:08.173 +01:00 [INF] CORS policy execution successful.
2024-11-26 11:42:08.173 +01:00 [INF] Executing endpoint 'systemOut.Controllers.ImageAPIController.GetImages (api)'
2024-11-26 11:42:08.173 +01:00 [INF] Executing endpoint 'systemOut.Controllers.ImageAPIController.GetImages (api)'
2024-11-26 11:42:08.173 +01:00 [INF] Route matched with {action = "GetImages", controller = "ImageAPI"}. Executing controller action with signature System.Threading.Tasks.Task`1[Microsoft.AspNetCore.Mvc.IActionResult] GetImages() on controller systemOut.Controllers.ImageAPIController (api).
2024-11-26 11:42:08.173 +01:00 [INF] Route matched with {action = "GetImages", controller = "ImageAPI"}. Executing controller action with signature System.Threading.Tasks.Task`1[Microsoft.AspNetCore.Mvc.IActionResult] GetImages() on controller systemOut.Controllers.ImageAPIController (api).
2024-11-26 11:42:08.175 +01:00 [INF] Executing OkObjectResult, writing value of type 'System.Linq.Enumerable+SelectListIterator`2[[systemOut.Models.Image, api, Version=1.0.0.0, Culture=neutral, PublicKeyToken=null],[systemOut.DTOs.ImageDto, api, Version=1.0.0.0, Culture=neutral, PublicKeyToken=null]]'.
2024-11-26 11:42:08.176 +01:00 [INF] Executed action systemOut.Controllers.ImageAPIController.GetImages (api) in 2.8705ms
2024-11-26 11:42:08.176 +01:00 [INF] Executed endpoint 'systemOut.Controllers.ImageAPIController.GetImages (api)'
2024-11-26 11:42:08.176 +01:00 [INF] Request finished HTTP/2 GET https://localhost:7285/api/imageapi/getimages - 200 378 application/json; charset=utf-8 3.7048ms
2024-11-26 11:42:08.176 +01:00 [INF] Executing OkObjectResult, writing value of type 'System.Linq.Enumerable+SelectListIterator`2[[systemOut.Models.Image, api, Version=1.0.0.0, Culture=neutral, PublicKeyToken=null],[systemOut.DTOs.ImageDto, api, Version=1.0.0.0, Culture=neutral, PublicKeyToken=null]]'.
2024-11-26 11:42:08.176 +01:00 [INF] Executed action systemOut.Controllers.ImageAPIController.GetImages (api) in 3.0645ms
2024-11-26 11:42:08.176 +01:00 [INF] Executed endpoint 'systemOut.Controllers.ImageAPIController.GetImages (api)'
2024-11-26 11:42:08.176 +01:00 [INF] Request finished HTTP/2 GET https://localhost:7285/api/imageapi/getimages - 200 378 application/json; charset=utf-8 3.4914ms
2024-11-26 11:42:08.184 +01:00 [INF] Request starting HTTP/2 GET https://localhost:7285/images/images/index/note1.jpg - null null
2024-11-26 11:42:08.184 +01:00 [INF] Request finished HTTP/2 GET https://localhost:7285/images/images/index/note1.jpg - 404 0 null 0.2469ms
2024-11-26 11:42:08.184 +01:00 [INF] Request reached the end of the middleware pipeline without being handled by application code. Request path: GET https://localhost:7285/images/images/index/note1.jpg, Response status code: 404
