2024-11-12 10:18:47.207 +01:00 [WRN] The ASP.NET Core developer certificate is not trusted. For information about trusting the ASP.NET Core developer certificate, see https://aka.ms/aspnet/https-trust-dev-cert.
2024-11-12 10:18:47.249 +01:00 [INF] Now listening on: https://localhost:7285
2024-11-12 10:18:47.251 +01:00 [INF] Now listening on: http://localhost:5269
2024-11-12 10:18:47.256 +01:00 [INF] Application started. Press Ctrl+C to shut down.
2024-11-12 10:18:47.257 +01:00 [INF] Hosting environment: Development
2024-11-12 10:18:47.258 +01:00 [INF] Content root path: C:\Users\Per\Desktop\ReactBranch\ITPE3200-React\api
2024-11-12 10:18:48.628 +01:00 [INF] Request starting HTTP/2 GET https://localhost:7285/ - null null
2024-11-12 10:18:48.661 +01:00 [INF] Request finished HTTP/2 GET https://localhost:7285/ - 404 0 null 34.1243ms
2024-11-12 10:18:48.668 +01:00 [INF] Request reached the end of the middleware pipeline without being handled by application code. Request path: GET https://localhost:7285/, Response status code: 404
2024-11-12 10:19:18.414 +01:00 [INF] Request starting HTTP/2 GET https://localhost:7285/images/index/note5.jpg - null null
2024-11-12 10:19:18.414 +01:00 [INF] Request starting HTTP/2 GET https://localhost:7285/images/bruker4/bruker4.jpg - null null
2024-11-12 10:19:18.414 +01:00 [INF] Request starting HTTP/2 GET https://localhost:7285/images/index/note6.jpg - null null
2024-11-12 10:19:18.424 +01:00 [INF] The file /images/bruker4/bruker4.jpg was not modified
2024-11-12 10:19:18.425 +01:00 [INF] Request finished HTTP/2 GET https://localhost:7285/images/bruker4/bruker4.jpg - 304 null image/jpeg 10.3048ms
2024-11-12 10:19:18.482 +01:00 [INF] Sending file. Request path: '/images/index/note6.jpg'. Physical path: 'C:\Users\Per\Desktop\ReactBranch\ITPE3200-React\api\wwwroot\images\index\note6.jpg'
2024-11-12 10:19:18.482 +01:00 [INF] Sending file. Request path: '/images/index/note5.jpg'. Physical path: 'C:\Users\Per\Desktop\ReactBranch\ITPE3200-React\api\wwwroot\images\index\note5.jpg'
2024-11-12 10:19:18.484 +01:00 [INF] Request finished HTTP/2 GET https://localhost:7285/images/index/note6.jpg - 200 1331236 image/jpeg 69.097ms
2024-11-12 10:19:18.484 +01:00 [INF] Request finished HTTP/2 GET https://localhost:7285/images/index/note5.jpg - 200 1677568 image/jpeg 70.5495ms
2024-11-12 10:19:21.764 +01:00 [INF] Request starting HTTP/2 GET https://localhost:7285/api/noteapi/getnotes - null null
2024-11-12 10:19:21.764 +01:00 [INF] Request starting HTTP/2 GET https://localhost:7285/api/imageapi/getimages - null null
2024-11-12 10:19:21.764 +01:00 [INF] Request starting HTTP/2 GET https://localhost:7285/api/userapi/userlist - null null
2024-11-12 10:19:21.770 +01:00 [INF] CORS policy execution successful.
2024-11-12 10:19:21.771 +01:00 [INF] CORS policy execution successful.
2024-11-12 10:19:21.771 +01:00 [INF] CORS policy execution successful.
2024-11-12 10:19:21.773 +01:00 [INF] Executing endpoint 'systemOut.Controllers.NoteAPICOntroller.GetNotes (api)'
2024-11-12 10:19:21.773 +01:00 [INF] Executing endpoint 'systemOut.Controllers.UserAPIController.UserList (api)'
2024-11-12 10:19:21.773 +01:00 [INF] Executing endpoint 'systemOut.Controllers.ImageAPIController.GetImages (api)'
2024-11-12 10:19:21.783 +01:00 [INF] Request starting HTTP/2 GET https://localhost:7285/api/userapi/userlist - null null
2024-11-12 10:19:21.783 +01:00 [INF] Request starting HTTP/2 GET https://localhost:7285/api/imageapi/getimages - null null
2024-11-12 10:19:21.817 +01:00 [INF] CORS policy execution successful.
2024-11-12 10:19:21.817 +01:00 [INF] CORS policy execution successful.
2024-11-12 10:19:21.817 +01:00 [INF] Executing endpoint 'systemOut.Controllers.ImageAPIController.GetImages (api)'
2024-11-12 10:19:21.818 +01:00 [INF] Executing endpoint 'systemOut.Controllers.UserAPIController.UserList (api)'
2024-11-12 10:19:21.829 +01:00 [INF] Route matched with {action = "UserList", controller = "UserAPI"}. Executing controller action with signature System.Threading.Tasks.Task`1[Microsoft.AspNetCore.Mvc.IActionResult] UserList() on controller systemOut.Controllers.UserAPIController (api).
2024-11-12 10:19:21.829 +01:00 [INF] Route matched with {action = "GetImages", controller = "ImageAPI"}. Executing controller action with signature System.Threading.Tasks.Task`1[Microsoft.AspNetCore.Mvc.IActionResult] GetImages() on controller systemOut.Controllers.ImageAPIController (api).
2024-11-12 10:19:21.829 +01:00 [INF] Route matched with {action = "GetImages", controller = "ImageAPI"}. Executing controller action with signature System.Threading.Tasks.Task`1[Microsoft.AspNetCore.Mvc.IActionResult] GetImages() on controller systemOut.Controllers.ImageAPIController (api).
2024-11-12 10:19:21.829 +01:00 [INF] Route matched with {action = "GetNotes", controller = "NoteAPI"}. Executing controller action with signature System.Threading.Tasks.Task`1[Microsoft.AspNetCore.Mvc.IActionResult] GetNotes() on controller systemOut.Controllers.NoteAPICOntroller (api).
2024-11-12 10:19:21.829 +01:00 [INF] Route matched with {action = "UserList", controller = "UserAPI"}. Executing controller action with signature System.Threading.Tasks.Task`1[Microsoft.AspNetCore.Mvc.IActionResult] UserList() on controller systemOut.Controllers.UserAPIController (api).
2024-11-12 10:19:22.034 +01:00 [INF] Executing OkObjectResult, writing value of type 'System.Linq.Enumerable+SelectListIterator`2[[systemOut.Models.User, api, Version=1.0.0.0, Culture=neutral, PublicKeyToken=null],[systemOut.DTOs.UserDto, api, Version=1.0.0.0, Culture=neutral, PublicKeyToken=null]]'.
2024-11-12 10:19:22.034 +01:00 [INF] Executing OkObjectResult, writing value of type 'System.Linq.Enumerable+SelectListIterator`2[[systemOut.Models.Image, api, Version=1.0.0.0, Culture=neutral, PublicKeyToken=null],[systemOut.DTOs.ImageDto, api, Version=1.0.0.0, Culture=neutral, PublicKeyToken=null]]'.
2024-11-12 10:19:22.034 +01:00 [INF] Executing OkObjectResult, writing value of type 'System.Linq.Enumerable+SelectListIterator`2[[systemOut.Models.Note, api, Version=1.0.0.0, Culture=neutral, PublicKeyToken=null],[systemOut.DTOs.NoteDto, api, Version=1.0.0.0, Culture=neutral, PublicKeyToken=null]]'.
2024-11-12 10:19:22.034 +01:00 [INF] Executing OkObjectResult, writing value of type 'System.Linq.Enumerable+SelectListIterator`2[[systemOut.Models.User, api, Version=1.0.0.0, Culture=neutral, PublicKeyToken=null],[systemOut.DTOs.UserDto, api, Version=1.0.0.0, Culture=neutral, PublicKeyToken=null]]'.
2024-11-12 10:19:22.034 +01:00 [INF] Executing OkObjectResult, writing value of type 'System.Linq.Enumerable+SelectListIterator`2[[systemOut.Models.Image, api, Version=1.0.0.0, Culture=neutral, PublicKeyToken=null],[systemOut.DTOs.ImageDto, api, Version=1.0.0.0, Culture=neutral, PublicKeyToken=null]]'.
2024-11-12 10:19:22.119 +01:00 [INF] Executed action systemOut.Controllers.ImageAPIController.GetImages (api) in 286.335ms
2024-11-12 10:19:22.119 +01:00 [INF] Executed action systemOut.Controllers.UserAPIController.UserList (api) in 286.2601ms
2024-11-12 10:19:22.119 +01:00 [INF] Executed action systemOut.Controllers.UserAPIController.UserList (api) in 286.3806ms
2024-11-12 10:19:22.119 +01:00 [INF] Executed endpoint 'systemOut.Controllers.ImageAPIController.GetImages (api)'
2024-11-12 10:19:22.119 +01:00 [INF] Executed action systemOut.Controllers.ImageAPIController.GetImages (api) in 286.3775ms
2024-11-12 10:19:22.119 +01:00 [INF] Executed action systemOut.Controllers.NoteAPICOntroller.GetNotes (api) in 286.2944ms
2024-11-12 10:19:22.119 +01:00 [INF] Executed endpoint 'systemOut.Controllers.ImageAPIController.GetImages (api)'
2024-11-12 10:19:22.119 +01:00 [INF] Executed endpoint 'systemOut.Controllers.UserAPIController.UserList (api)'
2024-11-12 10:19:22.119 +01:00 [INF] Executed endpoint 'systemOut.Controllers.UserAPIController.UserList (api)'
2024-11-12 10:19:22.119 +01:00 [INF] Executed endpoint 'systemOut.Controllers.NoteAPICOntroller.GetNotes (api)'
2024-11-12 10:19:22.125 +01:00 [INF] Request finished HTTP/2 GET https://localhost:7285/api/noteapi/getnotes - 200 805 application/json; charset=utf-8 360.8842ms
2024-11-12 10:19:22.125 +01:00 [INF] Request finished HTTP/2 GET https://localhost:7285/api/userapi/userlist - 200 220 application/json; charset=utf-8 342.1919ms
2024-11-12 10:19:22.125 +01:00 [INF] Request finished HTTP/2 GET https://localhost:7285/api/imageapi/getimages - 200 375 application/json; charset=utf-8 341.2746ms
2024-11-12 10:19:22.125 +01:00 [INF] Request finished HTTP/2 GET https://localhost:7285/api/imageapi/getimages - 200 375 application/json; charset=utf-8 361.0565ms
2024-11-12 10:19:22.125 +01:00 [INF] Request finished HTTP/2 GET https://localhost:7285/api/userapi/userlist - 200 220 application/json; charset=utf-8 361.0612ms
2024-11-12 10:19:22.131 +01:00 [INF] Request starting HTTP/2 GET https://localhost:7285/api/noteapi/getnotes - null null
2024-11-12 10:19:22.131 +01:00 [INF] CORS policy execution successful.
2024-11-12 10:19:22.132 +01:00 [INF] Executing endpoint 'systemOut.Controllers.NoteAPICOntroller.GetNotes (api)'
2024-11-12 10:19:22.132 +01:00 [INF] Route matched with {action = "GetNotes", controller = "NoteAPI"}. Executing controller action with signature System.Threading.Tasks.Task`1[Microsoft.AspNetCore.Mvc.IActionResult] GetNotes() on controller systemOut.Controllers.NoteAPICOntroller (api).
2024-11-12 10:19:22.144 +01:00 [INF] Request starting HTTP/2 GET https://localhost:7285/images/bruker6/bruker6.jpg - null null
2024-11-12 10:19:22.144 +01:00 [INF] The file /images/bruker6/bruker6.jpg was not modified
2024-11-12 10:19:22.144 +01:00 [INF] Request finished HTTP/2 GET https://localhost:7285/images/bruker6/bruker6.jpg - 304 null image/jpeg 0.6646ms
2024-11-12 10:19:22.148 +01:00 [INF] Request starting HTTP/2 GET https://localhost:7285/images/bruker5/bruker5.jpg - null null
2024-11-12 10:19:22.148 +01:00 [INF] Request starting HTTP/2 GET https://localhost:7285/images/bruker7/bruker7.jpg - null null
2024-11-12 10:19:22.148 +01:00 [INF] Request starting HTTP/2 GET https://localhost:7285/images/bruker1/bruker1.jpg - null null
2024-11-12 10:19:22.148 +01:00 [INF] The file /images/bruker5/bruker5.jpg was not modified
2024-11-12 10:19:22.148 +01:00 [INF] The file /images/bruker1/bruker1.jpg was not modified
2024-11-12 10:19:22.148 +01:00 [INF] The file /images/bruker7/bruker7.jpg was not modified
2024-11-12 10:19:22.149 +01:00 [INF] Request finished HTTP/2 GET https://localhost:7285/images/bruker5/bruker5.jpg - 304 null image/jpeg 0.9561ms
2024-11-12 10:19:22.149 +01:00 [INF] Request finished HTTP/2 GET https://localhost:7285/images/bruker1/bruker1.jpg - 304 null image/jpeg 0.6711ms
2024-11-12 10:19:22.149 +01:00 [INF] Request finished HTTP/2 GET https://localhost:7285/images/bruker7/bruker7.jpg - 304 null image/jpeg 0.8116ms
2024-11-12 10:19:22.183 +01:00 [INF] Executing OkObjectResult, writing value of type 'System.Linq.Enumerable+SelectListIterator`2[[systemOut.Models.Note, api, Version=1.0.0.0, Culture=neutral, PublicKeyToken=null],[systemOut.DTOs.NoteDto, api, Version=1.0.0.0, Culture=neutral, PublicKeyToken=null]]'.
2024-11-12 10:19:22.184 +01:00 [INF] Executed action systemOut.Controllers.NoteAPICOntroller.GetNotes (api) in 51.9754ms
2024-11-12 10:19:22.184 +01:00 [INF] Executed endpoint 'systemOut.Controllers.NoteAPICOntroller.GetNotes (api)'
2024-11-12 10:19:22.184 +01:00 [INF] Request finished HTTP/2 GET https://localhost:7285/api/noteapi/getnotes - 200 805 application/json; charset=utf-8 53.2884ms
2024-11-12 10:19:28.659 +01:00 [INF] Request starting HTTP/2 GET https://localhost:7285/api/imageapi/1 - null null
2024-11-12 10:19:28.659 +01:00 [INF] Request starting HTTP/2 GET https://localhost:7285/api/imageapi/1 - null null
2024-11-12 10:19:28.660 +01:00 [INF] CORS policy execution successful.
2024-11-12 10:19:28.660 +01:00 [INF] CORS policy execution successful.
2024-11-12 10:19:28.660 +01:00 [INF] Executing endpoint 'systemOut.Controllers.ImageAPIController.GetImage (api)'
2024-11-12 10:19:28.660 +01:00 [INF] Executing endpoint 'systemOut.Controllers.ImageAPIController.GetImage (api)'
2024-11-12 10:19:28.668 +01:00 [INF] Route matched with {action = "GetImage", controller = "ImageAPI"}. Executing controller action with signature System.Threading.Tasks.Task`1[Microsoft.AspNetCore.Mvc.IActionResult] GetImage(Int32) on controller systemOut.Controllers.ImageAPIController (api).
2024-11-12 10:19:28.668 +01:00 [INF] Route matched with {action = "GetImage", controller = "ImageAPI"}. Executing controller action with signature System.Threading.Tasks.Task`1[Microsoft.AspNetCore.Mvc.IActionResult] GetImage(Int32) on controller systemOut.Controllers.ImageAPIController (api).
2024-11-12 10:19:28.719 +01:00 [INF] Executing OkObjectResult, writing value of type 'Castle.Proxies.ImageProxy'.
2024-11-12 10:19:28.719 +01:00 [INF] Executing OkObjectResult, writing value of type 'Castle.Proxies.ImageProxy'.
2024-11-12 10:19:29.058 +01:00 [INF] Executed action systemOut.Controllers.ImageAPIController.GetImage (api) in 389.6672ms
2024-11-12 10:19:29.058 +01:00 [INF] Executed action systemOut.Controllers.ImageAPIController.GetImage (api) in 389.621ms
2024-11-12 10:19:29.058 +01:00 [INF] Executed endpoint 'systemOut.Controllers.ImageAPIController.GetImage (api)'
2024-11-12 10:19:29.058 +01:00 [INF] Executed endpoint 'systemOut.Controllers.ImageAPIController.GetImage (api)'
2024-11-12 10:19:29.059 +01:00 [INF] Request finished HTTP/2 GET https://localhost:7285/api/imageapi/1 - 200 36890 application/json; charset=utf-8 399.9659ms
2024-11-12 10:19:29.059 +01:00 [INF] Request finished HTTP/2 GET https://localhost:7285/api/imageapi/1 - 200 36890 application/json; charset=utf-8 399.2741ms
2024-11-12 10:19:29.067 +01:00 [INF] Request starting HTTP/2 GET https://localhost:7285/api/commentapi/getcomments - null null
2024-11-12 10:19:29.068 +01:00 [INF] CORS policy execution successful.
2024-11-12 10:19:29.068 +01:00 [INF] Executing endpoint 'systemOut.Controllers.CommentAPIController.GetComments (api)'
2024-11-12 10:19:29.070 +01:00 [INF] Route matched with {action = "GetComments", controller = "CommentAPI"}. Executing controller action with signature System.Threading.Tasks.Task`1[Microsoft.AspNetCore.Mvc.IActionResult] GetComments() on controller systemOut.Controllers.CommentAPIController (api).
2024-11-12 10:19:29.079 +01:00 [INF] Executing OkObjectResult, writing value of type 'System.Linq.Enumerable+SelectListIterator`2[[systemOut.Models.Comment, api, Version=1.0.0.0, Culture=neutral, PublicKeyToken=null],[systemOut.DTOs.CommentDto, api, Version=1.0.0.0, Culture=neutral, PublicKeyToken=null]]'.
2024-11-12 10:19:29.081 +01:00 [INF] Executed action systemOut.Controllers.CommentAPIController.GetComments (api) in 11.0421ms
2024-11-12 10:19:29.081 +01:00 [INF] Executed endpoint 'systemOut.Controllers.CommentAPIController.GetComments (api)'
2024-11-12 10:19:29.081 +01:00 [INF] Request finished HTTP/2 GET https://localhost:7285/api/commentapi/getcomments - 200 655 application/json; charset=utf-8 14.0338ms
2024-11-12 10:19:29.084 +01:00 [INF] Request starting HTTP/2 GET https://localhost:7285/api/commentapi/getcomments - null null
2024-11-12 10:19:29.085 +01:00 [INF] CORS policy execution successful.
2024-11-12 10:19:29.085 +01:00 [INF] Executing endpoint 'systemOut.Controllers.CommentAPIController.GetComments (api)'
2024-11-12 10:19:29.085 +01:00 [INF] Route matched with {action = "GetComments", controller = "CommentAPI"}. Executing controller action with signature System.Threading.Tasks.Task`1[Microsoft.AspNetCore.Mvc.IActionResult] GetComments() on controller systemOut.Controllers.CommentAPIController (api).
2024-11-12 10:19:29.087 +01:00 [INF] Request starting HTTP/2 GET https://localhost:7285/api/userapi/1 - null null
2024-11-12 10:19:29.088 +01:00 [INF] CORS policy execution successful.
2024-11-12 10:19:29.088 +01:00 [INF] Executing endpoint 'systemOut.Controllers.UserAPIController.GetUser (api)'
2024-11-12 10:19:29.088 +01:00 [INF] Request starting HTTP/2 GET https://localhost:7285/api/userapi/10 - null null
2024-11-12 10:19:29.088 +01:00 [INF] CORS policy execution successful.
2024-11-12 10:19:29.088 +01:00 [INF] Executing endpoint 'systemOut.Controllers.UserAPIController.GetUser (api)'
2024-11-12 10:19:29.089 +01:00 [INF] Executing OkObjectResult, writing value of type 'System.Linq.Enumerable+SelectListIterator`2[[systemOut.Models.Comment, api, Version=1.0.0.0, Culture=neutral, PublicKeyToken=null],[systemOut.DTOs.CommentDto, api, Version=1.0.0.0, Culture=neutral, PublicKeyToken=null]]'.
2024-11-12 10:19:29.089 +01:00 [INF] Executed action systemOut.Controllers.CommentAPIController.GetComments (api) in 4.2156ms
2024-11-12 10:19:29.089 +01:00 [INF] Executed endpoint 'systemOut.Controllers.CommentAPIController.GetComments (api)'
2024-11-12 10:19:29.089 +01:00 [INF] Request finished HTTP/2 GET https://localhost:7285/api/commentapi/getcomments - 200 655 application/json; charset=utf-8 5.2927ms
2024-11-12 10:19:29.091 +01:00 [INF] Route matched with {action = "GetUser", controller = "UserAPI"}. Executing controller action with signature System.Threading.Tasks.Task`1[Microsoft.AspNetCore.Mvc.IActionResult] GetUser(Int32) on controller systemOut.Controllers.UserAPIController (api).
2024-11-12 10:19:29.091 +01:00 [INF] Route matched with {action = "GetUser", controller = "UserAPI"}. Executing controller action with signature System.Threading.Tasks.Task`1[Microsoft.AspNetCore.Mvc.IActionResult] GetUser(Int32) on controller systemOut.Controllers.UserAPIController (api).
2024-11-12 10:19:29.097 +01:00 [INF] Request starting HTTP/2 GET https://localhost:7285/api/userapi/10 - null null
2024-11-12 10:19:29.096 +01:00 [INF] Request starting HTTP/2 GET https://localhost:7285/api/userapi/1 - null null
2024-11-12 10:19:29.097 +01:00 [INF] CORS policy execution successful.
2024-11-12 10:19:29.097 +01:00 [INF] CORS policy execution successful.
2024-11-12 10:19:29.097 +01:00 [INF] Executing endpoint 'systemOut.Controllers.UserAPIController.GetUser (api)'
2024-11-12 10:19:29.097 +01:00 [INF] Route matched with {action = "GetUser", controller = "UserAPI"}. Executing controller action with signature System.Threading.Tasks.Task`1[Microsoft.AspNetCore.Mvc.IActionResult] GetUser(Int32) on controller systemOut.Controllers.UserAPIController (api).
2024-11-12 10:19:29.097 +01:00 [INF] Executing endpoint 'systemOut.Controllers.UserAPIController.GetUser (api)'
2024-11-12 10:19:29.097 +01:00 [INF] Route matched with {action = "GetUser", controller = "UserAPI"}. Executing controller action with signature System.Threading.Tasks.Task`1[Microsoft.AspNetCore.Mvc.IActionResult] GetUser(Int32) on controller systemOut.Controllers.UserAPIController (api).
2024-11-12 10:19:29.101 +01:00 [INF] Executing OkObjectResult, writing value of type 'Castle.Proxies.UserProxy'.
2024-11-12 10:19:29.102 +01:00 [INF] Executing OkObjectResult, writing value of type 'Castle.Proxies.UserProxy'.
2024-11-12 10:19:29.105 +01:00 [INF] Executing OkObjectResult, writing value of type 'Castle.Proxies.UserProxy'.
2024-11-12 10:19:29.108 +01:00 [INF] Executing OkObjectResult, writing value of type 'Castle.Proxies.UserProxy'.
2024-11-12 10:19:29.246 +01:00 [INF] Executed action systemOut.Controllers.UserAPIController.GetUser (api) in 155.0187ms
2024-11-12 10:19:29.246 +01:00 [INF] Executed endpoint 'systemOut.Controllers.UserAPIController.GetUser (api)'
2024-11-12 10:19:29.246 +01:00 [INF] Request finished HTTP/2 GET https://localhost:7285/api/userapi/1 - 200 23888 application/json; charset=utf-8 159.7999ms
2024-11-12 10:19:29.249 +01:00 [INF] Executed action systemOut.Controllers.UserAPIController.GetUser (api) in 151.459ms
2024-11-12 10:19:29.249 +01:00 [INF] Executed endpoint 'systemOut.Controllers.UserAPIController.GetUser (api)'
2024-11-12 10:19:29.249 +01:00 [INF] Request finished HTTP/2 GET https://localhost:7285/api/userapi/1 - 200 23888 application/json; charset=utf-8 153.0671ms
2024-11-12 10:19:29.253 +01:00 [INF] Executed action systemOut.Controllers.UserAPIController.GetUser (api) in 161.3868ms
2024-11-12 10:19:29.253 +01:00 [INF] Executed endpoint 'systemOut.Controllers.UserAPIController.GetUser (api)'
2024-11-12 10:19:29.253 +01:00 [INF] Request finished HTTP/2 GET https://localhost:7285/api/userapi/10 - 200 35286 application/json; charset=utf-8 164.4377ms
2024-11-12 10:19:29.257 +01:00 [INF] Executed action systemOut.Controllers.UserAPIController.GetUser (api) in 159.4841ms
2024-11-12 10:19:29.257 +01:00 [INF] Executed endpoint 'systemOut.Controllers.UserAPIController.GetUser (api)'
2024-11-12 10:19:29.257 +01:00 [INF] Request finished HTTP/2 GET https://localhost:7285/api/userapi/10 - 200 35286 application/json; charset=utf-8 160.4713ms
2024-11-12 10:21:21.628 +01:00 [INF] Request starting HTTP/2 GET https://localhost:7285/api/userapi/userlist - null null
2024-11-12 10:21:21.628 +01:00 [INF] CORS policy execution successful.
2024-11-12 10:21:21.629 +01:00 [INF] Executing endpoint 'systemOut.Controllers.UserAPIController.UserList (api)'
2024-11-12 10:21:21.629 +01:00 [INF] Route matched with {action = "UserList", controller = "UserAPI"}. Executing controller action with signature System.Threading.Tasks.Task`1[Microsoft.AspNetCore.Mvc.IActionResult] UserList() on controller systemOut.Controllers.UserAPIController (api).
2024-11-12 10:21:21.632 +01:00 [INF] Executing OkObjectResult, writing value of type 'System.Linq.Enumerable+SelectListIterator`2[[systemOut.Models.User, api, Version=1.0.0.0, Culture=neutral, PublicKeyToken=null],[systemOut.DTOs.UserDto, api, Version=1.0.0.0, Culture=neutral, PublicKeyToken=null]]'.
2024-11-12 10:21:21.632 +01:00 [INF] Executed action systemOut.Controllers.UserAPIController.UserList (api) in 3.3374ms
2024-11-12 10:21:21.632 +01:00 [INF] Executed endpoint 'systemOut.Controllers.UserAPIController.UserList (api)'
2024-11-12 10:21:21.632 +01:00 [INF] Request finished HTTP/2 GET https://localhost:7285/api/userapi/userlist - 200 220 application/json; charset=utf-8 4.1453ms
2024-11-12 10:21:21.635 +01:00 [INF] Request starting HTTP/2 GET https://localhost:7285/api/userapi/userlist - null null
2024-11-12 10:21:21.636 +01:00 [INF] CORS policy execution successful.
2024-11-12 10:21:21.636 +01:00 [INF] Executing endpoint 'systemOut.Controllers.UserAPIController.UserList (api)'
2024-11-12 10:21:21.637 +01:00 [INF] Route matched with {action = "UserList", controller = "UserAPI"}. Executing controller action with signature System.Threading.Tasks.Task`1[Microsoft.AspNetCore.Mvc.IActionResult] UserList() on controller systemOut.Controllers.UserAPIController (api).
2024-11-12 10:21:21.639 +01:00 [INF] Executing OkObjectResult, writing value of type 'System.Linq.Enumerable+SelectListIterator`2[[systemOut.Models.User, api, Version=1.0.0.0, Culture=neutral, PublicKeyToken=null],[systemOut.DTOs.UserDto, api, Version=1.0.0.0, Culture=neutral, PublicKeyToken=null]]'.
2024-11-12 10:21:21.639 +01:00 [INF] Executed action systemOut.Controllers.UserAPIController.UserList (api) in 2.4308ms
2024-11-12 10:21:21.639 +01:00 [INF] Executed endpoint 'systemOut.Controllers.UserAPIController.UserList (api)'
2024-11-12 10:21:21.639 +01:00 [INF] Request finished HTTP/2 GET https://localhost:7285/api/userapi/userlist - 200 220 application/json; charset=utf-8 4.2648ms
2024-11-12 10:21:21.641 +01:00 [INF] Request starting HTTP/2 GET https://localhost:7285/api/userapi/userlist - null null
2024-11-12 10:21:21.642 +01:00 [INF] CORS policy execution successful.
2024-11-12 10:21:21.644 +01:00 [INF] Executing endpoint 'systemOut.Controllers.UserAPIController.UserList (api)'
2024-11-12 10:21:21.644 +01:00 [INF] Route matched with {action = "UserList", controller = "UserAPI"}. Executing controller action with signature System.Threading.Tasks.Task`1[Microsoft.AspNetCore.Mvc.IActionResult] UserList() on controller systemOut.Controllers.UserAPIController (api).
2024-11-12 10:21:21.647 +01:00 [INF] Executing OkObjectResult, writing value of type 'System.Linq.Enumerable+SelectListIterator`2[[systemOut.Models.User, api, Version=1.0.0.0, Culture=neutral, PublicKeyToken=null],[systemOut.DTOs.UserDto, api, Version=1.0.0.0, Culture=neutral, PublicKeyToken=null]]'.
2024-11-12 10:21:21.647 +01:00 [INF] Executed action systemOut.Controllers.UserAPIController.UserList (api) in 2.0103ms
2024-11-12 10:21:21.647 +01:00 [INF] Executed endpoint 'systemOut.Controllers.UserAPIController.UserList (api)'
2024-11-12 10:21:21.647 +01:00 [INF] Request finished HTTP/2 GET https://localhost:7285/api/userapi/userlist - 200 220 application/json; charset=utf-8 5.3914ms
2024-11-12 10:21:21.661 +01:00 [INF] Request starting HTTP/2 GET https://localhost:7285/api/userapi/userlist - null null
2024-11-12 10:21:21.661 +01:00 [INF] CORS policy execution successful.
2024-11-12 10:21:21.661 +01:00 [INF] Executing endpoint 'systemOut.Controllers.UserAPIController.UserList (api)'
2024-11-12 10:21:21.661 +01:00 [INF] Route matched with {action = "UserList", controller = "UserAPI"}. Executing controller action with signature System.Threading.Tasks.Task`1[Microsoft.AspNetCore.Mvc.IActionResult] UserList() on controller systemOut.Controllers.UserAPIController (api).
2024-11-12 10:21:21.663 +01:00 [INF] Executing OkObjectResult, writing value of type 'System.Linq.Enumerable+SelectListIterator`2[[systemOut.Models.User, api, Version=1.0.0.0, Culture=neutral, PublicKeyToken=null],[systemOut.DTOs.UserDto, api, Version=1.0.0.0, Culture=neutral, PublicKeyToken=null]]'.
2024-11-12 10:21:21.663 +01:00 [INF] Executed action systemOut.Controllers.UserAPIController.UserList (api) in 2.0111ms
2024-11-12 10:21:21.663 +01:00 [INF] Executed endpoint 'systemOut.Controllers.UserAPIController.UserList (api)'
2024-11-12 10:21:21.663 +01:00 [INF] Request finished HTTP/2 GET https://localhost:7285/api/userapi/userlist - 200 220 application/json; charset=utf-8 2.3962ms
2024-11-12 10:23:52.076 +01:00 [INF] Request starting HTTP/2 GET https://localhost:7285/api/userapi/userlist - null null
2024-11-12 10:23:52.079 +01:00 [INF] CORS policy execution successful.
2024-11-12 10:23:52.081 +01:00 [INF] Executing endpoint 'systemOut.Controllers.UserAPIController.UserList (api)'
2024-11-12 10:23:52.081 +01:00 [INF] Route matched with {action = "UserList", controller = "UserAPI"}. Executing controller action with signature System.Threading.Tasks.Task`1[Microsoft.AspNetCore.Mvc.IActionResult] UserList() on controller systemOut.Controllers.UserAPIController (api).
2024-11-12 10:23:52.084 +01:00 [INF] Executing OkObjectResult, writing value of type 'System.Linq.Enumerable+SelectListIterator`2[[systemOut.Models.User, api, Version=1.0.0.0, Culture=neutral, PublicKeyToken=null],[systemOut.DTOs.UserDto, api, Version=1.0.0.0, Culture=neutral, PublicKeyToken=null]]'.
2024-11-12 10:23:52.084 +01:00 [INF] Executed action systemOut.Controllers.UserAPIController.UserList (api) in 2.9346ms
2024-11-12 10:23:52.084 +01:00 [INF] Executed endpoint 'systemOut.Controllers.UserAPIController.UserList (api)'
2024-11-12 10:23:52.084 +01:00 [INF] Request finished HTTP/2 GET https://localhost:7285/api/userapi/userlist - 200 220 application/json; charset=utf-8 8.9485ms
2024-11-12 10:23:52.089 +01:00 [INF] Request starting HTTP/2 GET https://localhost:7285/api/userapi/userlist - null null
2024-11-12 10:23:52.089 +01:00 [INF] CORS policy execution successful.
2024-11-12 10:23:52.089 +01:00 [INF] Executing endpoint 'systemOut.Controllers.UserAPIController.UserList (api)'
2024-11-12 10:23:52.089 +01:00 [INF] Route matched with {action = "UserList", controller = "UserAPI"}. Executing controller action with signature System.Threading.Tasks.Task`1[Microsoft.AspNetCore.Mvc.IActionResult] UserList() on controller systemOut.Controllers.UserAPIController (api).
2024-11-12 10:23:52.092 +01:00 [INF] Executing OkObjectResult, writing value of type 'System.Linq.Enumerable+SelectListIterator`2[[systemOut.Models.User, api, Version=1.0.0.0, Culture=neutral, PublicKeyToken=null],[systemOut.DTOs.UserDto, api, Version=1.0.0.0, Culture=neutral, PublicKeyToken=null]]'.
2024-11-12 10:23:52.092 +01:00 [INF] Executed action systemOut.Controllers.UserAPIController.UserList (api) in 2.2646ms
2024-11-12 10:23:52.092 +01:00 [INF] Executed endpoint 'systemOut.Controllers.UserAPIController.UserList (api)'
2024-11-12 10:23:52.092 +01:00 [INF] Request finished HTTP/2 GET https://localhost:7285/api/userapi/userlist - 200 220 application/json; charset=utf-8 4.0697ms
2024-11-12 10:23:52.107 +01:00 [INF] Request starting HTTP/2 GET https://localhost:7285/api/userapi/userlist - null null
2024-11-12 10:23:52.107 +01:00 [INF] Request starting HTTP/2 GET https://localhost:7285/api/userapi/userlist - null null
2024-11-12 10:23:52.107 +01:00 [INF] CORS policy execution successful.
2024-11-12 10:23:52.107 +01:00 [INF] Executing endpoint 'systemOut.Controllers.UserAPIController.UserList (api)'
2024-11-12 10:23:52.107 +01:00 [INF] CORS policy execution successful.
2024-11-12 10:23:52.107 +01:00 [INF] Executing endpoint 'systemOut.Controllers.UserAPIController.UserList (api)'
2024-11-12 10:23:52.108 +01:00 [INF] Route matched with {action = "UserList", controller = "UserAPI"}. Executing controller action with signature System.Threading.Tasks.Task`1[Microsoft.AspNetCore.Mvc.IActionResult] UserList() on controller systemOut.Controllers.UserAPIController (api).
2024-11-12 10:23:52.108 +01:00 [INF] Route matched with {action = "UserList", controller = "UserAPI"}. Executing controller action with signature System.Threading.Tasks.Task`1[Microsoft.AspNetCore.Mvc.IActionResult] UserList() on controller systemOut.Controllers.UserAPIController (api).
2024-11-12 10:23:52.111 +01:00 [INF] Executing OkObjectResult, writing value of type 'System.Linq.Enumerable+SelectListIterator`2[[systemOut.Models.User, api, Version=1.0.0.0, Culture=neutral, PublicKeyToken=null],[systemOut.DTOs.UserDto, api, Version=1.0.0.0, Culture=neutral, PublicKeyToken=null]]'.
2024-11-12 10:23:52.111 +01:00 [INF] Executed action systemOut.Controllers.UserAPIController.UserList (api) in 3.9127ms
2024-11-12 10:23:52.111 +01:00 [INF] Executing OkObjectResult, writing value of type 'System.Linq.Enumerable+SelectListIterator`2[[systemOut.Models.User, api, Version=1.0.0.0, Culture=neutral, PublicKeyToken=null],[systemOut.DTOs.UserDto, api, Version=1.0.0.0, Culture=neutral, PublicKeyToken=null]]'.
2024-11-12 10:23:52.112 +01:00 [INF] Executed endpoint 'systemOut.Controllers.UserAPIController.UserList (api)'
2024-11-12 10:23:52.112 +01:00 [INF] Request finished HTTP/2 GET https://localhost:7285/api/userapi/userlist - 200 220 application/json; charset=utf-8 4.5622ms
2024-11-12 10:23:52.112 +01:00 [INF] Executed action systemOut.Controllers.UserAPIController.UserList (api) in 4.037ms
2024-11-12 10:23:52.112 +01:00 [INF] Executed endpoint 'systemOut.Controllers.UserAPIController.UserList (api)'
2024-11-12 10:23:52.112 +01:00 [INF] Request finished HTTP/2 GET https://localhost:7285/api/userapi/userlist - 200 220 application/json; charset=utf-8 4.7303ms
