2024-11-04 21:28:36.517 +01:00 [WRN] The ASP.NET Core developer certificate is not trusted. For information about trusting the ASP.NET Core developer certificate, see https://aka.ms/aspnet/https-trust-dev-cert.
2024-11-04 21:28:36.553 +01:00 [INF] Now listening on: https://localhost:7285
2024-11-04 21:28:36.554 +01:00 [INF] Now listening on: http://localhost:5269
2024-11-04 21:28:36.558 +01:00 [INF] Application started. Press Ctrl+C to shut down.
2024-11-04 21:28:36.560 +01:00 [INF] Hosting environment: Development
2024-11-04 21:28:36.561 +01:00 [INF] Content root path: C:\Users\Per\Desktop\ReactBranch\ITPE3200-React\api
2024-11-04 21:28:36.777 +01:00 [INF] Request starting HTTP/2 GET https://localhost:7285/ - null null
2024-11-04 21:28:36.804 +01:00 [INF] Request finished HTTP/2 GET https://localhost:7285/ - 404 0 null 28.476ms
2024-11-04 21:28:36.809 +01:00 [INF] Request reached the end of the middleware pipeline without being handled by application code. Request path: GET https://localhost:7285/, Response status code: 404
2024-11-04 21:28:36.824 +01:00 [INF] Request starting HTTP/2 GET https://localhost:7285/favicon.ico - null null
2024-11-04 21:28:36.831 +01:00 [INF] Request finished HTTP/2 GET https://localhost:7285/favicon.ico - 499 null null 7.6572ms
2024-11-04 21:28:36.831 +01:00 [INF] Request reached the end of the middleware pipeline without being handled by application code. Request path: GET https://localhost:7285/favicon.ico, Response status code: 499
2024-11-04 21:29:23.218 +01:00 [INF] Request starting HTTP/2 GET https://localhost:7285/api/userapi/userlist - null null
2024-11-04 21:29:23.223 +01:00 [INF] CORS policy execution successful.
2024-11-04 21:29:23.224 +01:00 [INF] Executing endpoint 'systemOut.Controllers.UserAPIController.UserList (api)'
2024-11-04 21:29:23.237 +01:00 [INF] Route matched with {action = "UserList", controller = "UserAPI"}. Executing controller action with signature System.Threading.Tasks.Task`1[Microsoft.AspNetCore.Mvc.IActionResult] UserList() on controller systemOut.Controllers.UserAPIController (api).
2024-11-04 21:29:23.410 +01:00 [INF] Executing OkObjectResult, writing value of type 'System.Linq.Enumerable+SelectListIterator`2[[systemOut.Models.User, api, Version=1.0.0.0, Culture=neutral, PublicKeyToken=null],[systemOut.DTOs.UserDto, api, Version=1.0.0.0, Culture=neutral, PublicKeyToken=null]]'.
2024-11-04 21:29:23.477 +01:00 [INF] Executed action systemOut.Controllers.UserAPIController.UserList (api) in 237.2387ms
2024-11-04 21:29:23.477 +01:00 [INF] Executed endpoint 'systemOut.Controllers.UserAPIController.UserList (api)'
2024-11-04 21:29:23.483 +01:00 [INF] Request finished HTTP/2 GET https://localhost:7285/api/userapi/userlist - 200 145 application/json; charset=utf-8 264.3894ms
2024-11-04 21:29:37.877 +01:00 [INF] Request starting HTTP/2 OPTIONS https://localhost:7285/api/userapi/create - null null
2024-11-04 21:29:37.877 +01:00 [INF] CORS policy execution successful.
2024-11-04 21:29:37.878 +01:00 [INF] Request finished HTTP/2 OPTIONS https://localhost:7285/api/userapi/create - 204 null null 1.7881ms
2024-11-04 21:29:37.880 +01:00 [INF] Request starting HTTP/2 POST https://localhost:7285/api/userapi/create - application/json 62
2024-11-04 21:29:37.880 +01:00 [INF] CORS policy execution successful.
2024-11-04 21:29:37.880 +01:00 [INF] Executing endpoint 'systemOut.Controllers.UserAPIController.Create (api)'
2024-11-04 21:29:37.887 +01:00 [INF] Route matched with {action = "Create", controller = "UserAPI"}. Executing controller action with signature System.Threading.Tasks.Task`1[Microsoft.AspNetCore.Mvc.IActionResult] Create(systemOut.DTOs.UserDto) on controller systemOut.Controllers.UserAPIController (api).
2024-11-04 21:29:38.046 +01:00 [INF] Executing CreatedAtActionResult, writing value of type 'systemOut.Models.User'.
2024-11-04 21:29:38.062 +01:00 [INF] Executed action systemOut.Controllers.UserAPIController.Create (api) in 174.465ms
2024-11-04 21:29:38.062 +01:00 [INF] Executed endpoint 'systemOut.Controllers.UserAPIController.Create (api)'
2024-11-04 21:29:38.062 +01:00 [INF] Request finished HTTP/2 POST https://localhost:7285/api/userapi/create - 201 116 application/json; charset=utf-8 182.086ms
2024-11-04 21:29:38.166 +01:00 [INF] Request starting HTTP/2 GET https://localhost:7285/api/userapi/userlist - null null
2024-11-04 21:29:38.166 +01:00 [INF] Request starting HTTP/2 GET https://localhost:7285/api/userapi/userlist - null null
2024-11-04 21:29:38.166 +01:00 [INF] CORS policy execution successful.
2024-11-04 21:29:38.166 +01:00 [INF] CORS policy execution successful.
2024-11-04 21:29:38.166 +01:00 [INF] Executing endpoint 'systemOut.Controllers.UserAPIController.UserList (api)'
2024-11-04 21:29:38.166 +01:00 [INF] Executing endpoint 'systemOut.Controllers.UserAPIController.UserList (api)'
2024-11-04 21:29:38.166 +01:00 [INF] Route matched with {action = "UserList", controller = "UserAPI"}. Executing controller action with signature System.Threading.Tasks.Task`1[Microsoft.AspNetCore.Mvc.IActionResult] UserList() on controller systemOut.Controllers.UserAPIController (api).
2024-11-04 21:29:38.166 +01:00 [INF] Route matched with {action = "UserList", controller = "UserAPI"}. Executing controller action with signature System.Threading.Tasks.Task`1[Microsoft.AspNetCore.Mvc.IActionResult] UserList() on controller systemOut.Controllers.UserAPIController (api).
2024-11-04 21:29:38.171 +01:00 [INF] Executing OkObjectResult, writing value of type 'System.Linq.Enumerable+SelectListIterator`2[[systemOut.Models.User, api, Version=1.0.0.0, Culture=neutral, PublicKeyToken=null],[systemOut.DTOs.UserDto, api, Version=1.0.0.0, Culture=neutral, PublicKeyToken=null]]'.
2024-11-04 21:29:38.172 +01:00 [INF] Executed action systemOut.Controllers.UserAPIController.UserList (api) in 5.3736ms
2024-11-04 21:29:38.172 +01:00 [INF] Executed endpoint 'systemOut.Controllers.UserAPIController.UserList (api)'
2024-11-04 21:29:38.172 +01:00 [INF] Request finished HTTP/2 GET https://localhost:7285/api/userapi/userlist - 200 219 application/json; charset=utf-8 6.2794ms
2024-11-04 21:29:38.172 +01:00 [INF] Executing OkObjectResult, writing value of type 'System.Linq.Enumerable+SelectListIterator`2[[systemOut.Models.User, api, Version=1.0.0.0, Culture=neutral, PublicKeyToken=null],[systemOut.DTOs.UserDto, api, Version=1.0.0.0, Culture=neutral, PublicKeyToken=null]]'.
2024-11-04 21:29:38.173 +01:00 [INF] Executed action systemOut.Controllers.UserAPIController.UserList (api) in 6.4205ms
2024-11-04 21:29:38.174 +01:00 [INF] Executed endpoint 'systemOut.Controllers.UserAPIController.UserList (api)'
2024-11-04 21:29:38.174 +01:00 [INF] Request finished HTTP/2 GET https://localhost:7285/api/userapi/userlist - 200 219 application/json; charset=utf-8 8.6023ms
2024-11-04 21:29:38.179 +01:00 [INF] Request starting HTTP/2 GET https://localhost:7285/images/bruker7/bruker7.jpg - null null
2024-11-04 21:29:38.224 +01:00 [INF] Sending file. Request path: '/images/bruker7/bruker7.jpg'. Physical path: 'C:\Users\Per\Desktop\ReactBranch\ITPE3200-React\api\wwwroot\images\bruker7\bruker7.jpg'
2024-11-04 21:29:38.225 +01:00 [INF] Request finished HTTP/2 GET https://localhost:7285/images/bruker7/bruker7.jpg - 200 1342093 image/jpeg 45.879ms
2024-11-04 21:31:59.045 +01:00 [INF] Request starting HTTP/2 GET https://localhost:7285/api/userapi/userlist - null null
2024-11-04 21:31:59.049 +01:00 [INF] CORS policy execution successful.
2024-11-04 21:31:59.050 +01:00 [INF] Executing endpoint 'systemOut.Controllers.UserAPIController.UserList (api)'
2024-11-04 21:31:59.050 +01:00 [INF] Route matched with {action = "UserList", controller = "UserAPI"}. Executing controller action with signature System.Threading.Tasks.Task`1[Microsoft.AspNetCore.Mvc.IActionResult] UserList() on controller systemOut.Controllers.UserAPIController (api).
2024-11-04 21:31:59.053 +01:00 [INF] Executing OkObjectResult, writing value of type 'System.Linq.Enumerable+SelectListIterator`2[[systemOut.Models.User, api, Version=1.0.0.0, Culture=neutral, PublicKeyToken=null],[systemOut.DTOs.UserDto, api, Version=1.0.0.0, Culture=neutral, PublicKeyToken=null]]'.
2024-11-04 21:31:59.053 +01:00 [INF] Executed action systemOut.Controllers.UserAPIController.UserList (api) in 2.9328ms
2024-11-04 21:31:59.053 +01:00 [INF] Executed endpoint 'systemOut.Controllers.UserAPIController.UserList (api)'
2024-11-04 21:31:59.053 +01:00 [INF] Request finished HTTP/2 GET https://localhost:7285/api/userapi/userlist - 200 219 application/json; charset=utf-8 9.3552ms
2024-11-04 21:32:00.309 +01:00 [INF] Request starting HTTP/2 GET https://localhost:7285/api/userapi/userlist - null null
2024-11-04 21:32:00.309 +01:00 [INF] CORS policy execution successful.
2024-11-04 21:32:00.309 +01:00 [INF] Executing endpoint 'systemOut.Controllers.UserAPIController.UserList (api)'
2024-11-04 21:32:00.310 +01:00 [INF] Route matched with {action = "UserList", controller = "UserAPI"}. Executing controller action with signature System.Threading.Tasks.Task`1[Microsoft.AspNetCore.Mvc.IActionResult] UserList() on controller systemOut.Controllers.UserAPIController (api).
2024-11-04 21:32:00.312 +01:00 [INF] Executing OkObjectResult, writing value of type 'System.Linq.Enumerable+SelectListIterator`2[[systemOut.Models.User, api, Version=1.0.0.0, Culture=neutral, PublicKeyToken=null],[systemOut.DTOs.UserDto, api, Version=1.0.0.0, Culture=neutral, PublicKeyToken=null]]'.
2024-11-04 21:32:00.312 +01:00 [INF] Executed action systemOut.Controllers.UserAPIController.UserList (api) in 2.3499ms
2024-11-04 21:32:00.312 +01:00 [INF] Executed endpoint 'systemOut.Controllers.UserAPIController.UserList (api)'
2024-11-04 21:32:00.312 +01:00 [INF] Request finished HTTP/2 GET https://localhost:7285/api/userapi/userlist - 200 219 application/json; charset=utf-8 3.0218ms
2024-11-04 21:32:57.131 +01:00 [INF] Request starting HTTP/2 OPTIONS https://localhost:7285/api/userapi/create - null null
2024-11-04 21:32:57.131 +01:00 [INF] CORS policy execution successful.
2024-11-04 21:32:57.131 +01:00 [INF] Request finished HTTP/2 OPTIONS https://localhost:7285/api/userapi/create - 204 null null 0.3906ms
2024-11-04 21:32:57.135 +01:00 [INF] Request starting HTTP/2 POST https://localhost:7285/api/userapi/create - application/json 62
2024-11-04 21:32:57.135 +01:00 [INF] CORS policy execution successful.
2024-11-04 21:32:57.135 +01:00 [INF] Executing endpoint 'systemOut.Controllers.UserAPIController.Create (api)'
2024-11-04 21:32:57.135 +01:00 [INF] Route matched with {action = "Create", controller = "UserAPI"}. Executing controller action with signature System.Threading.Tasks.Task`1[Microsoft.AspNetCore.Mvc.IActionResult] Create(systemOut.DTOs.UserDto) on controller systemOut.Controllers.UserAPIController (api).
2024-11-04 21:32:57.141 +01:00 [INF] Executing CreatedAtActionResult, writing value of type 'systemOut.Models.User'.
2024-11-04 21:32:57.141 +01:00 [INF] Executed action systemOut.Controllers.UserAPIController.Create (api) in 5.8127ms
2024-11-04 21:32:57.141 +01:00 [INF] Executed endpoint 'systemOut.Controllers.UserAPIController.Create (api)'
2024-11-04 21:32:57.141 +01:00 [INF] Request finished HTTP/2 POST https://localhost:7285/api/userapi/create - 201 116 application/json; charset=utf-8 7.5402ms
2024-11-04 21:34:33.647 +01:00 [INF] Request starting HTTP/2 GET https://localhost:7285/api/userapi/userlist - null null
2024-11-04 21:34:33.649 +01:00 [INF] CORS policy execution successful.
2024-11-04 21:34:33.650 +01:00 [INF] Executing endpoint 'systemOut.Controllers.UserAPIController.UserList (api)'
2024-11-04 21:34:33.650 +01:00 [INF] Route matched with {action = "UserList", controller = "UserAPI"}. Executing controller action with signature System.Threading.Tasks.Task`1[Microsoft.AspNetCore.Mvc.IActionResult] UserList() on controller systemOut.Controllers.UserAPIController (api).
2024-11-04 21:34:33.653 +01:00 [INF] Executing OkObjectResult, writing value of type 'System.Linq.Enumerable+SelectListIterator`2[[systemOut.Models.User, api, Version=1.0.0.0, Culture=neutral, PublicKeyToken=null],[systemOut.DTOs.UserDto, api, Version=1.0.0.0, Culture=neutral, PublicKeyToken=null]]'.
2024-11-04 21:34:33.653 +01:00 [INF] Executed action systemOut.Controllers.UserAPIController.UserList (api) in 2.6944ms
2024-11-04 21:34:33.653 +01:00 [INF] Executed endpoint 'systemOut.Controllers.UserAPIController.UserList (api)'
2024-11-04 21:34:33.653 +01:00 [INF] Request finished HTTP/2 GET https://localhost:7285/api/userapi/userlist - 200 293 application/json; charset=utf-8 6.3623ms
2024-11-04 21:34:33.669 +01:00 [INF] Request starting HTTP/2 GET https://localhost:7285/api/userapi/userlist - null null
2024-11-04 21:34:33.670 +01:00 [INF] CORS policy execution successful.
2024-11-04 21:34:33.670 +01:00 [INF] Executing endpoint 'systemOut.Controllers.UserAPIController.UserList (api)'
2024-11-04 21:34:33.670 +01:00 [INF] Route matched with {action = "UserList", controller = "UserAPI"}. Executing controller action with signature System.Threading.Tasks.Task`1[Microsoft.AspNetCore.Mvc.IActionResult] UserList() on controller systemOut.Controllers.UserAPIController (api).
2024-11-04 21:34:33.672 +01:00 [INF] Executing OkObjectResult, writing value of type 'System.Linq.Enumerable+SelectListIterator`2[[systemOut.Models.User, api, Version=1.0.0.0, Culture=neutral, PublicKeyToken=null],[systemOut.DTOs.UserDto, api, Version=1.0.0.0, Culture=neutral, PublicKeyToken=null]]'.
2024-11-04 21:34:33.672 +01:00 [INF] Executed action systemOut.Controllers.UserAPIController.UserList (api) in 2.4517ms
2024-11-04 21:34:33.672 +01:00 [INF] Executed endpoint 'systemOut.Controllers.UserAPIController.UserList (api)'
2024-11-04 21:34:33.672 +01:00 [INF] Request finished HTTP/2 GET https://localhost:7285/api/userapi/userlist - 200 293 application/json; charset=utf-8 2.9601ms
2024-11-04 21:37:33.385 +01:00 [INF] Request starting HTTP/2 GET https://localhost:7285/swagger/ - null null
2024-11-04 21:37:33.386 +01:00 [INF] Request finished HTTP/2 GET https://localhost:7285/swagger/ - 301 0 null 0.6434ms
2024-11-04 21:37:33.389 +01:00 [INF] Request starting HTTP/2 GET https://localhost:7285/swagger/index.html - null null
2024-11-04 21:37:33.432 +01:00 [INF] Request finished HTTP/2 GET https://localhost:7285/swagger/index.html - 200 null text/html;charset=utf-8 43.0255ms
2024-11-04 21:37:33.456 +01:00 [INF] Request starting HTTP/2 GET https://localhost:7285/swagger/swagger-ui.css - null null
2024-11-04 21:37:33.456 +01:00 [INF] Request starting HTTP/2 GET https://localhost:7285/swagger/swagger-ui-bundle.js - null null
2024-11-04 21:37:33.456 +01:00 [INF] Request starting HTTP/2 GET https://localhost:7285/swagger/swagger-ui-standalone-preset.js - null null
2024-11-04 21:37:33.477 +01:00 [INF] Sending file. Request path: '/swagger-ui.css'. Physical path: 'N/A'
2024-11-04 21:37:33.477 +01:00 [INF] Request finished HTTP/2 GET https://localhost:7285/swagger/swagger-ui.css - 200 143943 text/css 21.6562ms
2024-11-04 21:37:33.483 +01:00 [INF] Sending file. Request path: '/swagger-ui-standalone-preset.js'. Physical path: 'N/A'
2024-11-04 21:37:33.483 +01:00 [INF] Request finished HTTP/2 GET https://localhost:7285/swagger/swagger-ui-standalone-preset.js - 200 339486 text/javascript 26.6609ms
2024-11-04 21:37:33.492 +01:00 [INF] Sending file. Request path: '/swagger-ui-bundle.js'. Physical path: 'N/A'
2024-11-04 21:37:33.492 +01:00 [INF] Request finished HTTP/2 GET https://localhost:7285/swagger/swagger-ui-bundle.js - 200 1096145 text/javascript 35.8515ms
2024-11-04 21:37:33.582 +01:00 [INF] Request starting HTTP/2 GET https://localhost:7285/swagger/favicon-16x16.png - null null
2024-11-04 21:37:33.582 +01:00 [INF] Sending file. Request path: '/favicon-16x16.png'. Physical path: 'N/A'
2024-11-04 21:37:33.582 +01:00 [INF] Request finished HTTP/2 GET https://localhost:7285/swagger/favicon-16x16.png - 200 665 image/png 0.3546ms
2024-11-04 21:37:33.607 +01:00 [INF] Request starting HTTP/2 GET https://localhost:7285/swagger/v1/swagger.json - null null
2024-11-04 21:37:33.673 +01:00 [INF] Request finished HTTP/2 GET https://localhost:7285/swagger/v1/swagger.json - 200 null application/json;charset=utf-8 65.9935ms
