2024-10-30 14:15:57.593 +01:00 [WRN] The ASP.NET Core developer certificate is not trusted. For information about trusting the ASP.NET Core developer certificate, see https://aka.ms/aspnet/https-trust-dev-cert.
2024-10-30 14:15:57.631 +01:00 [INF] Now listening on: https://localhost:7285
2024-10-30 14:15:57.632 +01:00 [INF] Now listening on: http://localhost:5269
2024-10-30 14:15:57.636 +01:00 [INF] Application started. Press Ctrl+C to shut down.
2024-10-30 14:15:57.638 +01:00 [INF] Hosting environment: Development
2024-10-30 14:15:57.639 +01:00 [INF] Content root path: C:\Users\Per\Desktop\ReactBranch\ITPE3200-React\api
2024-10-30 14:15:58.860 +01:00 [INF] Request starting HTTP/2 GET https://localhost:7285/ - null null
2024-10-30 14:15:58.896 +01:00 [INF] Request finished HTTP/2 GET https://localhost:7285/ - 404 0 null 36.8807ms
2024-10-30 14:15:58.902 +01:00 [INF] Request reached the end of the middleware pipeline without being handled by application code. Request path: GET https://localhost:7285/, Response status code: 404
2024-10-30 14:15:59.076 +01:00 [INF] Request starting HTTP/2 GET https://localhost:7285/favicon.ico - null null
2024-10-30 14:15:59.083 +01:00 [INF] Request finished HTTP/2 GET https://localhost:7285/favicon.ico - 499 null null 7.2395ms
2024-10-30 14:15:59.084 +01:00 [INF] Request reached the end of the middleware pipeline without being handled by application code. Request path: GET https://localhost:7285/favicon.ico, Response status code: 499
2024-10-30 14:16:06.614 +01:00 [INF] Request starting HTTP/2 GET https://localhost:7285/swagger/index.html - null null
2024-10-30 14:16:06.662 +01:00 [INF] Request finished HTTP/2 GET https://localhost:7285/swagger/index.html - 200 null text/html;charset=utf-8 47.4291ms
2024-10-30 14:16:06.685 +01:00 [INF] Request starting HTTP/2 GET https://localhost:7285/swagger/swagger-ui.css - null null
2024-10-30 14:16:06.694 +01:00 [INF] Sending file. Request path: '/swagger-ui.css'. Physical path: 'N/A'
2024-10-30 14:16:06.694 +01:00 [INF] Request finished HTTP/2 GET https://localhost:7285/swagger/swagger-ui.css - 499 143943 text/css 8.6882ms
2024-10-30 14:16:06.739 +01:00 [INF] Request starting HTTP/2 GET https://localhost:7285/swagger/favicon-16x16.png - null null
2024-10-30 14:16:06.740 +01:00 [INF] Sending file. Request path: '/favicon-16x16.png'. Physical path: 'N/A'
2024-10-30 14:16:06.740 +01:00 [INF] Request finished HTTP/2 GET https://localhost:7285/swagger/favicon-16x16.png - 499 665 image/png 1.1511ms
2024-10-30 14:16:06.761 +01:00 [INF] Request starting HTTP/2 GET https://localhost:7285/swagger/v1/swagger.json - null null
2024-10-30 14:16:06.817 +01:00 [INF] Request finished HTTP/2 GET https://localhost:7285/swagger/v1/swagger.json - 200 null application/json;charset=utf-8 55.5869ms
2024-10-30 14:16:10.579 +01:00 [INF] Request starting HTTP/2 GET https://localhost:7285/api/(controller)/userList - null null
2024-10-30 14:16:10.581 +01:00 [INF] Executing endpoint 'systemOut.Controllers.UserAPIController.UserList (api)'
2024-10-30 14:16:10.595 +01:00 [INF] Route matched with {action = "UserList", controller = "UserAPI"}. Executing controller action with signature System.Threading.Tasks.Task`1[Microsoft.AspNetCore.Mvc.IActionResult] UserList() on controller systemOut.Controllers.UserAPIController (api).
2024-10-30 14:16:10.755 +01:00 [INF] Executing OkObjectResult, writing value of type 'System.Linq.Enumerable+SelectListIterator`2[[systemOut.Models.User, api, Version=1.0.0.0, Culture=neutral, PublicKeyToken=null],[systemOut.DTOs.UserDto, api, Version=1.0.0.0, Culture=neutral, PublicKeyToken=null]]'.
2024-10-30 14:16:10.826 +01:00 [INF] Executed action systemOut.Controllers.UserAPIController.UserList (api) in 228.436ms
2024-10-30 14:16:10.826 +01:00 [INF] Executed endpoint 'systemOut.Controllers.UserAPIController.UserList (api)'
2024-10-30 14:16:10.833 +01:00 [INF] Request finished HTTP/2 GET https://localhost:7285/api/(controller)/userList - 200 145 application/json; charset=utf-8 253.7646ms
2024-10-30 14:16:50.439 +01:00 [INF] Request starting HTTP/2 GET https://localhost:7285/api/userapi/userlist - null null
2024-10-30 14:16:50.441 +01:00 [INF] Request finished HTTP/2 GET https://localhost:7285/api/userapi/userlist - 404 0 null 3.0551ms
2024-10-30 14:16:50.441 +01:00 [INF] Request reached the end of the middleware pipeline without being handled by application code. Request path: GET https://localhost:7285/api/userapi/userlist, Response status code: 404
2024-10-30 14:18:12.155 +01:00 [INF] Request starting HTTP/2 GET https://localhost:7285/api/user/userlist - null null
2024-10-30 14:18:12.156 +01:00 [INF] Request finished HTTP/2 GET https://localhost:7285/api/user/userlist - 404 0 null 0.3303ms
2024-10-30 14:18:12.156 +01:00 [INF] Request reached the end of the middleware pipeline without being handled by application code. Request path: GET https://localhost:7285/api/user/userlist, Response status code: 404
2024-10-30 14:18:22.399 +01:00 [INF] Request starting HTTP/2 GET https://localhost:7285/api/(controller)/userlist - null null
2024-10-30 14:18:22.399 +01:00 [INF] Executing endpoint 'systemOut.Controllers.UserAPIController.UserList (api)'
2024-10-30 14:18:22.400 +01:00 [INF] Route matched with {action = "UserList", controller = "UserAPI"}. Executing controller action with signature System.Threading.Tasks.Task`1[Microsoft.AspNetCore.Mvc.IActionResult] UserList() on controller systemOut.Controllers.UserAPIController (api).
2024-10-30 14:18:22.449 +01:00 [INF] Executing OkObjectResult, writing value of type 'System.Linq.Enumerable+SelectListIterator`2[[systemOut.Models.User, api, Version=1.0.0.0, Culture=neutral, PublicKeyToken=null],[systemOut.DTOs.UserDto, api, Version=1.0.0.0, Culture=neutral, PublicKeyToken=null]]'.
2024-10-30 14:18:22.449 +01:00 [INF] Executed action systemOut.Controllers.UserAPIController.UserList (api) in 49.7312ms
2024-10-30 14:18:22.449 +01:00 [INF] Executed endpoint 'systemOut.Controllers.UserAPIController.UserList (api)'
2024-10-30 14:18:22.450 +01:00 [INF] Request finished HTTP/2 GET https://localhost:7285/api/(controller)/userlist - 200 145 application/json; charset=utf-8 50.8309ms
