2024-11-05 17:51:34.573 +01:00 [WRN] The ASP.NET Core developer certificate is not trusted. For information about trusting the ASP.NET Core developer certificate, see https://aka.ms/aspnet/https-trust-dev-cert.
2024-11-05 17:51:34.616 +01:00 [INF] Now listening on: https://localhost:7285
2024-11-05 17:51:34.618 +01:00 [INF] Now listening on: http://localhost:5269
2024-11-05 17:51:34.622 +01:00 [INF] Application started. Press Ctrl+C to shut down.
2024-11-05 17:51:34.624 +01:00 [INF] Hosting environment: Development
2024-11-05 17:51:34.625 +01:00 [INF] Content root path: C:\Users\Per\Desktop\ReactBranch\ITPE3200-React\api
2024-11-05 17:51:34.943 +01:00 [INF] Request starting HTTP/2 GET https://localhost:7285/ - null null
2024-11-05 17:51:34.974 +01:00 [INF] Request finished HTTP/2 GET https://localhost:7285/ - 404 0 null 32.7447ms
2024-11-05 17:51:34.981 +01:00 [INF] Request reached the end of the middleware pipeline without being handled by application code. Request path: GET https://localhost:7285/, Response status code: 404
2024-11-05 17:51:49.862 +01:00 [INF] Request starting HTTP/2 GET https://localhost:7285/images/bruker3/bruker3.jpg - null null
2024-11-05 17:51:49.912 +01:00 [INF] Sending file. Request path: '/images/bruker3/bruker3.jpg'. Physical path: 'C:\Users\Per\Desktop\ReactBranch\ITPE3200-React\api\wwwroot\images\bruker3\bruker3.jpg'
2024-11-05 17:51:49.914 +01:00 [INF] Request finished HTTP/2 GET https://localhost:7285/images/bruker3/bruker3.jpg - 200 651609 image/jpeg 51.6796ms
2024-11-05 17:52:22.859 +01:00 [INF] Request starting HTTP/2 GET https://localhost:7285/api/userapi/userlist - null null
2024-11-05 17:52:22.859 +01:00 [INF] Request starting HTTP/2 GET https://localhost:7285/api/userapi/userlist - null null
2024-11-05 17:52:22.892 +01:00 [INF] CORS policy execution successful.
2024-11-05 17:52:22.892 +01:00 [INF] CORS policy execution successful.
2024-11-05 17:52:22.894 +01:00 [INF] Executing endpoint 'systemOut.Controllers.UserAPIController.UserList (api)'
2024-11-05 17:52:22.894 +01:00 [INF] Executing endpoint 'systemOut.Controllers.UserAPIController.UserList (api)'
2024-11-05 17:52:22.920 +01:00 [INF] Route matched with {action = "UserList", controller = "UserAPI"}. Executing controller action with signature System.Threading.Tasks.Task`1[Microsoft.AspNetCore.Mvc.IActionResult] UserList() on controller systemOut.Controllers.UserAPIController (api).
2024-11-05 17:52:22.920 +01:00 [INF] Route matched with {action = "UserList", controller = "UserAPI"}. Executing controller action with signature System.Threading.Tasks.Task`1[Microsoft.AspNetCore.Mvc.IActionResult] UserList() on controller systemOut.Controllers.UserAPIController (api).
2024-11-05 17:52:23.093 +01:00 [INF] Executing OkObjectResult, writing value of type 'System.Linq.Enumerable+SelectListIterator`2[[systemOut.Models.User, api, Version=1.0.0.0, Culture=neutral, PublicKeyToken=null],[systemOut.DTOs.UserDto, api, Version=1.0.0.0, Culture=neutral, PublicKeyToken=null]]'.
2024-11-05 17:52:23.093 +01:00 [INF] Executing OkObjectResult, writing value of type 'System.Linq.Enumerable+SelectListIterator`2[[systemOut.Models.User, api, Version=1.0.0.0, Culture=neutral, PublicKeyToken=null],[systemOut.DTOs.UserDto, api, Version=1.0.0.0, Culture=neutral, PublicKeyToken=null]]'.
2024-11-05 17:52:23.175 +01:00 [INF] Executed action systemOut.Controllers.UserAPIController.UserList (api) in 252.7671ms
2024-11-05 17:52:23.175 +01:00 [INF] Executed action systemOut.Controllers.UserAPIController.UserList (api) in 252.7633ms
2024-11-05 17:52:23.175 +01:00 [INF] Executed endpoint 'systemOut.Controllers.UserAPIController.UserList (api)'
2024-11-05 17:52:23.175 +01:00 [INF] Executed endpoint 'systemOut.Controllers.UserAPIController.UserList (api)'
2024-11-05 17:52:23.181 +01:00 [INF] Request finished HTTP/2 GET https://localhost:7285/api/userapi/userlist - 200 219 application/json; charset=utf-8 321.9937ms
2024-11-05 17:52:23.181 +01:00 [INF] Request finished HTTP/2 GET https://localhost:7285/api/userapi/userlist - 200 219 application/json; charset=utf-8 322.4042ms
2024-11-05 17:52:26.993 +01:00 [INF] Request starting HTTP/2 GET https://localhost:7285/api/userapi/6 - null null
2024-11-05 17:52:26.993 +01:00 [INF] Request starting HTTP/2 GET https://localhost:7285/api/userapi/6 - null null
2024-11-05 17:52:26.995 +01:00 [INF] CORS policy execution successful.
2024-11-05 17:52:26.995 +01:00 [INF] CORS policy execution successful.
2024-11-05 17:52:26.995 +01:00 [INF] Executing endpoint 'systemOut.Controllers.UserAPIController.GetUser (api)'
2024-11-05 17:52:26.995 +01:00 [INF] Executing endpoint 'systemOut.Controllers.UserAPIController.GetUser (api)'
2024-11-05 17:52:27.003 +01:00 [INF] Route matched with {action = "GetUser", controller = "UserAPI"}. Executing controller action with signature System.Threading.Tasks.Task`1[Microsoft.AspNetCore.Mvc.IActionResult] GetUser(Int32) on controller systemOut.Controllers.UserAPIController (api).
2024-11-05 17:52:27.003 +01:00 [INF] Route matched with {action = "GetUser", controller = "UserAPI"}. Executing controller action with signature System.Threading.Tasks.Task`1[Microsoft.AspNetCore.Mvc.IActionResult] GetUser(Int32) on controller systemOut.Controllers.UserAPIController (api).
2024-11-05 17:52:27.095 +01:00 [INF] Executing OkObjectResult, writing value of type 'Castle.Proxies.UserProxy'.
2024-11-05 17:52:27.095 +01:00 [INF] Executing OkObjectResult, writing value of type 'Castle.Proxies.UserProxy'.
2024-11-05 17:52:27.177 +01:00 [INF] Executed action systemOut.Controllers.UserAPIController.GetUser (api) in 173.4751ms
2024-11-05 17:52:27.177 +01:00 [INF] Executed action systemOut.Controllers.UserAPIController.GetUser (api) in 173.5207ms
2024-11-05 17:52:27.177 +01:00 [INF] Executed endpoint 'systemOut.Controllers.UserAPIController.GetUser (api)'
2024-11-05 17:52:27.177 +01:00 [INF] Executed endpoint 'systemOut.Controllers.UserAPIController.GetUser (api)'
2024-11-05 17:52:27.177 +01:00 [INF] Request finished HTTP/2 GET https://localhost:7285/api/userapi/6 - 200 110 application/json; charset=utf-8 184.0319ms
2024-11-05 17:52:27.177 +01:00 [INF] Request finished HTTP/2 GET https://localhost:7285/api/userapi/6 - 200 110 application/json; charset=utf-8 183.7577ms
2024-11-05 17:52:39.262 +01:00 [INF] Request starting HTTP/2 OPTIONS https://localhost:7285/api/userapi/update/6 - null null
2024-11-05 17:52:39.262 +01:00 [INF] CORS policy execution successful.
2024-11-05 17:52:39.263 +01:00 [INF] Request finished HTTP/2 OPTIONS https://localhost:7285/api/userapi/update/6 - 204 null null 1.0935ms
2024-11-05 17:52:39.264 +01:00 [INF] Request starting HTTP/2 PUT https://localhost:7285/api/userapi/update/6 - application/json 73
2024-11-05 17:52:39.265 +01:00 [INF] CORS policy execution successful.
2024-11-05 17:52:39.265 +01:00 [INF] Executing endpoint 'systemOut.Controllers.UserAPIController.Update (api)'
2024-11-05 17:52:39.268 +01:00 [INF] Route matched with {action = "Update", controller = "UserAPI"}. Executing controller action with signature System.Threading.Tasks.Task`1[Microsoft.AspNetCore.Mvc.IActionResult] Update(Int32, systemOut.DTOs.UserDto) on controller systemOut.Controllers.UserAPIController (api).
2024-11-05 17:52:39.350 +01:00 [INF] Executing OkObjectResult, writing value of type 'Castle.Proxies.UserProxy'.
2024-11-05 17:52:39.355 +01:00 [INF] Executed action systemOut.Controllers.UserAPIController.Update (api) in 87.3101ms
2024-11-05 17:52:39.355 +01:00 [INF] Executed endpoint 'systemOut.Controllers.UserAPIController.Update (api)'
2024-11-05 17:52:39.355 +01:00 [INF] Request finished HTTP/2 PUT https://localhost:7285/api/userapi/update/6 - 200 110 application/json; charset=utf-8 91.0263ms
2024-11-05 17:52:39.366 +01:00 [INF] Request starting HTTP/2 GET https://localhost:7285/api/userapi/userlist - null null
2024-11-05 17:52:39.366 +01:00 [INF] Request starting HTTP/2 GET https://localhost:7285/api/userapi/userlist - null null
2024-11-05 17:52:39.366 +01:00 [INF] CORS policy execution successful.
2024-11-05 17:52:39.366 +01:00 [INF] Executing endpoint 'systemOut.Controllers.UserAPIController.UserList (api)'
2024-11-05 17:52:39.366 +01:00 [INF] CORS policy execution successful.
2024-11-05 17:52:39.367 +01:00 [INF] Executing endpoint 'systemOut.Controllers.UserAPIController.UserList (api)'
2024-11-05 17:52:39.367 +01:00 [INF] Route matched with {action = "UserList", controller = "UserAPI"}. Executing controller action with signature System.Threading.Tasks.Task`1[Microsoft.AspNetCore.Mvc.IActionResult] UserList() on controller systemOut.Controllers.UserAPIController (api).
2024-11-05 17:52:39.367 +01:00 [INF] Route matched with {action = "UserList", controller = "UserAPI"}. Executing controller action with signature System.Threading.Tasks.Task`1[Microsoft.AspNetCore.Mvc.IActionResult] UserList() on controller systemOut.Controllers.UserAPIController (api).
2024-11-05 17:52:39.370 +01:00 [INF] Executing OkObjectResult, writing value of type 'System.Linq.Enumerable+SelectListIterator`2[[systemOut.Models.User, api, Version=1.0.0.0, Culture=neutral, PublicKeyToken=null],[systemOut.DTOs.UserDto, api, Version=1.0.0.0, Culture=neutral, PublicKeyToken=null]]'.
2024-11-05 17:52:39.370 +01:00 [INF] Executing OkObjectResult, writing value of type 'System.Linq.Enumerable+SelectListIterator`2[[systemOut.Models.User, api, Version=1.0.0.0, Culture=neutral, PublicKeyToken=null],[systemOut.DTOs.UserDto, api, Version=1.0.0.0, Culture=neutral, PublicKeyToken=null]]'.
2024-11-05 17:52:39.370 +01:00 [INF] Executed action systemOut.Controllers.UserAPIController.UserList (api) in 3.3241ms
2024-11-05 17:52:39.370 +01:00 [INF] Executed endpoint 'systemOut.Controllers.UserAPIController.UserList (api)'
2024-11-05 17:52:39.370 +01:00 [INF] Executed action systemOut.Controllers.UserAPIController.UserList (api) in 3.3809ms
2024-11-05 17:52:39.370 +01:00 [INF] Executed endpoint 'systemOut.Controllers.UserAPIController.UserList (api)'
2024-11-05 17:52:39.370 +01:00 [INF] Request finished HTTP/2 GET https://localhost:7285/api/userapi/userlist - 200 219 application/json; charset=utf-8 4.042ms
2024-11-05 17:52:39.370 +01:00 [INF] Request finished HTTP/2 GET https://localhost:7285/api/userapi/userlist - 200 219 application/json; charset=utf-8 4.3217ms
2024-11-05 17:52:45.915 +01:00 [INF] Request starting HTTP/2 OPTIONS https://localhost:7285/api/userapi/delete/6 - null null
2024-11-05 17:52:45.915 +01:00 [INF] CORS policy execution successful.
2024-11-05 17:52:45.915 +01:00 [INF] Request finished HTTP/2 OPTIONS https://localhost:7285/api/userapi/delete/6 - 204 null null 0.3144ms
2024-11-05 17:52:45.919 +01:00 [INF] Request starting HTTP/2 DELETE https://localhost:7285/api/userapi/delete/6 - null null
2024-11-05 17:52:45.920 +01:00 [INF] CORS policy execution successful.
2024-11-05 17:52:45.920 +01:00 [INF] Executing endpoint 'systemOut.Controllers.UserAPIController.DeleteConfirmed (api)'
2024-11-05 17:52:45.922 +01:00 [INF] Route matched with {action = "DeleteConfirmed", controller = "UserAPI"}. Executing controller action with signature System.Threading.Tasks.Task`1[Microsoft.AspNetCore.Mvc.IActionResult] DeleteConfirmed(Int32) on controller systemOut.Controllers.UserAPIController (api).
2024-11-05 17:52:45.943 +01:00 [INF] Executing StatusCodeResult, setting HTTP status code 204
2024-11-05 17:52:45.943 +01:00 [INF] Executed action systemOut.Controllers.UserAPIController.DeleteConfirmed (api) in 21.3351ms
2024-11-05 17:52:45.943 +01:00 [INF] Executed endpoint 'systemOut.Controllers.UserAPIController.DeleteConfirmed (api)'
2024-11-05 17:52:45.943 +01:00 [INF] Request finished HTTP/2 DELETE https://localhost:7285/api/userapi/delete/6 - 204 null null 24.1733ms
2024-11-05 17:56:24.056 +01:00 [INF] Request starting HTTP/2 OPTIONS https://localhost:7285/api/userapi/create - null null
2024-11-05 17:56:24.058 +01:00 [INF] CORS policy execution successful.
2024-11-05 17:56:24.059 +01:00 [INF] Request finished HTTP/2 OPTIONS https://localhost:7285/api/userapi/create - 204 null null 3.2293ms
2024-11-05 17:56:24.061 +01:00 [INF] Request starting HTTP/2 POST https://localhost:7285/api/userapi/create - application/json 62
2024-11-05 17:56:24.061 +01:00 [INF] CORS policy execution successful.
2024-11-05 17:56:24.061 +01:00 [INF] Executing endpoint 'systemOut.Controllers.UserAPIController.Create (api)'
2024-11-05 17:56:24.063 +01:00 [INF] Route matched with {action = "Create", controller = "UserAPI"}. Executing controller action with signature System.Threading.Tasks.Task`1[Microsoft.AspNetCore.Mvc.IActionResult] Create(systemOut.DTOs.UserDto) on controller systemOut.Controllers.UserAPIController (api).
2024-11-05 17:56:24.097 +01:00 [INF] Executing CreatedAtActionResult, writing value of type 'systemOut.Models.User'.
2024-11-05 17:56:24.112 +01:00 [INF] Executed action systemOut.Controllers.UserAPIController.Create (api) in 48.9467ms
2024-11-05 17:56:24.112 +01:00 [INF] Executed endpoint 'systemOut.Controllers.UserAPIController.Create (api)'
2024-11-05 17:56:24.112 +01:00 [INF] Request finished HTTP/2 POST https://localhost:7285/api/userapi/create - 201 116 application/json; charset=utf-8 51.7382ms
2024-11-05 17:56:24.126 +01:00 [INF] Request starting HTTP/2 GET https://localhost:7285/api/userapi/userlist - null null
2024-11-05 17:56:24.126 +01:00 [INF] CORS policy execution successful.
2024-11-05 17:56:24.127 +01:00 [INF] Executing endpoint 'systemOut.Controllers.UserAPIController.UserList (api)'
2024-11-05 17:56:24.127 +01:00 [INF] Route matched with {action = "UserList", controller = "UserAPI"}. Executing controller action with signature System.Threading.Tasks.Task`1[Microsoft.AspNetCore.Mvc.IActionResult] UserList() on controller systemOut.Controllers.UserAPIController (api).
2024-11-05 17:56:24.129 +01:00 [INF] Executing OkObjectResult, writing value of type 'System.Linq.Enumerable+SelectListIterator`2[[systemOut.Models.User, api, Version=1.0.0.0, Culture=neutral, PublicKeyToken=null],[systemOut.DTOs.UserDto, api, Version=1.0.0.0, Culture=neutral, PublicKeyToken=null]]'.
2024-11-05 17:56:24.129 +01:00 [INF] Executed action systemOut.Controllers.UserAPIController.UserList (api) in 2.3522ms
2024-11-05 17:56:24.129 +01:00 [INF] Executed endpoint 'systemOut.Controllers.UserAPIController.UserList (api)'
2024-11-05 17:56:24.129 +01:00 [INF] Request finished HTTP/2 GET https://localhost:7285/api/userapi/userlist - 200 219 application/json; charset=utf-8 2.8271ms
2024-11-05 17:56:24.131 +01:00 [INF] Request starting HTTP/2 GET https://localhost:7285/api/userapi/userlist - null null
2024-11-05 17:56:24.131 +01:00 [INF] CORS policy execution successful.
2024-11-05 17:56:24.131 +01:00 [INF] Executing endpoint 'systemOut.Controllers.UserAPIController.UserList (api)'
2024-11-05 17:56:24.131 +01:00 [INF] Route matched with {action = "UserList", controller = "UserAPI"}. Executing controller action with signature System.Threading.Tasks.Task`1[Microsoft.AspNetCore.Mvc.IActionResult] UserList() on controller systemOut.Controllers.UserAPIController (api).
2024-11-05 17:56:24.133 +01:00 [INF] Executing OkObjectResult, writing value of type 'System.Linq.Enumerable+SelectListIterator`2[[systemOut.Models.User, api, Version=1.0.0.0, Culture=neutral, PublicKeyToken=null],[systemOut.DTOs.UserDto, api, Version=1.0.0.0, Culture=neutral, PublicKeyToken=null]]'.
2024-11-05 17:56:24.134 +01:00 [INF] Executed action systemOut.Controllers.UserAPIController.UserList (api) in 2.1488ms
2024-11-05 17:56:24.134 +01:00 [INF] Executed endpoint 'systemOut.Controllers.UserAPIController.UserList (api)'
2024-11-05 17:56:24.134 +01:00 [INF] Request finished HTTP/2 GET https://localhost:7285/api/userapi/userlist - 200 219 application/json; charset=utf-8 2.6217ms
2024-11-05 17:56:27.990 +01:00 [INF] Request starting HTTP/2 GET https://localhost:7285/api/userapi/2 - null null
2024-11-05 17:56:27.991 +01:00 [INF] CORS policy execution successful.
2024-11-05 17:56:27.991 +01:00 [INF] Executing endpoint 'systemOut.Controllers.UserAPIController.GetUser (api)'
2024-11-05 17:56:27.991 +01:00 [INF] Route matched with {action = "GetUser", controller = "UserAPI"}. Executing controller action with signature System.Threading.Tasks.Task`1[Microsoft.AspNetCore.Mvc.IActionResult] GetUser(Int32) on controller systemOut.Controllers.UserAPIController (api).
2024-11-05 17:56:27.994 +01:00 [INF] Executing OkObjectResult, writing value of type 'Castle.Proxies.UserProxy'.
2024-11-05 17:56:28.008 +01:00 [INF] Request starting HTTP/2 GET https://localhost:7285/api/userapi/2 - null null
2024-11-05 17:56:28.008 +01:00 [INF] CORS policy execution successful.
2024-11-05 17:56:28.008 +01:00 [INF] Executing endpoint 'systemOut.Controllers.UserAPIController.GetUser (api)'
2024-11-05 17:56:28.008 +01:00 [INF] Route matched with {action = "GetUser", controller = "UserAPI"}. Executing controller action with signature System.Threading.Tasks.Task`1[Microsoft.AspNetCore.Mvc.IActionResult] GetUser(Int32) on controller systemOut.Controllers.UserAPIController (api).
2024-11-05 17:56:28.011 +01:00 [INF] Executing OkObjectResult, writing value of type 'Castle.Proxies.UserProxy'.
2024-11-05 17:56:28.065 +01:00 [INF] Executed action systemOut.Controllers.UserAPIController.GetUser (api) in 57.1445ms
2024-11-05 17:56:28.066 +01:00 [INF] Executed endpoint 'systemOut.Controllers.UserAPIController.GetUser (api)'
2024-11-05 17:56:28.066 +01:00 [INF] Executed action systemOut.Controllers.UserAPIController.GetUser (api) in 75.0824ms
2024-11-05 17:56:28.066 +01:00 [INF] Request finished HTTP/2 GET https://localhost:7285/api/userapi/2 - 200 1074 application/json; charset=utf-8 57.857ms
2024-11-05 17:56:28.066 +01:00 [INF] Executed endpoint 'systemOut.Controllers.UserAPIController.GetUser (api)'
2024-11-05 17:56:28.066 +01:00 [INF] Request finished HTTP/2 GET https://localhost:7285/api/userapi/2 - 200 1074 application/json; charset=utf-8 75.7574ms
2024-11-05 17:56:39.011 +01:00 [INF] Request starting HTTP/2 OPTIONS https://localhost:7285/api/userapi/update/2 - null null
2024-11-05 17:56:39.011 +01:00 [INF] CORS policy execution successful.
2024-11-05 17:56:39.011 +01:00 [INF] Request finished HTTP/2 OPTIONS https://localhost:7285/api/userapi/update/2 - 204 null null 0.2898ms
2024-11-05 17:56:39.012 +01:00 [INF] Request starting HTTP/2 PUT https://localhost:7285/api/userapi/update/2 - application/json 71
2024-11-05 17:56:39.012 +01:00 [INF] CORS policy execution successful.
2024-11-05 17:56:39.012 +01:00 [INF] Executing endpoint 'systemOut.Controllers.UserAPIController.Update (api)'
2024-11-05 17:56:39.012 +01:00 [INF] Route matched with {action = "Update", controller = "UserAPI"}. Executing controller action with signature System.Threading.Tasks.Task`1[Microsoft.AspNetCore.Mvc.IActionResult] Update(Int32, systemOut.DTOs.UserDto) on controller systemOut.Controllers.UserAPIController (api).
2024-11-05 17:56:39.018 +01:00 [INF] Executing OkObjectResult, writing value of type 'Castle.Proxies.UserProxy'.
2024-11-05 17:56:39.026 +01:00 [INF] Executed action systemOut.Controllers.UserAPIController.Update (api) in 13.145ms
2024-11-05 17:56:39.026 +01:00 [INF] Executed endpoint 'systemOut.Controllers.UserAPIController.Update (api)'
2024-11-05 17:56:39.026 +01:00 [INF] Request finished HTTP/2 PUT https://localhost:7285/api/userapi/update/2 - 200 1074 application/json; charset=utf-8 13.5841ms
2024-11-05 17:56:39.036 +01:00 [INF] Request starting HTTP/2 GET https://localhost:7285/api/userapi/userlist - null null
2024-11-05 17:56:39.036 +01:00 [INF] CORS policy execution successful.
2024-11-05 17:56:39.037 +01:00 [INF] Executing endpoint 'systemOut.Controllers.UserAPIController.UserList (api)'
2024-11-05 17:56:39.037 +01:00 [INF] Route matched with {action = "UserList", controller = "UserAPI"}. Executing controller action with signature System.Threading.Tasks.Task`1[Microsoft.AspNetCore.Mvc.IActionResult] UserList() on controller systemOut.Controllers.UserAPIController (api).
2024-11-05 17:56:39.039 +01:00 [INF] Executing OkObjectResult, writing value of type 'System.Linq.Enumerable+SelectListIterator`2[[systemOut.Models.User, api, Version=1.0.0.0, Culture=neutral, PublicKeyToken=null],[systemOut.DTOs.UserDto, api, Version=1.0.0.0, Culture=neutral, PublicKeyToken=null]]'.
2024-11-05 17:56:39.039 +01:00 [INF] Executed action systemOut.Controllers.UserAPIController.UserList (api) in 2.401ms
2024-11-05 17:56:39.039 +01:00 [INF] Executed endpoint 'systemOut.Controllers.UserAPIController.UserList (api)'
2024-11-05 17:56:39.039 +01:00 [INF] Request finished HTTP/2 GET https://localhost:7285/api/userapi/userlist - 200 219 application/json; charset=utf-8 2.8534ms
2024-11-05 17:56:39.041 +01:00 [INF] Request starting HTTP/2 GET https://localhost:7285/api/userapi/userlist - null null
2024-11-05 17:56:39.041 +01:00 [INF] CORS policy execution successful.
2024-11-05 17:56:39.041 +01:00 [INF] Executing endpoint 'systemOut.Controllers.UserAPIController.UserList (api)'
2024-11-05 17:56:39.041 +01:00 [INF] Route matched with {action = "UserList", controller = "UserAPI"}. Executing controller action with signature System.Threading.Tasks.Task`1[Microsoft.AspNetCore.Mvc.IActionResult] UserList() on controller systemOut.Controllers.UserAPIController (api).
2024-11-05 17:56:39.043 +01:00 [INF] Executing OkObjectResult, writing value of type 'System.Linq.Enumerable+SelectListIterator`2[[systemOut.Models.User, api, Version=1.0.0.0, Culture=neutral, PublicKeyToken=null],[systemOut.DTOs.UserDto, api, Version=1.0.0.0, Culture=neutral, PublicKeyToken=null]]'.
2024-11-05 17:56:39.043 +01:00 [INF] Executed action systemOut.Controllers.UserAPIController.UserList (api) in 1.9186ms
2024-11-05 17:56:39.043 +01:00 [INF] Executed endpoint 'systemOut.Controllers.UserAPIController.UserList (api)'
2024-11-05 17:56:39.043 +01:00 [INF] Request finished HTTP/2 GET https://localhost:7285/api/userapi/userlist - 200 219 application/json; charset=utf-8 2.3088ms
2024-11-05 17:56:44.210 +01:00 [INF] Request starting HTTP/2 GET https://localhost:7285/api/userapi/userlist - null null
2024-11-05 17:56:44.210 +01:00 [INF] CORS policy execution successful.
2024-11-05 17:56:44.210 +01:00 [INF] Executing endpoint 'systemOut.Controllers.UserAPIController.UserList (api)'
2024-11-05 17:56:44.210 +01:00 [INF] Route matched with {action = "UserList", controller = "UserAPI"}. Executing controller action with signature System.Threading.Tasks.Task`1[Microsoft.AspNetCore.Mvc.IActionResult] UserList() on controller systemOut.Controllers.UserAPIController (api).
2024-11-05 17:56:44.212 +01:00 [INF] Executing OkObjectResult, writing value of type 'System.Linq.Enumerable+SelectListIterator`2[[systemOut.Models.User, api, Version=1.0.0.0, Culture=neutral, PublicKeyToken=null],[systemOut.DTOs.UserDto, api, Version=1.0.0.0, Culture=neutral, PublicKeyToken=null]]'.
2024-11-05 17:56:44.213 +01:00 [INF] Executed action systemOut.Controllers.UserAPIController.UserList (api) in 2.742ms
2024-11-05 17:56:44.213 +01:00 [INF] Executed endpoint 'systemOut.Controllers.UserAPIController.UserList (api)'
2024-11-05 17:56:44.213 +01:00 [INF] Request finished HTTP/2 GET https://localhost:7285/api/userapi/userlist - 200 219 application/json; charset=utf-8 3.6322ms
2024-11-05 17:56:52.708 +01:00 [INF] Request starting HTTP/2 OPTIONS https://localhost:7285/api/userapi/delete/7 - null null
2024-11-05 17:56:52.708 +01:00 [INF] CORS policy execution successful.
2024-11-05 17:56:52.708 +01:00 [INF] Request finished HTTP/2 OPTIONS https://localhost:7285/api/userapi/delete/7 - 204 null null 0.3276ms
2024-11-05 17:56:52.709 +01:00 [INF] Request starting HTTP/2 DELETE https://localhost:7285/api/userapi/delete/7 - null null
2024-11-05 17:56:52.709 +01:00 [INF] CORS policy execution successful.
2024-11-05 17:56:52.709 +01:00 [INF] Executing endpoint 'systemOut.Controllers.UserAPIController.DeleteConfirmed (api)'
2024-11-05 17:56:52.709 +01:00 [INF] Route matched with {action = "DeleteConfirmed", controller = "UserAPI"}. Executing controller action with signature System.Threading.Tasks.Task`1[Microsoft.AspNetCore.Mvc.IActionResult] DeleteConfirmed(Int32) on controller systemOut.Controllers.UserAPIController (api).
2024-11-05 17:56:52.715 +01:00 [INF] Executing StatusCodeResult, setting HTTP status code 204
2024-11-05 17:56:52.715 +01:00 [INF] Executed action systemOut.Controllers.UserAPIController.DeleteConfirmed (api) in 5.514ms
2024-11-05 17:56:52.715 +01:00 [INF] Executed endpoint 'systemOut.Controllers.UserAPIController.DeleteConfirmed (api)'
2024-11-05 17:56:52.715 +01:00 [INF] Request finished HTTP/2 DELETE https://localhost:7285/api/userapi/delete/7 - 204 null null 5.971ms
