2024-11-04 21:09:42.159 +01:00 [WRN] The ASP.NET Core developer certificate is not trusted. For information about trusting the ASP.NET Core developer certificate, see https://aka.ms/aspnet/https-trust-dev-cert.
2024-11-04 21:09:42.207 +01:00 [INF] Now listening on: https://localhost:7285
2024-11-04 21:09:42.209 +01:00 [INF] Now listening on: http://localhost:5269
2024-11-04 21:09:42.214 +01:00 [INF] Application started. Press Ctrl+C to shut down.
2024-11-04 21:09:42.216 +01:00 [INF] Hosting environment: Development
2024-11-04 21:09:42.218 +01:00 [INF] Content root path: C:\Users\Per\Desktop\ReactBranch\ITPE3200-React\api
2024-11-04 21:09:42.529 +01:00 [INF] Request starting HTTP/2 GET https://localhost:7285/ - null null
2024-11-04 21:09:42.562 +01:00 [INF] Request finished HTTP/2 GET https://localhost:7285/ - 404 0 null 34.3354ms
2024-11-04 21:09:42.569 +01:00 [INF] Request reached the end of the middleware pipeline without being handled by application code. Request path: GET https://localhost:7285/, Response status code: 404
2024-11-04 21:09:42.587 +01:00 [INF] Request starting HTTP/2 GET https://localhost:7285/favicon.ico - null null
2024-11-04 21:09:42.596 +01:00 [INF] Request finished HTTP/2 GET https://localhost:7285/favicon.ico - 499 null null 9.6422ms
2024-11-04 21:09:42.597 +01:00 [INF] Request reached the end of the middleware pipeline without being handled by application code. Request path: GET https://localhost:7285/favicon.ico, Response status code: 499
2024-11-04 21:24:59.125 +01:00 [INF] Request starting HTTP/2 GET https://localhost:7285/api/userapi/create - null null
2024-11-04 21:24:59.129 +01:00 [INF] Executing endpoint '405 HTTP Method Not Supported'
2024-11-04 21:24:59.130 +01:00 [INF] Executed endpoint '405 HTTP Method Not Supported'
2024-11-04 21:24:59.130 +01:00 [INF] Request finished HTTP/2 GET https://localhost:7285/api/userapi/create - 405 0 null 4.406ms
2024-11-04 21:25:04.593 +01:00 [INF] Request starting HTTP/2 GET https://localhost:7285/api/userapi/ - null null
2024-11-04 21:25:04.594 +01:00 [INF] Request finished HTTP/2 GET https://localhost:7285/api/userapi/ - 404 0 null 0.3108ms
2024-11-04 21:25:04.594 +01:00 [INF] Request reached the end of the middleware pipeline without being handled by application code. Request path: GET https://localhost:7285/api/userapi/, Response status code: 404
2024-11-04 21:25:08.528 +01:00 [INF] Request starting HTTP/2 GET https://localhost:7285/api/userapi/userlist - null null
2024-11-04 21:25:08.529 +01:00 [INF] Executing endpoint 'systemOut.Controllers.UserAPIController.UserList (api)'
2024-11-04 21:25:08.551 +01:00 [INF] Route matched with {action = "UserList", controller = "UserAPI"}. Executing controller action with signature System.Threading.Tasks.Task`1[Microsoft.AspNetCore.Mvc.IActionResult] UserList() on controller systemOut.Controllers.UserAPIController (api).
2024-11-04 21:25:08.722 +01:00 [INF] Executing OkObjectResult, writing value of type 'System.Linq.Enumerable+SelectListIterator`2[[systemOut.Models.User, api, Version=1.0.0.0, Culture=neutral, PublicKeyToken=null],[systemOut.DTOs.UserDto, api, Version=1.0.0.0, Culture=neutral, PublicKeyToken=null]]'.
2024-11-04 21:25:08.793 +01:00 [INF] Executed action systemOut.Controllers.UserAPIController.UserList (api) in 239.0721ms
2024-11-04 21:25:08.793 +01:00 [INF] Executed endpoint 'systemOut.Controllers.UserAPIController.UserList (api)'
2024-11-04 21:25:08.799 +01:00 [INF] Request finished HTTP/2 GET https://localhost:7285/api/userapi/userlist - 200 145 application/json; charset=utf-8 270.6826ms
2024-11-04 21:26:34.283 +01:00 [INF] Request starting HTTP/2 GET https://localhost:7285/ - null null
2024-11-04 21:26:34.285 +01:00 [INF] Request finished HTTP/2 GET https://localhost:7285/ - 404 0 null 2.9767ms
2024-11-04 21:26:34.285 +01:00 [INF] Request reached the end of the middleware pipeline without being handled by application code. Request path: GET https://localhost:7285/, Response status code: 404
2024-11-04 21:26:34.304 +01:00 [INF] Request starting HTTP/2 GET https://localhost:7285/favicon.ico - null null
2024-11-04 21:26:34.304 +01:00 [INF] Request finished HTTP/2 GET https://localhost:7285/favicon.ico - 499 null null 0.6759ms
2024-11-04 21:26:34.305 +01:00 [INF] Request reached the end of the middleware pipeline without being handled by application code. Request path: GET https://localhost:7285/favicon.ico, Response status code: 499
