2024-11-29 15:34:29.652 +01:00 [INF] Now listening on: https://localhost:7285
2024-11-29 15:34:29.658 +01:00 [INF] Now listening on: http://localhost:5269
2024-11-29 15:34:29.661 +01:00 [INF] Application started. Press Ctrl+C to shut down.
2024-11-29 15:34:29.662 +01:00 [INF] Hosting environment: Development
2024-11-29 15:34:29.662 +01:00 [INF] Content root path: C:\Users\47477\OneDrive\Skrivebord\ITPE3200\React\ITPE3200-React\api
2024-11-29 15:34:30.097 +01:00 [INF] Request starting HTTP/2 GET https://localhost:7285/ - null null
2024-11-29 15:34:30.146 +01:00 [INF] Request finished HTTP/2 GET https://localhost:7285/ - 404 0 null 51.4818ms
2024-11-29 15:34:30.151 +01:00 [INF] Request reached the end of the middleware pipeline without being handled by application code. Request path: GET https://localhost:7285/, Response status code: 404
2024-11-29 15:35:31.435 +01:00 [INF] Request starting HTTP/2 GET https://localhost:7285/api/imageapi/getimages - null null
2024-11-29 15:35:31.443 +01:00 [INF] CORS policy execution successful.
2024-11-29 15:35:31.446 +01:00 [INF] Executing endpoint 'systemOut.Controllers.ImageAPIController.GetImages (api)'
2024-11-29 15:35:31.467 +01:00 [INF] Route matched with {action = "GetImages", controller = "ImageAPI"}. Executing controller action with signature System.Threading.Tasks.Task`1[Microsoft.AspNetCore.Mvc.IActionResult] GetImages() on controller systemOut.Controllers.ImageAPIController (api).
2024-11-29 15:35:31.693 +01:00 [INF] Executing OkObjectResult, writing value of type 'System.Linq.Enumerable+SelectListIterator`2[[systemOut.Models.Image, api, Version=1.0.0.0, Culture=neutral, PublicKeyToken=null],[systemOut.DTOs.ImageDto, api, Version=1.0.0.0, Culture=neutral, PublicKeyToken=null]]'.
2024-11-29 15:35:31.766 +01:00 [INF] Request starting HTTP/2 GET https://localhost:7285/api/imageapi/getimages - null null
2024-11-29 15:35:31.767 +01:00 [INF] Executed action systemOut.Controllers.ImageAPIController.GetImages (api) in 297.3307ms
2024-11-29 15:35:31.767 +01:00 [INF] Executed endpoint 'systemOut.Controllers.ImageAPIController.GetImages (api)'
2024-11-29 15:35:31.769 +01:00 [INF] CORS policy execution successful.
2024-11-29 15:35:31.770 +01:00 [INF] Executing endpoint 'systemOut.Controllers.ImageAPIController.GetImages (api)'
2024-11-29 15:35:31.770 +01:00 [INF] Route matched with {action = "GetImages", controller = "ImageAPI"}. Executing controller action with signature System.Threading.Tasks.Task`1[Microsoft.AspNetCore.Mvc.IActionResult] GetImages() on controller systemOut.Controllers.ImageAPIController (api).
2024-11-29 15:35:31.774 +01:00 [INF] Request finished HTTP/2 GET https://localhost:7285/api/imageapi/getimages - 200 843 application/json; charset=utf-8 338.4603ms
2024-11-29 15:35:31.859 +01:00 [INF] Executing OkObjectResult, writing value of type 'System.Linq.Enumerable+SelectListIterator`2[[systemOut.Models.Image, api, Version=1.0.0.0, Culture=neutral, PublicKeyToken=null],[systemOut.DTOs.ImageDto, api, Version=1.0.0.0, Culture=neutral, PublicKeyToken=null]]'.
2024-11-29 15:35:31.861 +01:00 [INF] Executed action systemOut.Controllers.ImageAPIController.GetImages (api) in 90.5298ms
2024-11-29 15:35:31.861 +01:00 [INF] Executed endpoint 'systemOut.Controllers.ImageAPIController.GetImages (api)'
2024-11-29 15:35:31.861 +01:00 [INF] Request finished HTTP/2 GET https://localhost:7285/api/imageapi/getimages - 200 843 application/json; charset=utf-8 95.2086ms
2024-11-29 15:35:34.487 +01:00 [INF] Request starting HTTP/2 GET https://localhost:7285/api/imageapi/18 - null null
2024-11-29 15:35:34.487 +01:00 [INF] CORS policy execution successful.
2024-11-29 15:35:34.488 +01:00 [INF] Executing endpoint 'systemOut.Controllers.ImageAPIController.GetImage (api)'
2024-11-29 15:35:34.503 +01:00 [INF] Route matched with {action = "GetImage", controller = "ImageAPI"}. Executing controller action with signature System.Threading.Tasks.Task`1[Microsoft.AspNetCore.Mvc.IActionResult] GetImage(Int32) on controller systemOut.Controllers.ImageAPIController (api).
2024-11-29 15:35:34.562 +01:00 [INF] Executing OkObjectResult, writing value of type 'Castle.Proxies.ImageProxy'.
2024-11-29 15:35:34.692 +01:00 [INF] Executed action systemOut.Controllers.ImageAPIController.GetImage (api) in 188.4456ms
2024-11-29 15:35:34.692 +01:00 [INF] Executed endpoint 'systemOut.Controllers.ImageAPIController.GetImage (api)'
2024-11-29 15:35:34.692 +01:00 [INF] Request finished HTTP/2 GET https://localhost:7285/api/imageapi/18 - 200 429 application/json; charset=utf-8 205.283ms
2024-11-29 15:35:34.695 +01:00 [INF] Request starting HTTP/2 GET https://localhost:7285/api/imageapi/18 - null null
2024-11-29 15:35:34.695 +01:00 [INF] CORS policy execution successful.
2024-11-29 15:35:34.695 +01:00 [INF] Executing endpoint 'systemOut.Controllers.ImageAPIController.GetImage (api)'
2024-11-29 15:35:34.695 +01:00 [INF] Route matched with {action = "GetImage", controller = "ImageAPI"}. Executing controller action with signature System.Threading.Tasks.Task`1[Microsoft.AspNetCore.Mvc.IActionResult] GetImage(Int32) on controller systemOut.Controllers.ImageAPIController (api).
2024-11-29 15:35:34.700 +01:00 [INF] Executing OkObjectResult, writing value of type 'Castle.Proxies.ImageProxy'.
2024-11-29 15:35:34.715 +01:00 [INF] Request starting HTTP/2 GET https://localhost:7285/api/commentapi/getcomments - null null
2024-11-29 15:35:34.715 +01:00 [INF] CORS policy execution successful.
2024-11-29 15:35:34.715 +01:00 [INF] Executing endpoint 'systemOut.Controllers.CommentAPIController.GetComments (api)'
2024-11-29 15:35:34.721 +01:00 [INF] Executed action systemOut.Controllers.ImageAPIController.GetImage (api) in 25.5893ms
2024-11-29 15:35:34.721 +01:00 [INF] Executed endpoint 'systemOut.Controllers.ImageAPIController.GetImage (api)'
2024-11-29 15:35:34.721 +01:00 [INF] Request finished HTTP/2 GET https://localhost:7285/api/imageapi/18 - 200 429 application/json; charset=utf-8 26.7897ms
2024-11-29 15:35:34.724 +01:00 [INF] Route matched with {action = "GetComments", controller = "CommentAPI"}. Executing controller action with signature System.Threading.Tasks.Task`1[Microsoft.AspNetCore.Mvc.IActionResult] GetComments() on controller systemOut.Controllers.CommentAPIController (api).
2024-11-29 15:35:34.747 +01:00 [INF] Executing OkObjectResult, writing value of type 'System.Linq.Enumerable+SelectListIterator`2[[systemOut.Models.Comment, api, Version=1.0.0.0, Culture=neutral, PublicKeyToken=null],[systemOut.DTOs.CommentDto, api, Version=1.0.0.0, Culture=neutral, PublicKeyToken=null]]'.
2024-11-29 15:35:34.750 +01:00 [INF] Executed action systemOut.Controllers.CommentAPIController.GetComments (api) in 25.7321ms
2024-11-29 15:35:34.750 +01:00 [INF] Executed endpoint 'systemOut.Controllers.CommentAPIController.GetComments (api)'
2024-11-29 15:35:34.752 +01:00 [INF] Request finished HTTP/2 GET https://localhost:7285/api/commentapi/getcomments - 200 793 application/json; charset=utf-8 37.2969ms
2024-11-29 15:35:34.753 +01:00 [INF] Request starting HTTP/2 GET https://localhost:7285/api/commentapi/getcomments - null null
2024-11-29 15:35:34.754 +01:00 [INF] CORS policy execution successful.
2024-11-29 15:35:34.754 +01:00 [INF] Executing endpoint 'systemOut.Controllers.CommentAPIController.GetComments (api)'
2024-11-29 15:35:34.755 +01:00 [INF] Route matched with {action = "GetComments", controller = "CommentAPI"}. Executing controller action with signature System.Threading.Tasks.Task`1[Microsoft.AspNetCore.Mvc.IActionResult] GetComments() on controller systemOut.Controllers.CommentAPIController (api).
2024-11-29 15:35:34.757 +01:00 [INF] Executing OkObjectResult, writing value of type 'System.Linq.Enumerable+SelectListIterator`2[[systemOut.Models.Comment, api, Version=1.0.0.0, Culture=neutral, PublicKeyToken=null],[systemOut.DTOs.CommentDto, api, Version=1.0.0.0, Culture=neutral, PublicKeyToken=null]]'.
2024-11-29 15:35:34.758 +01:00 [INF] Executed action systemOut.Controllers.CommentAPIController.GetComments (api) in 2.9041ms
2024-11-29 15:35:34.758 +01:00 [INF] Executed endpoint 'systemOut.Controllers.CommentAPIController.GetComments (api)'
2024-11-29 15:35:34.758 +01:00 [INF] Request finished HTTP/2 GET https://localhost:7285/api/commentapi/getcomments - 200 793 application/json; charset=utf-8 4.7785ms
2024-11-29 15:35:38.004 +01:00 [INF] Request starting HTTP/2 GET https://localhost:7285/api/imageapi/18 - null null
2024-11-29 15:35:38.005 +01:00 [INF] CORS policy execution successful.
2024-11-29 15:35:38.005 +01:00 [INF] Executing endpoint 'systemOut.Controllers.ImageAPIController.GetImage (api)'
2024-11-29 15:35:38.005 +01:00 [INF] Route matched with {action = "GetImage", controller = "ImageAPI"}. Executing controller action with signature System.Threading.Tasks.Task`1[Microsoft.AspNetCore.Mvc.IActionResult] GetImage(Int32) on controller systemOut.Controllers.ImageAPIController (api).
2024-11-29 15:35:38.011 +01:00 [INF] Executing OkObjectResult, writing value of type 'Castle.Proxies.ImageProxy'.
2024-11-29 15:35:38.025 +01:00 [INF] Executed action systemOut.Controllers.ImageAPIController.GetImage (api) in 19.7049ms
2024-11-29 15:35:38.026 +01:00 [INF] Executed endpoint 'systemOut.Controllers.ImageAPIController.GetImage (api)'
2024-11-29 15:35:38.026 +01:00 [INF] Request finished HTTP/2 GET https://localhost:7285/api/imageapi/18 - 200 429 application/json; charset=utf-8 21.749ms
2024-11-29 15:35:38.067 +01:00 [INF] Request starting HTTP/2 GET https://localhost:7285/api/imageapi/18 - null null
2024-11-29 15:35:38.067 +01:00 [INF] CORS policy execution successful.
2024-11-29 15:35:38.067 +01:00 [INF] Executing endpoint 'systemOut.Controllers.ImageAPIController.GetImage (api)'
2024-11-29 15:35:38.068 +01:00 [INF] Route matched with {action = "GetImage", controller = "ImageAPI"}. Executing controller action with signature System.Threading.Tasks.Task`1[Microsoft.AspNetCore.Mvc.IActionResult] GetImage(Int32) on controller systemOut.Controllers.ImageAPIController (api).
2024-11-29 15:35:38.071 +01:00 [INF] Executing OkObjectResult, writing value of type 'Castle.Proxies.ImageProxy'.
2024-11-29 15:35:38.105 +01:00 [INF] Executed action systemOut.Controllers.ImageAPIController.GetImage (api) in 37.1172ms
2024-11-29 15:35:38.105 +01:00 [INF] Executed endpoint 'systemOut.Controllers.ImageAPIController.GetImage (api)'
2024-11-29 15:35:38.106 +01:00 [INF] Request finished HTTP/2 GET https://localhost:7285/api/imageapi/18 - 200 429 application/json; charset=utf-8 39.1769ms
2024-11-29 15:35:38.126 +01:00 [INF] Request starting HTTP/2 GET https://localhost:7285/api/userapi/userlist - null null
2024-11-29 15:35:38.126 +01:00 [INF] CORS policy execution successful.
2024-11-29 15:35:38.126 +01:00 [INF] Executing endpoint 'systemOut.Controllers.UserAPIController.UserList (api)'
2024-11-29 15:35:38.126 +01:00 [INF] Request starting HTTP/2 GET https://localhost:7285/api/imageapi/get-all-image-urls - null null
2024-11-29 15:35:38.127 +01:00 [INF] CORS policy execution successful.
2024-11-29 15:35:38.127 +01:00 [INF] Executing endpoint 'systemOut.Controllers.ImageAPIController.GetAllImageUrls (api)'
2024-11-29 15:35:38.128 +01:00 [INF] Route matched with {action = "GetAllImageUrls", controller = "ImageAPI"}. Executing controller action with signature Microsoft.AspNetCore.Mvc.IActionResult GetAllImageUrls() on controller systemOut.Controllers.ImageAPIController (api).
2024-11-29 15:35:38.130 +01:00 [INF] Route matched with {action = "UserList", controller = "UserAPI"}. Executing controller action with signature System.Threading.Tasks.Task`1[Microsoft.AspNetCore.Mvc.IActionResult] UserList() on controller systemOut.Controllers.UserAPIController (api).
2024-11-29 15:35:38.133 +01:00 [INF] Executing OkObjectResult, writing value of type 'System.Collections.Generic.List`1[[System.String, System.Private.CoreLib, Version=8.0.0.0, Culture=neutral, PublicKeyToken=7cec85d7bea7798e]]'.
2024-11-29 15:35:38.134 +01:00 [INF] Executed action systemOut.Controllers.ImageAPIController.GetAllImageUrls (api) in 5.3229ms
2024-11-29 15:35:38.134 +01:00 [INF] Executed endpoint 'systemOut.Controllers.ImageAPIController.GetAllImageUrls (api)'
2024-11-29 15:35:38.134 +01:00 [INF] Request finished HTTP/2 GET https://localhost:7285/api/imageapi/get-all-image-urls - 200 582 application/json; charset=utf-8 7.5553ms
2024-11-29 15:35:38.136 +01:00 [INF] Request starting HTTP/2 GET https://localhost:7285/api/imageapi/get-all-image-urls - null null
2024-11-29 15:35:38.137 +01:00 [INF] CORS policy execution successful.
2024-11-29 15:35:38.137 +01:00 [INF] Executing endpoint 'systemOut.Controllers.ImageAPIController.GetAllImageUrls (api)'
2024-11-29 15:35:38.137 +01:00 [INF] Route matched with {action = "GetAllImageUrls", controller = "ImageAPI"}. Executing controller action with signature Microsoft.AspNetCore.Mvc.IActionResult GetAllImageUrls() on controller systemOut.Controllers.ImageAPIController (api).
2024-11-29 15:35:38.139 +01:00 [INF] Executing OkObjectResult, writing value of type 'System.Collections.Generic.List`1[[System.String, System.Private.CoreLib, Version=8.0.0.0, Culture=neutral, PublicKeyToken=7cec85d7bea7798e]]'.
2024-11-29 15:35:38.139 +01:00 [INF] Executed action systemOut.Controllers.ImageAPIController.GetAllImageUrls (api) in 2.3532ms
2024-11-29 15:35:38.139 +01:00 [INF] Executed endpoint 'systemOut.Controllers.ImageAPIController.GetAllImageUrls (api)'
2024-11-29 15:35:38.139 +01:00 [INF] Request finished HTTP/2 GET https://localhost:7285/api/imageapi/get-all-image-urls - 200 582 application/json; charset=utf-8 3.1296ms
2024-11-29 15:35:38.141 +01:00 [INF] Executing OkObjectResult, writing value of type 'System.Linq.Enumerable+SelectListIterator`2[[systemOut.Models.User, api, Version=1.0.0.0, Culture=neutral, PublicKeyToken=null],[systemOut.DTOs.UserDto, api, Version=1.0.0.0, Culture=neutral, PublicKeyToken=null]]'.
2024-11-29 15:35:38.144 +01:00 [INF] Executed action systemOut.Controllers.UserAPIController.UserList (api) in 13.6685ms
2024-11-29 15:35:38.144 +01:00 [INF] Executed endpoint 'systemOut.Controllers.UserAPIController.UserList (api)'
2024-11-29 15:35:38.144 +01:00 [INF] Request finished HTTP/2 GET https://localhost:7285/api/userapi/userlist - 200 372 application/json; charset=utf-8 18.3119ms
2024-11-29 15:35:38.146 +01:00 [INF] Request starting HTTP/2 GET https://localhost:7285/api/userapi/userlist - null null
2024-11-29 15:35:38.147 +01:00 [INF] CORS policy execution successful.
2024-11-29 15:35:38.147 +01:00 [INF] Executing endpoint 'systemOut.Controllers.UserAPIController.UserList (api)'
2024-11-29 15:35:38.147 +01:00 [INF] Route matched with {action = "UserList", controller = "UserAPI"}. Executing controller action with signature System.Threading.Tasks.Task`1[Microsoft.AspNetCore.Mvc.IActionResult] UserList() on controller systemOut.Controllers.UserAPIController (api).
2024-11-29 15:35:38.149 +01:00 [INF] Executing OkObjectResult, writing value of type 'System.Linq.Enumerable+SelectListIterator`2[[systemOut.Models.User, api, Version=1.0.0.0, Culture=neutral, PublicKeyToken=null],[systemOut.DTOs.UserDto, api, Version=1.0.0.0, Culture=neutral, PublicKeyToken=null]]'.
2024-11-29 15:35:38.149 +01:00 [INF] Executed action systemOut.Controllers.UserAPIController.UserList (api) in 2.1334ms
2024-11-29 15:35:38.149 +01:00 [INF] Executed endpoint 'systemOut.Controllers.UserAPIController.UserList (api)'
2024-11-29 15:35:38.150 +01:00 [INF] Request finished HTTP/2 GET https://localhost:7285/api/userapi/userlist - 200 372 application/json; charset=utf-8 3.9242ms
2024-11-29 15:35:40.570 +01:00 [INF] Request starting HTTP/2 OPTIONS https://localhost:7285/api/imageapi/update/18 - null null
2024-11-29 15:35:40.570 +01:00 [INF] CORS policy execution successful.
2024-11-29 15:35:40.571 +01:00 [INF] Request finished HTTP/2 OPTIONS https://localhost:7285/api/imageapi/update/18 - 204 null null 1.8079ms
2024-11-29 15:35:40.574 +01:00 [INF] Request starting HTTP/2 PUT https://localhost:7285/api/imageapi/update/18 - application/json 137
2024-11-29 15:35:40.574 +01:00 [INF] CORS policy execution successful.
2024-11-29 15:35:40.574 +01:00 [INF] Executing endpoint 'systemOut.Controllers.ImageAPIController.Update (api)'
2024-11-29 15:35:40.578 +01:00 [INF] Route matched with {action = "Update", controller = "ImageAPI"}. Executing controller action with signature System.Threading.Tasks.Task`1[Microsoft.AspNetCore.Mvc.IActionResult] Update(Int32, systemOut.DTOs.ImageDto) on controller systemOut.Controllers.ImageAPIController (api).
2024-11-29 15:35:40.679 +01:00 [INF] Executing OkObjectResult, writing value of type 'Castle.Proxies.ImageProxy'.
2024-11-29 15:35:40.684 +01:00 [INF] Executed action systemOut.Controllers.ImageAPIController.Update (api) in 106.3679ms
2024-11-29 15:35:40.684 +01:00 [INF] Executed endpoint 'systemOut.Controllers.ImageAPIController.Update (api)'
2024-11-29 15:35:40.684 +01:00 [INF] Request finished HTTP/2 PUT https://localhost:7285/api/imageapi/update/18 - 200 429 application/json; charset=utf-8 110.2319ms
2024-11-29 15:35:40.694 +01:00 [INF] Request starting HTTP/2 GET https://localhost:7285/api/imageapi/getimages - null null
2024-11-29 15:35:40.694 +01:00 [INF] CORS policy execution successful.
2024-11-29 15:35:40.694 +01:00 [INF] Executing endpoint 'systemOut.Controllers.ImageAPIController.GetImages (api)'
2024-11-29 15:35:40.694 +01:00 [INF] Route matched with {action = "GetImages", controller = "ImageAPI"}. Executing controller action with signature System.Threading.Tasks.Task`1[Microsoft.AspNetCore.Mvc.IActionResult] GetImages() on controller systemOut.Controllers.ImageAPIController (api).
2024-11-29 15:35:40.697 +01:00 [INF] Executing OkObjectResult, writing value of type 'System.Linq.Enumerable+SelectListIterator`2[[systemOut.Models.Image, api, Version=1.0.0.0, Culture=neutral, PublicKeyToken=null],[systemOut.DTOs.ImageDto, api, Version=1.0.0.0, Culture=neutral, PublicKeyToken=null]]'.
2024-11-29 15:35:40.697 +01:00 [INF] Executed action systemOut.Controllers.ImageAPIController.GetImages (api) in 2.7472ms
2024-11-29 15:35:40.697 +01:00 [INF] Executed endpoint 'systemOut.Controllers.ImageAPIController.GetImages (api)'
2024-11-29 15:35:40.698 +01:00 [INF] Request finished HTTP/2 GET https://localhost:7285/api/imageapi/getimages - 200 843 application/json; charset=utf-8 3.7424ms
2024-11-29 15:35:40.699 +01:00 [INF] Request starting HTTP/2 GET https://localhost:7285/api/imageapi/getimages - null null
2024-11-29 15:35:40.699 +01:00 [INF] CORS policy execution successful.
2024-11-29 15:35:40.699 +01:00 [INF] Executing endpoint 'systemOut.Controllers.ImageAPIController.GetImages (api)'
2024-11-29 15:35:40.699 +01:00 [INF] Route matched with {action = "GetImages", controller = "ImageAPI"}. Executing controller action with signature System.Threading.Tasks.Task`1[Microsoft.AspNetCore.Mvc.IActionResult] GetImages() on controller systemOut.Controllers.ImageAPIController (api).
2024-11-29 15:35:40.700 +01:00 [INF] Executing OkObjectResult, writing value of type 'System.Linq.Enumerable+SelectListIterator`2[[systemOut.Models.Image, api, Version=1.0.0.0, Culture=neutral, PublicKeyToken=null],[systemOut.DTOs.ImageDto, api, Version=1.0.0.0, Culture=neutral, PublicKeyToken=null]]'.
2024-11-29 15:35:40.701 +01:00 [INF] Executed action systemOut.Controllers.ImageAPIController.GetImages (api) in 1.2708ms
2024-11-29 15:35:40.701 +01:00 [INF] Executed endpoint 'systemOut.Controllers.ImageAPIController.GetImages (api)'
2024-11-29 15:35:40.701 +01:00 [INF] Request finished HTTP/2 GET https://localhost:7285/api/imageapi/getimages - 200 843 application/json; charset=utf-8 1.935ms
2024-11-29 15:35:43.224 +01:00 [INF] Request starting HTTP/2 GET https://localhost:7285/api/imageapi/18 - null null
2024-11-29 15:35:43.225 +01:00 [INF] CORS policy execution successful.
2024-11-29 15:35:43.225 +01:00 [INF] Executing endpoint 'systemOut.Controllers.ImageAPIController.GetImage (api)'
2024-11-29 15:35:43.225 +01:00 [INF] Route matched with {action = "GetImage", controller = "ImageAPI"}. Executing controller action with signature System.Threading.Tasks.Task`1[Microsoft.AspNetCore.Mvc.IActionResult] GetImage(Int32) on controller systemOut.Controllers.ImageAPIController (api).
2024-11-29 15:35:43.226 +01:00 [INF] Executing OkObjectResult, writing value of type 'Castle.Proxies.ImageProxy'.
2024-11-29 15:35:43.239 +01:00 [INF] Executed action systemOut.Controllers.ImageAPIController.GetImage (api) in 13.7877ms
2024-11-29 15:35:43.239 +01:00 [INF] Executed endpoint 'systemOut.Controllers.ImageAPIController.GetImage (api)'
2024-11-29 15:35:43.239 +01:00 [INF] Request finished HTTP/2 GET https://localhost:7285/api/imageapi/18 - 200 429 application/json; charset=utf-8 14.6821ms
2024-11-29 15:35:43.241 +01:00 [INF] Request starting HTTP/2 GET https://localhost:7285/api/imageapi/18 - null null
2024-11-29 15:35:43.242 +01:00 [INF] CORS policy execution successful.
2024-11-29 15:35:43.242 +01:00 [INF] Executing endpoint 'systemOut.Controllers.ImageAPIController.GetImage (api)'
2024-11-29 15:35:43.242 +01:00 [INF] Route matched with {action = "GetImage", controller = "ImageAPI"}. Executing controller action with signature System.Threading.Tasks.Task`1[Microsoft.AspNetCore.Mvc.IActionResult] GetImage(Int32) on controller systemOut.Controllers.ImageAPIController (api).
2024-11-29 15:35:43.243 +01:00 [INF] Executing OkObjectResult, writing value of type 'Castle.Proxies.ImageProxy'.
2024-11-29 15:35:43.250 +01:00 [INF] Request starting HTTP/2 GET https://localhost:7285/api/commentapi/getcomments - null null
2024-11-29 15:35:43.250 +01:00 [INF] CORS policy execution successful.
2024-11-29 15:35:43.250 +01:00 [INF] Executing endpoint 'systemOut.Controllers.CommentAPIController.GetComments (api)'
2024-11-29 15:35:43.250 +01:00 [INF] Route matched with {action = "GetComments", controller = "CommentAPI"}. Executing controller action with signature System.Threading.Tasks.Task`1[Microsoft.AspNetCore.Mvc.IActionResult] GetComments() on controller systemOut.Controllers.CommentAPIController (api).
2024-11-29 15:35:43.251 +01:00 [INF] Executed action systemOut.Controllers.ImageAPIController.GetImage (api) in 9.4254ms
2024-11-29 15:35:43.252 +01:00 [INF] Executed endpoint 'systemOut.Controllers.ImageAPIController.GetImage (api)'
2024-11-29 15:35:43.252 +01:00 [INF] Request finished HTTP/2 GET https://localhost:7285/api/imageapi/18 - 200 429 application/json; charset=utf-8 10.5159ms
2024-11-29 15:35:43.253 +01:00 [INF] Executing OkObjectResult, writing value of type 'System.Linq.Enumerable+SelectListIterator`2[[systemOut.Models.Comment, api, Version=1.0.0.0, Culture=neutral, PublicKeyToken=null],[systemOut.DTOs.CommentDto, api, Version=1.0.0.0, Culture=neutral, PublicKeyToken=null]]'.
2024-11-29 15:35:43.253 +01:00 [INF] Executed action systemOut.Controllers.CommentAPIController.GetComments (api) in 3.052ms
2024-11-29 15:35:43.254 +01:00 [INF] Executed endpoint 'systemOut.Controllers.CommentAPIController.GetComments (api)'
2024-11-29 15:35:43.254 +01:00 [INF] Request finished HTTP/2 GET https://localhost:7285/api/commentapi/getcomments - 200 793 application/json; charset=utf-8 4.1155ms
2024-11-29 15:35:43.257 +01:00 [INF] Request starting HTTP/2 GET https://localhost:7285/api/commentapi/getcomments - null null
2024-11-29 15:35:43.258 +01:00 [INF] CORS policy execution successful.
2024-11-29 15:35:43.258 +01:00 [INF] Executing endpoint 'systemOut.Controllers.CommentAPIController.GetComments (api)'
2024-11-29 15:35:43.258 +01:00 [INF] Route matched with {action = "GetComments", controller = "CommentAPI"}. Executing controller action with signature System.Threading.Tasks.Task`1[Microsoft.AspNetCore.Mvc.IActionResult] GetComments() on controller systemOut.Controllers.CommentAPIController (api).
2024-11-29 15:35:43.259 +01:00 [INF] Executing OkObjectResult, writing value of type 'System.Linq.Enumerable+SelectListIterator`2[[systemOut.Models.Comment, api, Version=1.0.0.0, Culture=neutral, PublicKeyToken=null],[systemOut.DTOs.CommentDto, api, Version=1.0.0.0, Culture=neutral, PublicKeyToken=null]]'.
2024-11-29 15:35:43.259 +01:00 [INF] Executed action systemOut.Controllers.CommentAPIController.GetComments (api) in 1.5535ms
2024-11-29 15:35:43.259 +01:00 [INF] Executed endpoint 'systemOut.Controllers.CommentAPIController.GetComments (api)'
2024-11-29 15:35:43.260 +01:00 [INF] Request finished HTTP/2 GET https://localhost:7285/api/commentapi/getcomments - 200 793 application/json; charset=utf-8 2.4917ms
2024-11-29 15:35:46.144 +01:00 [INF] Request starting HTTP/2 GET https://localhost:7285/api/imageapi/18 - null null
2024-11-29 15:35:46.145 +01:00 [INF] CORS policy execution successful.
2024-11-29 15:35:46.145 +01:00 [INF] Executing endpoint 'systemOut.Controllers.ImageAPIController.GetImage (api)'
2024-11-29 15:35:46.145 +01:00 [INF] Route matched with {action = "GetImage", controller = "ImageAPI"}. Executing controller action with signature System.Threading.Tasks.Task`1[Microsoft.AspNetCore.Mvc.IActionResult] GetImage(Int32) on controller systemOut.Controllers.ImageAPIController (api).
2024-11-29 15:35:46.147 +01:00 [INF] Executing OkObjectResult, writing value of type 'Castle.Proxies.ImageProxy'.
2024-11-29 15:35:46.156 +01:00 [INF] Executed action systemOut.Controllers.ImageAPIController.GetImage (api) in 11.5614ms
2024-11-29 15:35:46.157 +01:00 [INF] Executed endpoint 'systemOut.Controllers.ImageAPIController.GetImage (api)'
2024-11-29 15:35:46.157 +01:00 [INF] Request finished HTTP/2 GET https://localhost:7285/api/imageapi/18 - 200 429 application/json; charset=utf-8 12.5553ms
2024-11-29 15:35:46.162 +01:00 [INF] Request starting HTTP/2 GET https://localhost:7285/api/imageapi/18 - null null
2024-11-29 15:35:46.162 +01:00 [INF] CORS policy execution successful.
2024-11-29 15:35:46.162 +01:00 [INF] Executing endpoint 'systemOut.Controllers.ImageAPIController.GetImage (api)'
2024-11-29 15:35:46.163 +01:00 [INF] Route matched with {action = "GetImage", controller = "ImageAPI"}. Executing controller action with signature System.Threading.Tasks.Task`1[Microsoft.AspNetCore.Mvc.IActionResult] GetImage(Int32) on controller systemOut.Controllers.ImageAPIController (api).
2024-11-29 15:35:46.164 +01:00 [INF] Executing OkObjectResult, writing value of type 'Castle.Proxies.ImageProxy'.
2024-11-29 15:35:46.175 +01:00 [INF] Executed action systemOut.Controllers.ImageAPIController.GetImage (api) in 12.4197ms
2024-11-29 15:35:46.175 +01:00 [INF] Executed endpoint 'systemOut.Controllers.ImageAPIController.GetImage (api)'
2024-11-29 15:35:46.176 +01:00 [INF] Request finished HTTP/2 GET https://localhost:7285/api/imageapi/18 - 200 429 application/json; charset=utf-8 13.3194ms
2024-11-29 15:35:46.176 +01:00 [INF] Request starting HTTP/2 GET https://localhost:7285/api/imageapi/get-all-image-urls - null null
2024-11-29 15:35:46.177 +01:00 [INF] CORS policy execution successful.
2024-11-29 15:35:46.177 +01:00 [INF] Executing endpoint 'systemOut.Controllers.ImageAPIController.GetAllImageUrls (api)'
2024-11-29 15:35:46.177 +01:00 [INF] Route matched with {action = "GetAllImageUrls", controller = "ImageAPI"}. Executing controller action with signature Microsoft.AspNetCore.Mvc.IActionResult GetAllImageUrls() on controller systemOut.Controllers.ImageAPIController (api).
2024-11-29 15:35:46.179 +01:00 [INF] Request starting HTTP/2 GET https://localhost:7285/api/userapi/userlist - null null
2024-11-29 15:35:46.180 +01:00 [INF] CORS policy execution successful.
2024-11-29 15:35:46.180 +01:00 [INF] Executing endpoint 'systemOut.Controllers.UserAPIController.UserList (api)'
2024-11-29 15:35:46.180 +01:00 [INF] Route matched with {action = "UserList", controller = "UserAPI"}. Executing controller action with signature System.Threading.Tasks.Task`1[Microsoft.AspNetCore.Mvc.IActionResult] UserList() on controller systemOut.Controllers.UserAPIController (api).
2024-11-29 15:35:46.181 +01:00 [INF] Executing OkObjectResult, writing value of type 'System.Collections.Generic.List`1[[System.String, System.Private.CoreLib, Version=8.0.0.0, Culture=neutral, PublicKeyToken=7cec85d7bea7798e]]'.
2024-11-29 15:35:46.181 +01:00 [INF] Executed action systemOut.Controllers.ImageAPIController.GetAllImageUrls (api) in 4.0464ms
2024-11-29 15:35:46.181 +01:00 [INF] Executed endpoint 'systemOut.Controllers.ImageAPIController.GetAllImageUrls (api)'
2024-11-29 15:35:46.181 +01:00 [INF] Request finished HTTP/2 GET https://localhost:7285/api/imageapi/get-all-image-urls - 200 582 application/json; charset=utf-8 5.0077ms
2024-11-29 15:35:46.186 +01:00 [INF] Executing OkObjectResult, writing value of type 'System.Linq.Enumerable+SelectListIterator`2[[systemOut.Models.User, api, Version=1.0.0.0, Culture=neutral, PublicKeyToken=null],[systemOut.DTOs.UserDto, api, Version=1.0.0.0, Culture=neutral, PublicKeyToken=null]]'.
2024-11-29 15:35:46.186 +01:00 [INF] Executed action systemOut.Controllers.UserAPIController.UserList (api) in 5.6284ms
2024-11-29 15:35:46.186 +01:00 [INF] Executed endpoint 'systemOut.Controllers.UserAPIController.UserList (api)'
2024-11-29 15:35:46.186 +01:00 [INF] Request finished HTTP/2 GET https://localhost:7285/api/userapi/userlist - 200 372 application/json; charset=utf-8 6.9349ms
2024-11-29 15:35:46.189 +01:00 [INF] Request starting HTTP/2 GET https://localhost:7285/api/imageapi/get-all-image-urls - null null
2024-11-29 15:35:46.189 +01:00 [INF] CORS policy execution successful.
2024-11-29 15:35:46.189 +01:00 [INF] Executing endpoint 'systemOut.Controllers.ImageAPIController.GetAllImageUrls (api)'
2024-11-29 15:35:46.189 +01:00 [INF] Route matched with {action = "GetAllImageUrls", controller = "ImageAPI"}. Executing controller action with signature Microsoft.AspNetCore.Mvc.IActionResult GetAllImageUrls() on controller systemOut.Controllers.ImageAPIController (api).
2024-11-29 15:35:46.190 +01:00 [INF] Request starting HTTP/2 GET https://localhost:7285/api/userapi/userlist - null null
2024-11-29 15:35:46.190 +01:00 [INF] CORS policy execution successful.
2024-11-29 15:35:46.190 +01:00 [INF] Executing endpoint 'systemOut.Controllers.UserAPIController.UserList (api)'
2024-11-29 15:35:46.191 +01:00 [INF] Route matched with {action = "UserList", controller = "UserAPI"}. Executing controller action with signature System.Threading.Tasks.Task`1[Microsoft.AspNetCore.Mvc.IActionResult] UserList() on controller systemOut.Controllers.UserAPIController (api).
2024-11-29 15:35:46.191 +01:00 [INF] Executing OkObjectResult, writing value of type 'System.Collections.Generic.List`1[[System.String, System.Private.CoreLib, Version=8.0.0.0, Culture=neutral, PublicKeyToken=7cec85d7bea7798e]]'.
2024-11-29 15:35:46.192 +01:00 [INF] Executed action systemOut.Controllers.ImageAPIController.GetAllImageUrls (api) in 2.7711ms
2024-11-29 15:35:46.192 +01:00 [INF] Executed endpoint 'systemOut.Controllers.ImageAPIController.GetAllImageUrls (api)'
2024-11-29 15:35:46.192 +01:00 [INF] Request finished HTTP/2 GET https://localhost:7285/api/imageapi/get-all-image-urls - 200 582 application/json; charset=utf-8 3.3896ms
2024-11-29 15:35:46.192 +01:00 [INF] Executing OkObjectResult, writing value of type 'System.Linq.Enumerable+SelectListIterator`2[[systemOut.Models.User, api, Version=1.0.0.0, Culture=neutral, PublicKeyToken=null],[systemOut.DTOs.UserDto, api, Version=1.0.0.0, Culture=neutral, PublicKeyToken=null]]'.
2024-11-29 15:35:46.193 +01:00 [INF] Executed action systemOut.Controllers.UserAPIController.UserList (api) in 1.788ms
2024-11-29 15:35:46.193 +01:00 [INF] Executed endpoint 'systemOut.Controllers.UserAPIController.UserList (api)'
2024-11-29 15:35:46.193 +01:00 [INF] Request finished HTTP/2 GET https://localhost:7285/api/userapi/userlist - 200 372 application/json; charset=utf-8 2.9634ms
2024-11-29 15:36:11.826 +01:00 [INF] Request starting HTTP/2 OPTIONS https://localhost:7285/api/imageapi/update/18 - null null
2024-11-29 15:36:11.827 +01:00 [INF] CORS policy execution successful.
2024-11-29 15:36:11.827 +01:00 [INF] Request finished HTTP/2 OPTIONS https://localhost:7285/api/imageapi/update/18 - 204 null null 0.6295ms
2024-11-29 15:36:11.836 +01:00 [INF] Request starting HTTP/2 PUT https://localhost:7285/api/imageapi/update/18 - application/json 151
2024-11-29 15:36:11.837 +01:00 [INF] CORS policy execution successful.
2024-11-29 15:36:11.837 +01:00 [INF] Executing endpoint 'systemOut.Controllers.ImageAPIController.Update (api)'
2024-11-29 15:36:11.838 +01:00 [INF] Route matched with {action = "Update", controller = "ImageAPI"}. Executing controller action with signature System.Threading.Tasks.Task`1[Microsoft.AspNetCore.Mvc.IActionResult] Update(Int32, systemOut.DTOs.ImageDto) on controller systemOut.Controllers.ImageAPIController (api).
2024-11-29 15:36:11.847 +01:00 [INF] Executing BadRequestObjectResult, writing value of type 'Microsoft.AspNetCore.Mvc.ValidationProblemDetails'.
2024-11-29 15:36:11.874 +01:00 [INF] Executed action systemOut.Controllers.ImageAPIController.Update (api) in 36.24ms
2024-11-29 15:36:11.874 +01:00 [INF] Executed endpoint 'systemOut.Controllers.ImageAPIController.Update (api)'
2024-11-29 15:36:11.874 +01:00 [INF] Request finished HTTP/2 PUT https://localhost:7285/api/imageapi/update/18 - 400 277 application/problem+json; charset=utf-8 38.2494ms
2024-11-29 15:36:13.441 +01:00 [INF] Request starting HTTP/2 PUT https://localhost:7285/api/imageapi/update/18 - application/json 151
2024-11-29 15:36:13.441 +01:00 [INF] CORS policy execution successful.
2024-11-29 15:36:13.441 +01:00 [INF] Executing endpoint 'systemOut.Controllers.ImageAPIController.Update (api)'
2024-11-29 15:36:13.441 +01:00 [INF] Route matched with {action = "Update", controller = "ImageAPI"}. Executing controller action with signature System.Threading.Tasks.Task`1[Microsoft.AspNetCore.Mvc.IActionResult] Update(Int32, systemOut.DTOs.ImageDto) on controller systemOut.Controllers.ImageAPIController (api).
2024-11-29 15:36:13.443 +01:00 [INF] Executing BadRequestObjectResult, writing value of type 'Microsoft.AspNetCore.Mvc.ValidationProblemDetails'.
2024-11-29 15:36:13.443 +01:00 [INF] Executed action systemOut.Controllers.ImageAPIController.Update (api) in 1.8346ms
2024-11-29 15:36:13.443 +01:00 [INF] Executed endpoint 'systemOut.Controllers.ImageAPIController.Update (api)'
2024-11-29 15:36:13.444 +01:00 [INF] Request finished HTTP/2 PUT https://localhost:7285/api/imageapi/update/18 - 400 277 application/problem+json; charset=utf-8 3.0667ms
2024-11-29 15:36:16.686 +01:00 [INF] Request starting HTTP/2 PUT https://localhost:7285/api/imageapi/update/18 - application/json 151
2024-11-29 15:36:16.686 +01:00 [INF] CORS policy execution successful.
2024-11-29 15:36:16.686 +01:00 [INF] Executing endpoint 'systemOut.Controllers.ImageAPIController.Update (api)'
2024-11-29 15:36:16.686 +01:00 [INF] Route matched with {action = "Update", controller = "ImageAPI"}. Executing controller action with signature System.Threading.Tasks.Task`1[Microsoft.AspNetCore.Mvc.IActionResult] Update(Int32, systemOut.DTOs.ImageDto) on controller systemOut.Controllers.ImageAPIController (api).
2024-11-29 15:36:16.687 +01:00 [INF] Executing BadRequestObjectResult, writing value of type 'Microsoft.AspNetCore.Mvc.ValidationProblemDetails'.
2024-11-29 15:36:16.688 +01:00 [INF] Executed action systemOut.Controllers.ImageAPIController.Update (api) in 1.4485ms
2024-11-29 15:36:16.688 +01:00 [INF] Executed endpoint 'systemOut.Controllers.ImageAPIController.Update (api)'
2024-11-29 15:36:16.688 +01:00 [INF] Request finished HTTP/2 PUT https://localhost:7285/api/imageapi/update/18 - 400 277 application/problem+json; charset=utf-8 2.8291ms
2024-11-29 15:36:17.234 +01:00 [INF] Request starting HTTP/2 OPTIONS https://localhost:7285/api/imageapi/update/18 - null null
2024-11-29 15:36:17.234 +01:00 [INF] CORS policy execution successful.
2024-11-29 15:36:17.234 +01:00 [INF] Request finished HTTP/2 OPTIONS https://localhost:7285/api/imageapi/update/18 - 204 null null 0.8151ms
2024-11-29 15:36:17.238 +01:00 [INF] Request starting HTTP/2 PUT https://localhost:7285/api/imageapi/update/18 - application/json 151
2024-11-29 15:36:17.238 +01:00 [INF] CORS policy execution successful.
2024-11-29 15:36:17.238 +01:00 [INF] Executing endpoint 'systemOut.Controllers.ImageAPIController.Update (api)'
2024-11-29 15:36:17.239 +01:00 [INF] Route matched with {action = "Update", controller = "ImageAPI"}. Executing controller action with signature System.Threading.Tasks.Task`1[Microsoft.AspNetCore.Mvc.IActionResult] Update(Int32, systemOut.DTOs.ImageDto) on controller systemOut.Controllers.ImageAPIController (api).
2024-11-29 15:36:17.240 +01:00 [INF] Executing BadRequestObjectResult, writing value of type 'Microsoft.AspNetCore.Mvc.ValidationProblemDetails'.
2024-11-29 15:36:17.240 +01:00 [INF] Executed action systemOut.Controllers.ImageAPIController.Update (api) in 1.4285ms
2024-11-29 15:36:17.240 +01:00 [INF] Executed endpoint 'systemOut.Controllers.ImageAPIController.Update (api)'
2024-11-29 15:36:17.240 +01:00 [INF] Request finished HTTP/2 PUT https://localhost:7285/api/imageapi/update/18 - 400 277 application/problem+json; charset=utf-8 2.548ms
2024-11-29 15:36:17.671 +01:00 [INF] Request starting HTTP/2 PUT https://localhost:7285/api/imageapi/update/18 - application/json 151
2024-11-29 15:36:17.671 +01:00 [INF] CORS policy execution successful.
2024-11-29 15:36:17.671 +01:00 [INF] Executing endpoint 'systemOut.Controllers.ImageAPIController.Update (api)'
2024-11-29 15:36:17.672 +01:00 [INF] Route matched with {action = "Update", controller = "ImageAPI"}. Executing controller action with signature System.Threading.Tasks.Task`1[Microsoft.AspNetCore.Mvc.IActionResult] Update(Int32, systemOut.DTOs.ImageDto) on controller systemOut.Controllers.ImageAPIController (api).
2024-11-29 15:36:17.673 +01:00 [INF] Executing BadRequestObjectResult, writing value of type 'Microsoft.AspNetCore.Mvc.ValidationProblemDetails'.
2024-11-29 15:36:17.673 +01:00 [INF] Executed action systemOut.Controllers.ImageAPIController.Update (api) in 1.5936ms
2024-11-29 15:36:17.673 +01:00 [INF] Executed endpoint 'systemOut.Controllers.ImageAPIController.Update (api)'
2024-11-29 15:36:17.673 +01:00 [INF] Request finished HTTP/2 PUT https://localhost:7285/api/imageapi/update/18 - 400 277 application/problem+json; charset=utf-8 2.6716ms
2024-11-29 15:36:21.145 +01:00 [INF] Request starting HTTP/2 PUT https://localhost:7285/api/imageapi/update/18 - application/json 151
2024-11-29 15:36:21.145 +01:00 [INF] CORS policy execution successful.
2024-11-29 15:36:21.146 +01:00 [INF] Executing endpoint 'systemOut.Controllers.ImageAPIController.Update (api)'
2024-11-29 15:36:21.146 +01:00 [INF] Route matched with {action = "Update", controller = "ImageAPI"}. Executing controller action with signature System.Threading.Tasks.Task`1[Microsoft.AspNetCore.Mvc.IActionResult] Update(Int32, systemOut.DTOs.ImageDto) on controller systemOut.Controllers.ImageAPIController (api).
2024-11-29 15:36:21.147 +01:00 [INF] Executing BadRequestObjectResult, writing value of type 'Microsoft.AspNetCore.Mvc.ValidationProblemDetails'.
2024-11-29 15:36:21.147 +01:00 [INF] Executed action systemOut.Controllers.ImageAPIController.Update (api) in 1.4169ms
2024-11-29 15:36:21.147 +01:00 [INF] Executed endpoint 'systemOut.Controllers.ImageAPIController.Update (api)'
2024-11-29 15:36:21.147 +01:00 [INF] Request finished HTTP/2 PUT https://localhost:7285/api/imageapi/update/18 - 400 277 application/problem+json; charset=utf-8 2.4343ms
2024-11-29 15:36:23.271 +01:00 [INF] Request starting HTTP/2 GET https://localhost:7285/api/commentapi/getcomments - null null
2024-11-29 15:36:23.271 +01:00 [INF] CORS policy execution successful.
2024-11-29 15:36:23.271 +01:00 [INF] Executing endpoint 'systemOut.Controllers.CommentAPIController.GetComments (api)'
2024-11-29 15:36:23.272 +01:00 [INF] Route matched with {action = "GetComments", controller = "CommentAPI"}. Executing controller action with signature System.Threading.Tasks.Task`1[Microsoft.AspNetCore.Mvc.IActionResult] GetComments() on controller systemOut.Controllers.CommentAPIController (api).
2024-11-29 15:36:23.274 +01:00 [INF] Executing OkObjectResult, writing value of type 'System.Linq.Enumerable+SelectListIterator`2[[systemOut.Models.Comment, api, Version=1.0.0.0, Culture=neutral, PublicKeyToken=null],[systemOut.DTOs.CommentDto, api, Version=1.0.0.0, Culture=neutral, PublicKeyToken=null]]'.
2024-11-29 15:36:23.275 +01:00 [INF] Executed action systemOut.Controllers.CommentAPIController.GetComments (api) in 3.101ms
2024-11-29 15:36:23.275 +01:00 [INF] Executed endpoint 'systemOut.Controllers.CommentAPIController.GetComments (api)'
2024-11-29 15:36:23.277 +01:00 [INF] Request finished HTTP/2 GET https://localhost:7285/api/commentapi/getcomments - 200 793 application/json; charset=utf-8 6.3711ms
2024-11-29 15:36:23.279 +01:00 [INF] Request starting HTTP/2 GET https://localhost:7285/api/commentapi/getcomments - null null
2024-11-29 15:36:23.280 +01:00 [INF] CORS policy execution successful.
2024-11-29 15:36:23.280 +01:00 [INF] Executing endpoint 'systemOut.Controllers.CommentAPIController.GetComments (api)'
2024-11-29 15:36:23.280 +01:00 [INF] Route matched with {action = "GetComments", controller = "CommentAPI"}. Executing controller action with signature System.Threading.Tasks.Task`1[Microsoft.AspNetCore.Mvc.IActionResult] GetComments() on controller systemOut.Controllers.CommentAPIController (api).
2024-11-29 15:36:23.283 +01:00 [INF] Executing OkObjectResult, writing value of type 'System.Linq.Enumerable+SelectListIterator`2[[systemOut.Models.Comment, api, Version=1.0.0.0, Culture=neutral, PublicKeyToken=null],[systemOut.DTOs.CommentDto, api, Version=1.0.0.0, Culture=neutral, PublicKeyToken=null]]'.
2024-11-29 15:36:23.286 +01:00 [INF] Executed action systemOut.Controllers.CommentAPIController.GetComments (api) in 5.5932ms
2024-11-29 15:36:23.286 +01:00 [INF] Executed endpoint 'systemOut.Controllers.CommentAPIController.GetComments (api)'
2024-11-29 15:36:23.286 +01:00 [INF] Request finished HTTP/2 GET https://localhost:7285/api/commentapi/getcomments - 200 793 application/json; charset=utf-8 6.9548ms
2024-11-29 16:05:09.301 +01:00 [INF] Request starting HTTP/2 GET https://localhost:7285/images/index/note5.jpg - null null
2024-11-29 16:05:09.301 +01:00 [INF] Request starting HTTP/2 GET https://localhost:7285/images/index/note6.jpg - null null
2024-11-29 16:05:09.327 +01:00 [INF] The file /images/index/note5.jpg was not modified
2024-11-29 16:05:09.327 +01:00 [INF] The file /images/index/note6.jpg was not modified
2024-11-29 16:05:09.327 +01:00 [INF] Request finished HTTP/2 GET https://localhost:7285/images/index/note6.jpg - 304 null image/jpeg 25.7538ms
2024-11-29 16:05:09.327 +01:00 [INF] Request finished HTTP/2 GET https://localhost:7285/images/index/note5.jpg - 304 null image/jpeg 25.7851ms
2024-11-29 16:05:13.775 +01:00 [INF] Request starting HTTP/2 GET https://localhost:7285/api/imageapi/18 - null null
2024-11-29 16:05:13.775 +01:00 [INF] CORS policy execution successful.
2024-11-29 16:05:13.775 +01:00 [INF] Executing endpoint 'systemOut.Controllers.ImageAPIController.GetImage (api)'
2024-11-29 16:05:13.775 +01:00 [INF] Route matched with {action = "GetImage", controller = "ImageAPI"}. Executing controller action with signature System.Threading.Tasks.Task`1[Microsoft.AspNetCore.Mvc.IActionResult] GetImage(Int32) on controller systemOut.Controllers.ImageAPIController (api).
2024-11-29 16:05:13.780 +01:00 [INF] Executing OkObjectResult, writing value of type 'Castle.Proxies.ImageProxy'.
2024-11-29 16:05:13.793 +01:00 [INF] Executed action systemOut.Controllers.ImageAPIController.GetImage (api) in 17.7036ms
2024-11-29 16:05:13.795 +01:00 [INF] Executed endpoint 'systemOut.Controllers.ImageAPIController.GetImage (api)'
2024-11-29 16:05:13.796 +01:00 [INF] Request finished HTTP/2 GET https://localhost:7285/api/imageapi/18 - 200 429 application/json; charset=utf-8 20.6445ms
2024-11-29 16:05:13.803 +01:00 [INF] Request starting HTTP/2 GET https://localhost:7285/api/imageapi/18 - null null
2024-11-29 16:05:13.803 +01:00 [INF] CORS policy execution successful.
2024-11-29 16:05:13.803 +01:00 [INF] Executing endpoint 'systemOut.Controllers.ImageAPIController.GetImage (api)'
2024-11-29 16:05:13.803 +01:00 [INF] Route matched with {action = "GetImage", controller = "ImageAPI"}. Executing controller action with signature System.Threading.Tasks.Task`1[Microsoft.AspNetCore.Mvc.IActionResult] GetImage(Int32) on controller systemOut.Controllers.ImageAPIController (api).
2024-11-29 16:05:13.805 +01:00 [INF] Executing OkObjectResult, writing value of type 'Castle.Proxies.ImageProxy'.
2024-11-29 16:05:13.821 +01:00 [INF] Request starting HTTP/2 GET https://localhost:7285/api/imageapi/get-all-image-urls - null null
2024-11-29 16:05:13.821 +01:00 [INF] Request starting HTTP/2 GET https://localhost:7285/api/userapi/userlist - null null
2024-11-29 16:05:13.822 +01:00 [INF] CORS policy execution successful.
2024-11-29 16:05:13.822 +01:00 [INF] Executing endpoint 'systemOut.Controllers.UserAPIController.UserList (api)'
2024-11-29 16:05:13.822 +01:00 [INF] CORS policy execution successful.
2024-11-29 16:05:13.822 +01:00 [INF] Route matched with {action = "UserList", controller = "UserAPI"}. Executing controller action with signature System.Threading.Tasks.Task`1[Microsoft.AspNetCore.Mvc.IActionResult] UserList() on controller systemOut.Controllers.UserAPIController (api).
2024-11-29 16:05:13.822 +01:00 [INF] Executing endpoint 'systemOut.Controllers.ImageAPIController.GetAllImageUrls (api)'
2024-11-29 16:05:13.822 +01:00 [INF] Route matched with {action = "GetAllImageUrls", controller = "ImageAPI"}. Executing controller action with signature Microsoft.AspNetCore.Mvc.IActionResult GetAllImageUrls() on controller systemOut.Controllers.ImageAPIController (api).
2024-11-29 16:05:13.827 +01:00 [INF] Executing OkObjectResult, writing value of type 'System.Collections.Generic.List`1[[System.String, System.Private.CoreLib, Version=8.0.0.0, Culture=neutral, PublicKeyToken=7cec85d7bea7798e]]'.
2024-11-29 16:05:13.828 +01:00 [INF] Executed action systemOut.Controllers.ImageAPIController.GetAllImageUrls (api) in 5.5493ms
2024-11-29 16:05:13.828 +01:00 [INF] Executed endpoint 'systemOut.Controllers.ImageAPIController.GetAllImageUrls (api)'
2024-11-29 16:05:13.828 +01:00 [INF] Request finished HTTP/2 GET https://localhost:7285/api/imageapi/get-all-image-urls - 200 582 application/json; charset=utf-8 6.4007ms
2024-11-29 16:05:13.828 +01:00 [INF] Executed action systemOut.Controllers.ImageAPIController.GetImage (api) in 24.6566ms
2024-11-29 16:05:13.829 +01:00 [INF] Executed endpoint 'systemOut.Controllers.ImageAPIController.GetImage (api)'
2024-11-29 16:05:13.829 +01:00 [INF] Request finished HTTP/2 GET https://localhost:7285/api/imageapi/18 - 200 429 application/json; charset=utf-8 26.4598ms
2024-11-29 16:05:13.832 +01:00 [INF] Request starting HTTP/2 GET https://localhost:7285/api/imageapi/get-all-image-urls - null null
2024-11-29 16:05:13.832 +01:00 [INF] CORS policy execution successful.
2024-11-29 16:05:13.832 +01:00 [INF] Executing endpoint 'systemOut.Controllers.ImageAPIController.GetAllImageUrls (api)'
2024-11-29 16:05:13.833 +01:00 [INF] Route matched with {action = "GetAllImageUrls", controller = "ImageAPI"}. Executing controller action with signature Microsoft.AspNetCore.Mvc.IActionResult GetAllImageUrls() on controller systemOut.Controllers.ImageAPIController (api).
2024-11-29 16:05:13.842 +01:00 [INF] Executing OkObjectResult, writing value of type 'System.Linq.Enumerable+SelectListIterator`2[[systemOut.Models.User, api, Version=1.0.0.0, Culture=neutral, PublicKeyToken=null],[systemOut.DTOs.UserDto, api, Version=1.0.0.0, Culture=neutral, PublicKeyToken=null]]'.
2024-11-29 16:05:13.843 +01:00 [INF] Executing OkObjectResult, writing value of type 'System.Collections.Generic.List`1[[System.String, System.Private.CoreLib, Version=8.0.0.0, Culture=neutral, PublicKeyToken=7cec85d7bea7798e]]'.
2024-11-29 16:05:13.843 +01:00 [INF] Executed action systemOut.Controllers.ImageAPIController.GetAllImageUrls (api) in 10.4564ms
2024-11-29 16:05:13.843 +01:00 [INF] Executed endpoint 'systemOut.Controllers.ImageAPIController.GetAllImageUrls (api)'
2024-11-29 16:05:13.843 +01:00 [INF] Executed action systemOut.Controllers.UserAPIController.UserList (api) in 21.3624ms
2024-11-29 16:05:13.843 +01:00 [INF] Executed endpoint 'systemOut.Controllers.UserAPIController.UserList (api)'
2024-11-29 16:05:13.843 +01:00 [INF] Request finished HTTP/2 GET https://localhost:7285/api/imageapi/get-all-image-urls - 200 582 application/json; charset=utf-8 11.5049ms
2024-11-29 16:05:13.845 +01:00 [INF] Request finished HTTP/2 GET https://localhost:7285/api/userapi/userlist - 200 372 application/json; charset=utf-8 23.7508ms
2024-11-29 16:05:13.848 +01:00 [INF] Request starting HTTP/2 GET https://localhost:7285/api/userapi/userlist - null null
2024-11-29 16:05:13.848 +01:00 [INF] CORS policy execution successful.
2024-11-29 16:05:13.848 +01:00 [INF] Executing endpoint 'systemOut.Controllers.UserAPIController.UserList (api)'
2024-11-29 16:05:13.848 +01:00 [INF] Route matched with {action = "UserList", controller = "UserAPI"}. Executing controller action with signature System.Threading.Tasks.Task`1[Microsoft.AspNetCore.Mvc.IActionResult] UserList() on controller systemOut.Controllers.UserAPIController (api).
2024-11-29 16:05:13.849 +01:00 [INF] Executing OkObjectResult, writing value of type 'System.Linq.Enumerable+SelectListIterator`2[[systemOut.Models.User, api, Version=1.0.0.0, Culture=neutral, PublicKeyToken=null],[systemOut.DTOs.UserDto, api, Version=1.0.0.0, Culture=neutral, PublicKeyToken=null]]'.
2024-11-29 16:05:13.852 +01:00 [INF] Executed action systemOut.Controllers.UserAPIController.UserList (api) in 3.6817ms
2024-11-29 16:05:13.853 +01:00 [INF] Executed endpoint 'systemOut.Controllers.UserAPIController.UserList (api)'
2024-11-29 16:05:13.853 +01:00 [INF] Request finished HTTP/2 GET https://localhost:7285/api/userapi/userlist - 200 372 application/json; charset=utf-8 5.8576ms
2024-11-29 16:05:52.904 +01:00 [INF] Request starting HTTP/2 GET https://localhost:7285/api/imageapi/get-all-image-urls - null null
2024-11-29 16:05:52.905 +01:00 [INF] CORS policy execution successful.
2024-11-29 16:05:52.905 +01:00 [INF] Executing endpoint 'systemOut.Controllers.ImageAPIController.GetAllImageUrls (api)'
2024-11-29 16:05:52.905 +01:00 [INF] Route matched with {action = "GetAllImageUrls", controller = "ImageAPI"}. Executing controller action with signature Microsoft.AspNetCore.Mvc.IActionResult GetAllImageUrls() on controller systemOut.Controllers.ImageAPIController (api).
2024-11-29 16:05:52.907 +01:00 [INF] Executing OkObjectResult, writing value of type 'System.Collections.Generic.List`1[[System.String, System.Private.CoreLib, Version=8.0.0.0, Culture=neutral, PublicKeyToken=7cec85d7bea7798e]]'.
2024-11-29 16:05:52.907 +01:00 [INF] Executed action systemOut.Controllers.ImageAPIController.GetAllImageUrls (api) in 2.2302ms
2024-11-29 16:05:52.907 +01:00 [INF] Executed endpoint 'systemOut.Controllers.ImageAPIController.GetAllImageUrls (api)'
2024-11-29 16:05:52.907 +01:00 [INF] Request finished HTTP/2 GET https://localhost:7285/api/imageapi/get-all-image-urls - 200 582 application/json; charset=utf-8 3.2171ms
2024-11-29 16:05:52.908 +01:00 [INF] Request starting HTTP/2 GET https://localhost:7285/api/userapi/userlist - null null
2024-11-29 16:05:52.908 +01:00 [INF] CORS policy execution successful.
2024-11-29 16:05:52.908 +01:00 [INF] Executing endpoint 'systemOut.Controllers.UserAPIController.UserList (api)'
2024-11-29 16:05:52.908 +01:00 [INF] Route matched with {action = "UserList", controller = "UserAPI"}. Executing controller action with signature System.Threading.Tasks.Task`1[Microsoft.AspNetCore.Mvc.IActionResult] UserList() on controller systemOut.Controllers.UserAPIController (api).
2024-11-29 16:05:52.910 +01:00 [INF] Executing OkObjectResult, writing value of type 'System.Linq.Enumerable+SelectListIterator`2[[systemOut.Models.User, api, Version=1.0.0.0, Culture=neutral, PublicKeyToken=null],[systemOut.DTOs.UserDto, api, Version=1.0.0.0, Culture=neutral, PublicKeyToken=null]]'.
2024-11-29 16:05:52.910 +01:00 [INF] Executed action systemOut.Controllers.UserAPIController.UserList (api) in 1.8582ms
2024-11-29 16:05:52.910 +01:00 [INF] Executed endpoint 'systemOut.Controllers.UserAPIController.UserList (api)'
2024-11-29 16:05:52.910 +01:00 [INF] Request finished HTTP/2 GET https://localhost:7285/api/userapi/userlist - 200 372 application/json; charset=utf-8 2.4871ms
2024-11-29 16:06:06.206 +01:00 [INF] Request starting HTTP/2 OPTIONS https://localhost:7285/api/imageapi/update/18 - null null
2024-11-29 16:06:06.206 +01:00 [INF] CORS policy execution successful.
2024-11-29 16:06:06.206 +01:00 [INF] Request finished HTTP/2 OPTIONS https://localhost:7285/api/imageapi/update/18 - 204 null null 0.2808ms
2024-11-29 16:06:06.211 +01:00 [INF] Request starting HTTP/2 PUT https://localhost:7285/api/imageapi/update/18 - application/json 150
2024-11-29 16:06:06.211 +01:00 [INF] CORS policy execution successful.
2024-11-29 16:06:06.211 +01:00 [INF] Executing endpoint 'systemOut.Controllers.ImageAPIController.Update (api)'
2024-11-29 16:06:06.211 +01:00 [INF] Route matched with {action = "Update", controller = "ImageAPI"}. Executing controller action with signature System.Threading.Tasks.Task`1[Microsoft.AspNetCore.Mvc.IActionResult] Update(Int32, systemOut.DTOs.ImageDto) on controller systemOut.Controllers.ImageAPIController (api).
2024-11-29 16:06:06.212 +01:00 [INF] Executing BadRequestObjectResult, writing value of type 'Microsoft.AspNetCore.Mvc.ValidationProblemDetails'.
2024-11-29 16:06:06.212 +01:00 [INF] Executed action systemOut.Controllers.ImageAPIController.Update (api) in 0.967ms
2024-11-29 16:06:06.212 +01:00 [INF] Executed endpoint 'systemOut.Controllers.ImageAPIController.Update (api)'
2024-11-29 16:06:06.212 +01:00 [INF] Request finished HTTP/2 PUT https://localhost:7285/api/imageapi/update/18 - 400 277 application/problem+json; charset=utf-8 1.5657ms
2024-11-29 16:06:08.250 +01:00 [INF] Request starting HTTP/2 PUT https://localhost:7285/api/imageapi/update/18 - application/json 150
2024-11-29 16:06:08.250 +01:00 [INF] CORS policy execution successful.
2024-11-29 16:06:08.250 +01:00 [INF] Executing endpoint 'systemOut.Controllers.ImageAPIController.Update (api)'
2024-11-29 16:06:08.250 +01:00 [INF] Route matched with {action = "Update", controller = "ImageAPI"}. Executing controller action with signature System.Threading.Tasks.Task`1[Microsoft.AspNetCore.Mvc.IActionResult] Update(Int32, systemOut.DTOs.ImageDto) on controller systemOut.Controllers.ImageAPIController (api).
2024-11-29 16:06:08.251 +01:00 [INF] Executing BadRequestObjectResult, writing value of type 'Microsoft.AspNetCore.Mvc.ValidationProblemDetails'.
2024-11-29 16:06:08.251 +01:00 [INF] Executed action systemOut.Controllers.ImageAPIController.Update (api) in 0.7245ms
2024-11-29 16:06:08.251 +01:00 [INF] Executed endpoint 'systemOut.Controllers.ImageAPIController.Update (api)'
2024-11-29 16:06:08.251 +01:00 [INF] Request finished HTTP/2 PUT https://localhost:7285/api/imageapi/update/18 - 400 277 application/problem+json; charset=utf-8 1.1605ms
2024-11-29 16:06:08.799 +01:00 [INF] Request starting HTTP/2 PUT https://localhost:7285/api/imageapi/update/18 - application/json 150
2024-11-29 16:06:08.799 +01:00 [INF] CORS policy execution successful.
2024-11-29 16:06:08.799 +01:00 [INF] Executing endpoint 'systemOut.Controllers.ImageAPIController.Update (api)'
2024-11-29 16:06:08.800 +01:00 [INF] Route matched with {action = "Update", controller = "ImageAPI"}. Executing controller action with signature System.Threading.Tasks.Task`1[Microsoft.AspNetCore.Mvc.IActionResult] Update(Int32, systemOut.DTOs.ImageDto) on controller systemOut.Controllers.ImageAPIController (api).
2024-11-29 16:06:08.800 +01:00 [INF] Executing BadRequestObjectResult, writing value of type 'Microsoft.AspNetCore.Mvc.ValidationProblemDetails'.
2024-11-29 16:06:08.800 +01:00 [INF] Executed action systemOut.Controllers.ImageAPIController.Update (api) in 0.5011ms
2024-11-29 16:06:08.800 +01:00 [INF] Executed endpoint 'systemOut.Controllers.ImageAPIController.Update (api)'
2024-11-29 16:06:08.800 +01:00 [INF] Request finished HTTP/2 PUT https://localhost:7285/api/imageapi/update/18 - 400 277 application/problem+json; charset=utf-8 0.852ms
2024-11-29 16:06:08.986 +01:00 [INF] Request starting HTTP/2 PUT https://localhost:7285/api/imageapi/update/18 - application/json 150
2024-11-29 16:06:08.986 +01:00 [INF] CORS policy execution successful.
2024-11-29 16:06:08.986 +01:00 [INF] Executing endpoint 'systemOut.Controllers.ImageAPIController.Update (api)'
2024-11-29 16:06:08.986 +01:00 [INF] Route matched with {action = "Update", controller = "ImageAPI"}. Executing controller action with signature System.Threading.Tasks.Task`1[Microsoft.AspNetCore.Mvc.IActionResult] Update(Int32, systemOut.DTOs.ImageDto) on controller systemOut.Controllers.ImageAPIController (api).
2024-11-29 16:06:08.986 +01:00 [INF] Executing BadRequestObjectResult, writing value of type 'Microsoft.AspNetCore.Mvc.ValidationProblemDetails'.
2024-11-29 16:06:08.986 +01:00 [INF] Executed action systemOut.Controllers.ImageAPIController.Update (api) in 0.5922ms
2024-11-29 16:06:08.987 +01:00 [INF] Executed endpoint 'systemOut.Controllers.ImageAPIController.Update (api)'
2024-11-29 16:06:08.987 +01:00 [INF] Request finished HTTP/2 PUT https://localhost:7285/api/imageapi/update/18 - 400 277 application/problem+json; charset=utf-8 0.9499ms
2024-11-29 16:06:09.144 +01:00 [INF] Request starting HTTP/2 PUT https://localhost:7285/api/imageapi/update/18 - application/json 150
2024-11-29 16:06:09.144 +01:00 [INF] CORS policy execution successful.
2024-11-29 16:06:09.144 +01:00 [INF] Executing endpoint 'systemOut.Controllers.ImageAPIController.Update (api)'
2024-11-29 16:06:09.144 +01:00 [INF] Route matched with {action = "Update", controller = "ImageAPI"}. Executing controller action with signature System.Threading.Tasks.Task`1[Microsoft.AspNetCore.Mvc.IActionResult] Update(Int32, systemOut.DTOs.ImageDto) on controller systemOut.Controllers.ImageAPIController (api).
2024-11-29 16:06:09.145 +01:00 [INF] Executing BadRequestObjectResult, writing value of type 'Microsoft.AspNetCore.Mvc.ValidationProblemDetails'.
2024-11-29 16:06:09.145 +01:00 [INF] Executed action systemOut.Controllers.ImageAPIController.Update (api) in 0.747ms
2024-11-29 16:06:09.145 +01:00 [INF] Executed endpoint 'systemOut.Controllers.ImageAPIController.Update (api)'
2024-11-29 16:06:09.145 +01:00 [INF] Request finished HTTP/2 PUT https://localhost:7285/api/imageapi/update/18 - 400 277 application/problem+json; charset=utf-8 1.1164ms
2024-11-29 16:06:09.310 +01:00 [INF] Request starting HTTP/2 PUT https://localhost:7285/api/imageapi/update/18 - application/json 150
2024-11-29 16:06:09.311 +01:00 [INF] CORS policy execution successful.
2024-11-29 16:06:09.311 +01:00 [INF] Executing endpoint 'systemOut.Controllers.ImageAPIController.Update (api)'
2024-11-29 16:06:09.311 +01:00 [INF] Route matched with {action = "Update", controller = "ImageAPI"}. Executing controller action with signature System.Threading.Tasks.Task`1[Microsoft.AspNetCore.Mvc.IActionResult] Update(Int32, systemOut.DTOs.ImageDto) on controller systemOut.Controllers.ImageAPIController (api).
2024-11-29 16:06:09.311 +01:00 [INF] Executing BadRequestObjectResult, writing value of type 'Microsoft.AspNetCore.Mvc.ValidationProblemDetails'.
2024-11-29 16:06:09.311 +01:00 [INF] Executed action systemOut.Controllers.ImageAPIController.Update (api) in 0.5809ms
2024-11-29 16:06:09.311 +01:00 [INF] Executed endpoint 'systemOut.Controllers.ImageAPIController.Update (api)'
2024-11-29 16:06:09.311 +01:00 [INF] Request finished HTTP/2 PUT https://localhost:7285/api/imageapi/update/18 - 400 277 application/problem+json; charset=utf-8 0.9426ms
2024-11-29 16:06:09.475 +01:00 [INF] Request starting HTTP/2 PUT https://localhost:7285/api/imageapi/update/18 - application/json 150
2024-11-29 16:06:09.475 +01:00 [INF] CORS policy execution successful.
2024-11-29 16:06:09.476 +01:00 [INF] Executing endpoint 'systemOut.Controllers.ImageAPIController.Update (api)'
2024-11-29 16:06:09.476 +01:00 [INF] Route matched with {action = "Update", controller = "ImageAPI"}. Executing controller action with signature System.Threading.Tasks.Task`1[Microsoft.AspNetCore.Mvc.IActionResult] Update(Int32, systemOut.DTOs.ImageDto) on controller systemOut.Controllers.ImageAPIController (api).
2024-11-29 16:06:09.476 +01:00 [INF] Executing BadRequestObjectResult, writing value of type 'Microsoft.AspNetCore.Mvc.ValidationProblemDetails'.
2024-11-29 16:06:09.476 +01:00 [INF] Executed action systemOut.Controllers.ImageAPIController.Update (api) in 0.6605ms
2024-11-29 16:06:09.476 +01:00 [INF] Executed endpoint 'systemOut.Controllers.ImageAPIController.Update (api)'
2024-11-29 16:06:09.477 +01:00 [INF] Request finished HTTP/2 PUT https://localhost:7285/api/imageapi/update/18 - 400 277 application/problem+json; charset=utf-8 1.1936ms
2024-11-29 16:07:24.984 +01:00 [INF] Request starting HTTP/2 OPTIONS https://localhost:7285/api/imageapi/update/18 - null null
2024-11-29 16:07:24.985 +01:00 [INF] CORS policy execution successful.
2024-11-29 16:07:24.985 +01:00 [INF] Request finished HTTP/2 OPTIONS https://localhost:7285/api/imageapi/update/18 - 204 null null 0.3809ms
2024-11-29 16:07:24.987 +01:00 [INF] Request starting HTTP/2 PUT https://localhost:7285/api/imageapi/update/18 - application/json 150
2024-11-29 16:07:24.987 +01:00 [INF] CORS policy execution successful.
2024-11-29 16:07:24.987 +01:00 [INF] Executing endpoint 'systemOut.Controllers.ImageAPIController.Update (api)'
2024-11-29 16:07:24.987 +01:00 [INF] Route matched with {action = "Update", controller = "ImageAPI"}. Executing controller action with signature System.Threading.Tasks.Task`1[Microsoft.AspNetCore.Mvc.IActionResult] Update(Int32, systemOut.DTOs.ImageDto) on controller systemOut.Controllers.ImageAPIController (api).
2024-11-29 16:07:24.988 +01:00 [INF] Executing BadRequestObjectResult, writing value of type 'Microsoft.AspNetCore.Mvc.ValidationProblemDetails'.
2024-11-29 16:07:24.988 +01:00 [INF] Executed action systemOut.Controllers.ImageAPIController.Update (api) in 0.6574ms
2024-11-29 16:07:24.988 +01:00 [INF] Executed endpoint 'systemOut.Controllers.ImageAPIController.Update (api)'
2024-11-29 16:07:24.988 +01:00 [INF] Request finished HTTP/2 PUT https://localhost:7285/api/imageapi/update/18 - 400 277 application/problem+json; charset=utf-8 1.1252ms
