2024-10-30 14:19:35.851 +01:00 [WRN] The ASP.NET Core developer certificate is not trusted. For information about trusting the ASP.NET Core developer certificate, see https://aka.ms/aspnet/https-trust-dev-cert.
2024-10-30 14:19:35.889 +01:00 [INF] Now listening on: https://localhost:7285
2024-10-30 14:19:35.890 +01:00 [INF] Now listening on: http://localhost:5269
2024-10-30 14:19:35.895 +01:00 [INF] Application started. Press Ctrl+C to shut down.
2024-10-30 14:19:35.897 +01:00 [INF] Hosting environment: Development
2024-10-30 14:19:35.898 +01:00 [INF] Content root path: C:\Users\Per\Desktop\ReactBranch\ITPE3200-React\api
2024-10-30 14:19:36.151 +01:00 [INF] Request starting HTTP/2 GET https://localhost:7285/ - null null
2024-10-30 14:19:36.179 +01:00 [INF] Request finished HTTP/2 GET https://localhost:7285/ - 404 0 null 29.4925ms
2024-10-30 14:19:36.184 +01:00 [INF] Request reached the end of the middleware pipeline without being handled by application code. Request path: GET https://localhost:7285/, Response status code: 404
2024-10-30 14:19:45.670 +01:00 [INF] Request starting HTTP/2 GET https://localhost:7285/api/userapi/userlist - null null
2024-10-30 14:19:45.674 +01:00 [INF] Executing endpoint 'systemOut.Controllers.UserAPIController.UserList (api)'
2024-10-30 14:19:45.688 +01:00 [INF] Route matched with {action = "UserList", controller = "UserAPI"}. Executing controller action with signature System.Threading.Tasks.Task`1[Microsoft.AspNetCore.Mvc.IActionResult] UserList() on controller systemOut.Controllers.UserAPIController (api).
2024-10-30 14:19:45.853 +01:00 [INF] Executing OkObjectResult, writing value of type 'System.Linq.Enumerable+SelectListIterator`2[[systemOut.Models.User, api, Version=1.0.0.0, Culture=neutral, PublicKeyToken=null],[systemOut.DTOs.UserDto, api, Version=1.0.0.0, Culture=neutral, PublicKeyToken=null]]'.
2024-10-30 14:19:45.922 +01:00 [INF] Executed action systemOut.Controllers.UserAPIController.UserList (api) in 232.1168ms
2024-10-30 14:19:45.922 +01:00 [INF] Executed endpoint 'systemOut.Controllers.UserAPIController.UserList (api)'
2024-10-30 14:19:45.929 +01:00 [INF] Request finished HTTP/2 GET https://localhost:7285/api/userapi/userlist - 200 145 application/json; charset=utf-8 258.7281ms
2024-10-30 14:20:51.957 +01:00 [INF] Request starting HTTP/2 GET https://localhost:7285/api/userapi/userlist - null null
2024-10-30 14:20:51.959 +01:00 [INF] Executing endpoint 'systemOut.Controllers.UserAPIController.UserList (api)'
2024-10-30 14:20:51.960 +01:00 [INF] Route matched with {action = "UserList", controller = "UserAPI"}. Executing controller action with signature System.Threading.Tasks.Task`1[Microsoft.AspNetCore.Mvc.IActionResult] UserList() on controller systemOut.Controllers.UserAPIController (api).
2024-10-30 14:20:52.003 +01:00 [INF] Executing OkObjectResult, writing value of type 'System.Linq.Enumerable+SelectListIterator`2[[systemOut.Models.User, api, Version=1.0.0.0, Culture=neutral, PublicKeyToken=null],[systemOut.DTOs.UserDto, api, Version=1.0.0.0, Culture=neutral, PublicKeyToken=null]]'.
2024-10-30 14:20:52.003 +01:00 [INF] Executed action systemOut.Controllers.UserAPIController.UserList (api) in 43.6206ms
2024-10-30 14:20:52.003 +01:00 [INF] Executed endpoint 'systemOut.Controllers.UserAPIController.UserList (api)'
2024-10-30 14:20:52.004 +01:00 [INF] Request finished HTTP/2 GET https://localhost:7285/api/userapi/userlist - 200 145 application/json; charset=utf-8 46.2337ms
2024-10-30 14:20:52.040 +01:00 [INF] Request starting HTTP/2 GET https://localhost:7285/favicon.ico - null null
2024-10-30 14:20:52.045 +01:00 [INF] Request finished HTTP/2 GET https://localhost:7285/favicon.ico - 499 null null 5.0976ms
2024-10-30 14:20:52.045 +01:00 [INF] Request reached the end of the middleware pipeline without being handled by application code. Request path: GET https://localhost:7285/favicon.ico, Response status code: 499
