2024-11-28 09:52:27.800 +01:00 [INF] Now listening on: https://localhost:7285
2024-11-28 09:52:27.806 +01:00 [INF] Now listening on: http://localhost:5269
2024-11-28 09:52:27.810 +01:00 [INF] Application started. Press Ctrl+C to shut down.
2024-11-28 09:52:27.812 +01:00 [INF] Hosting environment: Development
2024-11-28 09:52:27.813 +01:00 [INF] Content root path: C:\Users\Per\Desktop\ReactBranch\ITPE3200-React\api
2024-11-28 09:52:28.031 +01:00 [INF] Request starting HTTP/2 GET https://localhost:7285/ - null null
2024-11-28 09:52:28.058 +01:00 [INF] Request finished HTTP/2 GET https://localhost:7285/ - 404 0 null 28.0429ms
2024-11-28 09:52:28.063 +01:00 [INF] Request reached the end of the middleware pipeline without being handled by application code. Request path: GET https://localhost:7285/, Response status code: 404
2024-11-28 09:52:28.081 +01:00 [INF] Request starting HTTP/2 GET https://localhost:7285/favicon.ico - null null
2024-11-28 09:52:28.087 +01:00 [INF] Request finished HTTP/2 GET https://localhost:7285/favicon.ico - 499 null null 5.9946ms
2024-11-28 09:52:28.087 +01:00 [INF] Request reached the end of the middleware pipeline without being handled by application code. Request path: GET https://localhost:7285/favicon.ico, Response status code: 499
2024-11-28 09:53:21.924 +01:00 [INF] Request starting HTTP/2 GET https://localhost:7285/api/noteapi/getnotes - null null
2024-11-28 09:53:21.924 +01:00 [INF] Request starting HTTP/2 GET https://localhost:7285/api/noteapi/getnotes - null null
2024-11-28 09:53:21.933 +01:00 [INF] CORS policy execution successful.
2024-11-28 09:53:21.933 +01:00 [INF] CORS policy execution successful.
2024-11-28 09:53:21.934 +01:00 [INF] Executing endpoint 'systemOut.Controllers.NoteAPICOntroller.GetNotes (api)'
2024-11-28 09:53:21.934 +01:00 [INF] Executing endpoint 'systemOut.Controllers.NoteAPICOntroller.GetNotes (api)'
2024-11-28 09:53:21.948 +01:00 [INF] Route matched with {action = "GetNotes", controller = "NoteAPI"}. Executing controller action with signature System.Threading.Tasks.Task`1[Microsoft.AspNetCore.Mvc.IActionResult] GetNotes() on controller systemOut.Controllers.NoteAPICOntroller (api).
2024-11-28 09:53:21.948 +01:00 [INF] Route matched with {action = "GetNotes", controller = "NoteAPI"}. Executing controller action with signature System.Threading.Tasks.Task`1[Microsoft.AspNetCore.Mvc.IActionResult] GetNotes() on controller systemOut.Controllers.NoteAPICOntroller (api).
2024-11-28 09:53:22.111 +01:00 [INF] Executing OkObjectResult, writing value of type 'System.Linq.Enumerable+SelectListIterator`2[[systemOut.Models.Note, api, Version=1.0.0.0, Culture=neutral, PublicKeyToken=null],[systemOut.DTOs.NoteDto, api, Version=1.0.0.0, Culture=neutral, PublicKeyToken=null]]'.
2024-11-28 09:53:22.111 +01:00 [INF] Executing OkObjectResult, writing value of type 'System.Linq.Enumerable+SelectListIterator`2[[systemOut.Models.Note, api, Version=1.0.0.0, Culture=neutral, PublicKeyToken=null],[systemOut.DTOs.NoteDto, api, Version=1.0.0.0, Culture=neutral, PublicKeyToken=null]]'.
2024-11-28 09:53:22.178 +01:00 [INF] Executed action systemOut.Controllers.NoteAPICOntroller.GetNotes (api) in 227.7924ms
2024-11-28 09:53:22.178 +01:00 [INF] Executed action systemOut.Controllers.NoteAPICOntroller.GetNotes (api) in 227.7922ms
2024-11-28 09:53:22.178 +01:00 [INF] Executed endpoint 'systemOut.Controllers.NoteAPICOntroller.GetNotes (api)'
2024-11-28 09:53:22.178 +01:00 [INF] Executed endpoint 'systemOut.Controllers.NoteAPICOntroller.GetNotes (api)'
2024-11-28 09:53:22.184 +01:00 [INF] Request finished HTTP/2 GET https://localhost:7285/api/noteapi/getnotes - 200 746 application/json; charset=utf-8 259.596ms
2024-11-28 09:53:22.184 +01:00 [INF] Request finished HTTP/2 GET https://localhost:7285/api/noteapi/getnotes - 200 746 application/json; charset=utf-8 259.5703ms
2024-11-28 09:53:24.003 +01:00 [INF] Request starting HTTP/2 GET https://localhost:7285/api/imageapi/getimages - null null
2024-11-28 09:53:24.003 +01:00 [INF] Request starting HTTP/2 GET https://localhost:7285/api/imageapi/getimages - null null
2024-11-28 09:53:24.004 +01:00 [INF] CORS policy execution successful.
2024-11-28 09:53:24.004 +01:00 [INF] CORS policy execution successful.
2024-11-28 09:53:24.005 +01:00 [INF] Executing endpoint 'systemOut.Controllers.ImageAPIController.GetImages (api)'
2024-11-28 09:53:24.005 +01:00 [INF] Executing endpoint 'systemOut.Controllers.ImageAPIController.GetImages (api)'
2024-11-28 09:53:24.008 +01:00 [INF] Route matched with {action = "GetImages", controller = "ImageAPI"}. Executing controller action with signature System.Threading.Tasks.Task`1[Microsoft.AspNetCore.Mvc.IActionResult] GetImages() on controller systemOut.Controllers.ImageAPIController (api).
2024-11-28 09:53:24.008 +01:00 [INF] Route matched with {action = "GetImages", controller = "ImageAPI"}. Executing controller action with signature System.Threading.Tasks.Task`1[Microsoft.AspNetCore.Mvc.IActionResult] GetImages() on controller systemOut.Controllers.ImageAPIController (api).
2024-11-28 09:53:24.067 +01:00 [INF] Executing OkObjectResult, writing value of type 'System.Linq.Enumerable+SelectListIterator`2[[systemOut.Models.Image, api, Version=1.0.0.0, Culture=neutral, PublicKeyToken=null],[systemOut.DTOs.ImageDto, api, Version=1.0.0.0, Culture=neutral, PublicKeyToken=null]]'.
2024-11-28 09:53:24.067 +01:00 [INF] Executing OkObjectResult, writing value of type 'System.Linq.Enumerable+SelectListIterator`2[[systemOut.Models.Image, api, Version=1.0.0.0, Culture=neutral, PublicKeyToken=null],[systemOut.DTOs.ImageDto, api, Version=1.0.0.0, Culture=neutral, PublicKeyToken=null]]'.
2024-11-28 09:53:24.071 +01:00 [INF] Executed action systemOut.Controllers.ImageAPIController.GetImages (api) in 63.1377ms
2024-11-28 09:53:24.071 +01:00 [INF] Executed action systemOut.Controllers.ImageAPIController.GetImages (api) in 63.0978ms
2024-11-28 09:53:24.071 +01:00 [INF] Executed endpoint 'systemOut.Controllers.ImageAPIController.GetImages (api)'
2024-11-28 09:53:24.071 +01:00 [INF] Executed endpoint 'systemOut.Controllers.ImageAPIController.GetImages (api)'
2024-11-28 09:53:24.073 +01:00 [INF] Request finished HTTP/2 GET https://localhost:7285/api/imageapi/getimages - 200 690 application/json; charset=utf-8 69.8596ms
2024-11-28 09:53:24.073 +01:00 [INF] Request finished HTTP/2 GET https://localhost:7285/api/imageapi/getimages - 200 690 application/json; charset=utf-8 69.8957ms
2024-11-28 09:53:29.554 +01:00 [INF] Request starting HTTP/2 GET https://localhost:7285/api/imageapi/getimages - null null
2024-11-28 09:53:29.555 +01:00 [INF] Request starting HTTP/2 GET https://localhost:7285/api/userapi/userlist - null null
2024-11-28 09:53:29.555 +01:00 [INF] Request starting HTTP/2 GET https://localhost:7285/api/noteapi/getnotes - null null
2024-11-28 09:53:29.555 +01:00 [INF] CORS policy execution successful.
2024-11-28 09:53:29.556 +01:00 [INF] Executing endpoint 'systemOut.Controllers.UserAPIController.UserList (api)'
2024-11-28 09:53:29.556 +01:00 [INF] CORS policy execution successful.
2024-11-28 09:53:29.556 +01:00 [INF] Executing endpoint 'systemOut.Controllers.ImageAPIController.GetImages (api)'
2024-11-28 09:53:29.557 +01:00 [INF] CORS policy execution successful.
2024-11-28 09:53:29.558 +01:00 [INF] Executing endpoint 'systemOut.Controllers.NoteAPICOntroller.GetNotes (api)'
2024-11-28 09:53:29.558 +01:00 [INF] Route matched with {action = "GetImages", controller = "ImageAPI"}. Executing controller action with signature System.Threading.Tasks.Task`1[Microsoft.AspNetCore.Mvc.IActionResult] GetImages() on controller systemOut.Controllers.ImageAPIController (api).
2024-11-28 09:53:29.559 +01:00 [INF] Route matched with {action = "GetNotes", controller = "NoteAPI"}. Executing controller action with signature System.Threading.Tasks.Task`1[Microsoft.AspNetCore.Mvc.IActionResult] GetNotes() on controller systemOut.Controllers.NoteAPICOntroller (api).
2024-11-28 09:53:29.561 +01:00 [INF] Route matched with {action = "UserList", controller = "UserAPI"}. Executing controller action with signature System.Threading.Tasks.Task`1[Microsoft.AspNetCore.Mvc.IActionResult] UserList() on controller systemOut.Controllers.UserAPIController (api).
2024-11-28 09:53:29.564 +01:00 [INF] Executing OkObjectResult, writing value of type 'System.Linq.Enumerable+SelectListIterator`2[[systemOut.Models.Note, api, Version=1.0.0.0, Culture=neutral, PublicKeyToken=null],[systemOut.DTOs.NoteDto, api, Version=1.0.0.0, Culture=neutral, PublicKeyToken=null]]'.
2024-11-28 09:53:29.564 +01:00 [INF] Executing OkObjectResult, writing value of type 'System.Linq.Enumerable+SelectListIterator`2[[systemOut.Models.Image, api, Version=1.0.0.0, Culture=neutral, PublicKeyToken=null],[systemOut.DTOs.ImageDto, api, Version=1.0.0.0, Culture=neutral, PublicKeyToken=null]]'.
2024-11-28 09:53:29.564 +01:00 [INF] Executed action systemOut.Controllers.NoteAPICOntroller.GetNotes (api) in 4.9576ms
2024-11-28 09:53:29.564 +01:00 [INF] Executed action systemOut.Controllers.ImageAPIController.GetImages (api) in 6.1149ms
2024-11-28 09:53:29.564 +01:00 [INF] Executed endpoint 'systemOut.Controllers.NoteAPICOntroller.GetNotes (api)'
2024-11-28 09:53:29.564 +01:00 [INF] Executed endpoint 'systemOut.Controllers.ImageAPIController.GetImages (api)'
2024-11-28 09:53:29.564 +01:00 [INF] Request finished HTTP/2 GET https://localhost:7285/api/noteapi/getnotes - 200 746 application/json; charset=utf-8 9.2863ms
2024-11-28 09:53:29.564 +01:00 [INF] Request finished HTTP/2 GET https://localhost:7285/api/imageapi/getimages - 200 690 application/json; charset=utf-8 10.5889ms
2024-11-28 09:53:29.566 +01:00 [INF] Request starting HTTP/2 GET https://localhost:7285/api/imageapi/getimages - null null
2024-11-28 09:53:29.566 +01:00 [INF] Request starting HTTP/2 GET https://localhost:7285/api/noteapi/getnotes - null null
2024-11-28 09:53:29.567 +01:00 [INF] CORS policy execution successful.
2024-11-28 09:53:29.568 +01:00 [INF] Request starting HTTP/2 GET https://localhost:7285/api/userapi/userlist - null null
2024-11-28 09:53:29.568 +01:00 [INF] Executing endpoint 'systemOut.Controllers.ImageAPIController.GetImages (api)'
2024-11-28 09:53:29.568 +01:00 [INF] CORS policy execution successful.
2024-11-28 09:53:29.568 +01:00 [INF] Route matched with {action = "GetImages", controller = "ImageAPI"}. Executing controller action with signature System.Threading.Tasks.Task`1[Microsoft.AspNetCore.Mvc.IActionResult] GetImages() on controller systemOut.Controllers.ImageAPIController (api).
2024-11-28 09:53:29.568 +01:00 [INF] Executing endpoint 'systemOut.Controllers.NoteAPICOntroller.GetNotes (api)'
2024-11-28 09:53:29.568 +01:00 [INF] Route matched with {action = "GetNotes", controller = "NoteAPI"}. Executing controller action with signature System.Threading.Tasks.Task`1[Microsoft.AspNetCore.Mvc.IActionResult] GetNotes() on controller systemOut.Controllers.NoteAPICOntroller (api).
2024-11-28 09:53:29.570 +01:00 [INF] CORS policy execution successful.
2024-11-28 09:53:29.570 +01:00 [INF] Executing endpoint 'systemOut.Controllers.UserAPIController.UserList (api)'
2024-11-28 09:53:29.571 +01:00 [INF] Route matched with {action = "UserList", controller = "UserAPI"}. Executing controller action with signature System.Threading.Tasks.Task`1[Microsoft.AspNetCore.Mvc.IActionResult] UserList() on controller systemOut.Controllers.UserAPIController (api).
2024-11-28 09:53:29.572 +01:00 [INF] Executing OkObjectResult, writing value of type 'System.Linq.Enumerable+SelectListIterator`2[[systemOut.Models.Image, api, Version=1.0.0.0, Culture=neutral, PublicKeyToken=null],[systemOut.DTOs.ImageDto, api, Version=1.0.0.0, Culture=neutral, PublicKeyToken=null]]'.
2024-11-28 09:53:29.573 +01:00 [INF] Executed action systemOut.Controllers.ImageAPIController.GetImages (api) in 5.0704ms
2024-11-28 09:53:29.573 +01:00 [INF] Executing OkObjectResult, writing value of type 'System.Linq.Enumerable+SelectListIterator`2[[systemOut.Models.Note, api, Version=1.0.0.0, Culture=neutral, PublicKeyToken=null],[systemOut.DTOs.NoteDto, api, Version=1.0.0.0, Culture=neutral, PublicKeyToken=null]]'.
2024-11-28 09:53:29.574 +01:00 [INF] Executed endpoint 'systemOut.Controllers.ImageAPIController.GetImages (api)'
2024-11-28 09:53:29.574 +01:00 [INF] Executed action systemOut.Controllers.NoteAPICOntroller.GetNotes (api) in 6.1405ms
2024-11-28 09:53:29.574 +01:00 [INF] Request finished HTTP/2 GET https://localhost:7285/api/imageapi/getimages - 200 690 application/json; charset=utf-8 7.794ms
2024-11-28 09:53:29.574 +01:00 [INF] Executed endpoint 'systemOut.Controllers.NoteAPICOntroller.GetNotes (api)'
2024-11-28 09:53:29.575 +01:00 [INF] Request finished HTTP/2 GET https://localhost:7285/api/noteapi/getnotes - 200 746 application/json; charset=utf-8 8.5404ms
2024-11-28 09:53:29.595 +01:00 [INF] Executing OkObjectResult, writing value of type 'System.Linq.Enumerable+SelectListIterator`2[[systemOut.Models.User, api, Version=1.0.0.0, Culture=neutral, PublicKeyToken=null],[systemOut.DTOs.UserDto, api, Version=1.0.0.0, Culture=neutral, PublicKeyToken=null]]'.
2024-11-28 09:53:29.595 +01:00 [INF] Executing OkObjectResult, writing value of type 'System.Linq.Enumerable+SelectListIterator`2[[systemOut.Models.User, api, Version=1.0.0.0, Culture=neutral, PublicKeyToken=null],[systemOut.DTOs.UserDto, api, Version=1.0.0.0, Culture=neutral, PublicKeyToken=null]]'.
2024-11-28 09:53:29.597 +01:00 [INF] Executed action systemOut.Controllers.UserAPIController.UserList (api) in 36.0291ms
2024-11-28 09:53:29.597 +01:00 [INF] Executed action systemOut.Controllers.UserAPIController.UserList (api) in 25.4072ms
2024-11-28 09:53:29.597 +01:00 [INF] Executed endpoint 'systemOut.Controllers.UserAPIController.UserList (api)'
2024-11-28 09:53:29.597 +01:00 [INF] Executed endpoint 'systemOut.Controllers.UserAPIController.UserList (api)'
2024-11-28 09:53:29.598 +01:00 [INF] Request finished HTTP/2 GET https://localhost:7285/api/userapi/userlist - 200 372 application/json; charset=utf-8 31.5033ms
2024-11-28 09:53:29.598 +01:00 [INF] Request finished HTTP/2 GET https://localhost:7285/api/userapi/userlist - 200 372 application/json; charset=utf-8 43.1221ms
2024-11-28 10:00:25.303 +01:00 [INF] Request starting HTTP/2 GET https://localhost:7285/api/userapi/userlist - null null
2024-11-28 10:00:25.303 +01:00 [INF] Request starting HTTP/2 GET https://localhost:7285/api/imageapi/get-all-image-urls - null null
2024-11-28 10:00:25.303 +01:00 [INF] CORS policy execution successful.
2024-11-28 10:00:25.303 +01:00 [INF] CORS policy execution successful.
2024-11-28 10:00:25.303 +01:00 [INF] Executing endpoint 'systemOut.Controllers.ImageAPIController.GetAllImageUrls (api)'
2024-11-28 10:00:25.303 +01:00 [INF] Executing endpoint 'systemOut.Controllers.UserAPIController.UserList (api)'
2024-11-28 10:00:25.303 +01:00 [INF] Route matched with {action = "UserList", controller = "UserAPI"}. Executing controller action with signature System.Threading.Tasks.Task`1[Microsoft.AspNetCore.Mvc.IActionResult] UserList() on controller systemOut.Controllers.UserAPIController (api).
2024-11-28 10:00:25.305 +01:00 [INF] Route matched with {action = "GetAllImageUrls", controller = "ImageAPI"}. Executing controller action with signature Microsoft.AspNetCore.Mvc.IActionResult GetAllImageUrls() on controller systemOut.Controllers.ImageAPIController (api).
2024-11-28 10:00:25.311 +01:00 [INF] Executing OkObjectResult, writing value of type 'System.Linq.Enumerable+SelectListIterator`2[[systemOut.Models.User, api, Version=1.0.0.0, Culture=neutral, PublicKeyToken=null],[systemOut.DTOs.UserDto, api, Version=1.0.0.0, Culture=neutral, PublicKeyToken=null]]'.
2024-11-28 10:00:25.311 +01:00 [INF] Executed action systemOut.Controllers.UserAPIController.UserList (api) in 7.8245ms
2024-11-28 10:00:25.311 +01:00 [INF] Executed endpoint 'systemOut.Controllers.UserAPIController.UserList (api)'
2024-11-28 10:00:25.312 +01:00 [INF] Request finished HTTP/2 GET https://localhost:7285/api/userapi/userlist - 200 372 application/json; charset=utf-8 9.6973ms
2024-11-28 10:00:25.312 +01:00 [INF] Executing OkObjectResult, writing value of type 'System.Collections.Generic.List`1[[System.String, System.Private.CoreLib, Version=8.0.0.0, Culture=neutral, PublicKeyToken=7cec85d7bea7798e]]'.
2024-11-28 10:00:25.312 +01:00 [INF] Request starting HTTP/2 GET https://localhost:7285/api/userapi/userlist - null null
2024-11-28 10:00:25.313 +01:00 [INF] Request starting HTTP/2 GET https://localhost:7285/api/imageapi/get-all-image-urls - null null
2024-11-28 10:00:25.313 +01:00 [INF] Request starting HTTP/2 GET https://localhost:7285/api/userapi/userlist - null null
2024-11-28 10:00:25.313 +01:00 [INF] CORS policy execution successful.
2024-11-28 10:00:25.313 +01:00 [INF] CORS policy execution successful.
2024-11-28 10:00:25.313 +01:00 [INF] Executing endpoint 'systemOut.Controllers.UserAPIController.UserList (api)'
2024-11-28 10:00:25.313 +01:00 [INF] CORS policy execution successful.
2024-11-28 10:00:25.313 +01:00 [INF] Executing endpoint 'systemOut.Controllers.ImageAPIController.GetAllImageUrls (api)'
2024-11-28 10:00:25.313 +01:00 [INF] Executing endpoint 'systemOut.Controllers.UserAPIController.UserList (api)'
2024-11-28 10:00:25.314 +01:00 [INF] Route matched with {action = "UserList", controller = "UserAPI"}. Executing controller action with signature System.Threading.Tasks.Task`1[Microsoft.AspNetCore.Mvc.IActionResult] UserList() on controller systemOut.Controllers.UserAPIController (api).
2024-11-28 10:00:25.314 +01:00 [INF] Route matched with {action = "GetAllImageUrls", controller = "ImageAPI"}. Executing controller action with signature Microsoft.AspNetCore.Mvc.IActionResult GetAllImageUrls() on controller systemOut.Controllers.ImageAPIController (api).
2024-11-28 10:00:25.314 +01:00 [INF] Request starting HTTP/2 GET https://localhost:7285/api/userapi/userlist - null null
2024-11-28 10:00:25.314 +01:00 [INF] Route matched with {action = "UserList", controller = "UserAPI"}. Executing controller action with signature System.Threading.Tasks.Task`1[Microsoft.AspNetCore.Mvc.IActionResult] UserList() on controller systemOut.Controllers.UserAPIController (api).
2024-11-28 10:00:25.314 +01:00 [INF] CORS policy execution successful.
2024-11-28 10:00:25.314 +01:00 [INF] Executing endpoint 'systemOut.Controllers.UserAPIController.UserList (api)'
2024-11-28 10:00:25.314 +01:00 [INF] Route matched with {action = "UserList", controller = "UserAPI"}. Executing controller action with signature System.Threading.Tasks.Task`1[Microsoft.AspNetCore.Mvc.IActionResult] UserList() on controller systemOut.Controllers.UserAPIController (api).
2024-11-28 10:00:25.315 +01:00 [INF] Executed action systemOut.Controllers.ImageAPIController.GetAllImageUrls (api) in 10.7369ms
2024-11-28 10:00:25.315 +01:00 [INF] Executed endpoint 'systemOut.Controllers.ImageAPIController.GetAllImageUrls (api)'
2024-11-28 10:00:25.316 +01:00 [INF] Request finished HTTP/2 GET https://localhost:7285/api/imageapi/get-all-image-urls - 200 582 application/json; charset=utf-8 14.0062ms
2024-11-28 10:00:25.317 +01:00 [INF] Executing OkObjectResult, writing value of type 'System.Collections.Generic.List`1[[System.String, System.Private.CoreLib, Version=8.0.0.0, Culture=neutral, PublicKeyToken=7cec85d7bea7798e]]'.
2024-11-28 10:00:25.317 +01:00 [INF] Executed action systemOut.Controllers.ImageAPIController.GetAllImageUrls (api) in 3.7436ms
2024-11-28 10:00:25.317 +01:00 [INF] Executed endpoint 'systemOut.Controllers.ImageAPIController.GetAllImageUrls (api)'
2024-11-28 10:00:25.317 +01:00 [INF] Request finished HTTP/2 GET https://localhost:7285/api/imageapi/get-all-image-urls - 200 582 application/json; charset=utf-8 5.0133ms
2024-11-28 10:00:25.319 +01:00 [INF] Executing OkObjectResult, writing value of type 'System.Linq.Enumerable+SelectListIterator`2[[systemOut.Models.User, api, Version=1.0.0.0, Culture=neutral, PublicKeyToken=null],[systemOut.DTOs.UserDto, api, Version=1.0.0.0, Culture=neutral, PublicKeyToken=null]]'.
2024-11-28 10:00:25.322 +01:00 [INF] Executed action systemOut.Controllers.UserAPIController.UserList (api) in 7.9295ms
2024-11-28 10:00:25.322 +01:00 [INF] Executed endpoint 'systemOut.Controllers.UserAPIController.UserList (api)'
2024-11-28 10:00:25.322 +01:00 [INF] Request finished HTTP/2 GET https://localhost:7285/api/userapi/userlist - 200 372 application/json; charset=utf-8 9.1137ms
2024-11-28 10:00:25.324 +01:00 [INF] Executing OkObjectResult, writing value of type 'System.Linq.Enumerable+SelectListIterator`2[[systemOut.Models.User, api, Version=1.0.0.0, Culture=neutral, PublicKeyToken=null],[systemOut.DTOs.UserDto, api, Version=1.0.0.0, Culture=neutral, PublicKeyToken=null]]'.
2024-11-28 10:00:25.324 +01:00 [INF] Executed action systemOut.Controllers.UserAPIController.UserList (api) in 10.343ms
2024-11-28 10:00:25.324 +01:00 [INF] Executed endpoint 'systemOut.Controllers.UserAPIController.UserList (api)'
2024-11-28 10:00:25.324 +01:00 [INF] Executing OkObjectResult, writing value of type 'System.Linq.Enumerable+SelectListIterator`2[[systemOut.Models.User, api, Version=1.0.0.0, Culture=neutral, PublicKeyToken=null],[systemOut.DTOs.UserDto, api, Version=1.0.0.0, Culture=neutral, PublicKeyToken=null]]'.
2024-11-28 10:00:25.324 +01:00 [INF] Request finished HTTP/2 GET https://localhost:7285/api/userapi/userlist - 200 372 application/json; charset=utf-8 11.8205ms
2024-11-28 10:00:25.324 +01:00 [INF] Executed action systemOut.Controllers.UserAPIController.UserList (api) in 10.3946ms
2024-11-28 10:00:25.324 +01:00 [INF] Executed endpoint 'systemOut.Controllers.UserAPIController.UserList (api)'
2024-11-28 10:00:25.324 +01:00 [INF] Request finished HTTP/2 GET https://localhost:7285/api/userapi/userlist - 200 372 application/json; charset=utf-8 10.6663ms
2024-11-28 10:00:39.163 +01:00 [INF] Request starting HTTP/2 OPTIONS https://localhost:7285/api/imageapi/create - null null
2024-11-28 10:00:39.164 +01:00 [INF] CORS policy execution successful.
2024-11-28 10:00:39.164 +01:00 [INF] Request finished HTTP/2 OPTIONS https://localhost:7285/api/imageapi/create - 204 null null 1.0004ms
2024-11-28 10:00:39.166 +01:00 [INF] Request starting HTTP/2 POST https://localhost:7285/api/imageapi/create - application/json 89
2024-11-28 10:00:39.166 +01:00 [INF] CORS policy execution successful.
2024-11-28 10:00:39.166 +01:00 [INF] Executing endpoint 'systemOut.Controllers.ImageAPIController.Create (api)'
2024-11-28 10:00:39.172 +01:00 [INF] Route matched with {action = "Create", controller = "ImageAPI"}. Executing controller action with signature System.Threading.Tasks.Task`1[Microsoft.AspNetCore.Mvc.IActionResult] Create(systemOut.DTOs.ImageDto) on controller systemOut.Controllers.ImageAPIController (api).
2024-11-28 10:00:39.287 +01:00 [INF] Executing CreatedAtActionResult, writing value of type 'systemOut.Models.Image'.
2024-11-28 10:00:39.300 +01:00 [INF] Executed action systemOut.Controllers.ImageAPIController.Create (api) in 127.8473ms
2024-11-28 10:00:39.300 +01:00 [INF] Executed endpoint 'systemOut.Controllers.ImageAPIController.Create (api)'
2024-11-28 10:00:39.300 +01:00 [INF] Request finished HTTP/2 POST https://localhost:7285/api/imageapi/create - 201 147 application/json; charset=utf-8 134.2547ms
2024-11-28 10:00:39.417 +01:00 [INF] Request starting HTTP/2 GET https://localhost:7285/api/imageapi/getimages - null null
2024-11-28 10:00:39.418 +01:00 [INF] CORS policy execution successful.
2024-11-28 10:00:39.418 +01:00 [INF] Executing endpoint 'systemOut.Controllers.ImageAPIController.GetImages (api)'
2024-11-28 10:00:39.418 +01:00 [INF] Route matched with {action = "GetImages", controller = "ImageAPI"}. Executing controller action with signature System.Threading.Tasks.Task`1[Microsoft.AspNetCore.Mvc.IActionResult] GetImages() on controller systemOut.Controllers.ImageAPIController (api).
2024-11-28 10:00:39.420 +01:00 [INF] Executing OkObjectResult, writing value of type 'System.Linq.Enumerable+SelectListIterator`2[[systemOut.Models.Image, api, Version=1.0.0.0, Culture=neutral, PublicKeyToken=null],[systemOut.DTOs.ImageDto, api, Version=1.0.0.0, Culture=neutral, PublicKeyToken=null]]'.
2024-11-28 10:00:39.420 +01:00 [INF] Executed action systemOut.Controllers.ImageAPIController.GetImages (api) in 2.3924ms
2024-11-28 10:00:39.420 +01:00 [INF] Executed endpoint 'systemOut.Controllers.ImageAPIController.GetImages (api)'
2024-11-28 10:00:39.420 +01:00 [INF] Request finished HTTP/2 GET https://localhost:7285/api/imageapi/getimages - 200 810 application/json; charset=utf-8 2.8032ms
2024-11-28 10:00:39.424 +01:00 [INF] Request starting HTTP/2 GET https://localhost:7285/api/imageapi/getimages - null null
2024-11-28 10:00:39.424 +01:00 [INF] CORS policy execution successful.
2024-11-28 10:00:39.424 +01:00 [INF] Executing endpoint 'systemOut.Controllers.ImageAPIController.GetImages (api)'
2024-11-28 10:00:39.424 +01:00 [INF] Route matched with {action = "GetImages", controller = "ImageAPI"}. Executing controller action with signature System.Threading.Tasks.Task`1[Microsoft.AspNetCore.Mvc.IActionResult] GetImages() on controller systemOut.Controllers.ImageAPIController (api).
2024-11-28 10:00:39.426 +01:00 [INF] Executing OkObjectResult, writing value of type 'System.Linq.Enumerable+SelectListIterator`2[[systemOut.Models.Image, api, Version=1.0.0.0, Culture=neutral, PublicKeyToken=null],[systemOut.DTOs.ImageDto, api, Version=1.0.0.0, Culture=neutral, PublicKeyToken=null]]'.
2024-11-28 10:00:39.427 +01:00 [INF] Executed action systemOut.Controllers.ImageAPIController.GetImages (api) in 2.1813ms
2024-11-28 10:00:39.427 +01:00 [INF] Executed endpoint 'systemOut.Controllers.ImageAPIController.GetImages (api)'
2024-11-28 10:00:39.427 +01:00 [INF] Request finished HTTP/2 GET https://localhost:7285/api/imageapi/getimages - 200 810 application/json; charset=utf-8 2.6659ms
2024-11-28 10:00:39.429 +01:00 [INF] Request starting HTTP/2 GET https://localhost:7285/images/index/note1.jpg - null null
2024-11-28 10:00:39.433 +01:00 [INF] The file /images/index/note1.jpg was not modified
2024-11-28 10:00:39.434 +01:00 [INF] Request finished HTTP/2 GET https://localhost:7285/images/index/note1.jpg - 304 null image/jpeg 4.9545ms
2024-11-28 10:00:43.154 +01:00 [INF] Request starting HTTP/2 GET https://localhost:7285/api/userapi/userlist - null null
2024-11-28 10:00:43.154 +01:00 [INF] Request starting HTTP/2 GET https://localhost:7285/api/imageapi/getimages - null null
2024-11-28 10:00:43.154 +01:00 [INF] CORS policy execution successful.
2024-11-28 10:00:43.154 +01:00 [INF] CORS policy execution successful.
2024-11-28 10:00:43.154 +01:00 [INF] Executing endpoint 'systemOut.Controllers.UserAPIController.UserList (api)'
2024-11-28 10:00:43.154 +01:00 [INF] Executing endpoint 'systemOut.Controllers.ImageAPIController.GetImages (api)'
2024-11-28 10:00:43.154 +01:00 [INF] Route matched with {action = "UserList", controller = "UserAPI"}. Executing controller action with signature System.Threading.Tasks.Task`1[Microsoft.AspNetCore.Mvc.IActionResult] UserList() on controller systemOut.Controllers.UserAPIController (api).
2024-11-28 10:00:43.154 +01:00 [INF] Route matched with {action = "GetImages", controller = "ImageAPI"}. Executing controller action with signature System.Threading.Tasks.Task`1[Microsoft.AspNetCore.Mvc.IActionResult] GetImages() on controller systemOut.Controllers.ImageAPIController (api).
2024-11-28 10:00:43.155 +01:00 [INF] Request starting HTTP/2 GET https://localhost:7285/api/noteapi/getnotes - null null
2024-11-28 10:00:43.155 +01:00 [INF] CORS policy execution successful.
2024-11-28 10:00:43.155 +01:00 [INF] Executing endpoint 'systemOut.Controllers.NoteAPICOntroller.GetNotes (api)'
2024-11-28 10:00:43.155 +01:00 [INF] Route matched with {action = "GetNotes", controller = "NoteAPI"}. Executing controller action with signature System.Threading.Tasks.Task`1[Microsoft.AspNetCore.Mvc.IActionResult] GetNotes() on controller systemOut.Controllers.NoteAPICOntroller (api).
2024-11-28 10:00:43.159 +01:00 [INF] Executing OkObjectResult, writing value of type 'System.Linq.Enumerable+SelectListIterator`2[[systemOut.Models.Image, api, Version=1.0.0.0, Culture=neutral, PublicKeyToken=null],[systemOut.DTOs.ImageDto, api, Version=1.0.0.0, Culture=neutral, PublicKeyToken=null]]'.
2024-11-28 10:00:43.159 +01:00 [INF] Executing OkObjectResult, writing value of type 'System.Linq.Enumerable+SelectListIterator`2[[systemOut.Models.Note, api, Version=1.0.0.0, Culture=neutral, PublicKeyToken=null],[systemOut.DTOs.NoteDto, api, Version=1.0.0.0, Culture=neutral, PublicKeyToken=null]]'.
2024-11-28 10:00:43.159 +01:00 [INF] Executed action systemOut.Controllers.NoteAPICOntroller.GetNotes (api) in 3.9029ms
2024-11-28 10:00:43.159 +01:00 [INF] Executed action systemOut.Controllers.ImageAPIController.GetImages (api) in 4.9278ms
2024-11-28 10:00:43.159 +01:00 [INF] Executed endpoint 'systemOut.Controllers.NoteAPICOntroller.GetNotes (api)'
2024-11-28 10:00:43.159 +01:00 [INF] Executed endpoint 'systemOut.Controllers.ImageAPIController.GetImages (api)'
2024-11-28 10:00:43.159 +01:00 [INF] Request finished HTTP/2 GET https://localhost:7285/api/noteapi/getnotes - 200 746 application/json; charset=utf-8 4.2473ms
2024-11-28 10:00:43.159 +01:00 [INF] Request finished HTTP/2 GET https://localhost:7285/api/imageapi/getimages - 200 810 application/json; charset=utf-8 5.5246ms
2024-11-28 10:00:43.160 +01:00 [INF] Executing OkObjectResult, writing value of type 'System.Linq.Enumerable+SelectListIterator`2[[systemOut.Models.User, api, Version=1.0.0.0, Culture=neutral, PublicKeyToken=null],[systemOut.DTOs.UserDto, api, Version=1.0.0.0, Culture=neutral, PublicKeyToken=null]]'.
2024-11-28 10:00:43.160 +01:00 [INF] Executed action systemOut.Controllers.UserAPIController.UserList (api) in 5.2653ms
2024-11-28 10:00:43.160 +01:00 [INF] Executed endpoint 'systemOut.Controllers.UserAPIController.UserList (api)'
2024-11-28 10:00:43.160 +01:00 [INF] Request finished HTTP/2 GET https://localhost:7285/api/userapi/userlist - 200 372 application/json; charset=utf-8 6.1168ms
2024-11-28 10:00:43.163 +01:00 [INF] Request starting HTTP/2 GET https://localhost:7285/api/userapi/userlist - null null
2024-11-28 10:00:43.163 +01:00 [INF] CORS policy execution successful.
2024-11-28 10:00:43.163 +01:00 [INF] Executing endpoint 'systemOut.Controllers.UserAPIController.UserList (api)'
2024-11-28 10:00:43.163 +01:00 [INF] Route matched with {action = "UserList", controller = "UserAPI"}. Executing controller action with signature System.Threading.Tasks.Task`1[Microsoft.AspNetCore.Mvc.IActionResult] UserList() on controller systemOut.Controllers.UserAPIController (api).
2024-11-28 10:00:43.164 +01:00 [INF] Request starting HTTP/2 GET https://localhost:7285/api/imageapi/getimages - null null
2024-11-28 10:00:43.164 +01:00 [INF] Request starting HTTP/2 GET https://localhost:7285/api/noteapi/getnotes - null null
2024-11-28 10:00:43.164 +01:00 [INF] CORS policy execution successful.
2024-11-28 10:00:43.164 +01:00 [INF] CORS policy execution successful.
2024-11-28 10:00:43.164 +01:00 [INF] Executing endpoint 'systemOut.Controllers.ImageAPIController.GetImages (api)'
2024-11-28 10:00:43.164 +01:00 [INF] Executing endpoint 'systemOut.Controllers.NoteAPICOntroller.GetNotes (api)'
2024-11-28 10:00:43.164 +01:00 [INF] Route matched with {action = "GetImages", controller = "ImageAPI"}. Executing controller action with signature System.Threading.Tasks.Task`1[Microsoft.AspNetCore.Mvc.IActionResult] GetImages() on controller systemOut.Controllers.ImageAPIController (api).
2024-11-28 10:00:43.164 +01:00 [INF] Route matched with {action = "GetNotes", controller = "NoteAPI"}. Executing controller action with signature System.Threading.Tasks.Task`1[Microsoft.AspNetCore.Mvc.IActionResult] GetNotes() on controller systemOut.Controllers.NoteAPICOntroller (api).
2024-11-28 10:00:43.166 +01:00 [INF] Executing OkObjectResult, writing value of type 'System.Linq.Enumerable+SelectListIterator`2[[systemOut.Models.Image, api, Version=1.0.0.0, Culture=neutral, PublicKeyToken=null],[systemOut.DTOs.ImageDto, api, Version=1.0.0.0, Culture=neutral, PublicKeyToken=null]]'.
2024-11-28 10:00:43.167 +01:00 [INF] Executed action systemOut.Controllers.ImageAPIController.GetImages (api) in 2.8982ms
2024-11-28 10:00:43.167 +01:00 [INF] Executed endpoint 'systemOut.Controllers.ImageAPIController.GetImages (api)'
2024-11-28 10:00:43.167 +01:00 [INF] Request finished HTTP/2 GET https://localhost:7285/api/imageapi/getimages - 200 810 application/json; charset=utf-8 3.8383ms
2024-11-28 10:00:43.167 +01:00 [INF] Executing OkObjectResult, writing value of type 'System.Linq.Enumerable+SelectListIterator`2[[systemOut.Models.User, api, Version=1.0.0.0, Culture=neutral, PublicKeyToken=null],[systemOut.DTOs.UserDto, api, Version=1.0.0.0, Culture=neutral, PublicKeyToken=null]]'.
2024-11-28 10:00:43.168 +01:00 [INF] Executed action systemOut.Controllers.UserAPIController.UserList (api) in 4.2896ms
2024-11-28 10:00:43.168 +01:00 [INF] Executed endpoint 'systemOut.Controllers.UserAPIController.UserList (api)'
2024-11-28 10:00:43.168 +01:00 [INF] Request finished HTTP/2 GET https://localhost:7285/api/userapi/userlist - 200 372 application/json; charset=utf-8 5.0697ms
2024-11-28 10:00:43.168 +01:00 [INF] Executing OkObjectResult, writing value of type 'System.Linq.Enumerable+SelectListIterator`2[[systemOut.Models.Note, api, Version=1.0.0.0, Culture=neutral, PublicKeyToken=null],[systemOut.DTOs.NoteDto, api, Version=1.0.0.0, Culture=neutral, PublicKeyToken=null]]'.
2024-11-28 10:00:43.168 +01:00 [INF] Executed action systemOut.Controllers.NoteAPICOntroller.GetNotes (api) in 4.279ms
2024-11-28 10:00:43.168 +01:00 [INF] Executed endpoint 'systemOut.Controllers.NoteAPICOntroller.GetNotes (api)'
2024-11-28 10:00:43.168 +01:00 [INF] Request finished HTTP/2 GET https://localhost:7285/api/noteapi/getnotes - 200 746 application/json; charset=utf-8 4.6729ms
2024-11-28 10:00:46.285 +01:00 [INF] Request starting HTTP/2 GET https://localhost:7285/api/imageapi/17 - null null
2024-11-28 10:00:46.285 +01:00 [INF] CORS policy execution successful.
2024-11-28 10:00:46.285 +01:00 [INF] Executing endpoint 'systemOut.Controllers.ImageAPIController.GetImage (api)'
2024-11-28 10:00:46.289 +01:00 [INF] Route matched with {action = "GetImage", controller = "ImageAPI"}. Executing controller action with signature System.Threading.Tasks.Task`1[Microsoft.AspNetCore.Mvc.IActionResult] GetImage(Int32) on controller systemOut.Controllers.ImageAPIController (api).
2024-11-28 10:00:46.324 +01:00 [INF] Executing OkObjectResult, writing value of type 'Castle.Proxies.ImageProxy'.
2024-11-28 10:00:46.463 +01:00 [INF] Executed action systemOut.Controllers.ImageAPIController.GetImage (api) in 174.4807ms
2024-11-28 10:00:46.464 +01:00 [INF] Executed endpoint 'systemOut.Controllers.ImageAPIController.GetImage (api)'
2024-11-28 10:00:46.465 +01:00 [INF] Request finished HTTP/2 GET https://localhost:7285/api/imageapi/17 - 200 30930 application/json; charset=utf-8 179.6842ms
2024-11-28 10:00:46.466 +01:00 [INF] Request starting HTTP/2 GET https://localhost:7285/api/imageapi/17 - null null
2024-11-28 10:00:46.466 +01:00 [INF] CORS policy execution successful.
2024-11-28 10:00:46.466 +01:00 [INF] Executing endpoint 'systemOut.Controllers.ImageAPIController.GetImage (api)'
2024-11-28 10:00:46.466 +01:00 [INF] Route matched with {action = "GetImage", controller = "ImageAPI"}. Executing controller action with signature System.Threading.Tasks.Task`1[Microsoft.AspNetCore.Mvc.IActionResult] GetImage(Int32) on controller systemOut.Controllers.ImageAPIController (api).
2024-11-28 10:00:46.468 +01:00 [INF] Executing OkObjectResult, writing value of type 'Castle.Proxies.ImageProxy'.
2024-11-28 10:00:46.472 +01:00 [INF] Request starting HTTP/2 GET https://localhost:7285/api/commentapi/getcomments - null null
2024-11-28 10:00:46.472 +01:00 [INF] Request starting HTTP/2 GET https://localhost:7285/api/commentapi/getcomments - null null
2024-11-28 10:00:46.473 +01:00 [INF] CORS policy execution successful.
2024-11-28 10:00:46.473 +01:00 [INF] CORS policy execution successful.
2024-11-28 10:00:46.473 +01:00 [INF] Executing endpoint 'systemOut.Controllers.CommentAPIController.GetComments (api)'
2024-11-28 10:00:46.473 +01:00 [INF] Executing endpoint 'systemOut.Controllers.CommentAPIController.GetComments (api)'
2024-11-28 10:00:46.477 +01:00 [INF] Route matched with {action = "GetComments", controller = "CommentAPI"}. Executing controller action with signature System.Threading.Tasks.Task`1[Microsoft.AspNetCore.Mvc.IActionResult] GetComments() on controller systemOut.Controllers.CommentAPIController (api).
2024-11-28 10:00:46.477 +01:00 [INF] Route matched with {action = "GetComments", controller = "CommentAPI"}. Executing controller action with signature System.Threading.Tasks.Task`1[Microsoft.AspNetCore.Mvc.IActionResult] GetComments() on controller systemOut.Controllers.CommentAPIController (api).
2024-11-28 10:00:46.497 +01:00 [INF] Executing OkObjectResult, writing value of type 'System.Linq.Enumerable+SelectListIterator`2[[systemOut.Models.Comment, api, Version=1.0.0.0, Culture=neutral, PublicKeyToken=null],[systemOut.DTOs.CommentDto, api, Version=1.0.0.0, Culture=neutral, PublicKeyToken=null]]'.
2024-11-28 10:00:46.497 +01:00 [INF] Executing OkObjectResult, writing value of type 'System.Linq.Enumerable+SelectListIterator`2[[systemOut.Models.Comment, api, Version=1.0.0.0, Culture=neutral, PublicKeyToken=null],[systemOut.DTOs.CommentDto, api, Version=1.0.0.0, Culture=neutral, PublicKeyToken=null]]'.
2024-11-28 10:00:46.502 +01:00 [INF] Executed action systemOut.Controllers.CommentAPIController.GetComments (api) in 24.3516ms
2024-11-28 10:00:46.502 +01:00 [INF] Executed action systemOut.Controllers.CommentAPIController.GetComments (api) in 24.3205ms
2024-11-28 10:00:46.502 +01:00 [INF] Executed endpoint 'systemOut.Controllers.CommentAPIController.GetComments (api)'
2024-11-28 10:00:46.502 +01:00 [INF] Request finished HTTP/2 GET https://localhost:7285/api/commentapi/getcomments - 200 793 application/json; charset=utf-8 30.4267ms
2024-11-28 10:00:46.502 +01:00 [INF] Executed endpoint 'systemOut.Controllers.CommentAPIController.GetComments (api)'
2024-11-28 10:00:46.503 +01:00 [INF] Request finished HTTP/2 GET https://localhost:7285/api/commentapi/getcomments - 200 793 application/json; charset=utf-8 30.9572ms
2024-11-28 10:00:46.525 +01:00 [INF] Executed action systemOut.Controllers.ImageAPIController.GetImage (api) in 58.7712ms
2024-11-28 10:00:46.525 +01:00 [INF] Executed endpoint 'systemOut.Controllers.ImageAPIController.GetImage (api)'
2024-11-28 10:00:46.525 +01:00 [INF] Request finished HTTP/2 GET https://localhost:7285/api/imageapi/17 - 200 30930 application/json; charset=utf-8 59.3427ms
2024-11-28 10:00:48.582 +01:00 [INF] Request starting HTTP/2 OPTIONS https://localhost:7285/api/imageapi/delete/17 - null null
2024-11-28 10:00:48.582 +01:00 [INF] CORS policy execution successful.
2024-11-28 10:00:48.582 +01:00 [INF] Request finished HTTP/2 OPTIONS https://localhost:7285/api/imageapi/delete/17 - 204 null null 0.3466ms
2024-11-28 10:00:48.585 +01:00 [INF] Request starting HTTP/2 DELETE https://localhost:7285/api/imageapi/delete/17 - null null
2024-11-28 10:00:48.585 +01:00 [INF] CORS policy execution successful.
2024-11-28 10:00:48.585 +01:00 [INF] Executing endpoint 'systemOut.Controllers.ImageAPIController.DeleteConfirmed (api)'
2024-11-28 10:00:48.587 +01:00 [INF] Route matched with {action = "DeleteConfirmed", controller = "ImageAPI"}. Executing controller action with signature System.Threading.Tasks.Task`1[Microsoft.AspNetCore.Mvc.IActionResult] DeleteConfirmed(Int32) on controller systemOut.Controllers.ImageAPIController (api).
2024-11-28 10:00:48.643 +01:00 [INF] Executing StatusCodeResult, setting HTTP status code 204
2024-11-28 10:00:48.643 +01:00 [INF] Executed action systemOut.Controllers.ImageAPIController.DeleteConfirmed (api) in 56.2066ms
2024-11-28 10:00:48.644 +01:00 [INF] Executed endpoint 'systemOut.Controllers.ImageAPIController.DeleteConfirmed (api)'
2024-11-28 10:00:48.644 +01:00 [INF] Request finished HTTP/2 DELETE https://localhost:7285/api/imageapi/delete/17 - 204 null null 59.266ms
2024-11-28 10:00:48.654 +01:00 [INF] Request starting HTTP/2 GET https://localhost:7285/api/userapi/userlist - null null
2024-11-28 10:00:48.654 +01:00 [INF] Request starting HTTP/2 GET https://localhost:7285/api/imageapi/getimages - null null
2024-11-28 10:00:48.655 +01:00 [INF] Request starting HTTP/2 GET https://localhost:7285/api/noteapi/getnotes - null null
2024-11-28 10:00:48.655 +01:00 [INF] CORS policy execution successful.
2024-11-28 10:00:48.655 +01:00 [INF] CORS policy execution successful.
2024-11-28 10:00:48.655 +01:00 [INF] CORS policy execution successful.
2024-11-28 10:00:48.655 +01:00 [INF] Executing endpoint 'systemOut.Controllers.UserAPIController.UserList (api)'
2024-11-28 10:00:48.655 +01:00 [INF] Executing endpoint 'systemOut.Controllers.ImageAPIController.GetImages (api)'
2024-11-28 10:00:48.655 +01:00 [INF] Executing endpoint 'systemOut.Controllers.NoteAPICOntroller.GetNotes (api)'
2024-11-28 10:00:48.655 +01:00 [INF] Route matched with {action = "GetNotes", controller = "NoteAPI"}. Executing controller action with signature System.Threading.Tasks.Task`1[Microsoft.AspNetCore.Mvc.IActionResult] GetNotes() on controller systemOut.Controllers.NoteAPICOntroller (api).
2024-11-28 10:00:48.655 +01:00 [INF] Route matched with {action = "UserList", controller = "UserAPI"}. Executing controller action with signature System.Threading.Tasks.Task`1[Microsoft.AspNetCore.Mvc.IActionResult] UserList() on controller systemOut.Controllers.UserAPIController (api).
2024-11-28 10:00:48.655 +01:00 [INF] Route matched with {action = "GetImages", controller = "ImageAPI"}. Executing controller action with signature System.Threading.Tasks.Task`1[Microsoft.AspNetCore.Mvc.IActionResult] GetImages() on controller systemOut.Controllers.ImageAPIController (api).
2024-11-28 10:00:48.656 +01:00 [INF] Request starting HTTP/2 GET https://localhost:7285/api/userapi/userlist - null null
2024-11-28 10:00:48.656 +01:00 [INF] CORS policy execution successful.
2024-11-28 10:00:48.656 +01:00 [INF] Executing endpoint 'systemOut.Controllers.UserAPIController.UserList (api)'
2024-11-28 10:00:48.656 +01:00 [INF] Route matched with {action = "UserList", controller = "UserAPI"}. Executing controller action with signature System.Threading.Tasks.Task`1[Microsoft.AspNetCore.Mvc.IActionResult] UserList() on controller systemOut.Controllers.UserAPIController (api).
2024-11-28 10:00:48.656 +01:00 [INF] Request starting HTTP/2 GET https://localhost:7285/api/imageapi/getimages - null null
2024-11-28 10:00:48.656 +01:00 [INF] Request starting HTTP/2 GET https://localhost:7285/api/noteapi/getnotes - null null
2024-11-28 10:00:48.657 +01:00 [INF] CORS policy execution successful.
2024-11-28 10:00:48.657 +01:00 [INF] CORS policy execution successful.
2024-11-28 10:00:48.657 +01:00 [INF] Executing endpoint 'systemOut.Controllers.ImageAPIController.GetImages (api)'
2024-11-28 10:00:48.657 +01:00 [INF] Executing endpoint 'systemOut.Controllers.NoteAPICOntroller.GetNotes (api)'
2024-11-28 10:00:48.657 +01:00 [INF] Route matched with {action = "GetNotes", controller = "NoteAPI"}. Executing controller action with signature System.Threading.Tasks.Task`1[Microsoft.AspNetCore.Mvc.IActionResult] GetNotes() on controller systemOut.Controllers.NoteAPICOntroller (api).
2024-11-28 10:00:48.657 +01:00 [INF] Route matched with {action = "GetImages", controller = "ImageAPI"}. Executing controller action with signature System.Threading.Tasks.Task`1[Microsoft.AspNetCore.Mvc.IActionResult] GetImages() on controller systemOut.Controllers.ImageAPIController (api).
2024-11-28 10:00:48.661 +01:00 [INF] Executing OkObjectResult, writing value of type 'System.Linq.Enumerable+SelectListIterator`2[[systemOut.Models.User, api, Version=1.0.0.0, Culture=neutral, PublicKeyToken=null],[systemOut.DTOs.UserDto, api, Version=1.0.0.0, Culture=neutral, PublicKeyToken=null]]'.
2024-11-28 10:00:48.661 +01:00 [INF] Executed action systemOut.Controllers.UserAPIController.UserList (api) in 6.2817ms
2024-11-28 10:00:48.662 +01:00 [INF] Executed endpoint 'systemOut.Controllers.UserAPIController.UserList (api)'
2024-11-28 10:00:48.662 +01:00 [INF] Request finished HTTP/2 GET https://localhost:7285/api/userapi/userlist - 200 372 application/json; charset=utf-8 8.0867ms
2024-11-28 10:00:48.662 +01:00 [INF] Executing OkObjectResult, writing value of type 'System.Linq.Enumerable+SelectListIterator`2[[systemOut.Models.Image, api, Version=1.0.0.0, Culture=neutral, PublicKeyToken=null],[systemOut.DTOs.ImageDto, api, Version=1.0.0.0, Culture=neutral, PublicKeyToken=null]]'.
2024-11-28 10:00:48.663 +01:00 [INF] Executed action systemOut.Controllers.ImageAPIController.GetImages (api) in 7.4887ms
2024-11-28 10:00:48.664 +01:00 [INF] Executed endpoint 'systemOut.Controllers.ImageAPIController.GetImages (api)'
2024-11-28 10:00:48.664 +01:00 [INF] Request finished HTTP/2 GET https://localhost:7285/api/imageapi/getimages - 200 690 application/json; charset=utf-8 9.7251ms
2024-11-28 10:00:48.664 +01:00 [INF] Executing OkObjectResult, writing value of type 'System.Linq.Enumerable+SelectListIterator`2[[systemOut.Models.User, api, Version=1.0.0.0, Culture=neutral, PublicKeyToken=null],[systemOut.DTOs.UserDto, api, Version=1.0.0.0, Culture=neutral, PublicKeyToken=null]]'.
2024-11-28 10:00:48.665 +01:00 [INF] Executed action systemOut.Controllers.UserAPIController.UserList (api) in 9.3493ms
2024-11-28 10:00:48.665 +01:00 [INF] Executed endpoint 'systemOut.Controllers.UserAPIController.UserList (api)'
2024-11-28 10:00:48.665 +01:00 [INF] Executing OkObjectResult, writing value of type 'System.Linq.Enumerable+SelectListIterator`2[[systemOut.Models.Image, api, Version=1.0.0.0, Culture=neutral, PublicKeyToken=null],[systemOut.DTOs.ImageDto, api, Version=1.0.0.0, Culture=neutral, PublicKeyToken=null]]'.
2024-11-28 10:00:48.667 +01:00 [INF] Executed action systemOut.Controllers.ImageAPIController.GetImages (api) in 10.1127ms
2024-11-28 10:00:48.667 +01:00 [INF] Request finished HTTP/2 GET https://localhost:7285/api/userapi/userlist - 200 372 application/json; charset=utf-8 9.7338ms
2024-11-28 10:00:48.667 +01:00 [INF] Executed endpoint 'systemOut.Controllers.ImageAPIController.GetImages (api)'
2024-11-28 10:00:48.667 +01:00 [INF] Request finished HTTP/2 GET https://localhost:7285/api/imageapi/getimages - 200 690 application/json; charset=utf-8 11.6071ms
2024-11-28 10:00:48.668 +01:00 [INF] Executing OkObjectResult, writing value of type 'System.Linq.Enumerable+SelectListIterator`2[[systemOut.Models.Note, api, Version=1.0.0.0, Culture=neutral, PublicKeyToken=null],[systemOut.DTOs.NoteDto, api, Version=1.0.0.0, Culture=neutral, PublicKeyToken=null]]'.
2024-11-28 10:00:48.668 +01:00 [INF] Executed action systemOut.Controllers.NoteAPICOntroller.GetNotes (api) in 12.6422ms
2024-11-28 10:00:48.668 +01:00 [INF] Executed endpoint 'systemOut.Controllers.NoteAPICOntroller.GetNotes (api)'
2024-11-28 10:00:48.669 +01:00 [INF] Request finished HTTP/2 GET https://localhost:7285/api/noteapi/getnotes - 200 746 application/json; charset=utf-8 13.9677ms
2024-11-28 10:00:48.669 +01:00 [INF] Executing OkObjectResult, writing value of type 'System.Linq.Enumerable+SelectListIterator`2[[systemOut.Models.Note, api, Version=1.0.0.0, Culture=neutral, PublicKeyToken=null],[systemOut.DTOs.NoteDto, api, Version=1.0.0.0, Culture=neutral, PublicKeyToken=null]]'.
2024-11-28 10:00:48.669 +01:00 [INF] Executed action systemOut.Controllers.NoteAPICOntroller.GetNotes (api) in 12.0553ms
2024-11-28 10:00:48.670 +01:00 [INF] Executed endpoint 'systemOut.Controllers.NoteAPICOntroller.GetNotes (api)'
2024-11-28 10:00:48.670 +01:00 [INF] Request finished HTTP/2 GET https://localhost:7285/api/noteapi/getnotes - 200 746 application/json; charset=utf-8 13.9924ms
2024-11-28 10:01:19.400 +01:00 [INF] Request starting HTTP/2 GET https://localhost:7285/api/imageapi/getimages - null null
2024-11-28 10:01:19.400 +01:00 [INF] CORS policy execution successful.
2024-11-28 10:01:19.400 +01:00 [INF] Executing endpoint 'systemOut.Controllers.ImageAPIController.GetImages (api)'
2024-11-28 10:01:19.400 +01:00 [INF] Route matched with {action = "GetImages", controller = "ImageAPI"}. Executing controller action with signature System.Threading.Tasks.Task`1[Microsoft.AspNetCore.Mvc.IActionResult] GetImages() on controller systemOut.Controllers.ImageAPIController (api).
2024-11-28 10:01:19.403 +01:00 [INF] Executing OkObjectResult, writing value of type 'System.Linq.Enumerable+SelectListIterator`2[[systemOut.Models.Image, api, Version=1.0.0.0, Culture=neutral, PublicKeyToken=null],[systemOut.DTOs.ImageDto, api, Version=1.0.0.0, Culture=neutral, PublicKeyToken=null]]'.
2024-11-28 10:01:19.403 +01:00 [INF] Executed action systemOut.Controllers.ImageAPIController.GetImages (api) in 2.5654ms
2024-11-28 10:01:19.403 +01:00 [INF] Executed endpoint 'systemOut.Controllers.ImageAPIController.GetImages (api)'
2024-11-28 10:01:19.403 +01:00 [INF] Request finished HTTP/2 GET https://localhost:7285/api/imageapi/getimages - 200 690 application/json; charset=utf-8 3.2888ms
2024-11-28 10:01:19.405 +01:00 [INF] Request starting HTTP/2 GET https://localhost:7285/api/imageapi/getimages - null null
2024-11-28 10:01:19.406 +01:00 [INF] CORS policy execution successful.
2024-11-28 10:01:19.407 +01:00 [INF] Executing endpoint 'systemOut.Controllers.ImageAPIController.GetImages (api)'
2024-11-28 10:01:19.407 +01:00 [INF] Route matched with {action = "GetImages", controller = "ImageAPI"}. Executing controller action with signature System.Threading.Tasks.Task`1[Microsoft.AspNetCore.Mvc.IActionResult] GetImages() on controller systemOut.Controllers.ImageAPIController (api).
2024-11-28 10:01:19.408 +01:00 [INF] Executing OkObjectResult, writing value of type 'System.Linq.Enumerable+SelectListIterator`2[[systemOut.Models.Image, api, Version=1.0.0.0, Culture=neutral, PublicKeyToken=null],[systemOut.DTOs.ImageDto, api, Version=1.0.0.0, Culture=neutral, PublicKeyToken=null]]'.
2024-11-28 10:01:19.409 +01:00 [INF] Executed action systemOut.Controllers.ImageAPIController.GetImages (api) in 1.7027ms
2024-11-28 10:01:19.409 +01:00 [INF] Executed endpoint 'systemOut.Controllers.ImageAPIController.GetImages (api)'
2024-11-28 10:01:19.409 +01:00 [INF] Request finished HTTP/2 GET https://localhost:7285/api/imageapi/getimages - 200 690 application/json; charset=utf-8 3.1841ms
2024-11-28 10:01:25.589 +01:00 [INF] Request starting HTTP/2 GET https://localhost:7285/api/noteapi/getnotes - null null
2024-11-28 10:01:25.589 +01:00 [INF] CORS policy execution successful.
2024-11-28 10:01:25.589 +01:00 [INF] Executing endpoint 'systemOut.Controllers.NoteAPICOntroller.GetNotes (api)'
2024-11-28 10:01:25.589 +01:00 [INF] Route matched with {action = "GetNotes", controller = "NoteAPI"}. Executing controller action with signature System.Threading.Tasks.Task`1[Microsoft.AspNetCore.Mvc.IActionResult] GetNotes() on controller systemOut.Controllers.NoteAPICOntroller (api).
2024-11-28 10:01:25.591 +01:00 [INF] Executing OkObjectResult, writing value of type 'System.Linq.Enumerable+SelectListIterator`2[[systemOut.Models.Note, api, Version=1.0.0.0, Culture=neutral, PublicKeyToken=null],[systemOut.DTOs.NoteDto, api, Version=1.0.0.0, Culture=neutral, PublicKeyToken=null]]'.
2024-11-28 10:01:25.591 +01:00 [INF] Executed action systemOut.Controllers.NoteAPICOntroller.GetNotes (api) in 2.1668ms
2024-11-28 10:01:25.591 +01:00 [INF] Executed endpoint 'systemOut.Controllers.NoteAPICOntroller.GetNotes (api)'
2024-11-28 10:01:25.591 +01:00 [INF] Request finished HTTP/2 GET https://localhost:7285/api/noteapi/getnotes - 200 746 application/json; charset=utf-8 2.5829ms
2024-11-28 10:01:25.593 +01:00 [INF] Request starting HTTP/2 GET https://localhost:7285/api/noteapi/getnotes - null null
2024-11-28 10:01:25.594 +01:00 [INF] CORS policy execution successful.
2024-11-28 10:01:25.594 +01:00 [INF] Executing endpoint 'systemOut.Controllers.NoteAPICOntroller.GetNotes (api)'
2024-11-28 10:01:25.594 +01:00 [INF] Route matched with {action = "GetNotes", controller = "NoteAPI"}. Executing controller action with signature System.Threading.Tasks.Task`1[Microsoft.AspNetCore.Mvc.IActionResult] GetNotes() on controller systemOut.Controllers.NoteAPICOntroller (api).
2024-11-28 10:01:25.596 +01:00 [INF] Executing OkObjectResult, writing value of type 'System.Linq.Enumerable+SelectListIterator`2[[systemOut.Models.Note, api, Version=1.0.0.0, Culture=neutral, PublicKeyToken=null],[systemOut.DTOs.NoteDto, api, Version=1.0.0.0, Culture=neutral, PublicKeyToken=null]]'.
2024-11-28 10:01:25.596 +01:00 [INF] Executed action systemOut.Controllers.NoteAPICOntroller.GetNotes (api) in 2.0234ms
2024-11-28 10:01:25.596 +01:00 [INF] Executed endpoint 'systemOut.Controllers.NoteAPICOntroller.GetNotes (api)'
2024-11-28 10:01:25.596 +01:00 [INF] Request finished HTTP/2 GET https://localhost:7285/api/noteapi/getnotes - 200 746 application/json; charset=utf-8 2.6445ms
2024-11-28 10:03:28.266 +01:00 [INF] Request starting HTTP/2 GET https://localhost:7285/api/noteapi/2 - null null
2024-11-28 10:03:28.266 +01:00 [INF] CORS policy execution successful.
2024-11-28 10:03:28.266 +01:00 [INF] Executing endpoint 'systemOut.Controllers.NoteAPICOntroller.GetNoteById (api)'
2024-11-28 10:03:28.269 +01:00 [INF] Route matched with {action = "GetNoteById", controller = "NoteAPI"}. Executing controller action with signature System.Threading.Tasks.Task`1[Microsoft.AspNetCore.Mvc.IActionResult] GetNoteById(Int32) on controller systemOut.Controllers.NoteAPICOntroller (api).
2024-11-28 10:03:28.275 +01:00 [INF] Executing OkObjectResult, writing value of type 'Castle.Proxies.NoteProxy'.
2024-11-28 10:03:28.279 +01:00 [INF] Request starting HTTP/2 GET https://localhost:7285/api/noteapi/2 - null null
2024-11-28 10:03:28.279 +01:00 [INF] CORS policy execution successful.
2024-11-28 10:03:28.279 +01:00 [INF] Executing endpoint 'systemOut.Controllers.NoteAPICOntroller.GetNoteById (api)'
2024-11-28 10:03:28.279 +01:00 [INF] Route matched with {action = "GetNoteById", controller = "NoteAPI"}. Executing controller action with signature System.Threading.Tasks.Task`1[Microsoft.AspNetCore.Mvc.IActionResult] GetNoteById(Int32) on controller systemOut.Controllers.NoteAPICOntroller (api).
2024-11-28 10:03:28.286 +01:00 [INF] Executing OkObjectResult, writing value of type 'Castle.Proxies.NoteProxy'.
2024-11-28 10:03:28.348 +01:00 [INF] Executed action systemOut.Controllers.NoteAPICOntroller.GetNoteById (api) in 78.9629ms
2024-11-28 10:03:28.348 +01:00 [INF] Executed endpoint 'systemOut.Controllers.NoteAPICOntroller.GetNoteById (api)'
2024-11-28 10:03:28.348 +01:00 [INF] Request finished HTTP/2 GET https://localhost:7285/api/noteapi/2 - 200 58018 application/json; charset=utf-8 82.5989ms
2024-11-28 10:03:28.354 +01:00 [INF] Executed action systemOut.Controllers.NoteAPICOntroller.GetNoteById (api) in 74.0731ms
2024-11-28 10:03:28.354 +01:00 [INF] Executed endpoint 'systemOut.Controllers.NoteAPICOntroller.GetNoteById (api)'
2024-11-28 10:03:28.354 +01:00 [INF] Request finished HTTP/2 GET https://localhost:7285/api/noteapi/2 - 200 58018 application/json; charset=utf-8 74.9786ms
2024-11-28 10:03:28.364 +01:00 [INF] Request starting HTTP/2 GET https://localhost:7285/api/commentapi/getcomments - null null
2024-11-28 10:03:28.364 +01:00 [INF] CORS policy execution successful.
2024-11-28 10:03:28.364 +01:00 [INF] Executing endpoint 'systemOut.Controllers.CommentAPIController.GetComments (api)'
2024-11-28 10:03:28.365 +01:00 [INF] Route matched with {action = "GetComments", controller = "CommentAPI"}. Executing controller action with signature System.Threading.Tasks.Task`1[Microsoft.AspNetCore.Mvc.IActionResult] GetComments() on controller systemOut.Controllers.CommentAPIController (api).
2024-11-28 10:03:28.367 +01:00 [INF] Executing OkObjectResult, writing value of type 'System.Linq.Enumerable+SelectListIterator`2[[systemOut.Models.Comment, api, Version=1.0.0.0, Culture=neutral, PublicKeyToken=null],[systemOut.DTOs.CommentDto, api, Version=1.0.0.0, Culture=neutral, PublicKeyToken=null]]'.
2024-11-28 10:03:28.367 +01:00 [INF] Executed action systemOut.Controllers.CommentAPIController.GetComments (api) in 2.7846ms
2024-11-28 10:03:28.367 +01:00 [INF] Executed endpoint 'systemOut.Controllers.CommentAPIController.GetComments (api)'
2024-11-28 10:03:28.367 +01:00 [INF] Request finished HTTP/2 GET https://localhost:7285/api/commentapi/getcomments - 200 793 application/json; charset=utf-8 3.9547ms
2024-11-28 10:03:28.370 +01:00 [INF] Request starting HTTP/2 GET https://localhost:7285/api/commentapi/getcomments - null null
2024-11-28 10:03:28.370 +01:00 [INF] CORS policy execution successful.
2024-11-28 10:03:28.370 +01:00 [INF] Executing endpoint 'systemOut.Controllers.CommentAPIController.GetComments (api)'
2024-11-28 10:03:28.370 +01:00 [INF] Route matched with {action = "GetComments", controller = "CommentAPI"}. Executing controller action with signature System.Threading.Tasks.Task`1[Microsoft.AspNetCore.Mvc.IActionResult] GetComments() on controller systemOut.Controllers.CommentAPIController (api).
2024-11-28 10:03:28.371 +01:00 [INF] Request starting HTTP/2 GET https://localhost:7285/api/userapi/2 - null null
2024-11-28 10:03:28.371 +01:00 [INF] CORS policy execution successful.
2024-11-28 10:03:28.371 +01:00 [INF] Executing endpoint 'systemOut.Controllers.UserAPIController.GetUser (api)'
2024-11-28 10:03:28.372 +01:00 [INF] Executing OkObjectResult, writing value of type 'System.Linq.Enumerable+SelectListIterator`2[[systemOut.Models.Comment, api, Version=1.0.0.0, Culture=neutral, PublicKeyToken=null],[systemOut.DTOs.CommentDto, api, Version=1.0.0.0, Culture=neutral, PublicKeyToken=null]]'.
2024-11-28 10:03:28.372 +01:00 [INF] Executed action systemOut.Controllers.CommentAPIController.GetComments (api) in 2.3394ms
2024-11-28 10:03:28.372 +01:00 [INF] Executed endpoint 'systemOut.Controllers.CommentAPIController.GetComments (api)'
2024-11-28 10:03:28.372 +01:00 [INF] Request finished HTTP/2 GET https://localhost:7285/api/commentapi/getcomments - 200 793 application/json; charset=utf-8 2.8037ms
2024-11-28 10:03:28.374 +01:00 [INF] Route matched with {action = "GetUser", controller = "UserAPI"}. Executing controller action with signature System.Threading.Tasks.Task`1[Microsoft.AspNetCore.Mvc.IActionResult] GetUser(Int32) on controller systemOut.Controllers.UserAPIController (api).
2024-11-28 10:03:28.381 +01:00 [INF] Executing OkObjectResult, writing value of type 'Castle.Proxies.UserProxy'.
2024-11-28 10:03:28.402 +01:00 [INF] Request starting HTTP/2 GET https://localhost:7285/api/userapi/2 - null null
2024-11-28 10:03:28.403 +01:00 [INF] CORS policy execution successful.
2024-11-28 10:03:28.403 +01:00 [INF] Executing endpoint 'systemOut.Controllers.UserAPIController.GetUser (api)'
2024-11-28 10:03:28.403 +01:00 [INF] Route matched with {action = "GetUser", controller = "UserAPI"}. Executing controller action with signature System.Threading.Tasks.Task`1[Microsoft.AspNetCore.Mvc.IActionResult] GetUser(Int32) on controller systemOut.Controllers.UserAPIController (api).
2024-11-28 10:03:28.406 +01:00 [INF] Executing OkObjectResult, writing value of type 'Castle.Proxies.UserProxy'.
2024-11-28 10:03:28.428 +01:00 [INF] Executed action systemOut.Controllers.UserAPIController.GetUser (api) in 54.3883ms
2024-11-28 10:03:28.428 +01:00 [INF] Executed endpoint 'systemOut.Controllers.UserAPIController.GetUser (api)'
2024-11-28 10:03:28.429 +01:00 [INF] Request finished HTTP/2 GET https://localhost:7285/api/userapi/2 - 200 29580 application/json; charset=utf-8 57.7321ms
2024-11-28 10:03:28.457 +01:00 [INF] Executed action systemOut.Controllers.UserAPIController.GetUser (api) in 54.3539ms
2024-11-28 10:03:28.457 +01:00 [INF] Executed endpoint 'systemOut.Controllers.UserAPIController.GetUser (api)'
2024-11-28 10:03:28.458 +01:00 [INF] Request finished HTTP/2 GET https://localhost:7285/api/userapi/2 - 200 29580 application/json; charset=utf-8 55.4853ms
2024-11-28 10:03:30.279 +01:00 [INF] Request starting HTTP/2 GET https://localhost:7285/api/noteapi/getnotes - null null
2024-11-28 10:03:30.279 +01:00 [INF] Request starting HTTP/2 GET https://localhost:7285/api/noteapi/getnotes - null null
2024-11-28 10:03:30.279 +01:00 [INF] CORS policy execution successful.
2024-11-28 10:03:30.279 +01:00 [INF] CORS policy execution successful.
2024-11-28 10:03:30.279 +01:00 [INF] Executing endpoint 'systemOut.Controllers.NoteAPICOntroller.GetNotes (api)'
2024-11-28 10:03:30.279 +01:00 [INF] Executing endpoint 'systemOut.Controllers.NoteAPICOntroller.GetNotes (api)'
2024-11-28 10:03:30.279 +01:00 [INF] Route matched with {action = "GetNotes", controller = "NoteAPI"}. Executing controller action with signature System.Threading.Tasks.Task`1[Microsoft.AspNetCore.Mvc.IActionResult] GetNotes() on controller systemOut.Controllers.NoteAPICOntroller (api).
2024-11-28 10:03:30.279 +01:00 [INF] Route matched with {action = "GetNotes", controller = "NoteAPI"}. Executing controller action with signature System.Threading.Tasks.Task`1[Microsoft.AspNetCore.Mvc.IActionResult] GetNotes() on controller systemOut.Controllers.NoteAPICOntroller (api).
2024-11-28 10:03:30.282 +01:00 [INF] Executing OkObjectResult, writing value of type 'System.Linq.Enumerable+SelectListIterator`2[[systemOut.Models.Note, api, Version=1.0.0.0, Culture=neutral, PublicKeyToken=null],[systemOut.DTOs.NoteDto, api, Version=1.0.0.0, Culture=neutral, PublicKeyToken=null]]'.
2024-11-28 10:03:30.282 +01:00 [INF] Executed action systemOut.Controllers.NoteAPICOntroller.GetNotes (api) in 3.0076ms
2024-11-28 10:03:30.282 +01:00 [INF] Executed endpoint 'systemOut.Controllers.NoteAPICOntroller.GetNotes (api)'
2024-11-28 10:03:30.282 +01:00 [INF] Request finished HTTP/2 GET https://localhost:7285/api/noteapi/getnotes - 200 746 application/json; charset=utf-8 3.6911ms
2024-11-28 10:03:30.282 +01:00 [INF] Executing OkObjectResult, writing value of type 'System.Linq.Enumerable+SelectListIterator`2[[systemOut.Models.Note, api, Version=1.0.0.0, Culture=neutral, PublicKeyToken=null],[systemOut.DTOs.NoteDto, api, Version=1.0.0.0, Culture=neutral, PublicKeyToken=null]]'.
2024-11-28 10:03:30.283 +01:00 [INF] Executed action systemOut.Controllers.NoteAPICOntroller.GetNotes (api) in 3.2513ms
2024-11-28 10:03:30.283 +01:00 [INF] Executed endpoint 'systemOut.Controllers.NoteAPICOntroller.GetNotes (api)'
2024-11-28 10:03:30.283 +01:00 [INF] Request finished HTTP/2 GET https://localhost:7285/api/noteapi/getnotes - 200 746 application/json; charset=utf-8 3.9854ms
2024-11-28 10:03:31.068 +01:00 [INF] Request starting HTTP/2 GET https://localhost:7285/api/noteapi/1 - null null
2024-11-28 10:03:31.068 +01:00 [INF] Request starting HTTP/2 GET https://localhost:7285/api/noteapi/1 - null null
2024-11-28 10:03:31.068 +01:00 [INF] CORS policy execution successful.
2024-11-28 10:03:31.068 +01:00 [INF] CORS policy execution successful.
2024-11-28 10:03:31.068 +01:00 [INF] Executing endpoint 'systemOut.Controllers.NoteAPICOntroller.GetNoteById (api)'
2024-11-28 10:03:31.068 +01:00 [INF] Executing endpoint 'systemOut.Controllers.NoteAPICOntroller.GetNoteById (api)'
2024-11-28 10:03:31.068 +01:00 [INF] Route matched with {action = "GetNoteById", controller = "NoteAPI"}. Executing controller action with signature System.Threading.Tasks.Task`1[Microsoft.AspNetCore.Mvc.IActionResult] GetNoteById(Int32) on controller systemOut.Controllers.NoteAPICOntroller (api).
2024-11-28 10:03:31.068 +01:00 [INF] Route matched with {action = "GetNoteById", controller = "NoteAPI"}. Executing controller action with signature System.Threading.Tasks.Task`1[Microsoft.AspNetCore.Mvc.IActionResult] GetNoteById(Int32) on controller systemOut.Controllers.NoteAPICOntroller (api).
2024-11-28 10:03:31.071 +01:00 [INF] Executing OkObjectResult, writing value of type 'Castle.Proxies.NoteProxy'.
2024-11-28 10:03:31.072 +01:00 [INF] Executing OkObjectResult, writing value of type 'Castle.Proxies.NoteProxy'.
2024-11-28 10:03:31.194 +01:00 [INF] Executed action systemOut.Controllers.NoteAPICOntroller.GetNoteById (api) in 125.5823ms
2024-11-28 10:03:31.194 +01:00 [INF] Executed action systemOut.Controllers.NoteAPICOntroller.GetNoteById (api) in 125.6142ms
2024-11-28 10:03:31.194 +01:00 [INF] Executed endpoint 'systemOut.Controllers.NoteAPICOntroller.GetNoteById (api)'
2024-11-28 10:03:31.194 +01:00 [INF] Executed endpoint 'systemOut.Controllers.NoteAPICOntroller.GetNoteById (api)'
2024-11-28 10:03:31.194 +01:00 [INF] Request finished HTTP/2 GET https://localhost:7285/api/noteapi/1 - 200 43789 application/json; charset=utf-8 126.2742ms
2024-11-28 10:03:31.194 +01:00 [INF] Request finished HTTP/2 GET https://localhost:7285/api/noteapi/1 - 200 43789 application/json; charset=utf-8 126.3486ms
2024-11-28 10:03:31.227 +01:00 [INF] Request starting HTTP/2 GET https://localhost:7285/api/commentapi/getcomments - null null
2024-11-28 10:03:31.228 +01:00 [INF] Request starting HTTP/2 GET https://localhost:7285/api/commentapi/getcomments - null null
2024-11-28 10:03:31.228 +01:00 [INF] CORS policy execution successful.
2024-11-28 10:03:31.228 +01:00 [INF] Executing endpoint 'systemOut.Controllers.CommentAPIController.GetComments (api)'
2024-11-28 10:03:31.228 +01:00 [INF] CORS policy execution successful.
2024-11-28 10:03:31.228 +01:00 [INF] Executing endpoint 'systemOut.Controllers.CommentAPIController.GetComments (api)'
2024-11-28 10:03:31.228 +01:00 [INF] Route matched with {action = "GetComments", controller = "CommentAPI"}. Executing controller action with signature System.Threading.Tasks.Task`1[Microsoft.AspNetCore.Mvc.IActionResult] GetComments() on controller systemOut.Controllers.CommentAPIController (api).
2024-11-28 10:03:31.228 +01:00 [INF] Route matched with {action = "GetComments", controller = "CommentAPI"}. Executing controller action with signature System.Threading.Tasks.Task`1[Microsoft.AspNetCore.Mvc.IActionResult] GetComments() on controller systemOut.Controllers.CommentAPIController (api).
2024-11-28 10:03:31.231 +01:00 [INF] Executing OkObjectResult, writing value of type 'System.Linq.Enumerable+SelectListIterator`2[[systemOut.Models.Comment, api, Version=1.0.0.0, Culture=neutral, PublicKeyToken=null],[systemOut.DTOs.CommentDto, api, Version=1.0.0.0, Culture=neutral, PublicKeyToken=null]]'.
2024-11-28 10:03:31.231 +01:00 [INF] Executed action systemOut.Controllers.CommentAPIController.GetComments (api) in 3.3605ms
2024-11-28 10:03:31.231 +01:00 [INF] Executed endpoint 'systemOut.Controllers.CommentAPIController.GetComments (api)'
2024-11-28 10:03:31.231 +01:00 [INF] Request finished HTTP/2 GET https://localhost:7285/api/commentapi/getcomments - 200 793 application/json; charset=utf-8 4.1603ms
2024-11-28 10:03:31.231 +01:00 [INF] Executing OkObjectResult, writing value of type 'System.Linq.Enumerable+SelectListIterator`2[[systemOut.Models.Comment, api, Version=1.0.0.0, Culture=neutral, PublicKeyToken=null],[systemOut.DTOs.CommentDto, api, Version=1.0.0.0, Culture=neutral, PublicKeyToken=null]]'.
2024-11-28 10:03:31.232 +01:00 [INF] Executed action systemOut.Controllers.CommentAPIController.GetComments (api) in 3.5859ms
2024-11-28 10:03:31.232 +01:00 [INF] Executed endpoint 'systemOut.Controllers.CommentAPIController.GetComments (api)'
2024-11-28 10:03:31.232 +01:00 [INF] Request finished HTTP/2 GET https://localhost:7285/api/commentapi/getcomments - 200 793 application/json; charset=utf-8 4.045ms
2024-11-28 10:03:31.235 +01:00 [INF] Request starting HTTP/2 GET https://localhost:7285/api/userapi/2 - null null
2024-11-28 10:03:31.235 +01:00 [INF] Request starting HTTP/2 GET https://localhost:7285/api/userapi/2 - null null
2024-11-28 10:03:31.236 +01:00 [INF] CORS policy execution successful.
2024-11-28 10:03:31.236 +01:00 [INF] Executing endpoint 'systemOut.Controllers.UserAPIController.GetUser (api)'
2024-11-28 10:03:31.236 +01:00 [INF] CORS policy execution successful.
2024-11-28 10:03:31.236 +01:00 [INF] Executing endpoint 'systemOut.Controllers.UserAPIController.GetUser (api)'
2024-11-28 10:03:31.236 +01:00 [INF] Route matched with {action = "GetUser", controller = "UserAPI"}. Executing controller action with signature System.Threading.Tasks.Task`1[Microsoft.AspNetCore.Mvc.IActionResult] GetUser(Int32) on controller systemOut.Controllers.UserAPIController (api).
2024-11-28 10:03:31.236 +01:00 [INF] Route matched with {action = "GetUser", controller = "UserAPI"}. Executing controller action with signature System.Threading.Tasks.Task`1[Microsoft.AspNetCore.Mvc.IActionResult] GetUser(Int32) on controller systemOut.Controllers.UserAPIController (api).
2024-11-28 10:03:31.238 +01:00 [INF] Executing OkObjectResult, writing value of type 'Castle.Proxies.UserProxy'.
2024-11-28 10:03:31.239 +01:00 [INF] Executing OkObjectResult, writing value of type 'Castle.Proxies.UserProxy'.
2024-11-28 10:03:31.241 +01:00 [INF] Request starting HTTP/2 GET https://localhost:7285/api/userapi/2 - null null
2024-11-28 10:03:31.241 +01:00 [INF] Request starting HTTP/2 GET https://localhost:7285/api/userapi/2 - null null
2024-11-28 10:03:31.241 +01:00 [INF] CORS policy execution successful.
2024-11-28 10:03:31.241 +01:00 [INF] Executing endpoint 'systemOut.Controllers.UserAPIController.GetUser (api)'
2024-11-28 10:03:31.241 +01:00 [INF] Route matched with {action = "GetUser", controller = "UserAPI"}. Executing controller action with signature System.Threading.Tasks.Task`1[Microsoft.AspNetCore.Mvc.IActionResult] GetUser(Int32) on controller systemOut.Controllers.UserAPIController (api).
2024-11-28 10:03:31.241 +01:00 [INF] CORS policy execution successful.
2024-11-28 10:03:31.242 +01:00 [INF] Executing endpoint 'systemOut.Controllers.UserAPIController.GetUser (api)'
2024-11-28 10:03:31.242 +01:00 [INF] Route matched with {action = "GetUser", controller = "UserAPI"}. Executing controller action with signature System.Threading.Tasks.Task`1[Microsoft.AspNetCore.Mvc.IActionResult] GetUser(Int32) on controller systemOut.Controllers.UserAPIController (api).
2024-11-28 10:03:31.247 +01:00 [INF] Executing OkObjectResult, writing value of type 'Castle.Proxies.UserProxy'.
2024-11-28 10:03:31.289 +01:00 [INF] Executing OkObjectResult, writing value of type 'Castle.Proxies.UserProxy'.
2024-11-28 10:03:31.332 +01:00 [INF] Executed action systemOut.Controllers.UserAPIController.GetUser (api) in 95.8631ms
2024-11-28 10:03:31.332 +01:00 [INF] Executed endpoint 'systemOut.Controllers.UserAPIController.GetUser (api)'
2024-11-28 10:03:31.332 +01:00 [INF] Request finished HTTP/2 GET https://localhost:7285/api/userapi/2 - 200 29580 application/json; charset=utf-8 97.4653ms
2024-11-28 10:03:31.336 +01:00 [INF] Executed action systemOut.Controllers.UserAPIController.GetUser (api) in 99.8584ms
2024-11-28 10:03:31.336 +01:00 [INF] Executed endpoint 'systemOut.Controllers.UserAPIController.GetUser (api)'
2024-11-28 10:03:31.336 +01:00 [INF] Request finished HTTP/2 GET https://localhost:7285/api/userapi/2 - 200 29580 application/json; charset=utf-8 100.3977ms
2024-11-28 10:03:31.341 +01:00 [INF] Executed action systemOut.Controllers.UserAPIController.GetUser (api) in 99.2818ms
2024-11-28 10:03:31.341 +01:00 [INF] Executed endpoint 'systemOut.Controllers.UserAPIController.GetUser (api)'
2024-11-28 10:03:31.341 +01:00 [INF] Request finished HTTP/2 GET https://localhost:7285/api/userapi/2 - 200 29580 application/json; charset=utf-8 100.5381ms
2024-11-28 10:03:31.366 +01:00 [INF] Executed action systemOut.Controllers.UserAPIController.GetUser (api) in 124.9727ms
2024-11-28 10:03:31.366 +01:00 [INF] Executed endpoint 'systemOut.Controllers.UserAPIController.GetUser (api)'
2024-11-28 10:03:31.366 +01:00 [INF] Request finished HTTP/2 GET https://localhost:7285/api/userapi/2 - 200 29580 application/json; charset=utf-8 125.3383ms
2024-11-28 10:03:36.069 +01:00 [INF] Request starting HTTP/2 GET https://localhost:7285/api/noteapi/getnotes - null null
2024-11-28 10:03:36.070 +01:00 [INF] CORS policy execution successful.
2024-11-28 10:03:36.070 +01:00 [INF] Executing endpoint 'systemOut.Controllers.NoteAPICOntroller.GetNotes (api)'
2024-11-28 10:03:36.070 +01:00 [INF] Route matched with {action = "GetNotes", controller = "NoteAPI"}. Executing controller action with signature System.Threading.Tasks.Task`1[Microsoft.AspNetCore.Mvc.IActionResult] GetNotes() on controller systemOut.Controllers.NoteAPICOntroller (api).
2024-11-28 10:03:36.072 +01:00 [INF] Executing OkObjectResult, writing value of type 'System.Linq.Enumerable+SelectListIterator`2[[systemOut.Models.Note, api, Version=1.0.0.0, Culture=neutral, PublicKeyToken=null],[systemOut.DTOs.NoteDto, api, Version=1.0.0.0, Culture=neutral, PublicKeyToken=null]]'.
2024-11-28 10:03:36.072 +01:00 [INF] Executed action systemOut.Controllers.NoteAPICOntroller.GetNotes (api) in 1.942ms
2024-11-28 10:03:36.072 +01:00 [INF] Executed endpoint 'systemOut.Controllers.NoteAPICOntroller.GetNotes (api)'
2024-11-28 10:03:36.072 +01:00 [INF] Request finished HTTP/2 GET https://localhost:7285/api/noteapi/getnotes - 200 746 application/json; charset=utf-8 2.5575ms
2024-11-28 10:03:36.076 +01:00 [INF] Request starting HTTP/2 GET https://localhost:7285/api/noteapi/getnotes - null null
2024-11-28 10:03:36.076 +01:00 [INF] CORS policy execution successful.
2024-11-28 10:03:36.076 +01:00 [INF] Executing endpoint 'systemOut.Controllers.NoteAPICOntroller.GetNotes (api)'
2024-11-28 10:03:36.076 +01:00 [INF] Route matched with {action = "GetNotes", controller = "NoteAPI"}. Executing controller action with signature System.Threading.Tasks.Task`1[Microsoft.AspNetCore.Mvc.IActionResult] GetNotes() on controller systemOut.Controllers.NoteAPICOntroller (api).
2024-11-28 10:03:36.078 +01:00 [INF] Executing OkObjectResult, writing value of type 'System.Linq.Enumerable+SelectListIterator`2[[systemOut.Models.Note, api, Version=1.0.0.0, Culture=neutral, PublicKeyToken=null],[systemOut.DTOs.NoteDto, api, Version=1.0.0.0, Culture=neutral, PublicKeyToken=null]]'.
2024-11-28 10:03:36.078 +01:00 [INF] Executed action systemOut.Controllers.NoteAPICOntroller.GetNotes (api) in 2.0184ms
2024-11-28 10:03:36.078 +01:00 [INF] Executed endpoint 'systemOut.Controllers.NoteAPICOntroller.GetNotes (api)'
2024-11-28 10:03:36.078 +01:00 [INF] Request finished HTTP/2 GET https://localhost:7285/api/noteapi/getnotes - 200 746 application/json; charset=utf-8 2.2811ms
2024-11-28 10:03:38.642 +01:00 [INF] Request starting HTTP/2 GET https://localhost:7285/api/imageapi/getimages - null null
2024-11-28 10:03:38.642 +01:00 [INF] CORS policy execution successful.
2024-11-28 10:03:38.642 +01:00 [INF] Executing endpoint 'systemOut.Controllers.ImageAPIController.GetImages (api)'
2024-11-28 10:03:38.642 +01:00 [INF] Route matched with {action = "GetImages", controller = "ImageAPI"}. Executing controller action with signature System.Threading.Tasks.Task`1[Microsoft.AspNetCore.Mvc.IActionResult] GetImages() on controller systemOut.Controllers.ImageAPIController (api).
2024-11-28 10:03:38.644 +01:00 [INF] Executing OkObjectResult, writing value of type 'System.Linq.Enumerable+SelectListIterator`2[[systemOut.Models.Image, api, Version=1.0.0.0, Culture=neutral, PublicKeyToken=null],[systemOut.DTOs.ImageDto, api, Version=1.0.0.0, Culture=neutral, PublicKeyToken=null]]'.
2024-11-28 10:03:38.645 +01:00 [INF] Executed action systemOut.Controllers.ImageAPIController.GetImages (api) in 2.0765ms
2024-11-28 10:03:38.645 +01:00 [INF] Executed endpoint 'systemOut.Controllers.ImageAPIController.GetImages (api)'
2024-11-28 10:03:38.645 +01:00 [INF] Request finished HTTP/2 GET https://localhost:7285/api/imageapi/getimages - 200 690 application/json; charset=utf-8 2.7064ms
2024-11-28 10:03:38.647 +01:00 [INF] Request starting HTTP/2 GET https://localhost:7285/api/imageapi/getimages - null null
2024-11-28 10:03:38.647 +01:00 [INF] CORS policy execution successful.
2024-11-28 10:03:38.647 +01:00 [INF] Executing endpoint 'systemOut.Controllers.ImageAPIController.GetImages (api)'
2024-11-28 10:03:38.647 +01:00 [INF] Route matched with {action = "GetImages", controller = "ImageAPI"}. Executing controller action with signature System.Threading.Tasks.Task`1[Microsoft.AspNetCore.Mvc.IActionResult] GetImages() on controller systemOut.Controllers.ImageAPIController (api).
2024-11-28 10:03:38.649 +01:00 [INF] Executing OkObjectResult, writing value of type 'System.Linq.Enumerable+SelectListIterator`2[[systemOut.Models.Image, api, Version=1.0.0.0, Culture=neutral, PublicKeyToken=null],[systemOut.DTOs.ImageDto, api, Version=1.0.0.0, Culture=neutral, PublicKeyToken=null]]'.
2024-11-28 10:03:38.649 +01:00 [INF] Executed action systemOut.Controllers.ImageAPIController.GetImages (api) in 1.8683ms
2024-11-28 10:03:38.649 +01:00 [INF] Executed endpoint 'systemOut.Controllers.ImageAPIController.GetImages (api)'
2024-11-28 10:03:38.649 +01:00 [INF] Request finished HTTP/2 GET https://localhost:7285/api/imageapi/getimages - 200 690 application/json; charset=utf-8 2.3913ms
2024-11-28 10:03:41.157 +01:00 [INF] Request starting HTTP/2 GET https://localhost:7285/api/imageapi/14 - null null
2024-11-28 10:03:41.157 +01:00 [INF] CORS policy execution successful.
2024-11-28 10:03:41.157 +01:00 [INF] Executing endpoint 'systemOut.Controllers.ImageAPIController.GetImage (api)'
2024-11-28 10:03:41.157 +01:00 [INF] Route matched with {action = "GetImage", controller = "ImageAPI"}. Executing controller action with signature System.Threading.Tasks.Task`1[Microsoft.AspNetCore.Mvc.IActionResult] GetImage(Int32) on controller systemOut.Controllers.ImageAPIController (api).
2024-11-28 10:03:41.160 +01:00 [INF] Executing OkObjectResult, writing value of type 'Castle.Proxies.ImageProxy'.
2024-11-28 10:03:41.179 +01:00 [INF] Request starting HTTP/2 GET https://localhost:7285/api/imageapi/14 - null null
2024-11-28 10:03:41.180 +01:00 [INF] CORS policy execution successful.
2024-11-28 10:03:41.180 +01:00 [INF] Executing endpoint 'systemOut.Controllers.ImageAPIController.GetImage (api)'
2024-11-28 10:03:41.180 +01:00 [INF] Route matched with {action = "GetImage", controller = "ImageAPI"}. Executing controller action with signature System.Threading.Tasks.Task`1[Microsoft.AspNetCore.Mvc.IActionResult] GetImage(Int32) on controller systemOut.Controllers.ImageAPIController (api).
2024-11-28 10:03:41.184 +01:00 [INF] Executing OkObjectResult, writing value of type 'Castle.Proxies.ImageProxy'.
2024-11-28 10:03:41.211 +01:00 [INF] Executed action systemOut.Controllers.ImageAPIController.GetImage (api) in 53.1506ms
2024-11-28 10:03:41.211 +01:00 [INF] Executed endpoint 'systemOut.Controllers.ImageAPIController.GetImage (api)'
2024-11-28 10:03:41.211 +01:00 [INF] Request finished HTTP/2 GET https://localhost:7285/api/imageapi/14 - 200 44550 application/json; charset=utf-8 53.8572ms
2024-11-28 10:03:41.220 +01:00 [INF] Request starting HTTP/2 GET https://localhost:7285/api/commentapi/getcomments - null null
2024-11-28 10:03:41.220 +01:00 [INF] CORS policy execution successful.
2024-11-28 10:03:41.220 +01:00 [INF] Executing endpoint 'systemOut.Controllers.CommentAPIController.GetComments (api)'
2024-11-28 10:03:41.221 +01:00 [INF] Route matched with {action = "GetComments", controller = "CommentAPI"}. Executing controller action with signature System.Threading.Tasks.Task`1[Microsoft.AspNetCore.Mvc.IActionResult] GetComments() on controller systemOut.Controllers.CommentAPIController (api).
2024-11-28 10:03:41.222 +01:00 [INF] Request starting HTTP/2 GET https://localhost:7285/api/commentapi/getcomments - null null
2024-11-28 10:03:41.222 +01:00 [INF] CORS policy execution successful.
2024-11-28 10:03:41.222 +01:00 [INF] Executing endpoint 'systemOut.Controllers.CommentAPIController.GetComments (api)'
2024-11-28 10:03:41.222 +01:00 [INF] Route matched with {action = "GetComments", controller = "CommentAPI"}. Executing controller action with signature System.Threading.Tasks.Task`1[Microsoft.AspNetCore.Mvc.IActionResult] GetComments() on controller systemOut.Controllers.CommentAPIController (api).
2024-11-28 10:03:41.226 +01:00 [INF] Executing OkObjectResult, writing value of type 'System.Linq.Enumerable+SelectListIterator`2[[systemOut.Models.Comment, api, Version=1.0.0.0, Culture=neutral, PublicKeyToken=null],[systemOut.DTOs.CommentDto, api, Version=1.0.0.0, Culture=neutral, PublicKeyToken=null]]'.
2024-11-28 10:03:41.228 +01:00 [INF] Executed action systemOut.Controllers.CommentAPIController.GetComments (api) in 6.4516ms
2024-11-28 10:03:41.228 +01:00 [INF] Executed endpoint 'systemOut.Controllers.CommentAPIController.GetComments (api)'
2024-11-28 10:03:41.228 +01:00 [INF] Executing OkObjectResult, writing value of type 'System.Linq.Enumerable+SelectListIterator`2[[systemOut.Models.Comment, api, Version=1.0.0.0, Culture=neutral, PublicKeyToken=null],[systemOut.DTOs.CommentDto, api, Version=1.0.0.0, Culture=neutral, PublicKeyToken=null]]'.
2024-11-28 10:03:41.228 +01:00 [INF] Request finished HTTP/2 GET https://localhost:7285/api/commentapi/getcomments - 200 793 application/json; charset=utf-8 7.8151ms
2024-11-28 10:03:41.228 +01:00 [INF] Executed action systemOut.Controllers.CommentAPIController.GetComments (api) in 5.2224ms
2024-11-28 10:03:41.228 +01:00 [INF] Executed endpoint 'systemOut.Controllers.CommentAPIController.GetComments (api)'
2024-11-28 10:03:41.228 +01:00 [INF] Request finished HTTP/2 GET https://localhost:7285/api/commentapi/getcomments - 200 793 application/json; charset=utf-8 6.2112ms
2024-11-28 10:03:41.235 +01:00 [INF] Request starting HTTP/2 GET https://localhost:7285/api/userapi/2 - null null
2024-11-28 10:03:41.236 +01:00 [INF] CORS policy execution successful.
2024-11-28 10:03:41.236 +01:00 [INF] Request starting HTTP/2 GET https://localhost:7285/api/userapi/10 - null null
2024-11-28 10:03:41.236 +01:00 [INF] Executing endpoint 'systemOut.Controllers.UserAPIController.GetUser (api)'
2024-11-28 10:03:41.236 +01:00 [INF] Route matched with {action = "GetUser", controller = "UserAPI"}. Executing controller action with signature System.Threading.Tasks.Task`1[Microsoft.AspNetCore.Mvc.IActionResult] GetUser(Int32) on controller systemOut.Controllers.UserAPIController (api).
2024-11-28 10:03:41.236 +01:00 [INF] CORS policy execution successful.
2024-11-28 10:03:41.236 +01:00 [INF] Executing endpoint 'systemOut.Controllers.UserAPIController.GetUser (api)'
2024-11-28 10:03:41.236 +01:00 [INF] Request starting HTTP/2 GET https://localhost:7285/api/userapi/2 - null null
2024-11-28 10:03:41.236 +01:00 [INF] Request starting HTTP/2 GET https://localhost:7285/api/userapi/10 - null null
2024-11-28 10:03:41.236 +01:00 [INF] Route matched with {action = "GetUser", controller = "UserAPI"}. Executing controller action with signature System.Threading.Tasks.Task`1[Microsoft.AspNetCore.Mvc.IActionResult] GetUser(Int32) on controller systemOut.Controllers.UserAPIController (api).
2024-11-28 10:03:41.236 +01:00 [INF] CORS policy execution successful.
2024-11-28 10:03:41.236 +01:00 [INF] CORS policy execution successful.
2024-11-28 10:03:41.236 +01:00 [INF] Executing endpoint 'systemOut.Controllers.UserAPIController.GetUser (api)'
2024-11-28 10:03:41.236 +01:00 [INF] Executing endpoint 'systemOut.Controllers.UserAPIController.GetUser (api)'
2024-11-28 10:03:41.236 +01:00 [INF] Route matched with {action = "GetUser", controller = "UserAPI"}. Executing controller action with signature System.Threading.Tasks.Task`1[Microsoft.AspNetCore.Mvc.IActionResult] GetUser(Int32) on controller systemOut.Controllers.UserAPIController (api).
2024-11-28 10:03:41.236 +01:00 [INF] Route matched with {action = "GetUser", controller = "UserAPI"}. Executing controller action with signature System.Threading.Tasks.Task`1[Microsoft.AspNetCore.Mvc.IActionResult] GetUser(Int32) on controller systemOut.Controllers.UserAPIController (api).
2024-11-28 10:03:41.239 +01:00 [INF] Executing OkObjectResult, writing value of type 'Castle.Proxies.UserProxy'.
2024-11-28 10:03:41.241 +01:00 [INF] Executing OkObjectResult, writing value of type 'Castle.Proxies.UserProxy'.
2024-11-28 10:03:41.243 +01:00 [INF] Executing OkObjectResult, writing value of type 'Castle.Proxies.UserProxy'.
2024-11-28 10:03:41.246 +01:00 [INF] Executing OkObjectResult, writing value of type 'Castle.Proxies.UserProxy'.
2024-11-28 10:03:41.267 +01:00 [INF] Executed action systemOut.Controllers.ImageAPIController.GetImage (api) in 87.4476ms
2024-11-28 10:03:41.267 +01:00 [INF] Executed endpoint 'systemOut.Controllers.ImageAPIController.GetImage (api)'
2024-11-28 10:03:41.267 +01:00 [INF] Request finished HTTP/2 GET https://localhost:7285/api/imageapi/14 - 200 44550 application/json; charset=utf-8 88.6548ms
2024-11-28 10:03:41.350 +01:00 [INF] Executed action systemOut.Controllers.UserAPIController.GetUser (api) in 114.3627ms
2024-11-28 10:03:41.350 +01:00 [INF] Executed endpoint 'systemOut.Controllers.UserAPIController.GetUser (api)'
2024-11-28 10:03:41.350 +01:00 [INF] Request finished HTTP/2 GET https://localhost:7285/api/userapi/2 - 200 29580 application/json; charset=utf-8 115.2916ms
2024-11-28 10:03:41.354 +01:00 [INF] Executed action systemOut.Controllers.UserAPIController.GetUser (api) in 117.1543ms
2024-11-28 10:03:41.354 +01:00 [INF] Executed endpoint 'systemOut.Controllers.UserAPIController.GetUser (api)'
2024-11-28 10:03:41.354 +01:00 [INF] Request finished HTTP/2 GET https://localhost:7285/api/userapi/2 - 200 29580 application/json; charset=utf-8 118.4236ms
2024-11-28 10:03:41.357 +01:00 [INF] Executed action systemOut.Controllers.UserAPIController.GetUser (api) in 120.6907ms
2024-11-28 10:03:41.357 +01:00 [INF] Executed endpoint 'systemOut.Controllers.UserAPIController.GetUser (api)'
2024-11-28 10:03:41.357 +01:00 [INF] Request finished HTTP/2 GET https://localhost:7285/api/userapi/10 - 200 30789 application/json; charset=utf-8 121.3232ms
2024-11-28 10:03:41.385 +01:00 [INF] Executed action systemOut.Controllers.UserAPIController.GetUser (api) in 148.941ms
2024-11-28 10:03:41.385 +01:00 [INF] Executed endpoint 'systemOut.Controllers.UserAPIController.GetUser (api)'
2024-11-28 10:03:41.385 +01:00 [INF] Request finished HTTP/2 GET https://localhost:7285/api/userapi/10 - 200 30789 application/json; charset=utf-8 150.0807ms
2024-11-28 10:03:48.273 +01:00 [INF] Request starting HTTP/2 GET https://localhost:7285/api/imageapi/getimages - null null
2024-11-28 10:03:48.273 +01:00 [INF] CORS policy execution successful.
2024-11-28 10:03:48.273 +01:00 [INF] Executing endpoint 'systemOut.Controllers.ImageAPIController.GetImages (api)'
2024-11-28 10:03:48.273 +01:00 [INF] Route matched with {action = "GetImages", controller = "ImageAPI"}. Executing controller action with signature System.Threading.Tasks.Task`1[Microsoft.AspNetCore.Mvc.IActionResult] GetImages() on controller systemOut.Controllers.ImageAPIController (api).
2024-11-28 10:03:48.275 +01:00 [INF] Executing OkObjectResult, writing value of type 'System.Linq.Enumerable+SelectListIterator`2[[systemOut.Models.Image, api, Version=1.0.0.0, Culture=neutral, PublicKeyToken=null],[systemOut.DTOs.ImageDto, api, Version=1.0.0.0, Culture=neutral, PublicKeyToken=null]]'.
2024-11-28 10:03:48.276 +01:00 [INF] Executed action systemOut.Controllers.ImageAPIController.GetImages (api) in 2.2953ms
2024-11-28 10:03:48.276 +01:00 [INF] Executed endpoint 'systemOut.Controllers.ImageAPIController.GetImages (api)'
2024-11-28 10:03:48.276 +01:00 [INF] Request finished HTTP/2 GET https://localhost:7285/api/imageapi/getimages - 200 690 application/json; charset=utf-8 2.7017ms
2024-11-28 10:03:48.278 +01:00 [INF] Request starting HTTP/2 GET https://localhost:7285/api/imageapi/getimages - null null
2024-11-28 10:03:48.278 +01:00 [INF] CORS policy execution successful.
2024-11-28 10:03:48.278 +01:00 [INF] Executing endpoint 'systemOut.Controllers.ImageAPIController.GetImages (api)'
2024-11-28 10:03:48.278 +01:00 [INF] Route matched with {action = "GetImages", controller = "ImageAPI"}. Executing controller action with signature System.Threading.Tasks.Task`1[Microsoft.AspNetCore.Mvc.IActionResult] GetImages() on controller systemOut.Controllers.ImageAPIController (api).
2024-11-28 10:03:48.280 +01:00 [INF] Executing OkObjectResult, writing value of type 'System.Linq.Enumerable+SelectListIterator`2[[systemOut.Models.Image, api, Version=1.0.0.0, Culture=neutral, PublicKeyToken=null],[systemOut.DTOs.ImageDto, api, Version=1.0.0.0, Culture=neutral, PublicKeyToken=null]]'.
2024-11-28 10:03:48.280 +01:00 [INF] Executed action systemOut.Controllers.ImageAPIController.GetImages (api) in 1.8642ms
2024-11-28 10:03:48.280 +01:00 [INF] Executed endpoint 'systemOut.Controllers.ImageAPIController.GetImages (api)'
2024-11-28 10:03:48.280 +01:00 [INF] Request finished HTTP/2 GET https://localhost:7285/api/imageapi/getimages - 200 690 application/json; charset=utf-8 2.4979ms
2024-11-28 10:03:49.554 +01:00 [INF] Request starting HTTP/2 GET https://localhost:7285/api/imageapi/2 - null null
2024-11-28 10:03:49.554 +01:00 [INF] CORS policy execution successful.
2024-11-28 10:03:49.554 +01:00 [INF] Executing endpoint 'systemOut.Controllers.ImageAPIController.GetImage (api)'
2024-11-28 10:03:49.554 +01:00 [INF] Route matched with {action = "GetImage", controller = "ImageAPI"}. Executing controller action with signature System.Threading.Tasks.Task`1[Microsoft.AspNetCore.Mvc.IActionResult] GetImage(Int32) on controller systemOut.Controllers.ImageAPIController (api).
2024-11-28 10:03:49.556 +01:00 [INF] Executing OkObjectResult, writing value of type 'Castle.Proxies.ImageProxy'.
2024-11-28 10:03:49.574 +01:00 [INF] Request starting HTTP/2 GET https://localhost:7285/api/imageapi/2 - null null
2024-11-28 10:03:49.574 +01:00 [INF] CORS policy execution successful.
2024-11-28 10:03:49.574 +01:00 [INF] Executing endpoint 'systemOut.Controllers.ImageAPIController.GetImage (api)'
2024-11-28 10:03:49.574 +01:00 [INF] Route matched with {action = "GetImage", controller = "ImageAPI"}. Executing controller action with signature System.Threading.Tasks.Task`1[Microsoft.AspNetCore.Mvc.IActionResult] GetImage(Int32) on controller systemOut.Controllers.ImageAPIController (api).
2024-11-28 10:03:49.578 +01:00 [INF] Executing OkObjectResult, writing value of type 'Castle.Proxies.ImageProxy'.
2024-11-28 10:03:49.621 +01:00 [INF] Executed action systemOut.Controllers.ImageAPIController.GetImage (api) in 67.2123ms
2024-11-28 10:03:49.622 +01:00 [INF] Executed endpoint 'systemOut.Controllers.ImageAPIController.GetImage (api)'
2024-11-28 10:03:49.622 +01:00 [INF] Request finished HTTP/2 GET https://localhost:7285/api/imageapi/2 - 200 51052 application/json; charset=utf-8 68.3928ms
2024-11-28 10:03:49.629 +01:00 [INF] Request starting HTTP/2 GET https://localhost:7285/api/commentapi/getcomments - null null
2024-11-28 10:03:49.629 +01:00 [INF] CORS policy execution successful.
2024-11-28 10:03:49.629 +01:00 [INF] Executing endpoint 'systemOut.Controllers.CommentAPIController.GetComments (api)'
2024-11-28 10:03:49.630 +01:00 [INF] Request starting HTTP/2 GET https://localhost:7285/api/commentapi/getcomments - null null
2024-11-28 10:03:49.630 +01:00 [INF] Route matched with {action = "GetComments", controller = "CommentAPI"}. Executing controller action with signature System.Threading.Tasks.Task`1[Microsoft.AspNetCore.Mvc.IActionResult] GetComments() on controller systemOut.Controllers.CommentAPIController (api).
2024-11-28 10:03:49.630 +01:00 [INF] CORS policy execution successful.
2024-11-28 10:03:49.630 +01:00 [INF] Executing endpoint 'systemOut.Controllers.CommentAPIController.GetComments (api)'
2024-11-28 10:03:49.630 +01:00 [INF] Route matched with {action = "GetComments", controller = "CommentAPI"}. Executing controller action with signature System.Threading.Tasks.Task`1[Microsoft.AspNetCore.Mvc.IActionResult] GetComments() on controller systemOut.Controllers.CommentAPIController (api).
2024-11-28 10:03:49.632 +01:00 [INF] Executing OkObjectResult, writing value of type 'System.Linq.Enumerable+SelectListIterator`2[[systemOut.Models.Comment, api, Version=1.0.0.0, Culture=neutral, PublicKeyToken=null],[systemOut.DTOs.CommentDto, api, Version=1.0.0.0, Culture=neutral, PublicKeyToken=null]]'.
2024-11-28 10:03:49.632 +01:00 [INF] Executed action systemOut.Controllers.CommentAPIController.GetComments (api) in 2.3678ms
2024-11-28 10:03:49.632 +01:00 [INF] Executed endpoint 'systemOut.Controllers.CommentAPIController.GetComments (api)'
2024-11-28 10:03:49.632 +01:00 [INF] Request finished HTTP/2 GET https://localhost:7285/api/commentapi/getcomments - 200 793 application/json; charset=utf-8 2.9664ms
2024-11-28 10:03:49.634 +01:00 [INF] Executing OkObjectResult, writing value of type 'System.Linq.Enumerable+SelectListIterator`2[[systemOut.Models.Comment, api, Version=1.0.0.0, Culture=neutral, PublicKeyToken=null],[systemOut.DTOs.CommentDto, api, Version=1.0.0.0, Culture=neutral, PublicKeyToken=null]]'.
2024-11-28 10:03:49.635 +01:00 [INF] Executed action systemOut.Controllers.CommentAPIController.GetComments (api) in 4.6949ms
2024-11-28 10:03:49.635 +01:00 [INF] Executed endpoint 'systemOut.Controllers.CommentAPIController.GetComments (api)'
2024-11-28 10:03:49.635 +01:00 [INF] Request finished HTTP/2 GET https://localhost:7285/api/commentapi/getcomments - 200 793 application/json; charset=utf-8 5.0468ms
2024-11-28 10:03:49.639 +01:00 [INF] Request starting HTTP/2 GET https://localhost:7285/api/userapi/10 - null null
2024-11-28 10:03:49.639 +01:00 [INF] Request starting HTTP/2 GET https://localhost:7285/api/userapi/10 - null null
2024-11-28 10:03:49.640 +01:00 [INF] CORS policy execution successful.
2024-11-28 10:03:49.640 +01:00 [INF] CORS policy execution successful.
2024-11-28 10:03:49.640 +01:00 [INF] Executing endpoint 'systemOut.Controllers.UserAPIController.GetUser (api)'
2024-11-28 10:03:49.640 +01:00 [INF] Executing endpoint 'systemOut.Controllers.UserAPIController.GetUser (api)'
2024-11-28 10:03:49.640 +01:00 [INF] Route matched with {action = "GetUser", controller = "UserAPI"}. Executing controller action with signature System.Threading.Tasks.Task`1[Microsoft.AspNetCore.Mvc.IActionResult] GetUser(Int32) on controller systemOut.Controllers.UserAPIController (api).
2024-11-28 10:03:49.640 +01:00 [INF] Route matched with {action = "GetUser", controller = "UserAPI"}. Executing controller action with signature System.Threading.Tasks.Task`1[Microsoft.AspNetCore.Mvc.IActionResult] GetUser(Int32) on controller systemOut.Controllers.UserAPIController (api).
2024-11-28 10:03:49.642 +01:00 [INF] Executed action systemOut.Controllers.ImageAPIController.GetImage (api) in 68.0936ms
2024-11-28 10:03:49.643 +01:00 [INF] Executed endpoint 'systemOut.Controllers.ImageAPIController.GetImage (api)'
2024-11-28 10:03:49.643 +01:00 [INF] Request finished HTTP/2 GET https://localhost:7285/api/imageapi/2 - 200 51052 application/json; charset=utf-8 69.1437ms
2024-11-28 10:03:49.646 +01:00 [INF] Executing OkObjectResult, writing value of type 'Castle.Proxies.UserProxy'.
2024-11-28 10:03:49.646 +01:00 [INF] Executing OkObjectResult, writing value of type 'Castle.Proxies.UserProxy'.
2024-11-28 10:03:49.647 +01:00 [INF] Request starting HTTP/2 GET https://localhost:7285/api/userapi/10 - null null
2024-11-28 10:03:49.647 +01:00 [INF] Request starting HTTP/2 GET https://localhost:7285/api/userapi/10 - null null
2024-11-28 10:03:49.647 +01:00 [INF] CORS policy execution successful.
2024-11-28 10:03:49.647 +01:00 [INF] CORS policy execution successful.
2024-11-28 10:03:49.647 +01:00 [INF] Executing endpoint 'systemOut.Controllers.UserAPIController.GetUser (api)'
2024-11-28 10:03:49.647 +01:00 [INF] Executing endpoint 'systemOut.Controllers.UserAPIController.GetUser (api)'
2024-11-28 10:03:49.647 +01:00 [INF] Route matched with {action = "GetUser", controller = "UserAPI"}. Executing controller action with signature System.Threading.Tasks.Task`1[Microsoft.AspNetCore.Mvc.IActionResult] GetUser(Int32) on controller systemOut.Controllers.UserAPIController (api).
2024-11-28 10:03:49.647 +01:00 [INF] Route matched with {action = "GetUser", controller = "UserAPI"}. Executing controller action with signature System.Threading.Tasks.Task`1[Microsoft.AspNetCore.Mvc.IActionResult] GetUser(Int32) on controller systemOut.Controllers.UserAPIController (api).
2024-11-28 10:03:49.655 +01:00 [INF] Executing OkObjectResult, writing value of type 'Castle.Proxies.UserProxy'.
2024-11-28 10:03:49.658 +01:00 [INF] Executing OkObjectResult, writing value of type 'Castle.Proxies.UserProxy'.
2024-11-28 10:03:49.764 +01:00 [INF] Executed action systemOut.Controllers.UserAPIController.GetUser (api) in 123.952ms
2024-11-28 10:03:49.764 +01:00 [INF] Executed endpoint 'systemOut.Controllers.UserAPIController.GetUser (api)'
2024-11-28 10:03:49.764 +01:00 [INF] Executed action systemOut.Controllers.UserAPIController.GetUser (api) in 117.1623ms
2024-11-28 10:03:49.764 +01:00 [INF] Request finished HTTP/2 GET https://localhost:7285/api/userapi/10 - 200 30789 application/json; charset=utf-8 125.4896ms
2024-11-28 10:03:49.764 +01:00 [INF] Executed endpoint 'systemOut.Controllers.UserAPIController.GetUser (api)'
2024-11-28 10:03:49.764 +01:00 [INF] Request finished HTTP/2 GET https://localhost:7285/api/userapi/10 - 200 30789 application/json; charset=utf-8 118.0189ms
2024-11-28 10:03:49.767 +01:00 [INF] Executed action systemOut.Controllers.UserAPIController.GetUser (api) in 118.5815ms
2024-11-28 10:03:49.767 +01:00 [INF] Executed endpoint 'systemOut.Controllers.UserAPIController.GetUser (api)'
2024-11-28 10:03:49.767 +01:00 [INF] Request finished HTTP/2 GET https://localhost:7285/api/userapi/10 - 200 30789 application/json; charset=utf-8 120.1562ms
2024-11-28 10:03:49.792 +01:00 [INF] Executed action systemOut.Controllers.UserAPIController.GetUser (api) in 151.2313ms
2024-11-28 10:03:49.792 +01:00 [INF] Executed endpoint 'systemOut.Controllers.UserAPIController.GetUser (api)'
2024-11-28 10:03:49.792 +01:00 [INF] Request finished HTTP/2 GET https://localhost:7285/api/userapi/10 - 200 30789 application/json; charset=utf-8 153.0081ms
