2024-11-07 17:19:52.577 +01:00 [WRN] The ASP.NET Core developer certificate is not trusted. For information about trusting the ASP.NET Core developer certificate, see https://aka.ms/aspnet/https-trust-dev-cert.
2024-11-07 17:19:52.612 +01:00 [INF] Now listening on: https://localhost:7285
2024-11-07 17:19:52.613 +01:00 [INF] Now listening on: http://localhost:5269
2024-11-07 17:19:52.617 +01:00 [INF] Application started. Press Ctrl+C to shut down.
2024-11-07 17:19:52.618 +01:00 [INF] Hosting environment: Development
2024-11-07 17:19:52.620 +01:00 [INF] Content root path: C:\Users\Per\Desktop\ReactBranch\ITPE3200-React\api
2024-11-07 17:19:52.842 +01:00 [INF] Request starting HTTP/2 GET https://localhost:7285/ - null null
2024-11-07 17:19:52.870 +01:00 [INF] Request finished HTTP/2 GET https://localhost:7285/ - 404 0 null 29.2931ms
2024-11-07 17:19:52.875 +01:00 [INF] Request reached the end of the middleware pipeline without being handled by application code. Request path: GET https://localhost:7285/, Response status code: 404
2024-11-07 17:19:52.893 +01:00 [INF] Request starting HTTP/2 GET https://localhost:7285/favicon.ico - null null
2024-11-07 17:19:52.900 +01:00 [INF] Request finished HTTP/2 GET https://localhost:7285/favicon.ico - 499 null null 7.0902ms
2024-11-07 17:19:52.900 +01:00 [INF] Request reached the end of the middleware pipeline without being handled by application code. Request path: GET https://localhost:7285/favicon.ico, Response status code: 499
2024-11-07 17:20:01.107 +01:00 [INF] Request starting HTTP/2 GET https://localhost:7285/swagger/index.html - null null
2024-11-07 17:20:01.153 +01:00 [INF] Request finished HTTP/2 GET https://localhost:7285/swagger/index.html - 200 null text/html;charset=utf-8 46.1742ms
2024-11-07 17:20:01.174 +01:00 [INF] Request starting HTTP/2 GET https://localhost:7285/swagger/swagger-ui.css - null null
2024-11-07 17:20:01.183 +01:00 [INF] Sending file. Request path: '/swagger-ui.css'. Physical path: 'N/A'
2024-11-07 17:20:01.183 +01:00 [INF] Request finished HTTP/2 GET https://localhost:7285/swagger/swagger-ui.css - 499 143943 text/css 9.5338ms
2024-11-07 17:20:01.230 +01:00 [INF] Request starting HTTP/2 GET https://localhost:7285/swagger/favicon-16x16.png - null null
2024-11-07 17:20:01.231 +01:00 [INF] Sending file. Request path: '/favicon-16x16.png'. Physical path: 'N/A'
2024-11-07 17:20:01.231 +01:00 [INF] Request finished HTTP/2 GET https://localhost:7285/swagger/favicon-16x16.png - 499 665 image/png 1.2969ms
2024-11-07 17:20:01.253 +01:00 [INF] Request starting HTTP/2 GET https://localhost:7285/swagger/v1/swagger.json - null null
2024-11-07 17:20:01.337 +01:00 [INF] Request finished HTTP/2 GET https://localhost:7285/swagger/v1/swagger.json - 200 null application/json;charset=utf-8 83.6333ms
2024-11-07 17:20:29.309 +01:00 [INF] Request starting HTTP/2 GET https://localhost:7285/api/noteapi/getnotes - null null
2024-11-07 17:20:29.311 +01:00 [INF] CORS policy execution successful.
2024-11-07 17:20:29.312 +01:00 [INF] Executing endpoint 'systemOut.Controllers.NoteAPICOntroller.GetNotes (api)'
2024-11-07 17:20:29.324 +01:00 [INF] Route matched with {action = "GetNotes", controller = "NoteAPI"}. Executing controller action with signature System.Threading.Tasks.Task`1[Microsoft.AspNetCore.Mvc.IActionResult] GetNotes() on controller systemOut.Controllers.NoteAPICOntroller (api).
2024-11-07 17:20:29.469 +01:00 [INF] Executing OkObjectResult, writing value of type 'System.Linq.Enumerable+SelectListIterator`2[[systemOut.Models.Note, api, Version=1.0.0.0, Culture=neutral, PublicKeyToken=null],[systemOut.DTOs.NoteDto, api, Version=1.0.0.0, Culture=neutral, PublicKeyToken=null]]'.
2024-11-07 17:20:29.531 +01:00 [INF] Executed action systemOut.Controllers.NoteAPICOntroller.GetNotes (api) in 203.8729ms
2024-11-07 17:20:29.531 +01:00 [INF] Executed endpoint 'systemOut.Controllers.NoteAPICOntroller.GetNotes (api)'
2024-11-07 17:20:29.536 +01:00 [INF] Request finished HTTP/2 GET https://localhost:7285/api/noteapi/getnotes - 200 619 application/json; charset=utf-8 227.998ms
2024-11-07 17:20:30.330 +01:00 [INF] Request starting HTTP/2 GET https://localhost:7285/api/noteapi/1 - null null
2024-11-07 17:20:30.332 +01:00 [INF] CORS policy execution successful.
2024-11-07 17:20:30.332 +01:00 [INF] Executing endpoint 'systemOut.Controllers.NoteAPICOntroller.GetNoteById (api)'
2024-11-07 17:20:30.339 +01:00 [INF] Route matched with {action = "GetNoteById", controller = "NoteAPI"}. Executing controller action with signature System.Threading.Tasks.Task`1[Microsoft.AspNetCore.Mvc.IActionResult] GetNoteById(Int32) on controller systemOut.Controllers.NoteAPICOntroller (api).
2024-11-07 17:20:30.352 +01:00 [INF] Request starting HTTP/2 GET https://localhost:7285/api/noteapi/1 - null null
2024-11-07 17:20:30.352 +01:00 [INF] CORS policy execution successful.
2024-11-07 17:20:30.352 +01:00 [INF] Executing endpoint 'systemOut.Controllers.NoteAPICOntroller.GetNoteById (api)'
2024-11-07 17:20:30.352 +01:00 [INF] Route matched with {action = "GetNoteById", controller = "NoteAPI"}. Executing controller action with signature System.Threading.Tasks.Task`1[Microsoft.AspNetCore.Mvc.IActionResult] GetNoteById(Int32) on controller systemOut.Controllers.NoteAPICOntroller (api).
2024-11-07 17:20:30.425 +01:00 [INF] Executing OkObjectResult, writing value of type 'Castle.Proxies.NoteProxy'.
2024-11-07 17:20:30.425 +01:00 [INF] Executing OkObjectResult, writing value of type 'Castle.Proxies.NoteProxy'.
2024-11-07 17:20:30.668 +01:00 [INF] Executed action systemOut.Controllers.NoteAPICOntroller.GetNoteById (api) in 329.297ms
2024-11-07 17:20:30.668 +01:00 [INF] Executed action systemOut.Controllers.NoteAPICOntroller.GetNoteById (api) in 316.0234ms
2024-11-07 17:20:30.668 +01:00 [INF] Executed endpoint 'systemOut.Controllers.NoteAPICOntroller.GetNoteById (api)'
2024-11-07 17:20:30.668 +01:00 [INF] Executed endpoint 'systemOut.Controllers.NoteAPICOntroller.GetNoteById (api)'
2024-11-07 17:20:30.669 +01:00 [INF] Request finished HTTP/2 GET https://localhost:7285/api/noteapi/1 - 200 2045 application/json; charset=utf-8 317.0628ms
2024-11-07 17:20:30.669 +01:00 [INF] Request finished HTTP/2 GET https://localhost:7285/api/noteapi/1 - 200 2045 application/json; charset=utf-8 338.4216ms
2024-11-07 17:20:30.681 +01:00 [INF] Request starting HTTP/2 GET https://localhost:7285/api/commentapi/getcomments - null null
2024-11-07 17:20:30.681 +01:00 [INF] Request starting HTTP/2 GET https://localhost:7285/api/commentapi/getcomments - null null
2024-11-07 17:20:30.682 +01:00 [INF] CORS policy execution successful.
2024-11-07 17:20:30.682 +01:00 [INF] CORS policy execution successful.
2024-11-07 17:20:30.682 +01:00 [INF] Executing endpoint 'systemOut.Controllers.CommentAPIController.GetComments (api)'
2024-11-07 17:20:30.682 +01:00 [INF] Executing endpoint 'systemOut.Controllers.CommentAPIController.GetComments (api)'
2024-11-07 17:20:30.684 +01:00 [INF] Route matched with {action = "GetComments", controller = "CommentAPI"}. Executing controller action with signature System.Threading.Tasks.Task`1[Microsoft.AspNetCore.Mvc.IActionResult] GetComments() on controller systemOut.Controllers.CommentAPIController (api).
2024-11-07 17:20:30.684 +01:00 [INF] Route matched with {action = "GetComments", controller = "CommentAPI"}. Executing controller action with signature System.Threading.Tasks.Task`1[Microsoft.AspNetCore.Mvc.IActionResult] GetComments() on controller systemOut.Controllers.CommentAPIController (api).
2024-11-07 17:20:30.692 +01:00 [INF] Executing OkObjectResult, writing value of type 'System.Linq.Enumerable+SelectListIterator`2[[systemOut.Models.Comment, api, Version=1.0.0.0, Culture=neutral, PublicKeyToken=null],[systemOut.DTOs.CommentDto, api, Version=1.0.0.0, Culture=neutral, PublicKeyToken=null]]'.
2024-11-07 17:20:30.692 +01:00 [INF] Executing OkObjectResult, writing value of type 'System.Linq.Enumerable+SelectListIterator`2[[systemOut.Models.Comment, api, Version=1.0.0.0, Culture=neutral, PublicKeyToken=null],[systemOut.DTOs.CommentDto, api, Version=1.0.0.0, Culture=neutral, PublicKeyToken=null]]'.
2024-11-07 17:20:30.694 +01:00 [INF] Executed action systemOut.Controllers.CommentAPIController.GetComments (api) in 9.7667ms
2024-11-07 17:20:30.694 +01:00 [INF] Executed action systemOut.Controllers.CommentAPIController.GetComments (api) in 9.7337ms
2024-11-07 17:20:30.694 +01:00 [INF] Executed endpoint 'systemOut.Controllers.CommentAPIController.GetComments (api)'
2024-11-07 17:20:30.694 +01:00 [INF] Executed endpoint 'systemOut.Controllers.CommentAPIController.GetComments (api)'
2024-11-07 17:20:30.694 +01:00 [INF] Request finished HTTP/2 GET https://localhost:7285/api/commentapi/getcomments - 200 213 application/json; charset=utf-8 12.7276ms
2024-11-07 17:20:30.694 +01:00 [INF] Request finished HTTP/2 GET https://localhost:7285/api/commentapi/getcomments - 200 213 application/json; charset=utf-8 12.7271ms
2024-11-07 17:20:30.697 +01:00 [INF] Request starting HTTP/2 GET https://localhost:7285/api/userapi/2 - null null
2024-11-07 17:20:30.698 +01:00 [INF] CORS policy execution successful.
2024-11-07 17:20:30.698 +01:00 [INF] Executing endpoint 'systemOut.Controllers.UserAPIController.GetUser (api)'
2024-11-07 17:20:30.699 +01:00 [INF] Request starting HTTP/2 GET https://localhost:7285/api/userapi/2 - null null
2024-11-07 17:20:30.700 +01:00 [INF] CORS policy execution successful.
2024-11-07 17:20:30.700 +01:00 [INF] Executing endpoint 'systemOut.Controllers.UserAPIController.GetUser (api)'
2024-11-07 17:20:30.701 +01:00 [INF] Route matched with {action = "GetUser", controller = "UserAPI"}. Executing controller action with signature System.Threading.Tasks.Task`1[Microsoft.AspNetCore.Mvc.IActionResult] GetUser(Int32) on controller systemOut.Controllers.UserAPIController (api).
2024-11-07 17:20:30.702 +01:00 [INF] Route matched with {action = "GetUser", controller = "UserAPI"}. Executing controller action with signature System.Threading.Tasks.Task`1[Microsoft.AspNetCore.Mvc.IActionResult] GetUser(Int32) on controller systemOut.Controllers.UserAPIController (api).
2024-11-07 17:20:30.708 +01:00 [INF] Executing OkObjectResult, writing value of type 'Castle.Proxies.UserProxy'.
2024-11-07 17:20:30.709 +01:00 [INF] Executing OkObjectResult, writing value of type 'Castle.Proxies.UserProxy'.
2024-11-07 17:20:30.888 +01:00 [INF] Executed action systemOut.Controllers.UserAPIController.GetUser (api) in 187.359ms
2024-11-07 17:20:30.889 +01:00 [INF] Executed endpoint 'systemOut.Controllers.UserAPIController.GetUser (api)'
2024-11-07 17:20:30.889 +01:00 [INF] Request finished HTTP/2 GET https://localhost:7285/api/userapi/2 - 200 2046 application/json; charset=utf-8 191.3336ms
2024-11-07 17:20:30.889 +01:00 [INF] Executed action systemOut.Controllers.UserAPIController.GetUser (api) in 187.4119ms
2024-11-07 17:20:30.889 +01:00 [INF] Executed endpoint 'systemOut.Controllers.UserAPIController.GetUser (api)'
2024-11-07 17:20:30.889 +01:00 [INF] Request finished HTTP/2 GET https://localhost:7285/api/userapi/2 - 200 2046 application/json; charset=utf-8 190.3494ms
2024-11-07 17:20:35.040 +01:00 [INF] Request starting HTTP/2 GET https://localhost:7285/api/noteapi/getnotes - null null
2024-11-07 17:20:35.041 +01:00 [INF] CORS policy execution successful.
2024-11-07 17:20:35.041 +01:00 [INF] Executing endpoint 'systemOut.Controllers.NoteAPICOntroller.GetNotes (api)'
2024-11-07 17:20:35.041 +01:00 [INF] Route matched with {action = "GetNotes", controller = "NoteAPI"}. Executing controller action with signature System.Threading.Tasks.Task`1[Microsoft.AspNetCore.Mvc.IActionResult] GetNotes() on controller systemOut.Controllers.NoteAPICOntroller (api).
2024-11-07 17:20:35.043 +01:00 [INF] Executing OkObjectResult, writing value of type 'System.Linq.Enumerable+SelectListIterator`2[[systemOut.Models.Note, api, Version=1.0.0.0, Culture=neutral, PublicKeyToken=null],[systemOut.DTOs.NoteDto, api, Version=1.0.0.0, Culture=neutral, PublicKeyToken=null]]'.
2024-11-07 17:20:35.044 +01:00 [INF] Executed action systemOut.Controllers.NoteAPICOntroller.GetNotes (api) in 2.6455ms
2024-11-07 17:20:35.044 +01:00 [INF] Executed endpoint 'systemOut.Controllers.NoteAPICOntroller.GetNotes (api)'
2024-11-07 17:20:35.044 +01:00 [INF] Request finished HTTP/2 GET https://localhost:7285/api/noteapi/getnotes - 200 619 application/json; charset=utf-8 3.7422ms
2024-11-07 17:20:35.818 +01:00 [INF] Request starting HTTP/2 GET https://localhost:7285/api/noteapi/2 - null null
2024-11-07 17:20:35.818 +01:00 [INF] CORS policy execution successful.
2024-11-07 17:20:35.818 +01:00 [INF] Executing endpoint 'systemOut.Controllers.NoteAPICOntroller.GetNoteById (api)'
2024-11-07 17:20:35.818 +01:00 [INF] Route matched with {action = "GetNoteById", controller = "NoteAPI"}. Executing controller action with signature System.Threading.Tasks.Task`1[Microsoft.AspNetCore.Mvc.IActionResult] GetNoteById(Int32) on controller systemOut.Controllers.NoteAPICOntroller (api).
2024-11-07 17:20:35.822 +01:00 [INF] Executing OkObjectResult, writing value of type 'Castle.Proxies.NoteProxy'.
2024-11-07 17:20:35.843 +01:00 [INF] Request starting HTTP/2 GET https://localhost:7285/api/noteapi/2 - null null
2024-11-07 17:20:35.843 +01:00 [INF] CORS policy execution successful.
2024-11-07 17:20:35.843 +01:00 [INF] Executing endpoint 'systemOut.Controllers.NoteAPICOntroller.GetNoteById (api)'
2024-11-07 17:20:35.843 +01:00 [INF] Route matched with {action = "GetNoteById", controller = "NoteAPI"}. Executing controller action with signature System.Threading.Tasks.Task`1[Microsoft.AspNetCore.Mvc.IActionResult] GetNoteById(Int32) on controller systemOut.Controllers.NoteAPICOntroller (api).
2024-11-07 17:20:35.843 +01:00 [INF] Executed action systemOut.Controllers.NoteAPICOntroller.GetNoteById (api) in 24.5635ms
2024-11-07 17:20:35.843 +01:00 [INF] Executed endpoint 'systemOut.Controllers.NoteAPICOntroller.GetNoteById (api)'
2024-11-07 17:20:35.843 +01:00 [INF] Request finished HTTP/2 GET https://localhost:7285/api/noteapi/2 - 200 2950 application/json; charset=utf-8 25.1509ms
2024-11-07 17:20:35.845 +01:00 [INF] Executing OkObjectResult, writing value of type 'Castle.Proxies.NoteProxy'.
2024-11-07 17:20:35.851 +01:00 [INF] Request starting HTTP/2 GET https://localhost:7285/api/commentapi/getcomments - null null
2024-11-07 17:20:35.851 +01:00 [INF] Request starting HTTP/2 GET https://localhost:7285/api/commentapi/getcomments - null null
2024-11-07 17:20:35.852 +01:00 [INF] CORS policy execution successful.
2024-11-07 17:20:35.852 +01:00 [INF] CORS policy execution successful.
2024-11-07 17:20:35.852 +01:00 [INF] Executing endpoint 'systemOut.Controllers.CommentAPIController.GetComments (api)'
2024-11-07 17:20:35.852 +01:00 [INF] Executing endpoint 'systemOut.Controllers.CommentAPIController.GetComments (api)'
2024-11-07 17:20:35.852 +01:00 [INF] Route matched with {action = "GetComments", controller = "CommentAPI"}. Executing controller action with signature System.Threading.Tasks.Task`1[Microsoft.AspNetCore.Mvc.IActionResult] GetComments() on controller systemOut.Controllers.CommentAPIController (api).
2024-11-07 17:20:35.853 +01:00 [INF] Route matched with {action = "GetComments", controller = "CommentAPI"}. Executing controller action with signature System.Threading.Tasks.Task`1[Microsoft.AspNetCore.Mvc.IActionResult] GetComments() on controller systemOut.Controllers.CommentAPIController (api).
2024-11-07 17:20:35.857 +01:00 [INF] Executing OkObjectResult, writing value of type 'System.Linq.Enumerable+SelectListIterator`2[[systemOut.Models.Comment, api, Version=1.0.0.0, Culture=neutral, PublicKeyToken=null],[systemOut.DTOs.CommentDto, api, Version=1.0.0.0, Culture=neutral, PublicKeyToken=null]]'.
2024-11-07 17:20:35.858 +01:00 [INF] Executed action systemOut.Controllers.CommentAPIController.GetComments (api) in 5.6987ms
2024-11-07 17:20:35.858 +01:00 [INF] Executed endpoint 'systemOut.Controllers.CommentAPIController.GetComments (api)'
2024-11-07 17:20:35.858 +01:00 [INF] Request finished HTTP/2 GET https://localhost:7285/api/commentapi/getcomments - 200 213 application/json; charset=utf-8 7.7297ms
2024-11-07 17:20:35.860 +01:00 [INF] Executing OkObjectResult, writing value of type 'System.Linq.Enumerable+SelectListIterator`2[[systemOut.Models.Comment, api, Version=1.0.0.0, Culture=neutral, PublicKeyToken=null],[systemOut.DTOs.CommentDto, api, Version=1.0.0.0, Culture=neutral, PublicKeyToken=null]]'.
2024-11-07 17:20:35.861 +01:00 [INF] Executed action systemOut.Controllers.CommentAPIController.GetComments (api) in 8.244ms
2024-11-07 17:20:35.861 +01:00 [INF] Executed endpoint 'systemOut.Controllers.CommentAPIController.GetComments (api)'
2024-11-07 17:20:35.861 +01:00 [INF] Request finished HTTP/2 GET https://localhost:7285/api/commentapi/getcomments - 200 213 application/json; charset=utf-8 10.2301ms
2024-11-07 17:20:35.865 +01:00 [INF] Request starting HTTP/2 GET https://localhost:7285/api/userapi/2 - null null
2024-11-07 17:20:35.866 +01:00 [INF] CORS policy execution successful.
2024-11-07 17:20:35.866 +01:00 [INF] Executing endpoint 'systemOut.Controllers.UserAPIController.GetUser (api)'
2024-11-07 17:20:35.866 +01:00 [INF] Request starting HTTP/2 GET https://localhost:7285/api/userapi/2 - null null
2024-11-07 17:20:35.867 +01:00 [INF] Route matched with {action = "GetUser", controller = "UserAPI"}. Executing controller action with signature System.Threading.Tasks.Task`1[Microsoft.AspNetCore.Mvc.IActionResult] GetUser(Int32) on controller systemOut.Controllers.UserAPIController (api).
2024-11-07 17:20:35.867 +01:00 [INF] CORS policy execution successful.
2024-11-07 17:20:35.867 +01:00 [INF] Executing endpoint 'systemOut.Controllers.UserAPIController.GetUser (api)'
2024-11-07 17:20:35.867 +01:00 [INF] Route matched with {action = "GetUser", controller = "UserAPI"}. Executing controller action with signature System.Threading.Tasks.Task`1[Microsoft.AspNetCore.Mvc.IActionResult] GetUser(Int32) on controller systemOut.Controllers.UserAPIController (api).
2024-11-07 17:20:35.870 +01:00 [INF] Executing OkObjectResult, writing value of type 'Castle.Proxies.UserProxy'.
2024-11-07 17:20:35.871 +01:00 [INF] Executing OkObjectResult, writing value of type 'Castle.Proxies.UserProxy'.
2024-11-07 17:20:35.897 +01:00 [INF] Executed action systemOut.Controllers.NoteAPICOntroller.GetNoteById (api) in 53.7976ms
2024-11-07 17:20:35.897 +01:00 [INF] Executed endpoint 'systemOut.Controllers.NoteAPICOntroller.GetNoteById (api)'
2024-11-07 17:20:35.897 +01:00 [INF] Request finished HTTP/2 GET https://localhost:7285/api/noteapi/2 - 200 2950 application/json; charset=utf-8 54.8106ms
2024-11-07 17:20:35.983 +01:00 [INF] Executed action systemOut.Controllers.UserAPIController.GetUser (api) in 116.2177ms
2024-11-07 17:20:35.983 +01:00 [INF] Executed endpoint 'systemOut.Controllers.UserAPIController.GetUser (api)'
2024-11-07 17:20:35.984 +01:00 [INF] Request finished HTTP/2 GET https://localhost:7285/api/userapi/2 - 200 2046 application/json; charset=utf-8 117.0538ms
2024-11-07 17:20:35.984 +01:00 [INF] Executed action systemOut.Controllers.UserAPIController.GetUser (api) in 117.1014ms
2024-11-07 17:20:35.984 +01:00 [INF] Executed endpoint 'systemOut.Controllers.UserAPIController.GetUser (api)'
2024-11-07 17:20:35.984 +01:00 [INF] Request finished HTTP/2 GET https://localhost:7285/api/userapi/2 - 200 2046 application/json; charset=utf-8 118.6586ms
2024-11-07 17:20:38.522 +01:00 [INF] Request starting HTTP/2 GET https://localhost:7285/api/noteapi/getnotes - null null
2024-11-07 17:20:38.522 +01:00 [INF] CORS policy execution successful.
2024-11-07 17:20:38.522 +01:00 [INF] Executing endpoint 'systemOut.Controllers.NoteAPICOntroller.GetNotes (api)'
2024-11-07 17:20:38.523 +01:00 [INF] Route matched with {action = "GetNotes", controller = "NoteAPI"}. Executing controller action with signature System.Threading.Tasks.Task`1[Microsoft.AspNetCore.Mvc.IActionResult] GetNotes() on controller systemOut.Controllers.NoteAPICOntroller (api).
2024-11-07 17:20:38.525 +01:00 [INF] Executing OkObjectResult, writing value of type 'System.Linq.Enumerable+SelectListIterator`2[[systemOut.Models.Note, api, Version=1.0.0.0, Culture=neutral, PublicKeyToken=null],[systemOut.DTOs.NoteDto, api, Version=1.0.0.0, Culture=neutral, PublicKeyToken=null]]'.
2024-11-07 17:20:38.525 +01:00 [INF] Executed action systemOut.Controllers.NoteAPICOntroller.GetNotes (api) in 2.2668ms
2024-11-07 17:20:38.525 +01:00 [INF] Executed endpoint 'systemOut.Controllers.NoteAPICOntroller.GetNotes (api)'
2024-11-07 17:20:38.525 +01:00 [INF] Request finished HTTP/2 GET https://localhost:7285/api/noteapi/getnotes - 200 619 application/json; charset=utf-8 2.8451ms
2024-11-07 17:20:40.170 +01:00 [INF] Request starting HTTP/2 GET https://localhost:7285/api/noteapi/1 - null null
2024-11-07 17:20:40.171 +01:00 [INF] Request starting HTTP/2 GET https://localhost:7285/api/noteapi/1 - null null
2024-11-07 17:20:40.171 +01:00 [INF] CORS policy execution successful.
2024-11-07 17:20:40.171 +01:00 [INF] CORS policy execution successful.
2024-11-07 17:20:40.171 +01:00 [INF] Executing endpoint 'systemOut.Controllers.NoteAPICOntroller.GetNoteById (api)'
2024-11-07 17:20:40.171 +01:00 [INF] Executing endpoint 'systemOut.Controllers.NoteAPICOntroller.GetNoteById (api)'
2024-11-07 17:20:40.171 +01:00 [INF] Route matched with {action = "GetNoteById", controller = "NoteAPI"}. Executing controller action with signature System.Threading.Tasks.Task`1[Microsoft.AspNetCore.Mvc.IActionResult] GetNoteById(Int32) on controller systemOut.Controllers.NoteAPICOntroller (api).
2024-11-07 17:20:40.171 +01:00 [INF] Route matched with {action = "GetNoteById", controller = "NoteAPI"}. Executing controller action with signature System.Threading.Tasks.Task`1[Microsoft.AspNetCore.Mvc.IActionResult] GetNoteById(Int32) on controller systemOut.Controllers.NoteAPICOntroller (api).
2024-11-07 17:20:40.174 +01:00 [INF] Executing OkObjectResult, writing value of type 'Castle.Proxies.NoteProxy'.
2024-11-07 17:20:40.175 +01:00 [INF] Executing OkObjectResult, writing value of type 'Castle.Proxies.NoteProxy'.
2024-11-07 17:20:40.206 +01:00 [INF] Executed action systemOut.Controllers.NoteAPICOntroller.GetNoteById (api) in 34.349ms
2024-11-07 17:20:40.206 +01:00 [INF] Executed endpoint 'systemOut.Controllers.NoteAPICOntroller.GetNoteById (api)'
2024-11-07 17:20:40.206 +01:00 [INF] Request finished HTTP/2 GET https://localhost:7285/api/noteapi/1 - 200 2045 application/json; charset=utf-8 35.7823ms
2024-11-07 17:20:40.206 +01:00 [INF] Executed action systemOut.Controllers.NoteAPICOntroller.GetNoteById (api) in 35.1017ms
2024-11-07 17:20:40.206 +01:00 [INF] Executed endpoint 'systemOut.Controllers.NoteAPICOntroller.GetNoteById (api)'
2024-11-07 17:20:40.206 +01:00 [INF] Request finished HTTP/2 GET https://localhost:7285/api/noteapi/1 - 200 2045 application/json; charset=utf-8 35.9266ms
2024-11-07 17:20:40.213 +01:00 [INF] Request starting HTTP/2 GET https://localhost:7285/api/commentapi/getcomments - null null
2024-11-07 17:20:40.213 +01:00 [INF] CORS policy execution successful.
2024-11-07 17:20:40.213 +01:00 [INF] Request starting HTTP/2 GET https://localhost:7285/api/commentapi/getcomments - null null
2024-11-07 17:20:40.213 +01:00 [INF] Executing endpoint 'systemOut.Controllers.CommentAPIController.GetComments (api)'
2024-11-07 17:20:40.213 +01:00 [INF] CORS policy execution successful.
2024-11-07 17:20:40.213 +01:00 [INF] Route matched with {action = "GetComments", controller = "CommentAPI"}. Executing controller action with signature System.Threading.Tasks.Task`1[Microsoft.AspNetCore.Mvc.IActionResult] GetComments() on controller systemOut.Controllers.CommentAPIController (api).
2024-11-07 17:20:40.213 +01:00 [INF] Executing endpoint 'systemOut.Controllers.CommentAPIController.GetComments (api)'
2024-11-07 17:20:40.213 +01:00 [INF] Route matched with {action = "GetComments", controller = "CommentAPI"}. Executing controller action with signature System.Threading.Tasks.Task`1[Microsoft.AspNetCore.Mvc.IActionResult] GetComments() on controller systemOut.Controllers.CommentAPIController (api).
2024-11-07 17:20:40.241 +01:00 [INF] Executing OkObjectResult, writing value of type 'System.Linq.Enumerable+SelectListIterator`2[[systemOut.Models.Comment, api, Version=1.0.0.0, Culture=neutral, PublicKeyToken=null],[systemOut.DTOs.CommentDto, api, Version=1.0.0.0, Culture=neutral, PublicKeyToken=null]]'.
2024-11-07 17:20:40.242 +01:00 [INF] Executed action systemOut.Controllers.CommentAPIController.GetComments (api) in 28.2711ms
2024-11-07 17:20:40.242 +01:00 [INF] Executed endpoint 'systemOut.Controllers.CommentAPIController.GetComments (api)'
2024-11-07 17:20:40.242 +01:00 [INF] Executing OkObjectResult, writing value of type 'System.Linq.Enumerable+SelectListIterator`2[[systemOut.Models.Comment, api, Version=1.0.0.0, Culture=neutral, PublicKeyToken=null],[systemOut.DTOs.CommentDto, api, Version=1.0.0.0, Culture=neutral, PublicKeyToken=null]]'.
2024-11-07 17:20:40.242 +01:00 [INF] Executed action systemOut.Controllers.CommentAPIController.GetComments (api) in 28.4689ms
2024-11-07 17:20:40.242 +01:00 [INF] Request finished HTTP/2 GET https://localhost:7285/api/commentapi/getcomments - 200 213 application/json; charset=utf-8 28.6396ms
2024-11-07 17:20:40.242 +01:00 [INF] Executed endpoint 'systemOut.Controllers.CommentAPIController.GetComments (api)'
2024-11-07 17:20:40.242 +01:00 [INF] Request finished HTTP/2 GET https://localhost:7285/api/commentapi/getcomments - 200 213 application/json; charset=utf-8 29.1629ms
2024-11-07 17:20:40.246 +01:00 [INF] Request starting HTTP/2 GET https://localhost:7285/api/userapi/2 - null null
2024-11-07 17:20:40.247 +01:00 [INF] CORS policy execution successful.
2024-11-07 17:20:40.247 +01:00 [INF] Executing endpoint 'systemOut.Controllers.UserAPIController.GetUser (api)'
2024-11-07 17:20:40.247 +01:00 [INF] Route matched with {action = "GetUser", controller = "UserAPI"}. Executing controller action with signature System.Threading.Tasks.Task`1[Microsoft.AspNetCore.Mvc.IActionResult] GetUser(Int32) on controller systemOut.Controllers.UserAPIController (api).
2024-11-07 17:20:40.247 +01:00 [INF] Request starting HTTP/2 GET https://localhost:7285/api/userapi/2 - null null
2024-11-07 17:20:40.247 +01:00 [INF] CORS policy execution successful.
2024-11-07 17:20:40.247 +01:00 [INF] Executing endpoint 'systemOut.Controllers.UserAPIController.GetUser (api)'
2024-11-07 17:20:40.247 +01:00 [INF] Route matched with {action = "GetUser", controller = "UserAPI"}. Executing controller action with signature System.Threading.Tasks.Task`1[Microsoft.AspNetCore.Mvc.IActionResult] GetUser(Int32) on controller systemOut.Controllers.UserAPIController (api).
2024-11-07 17:20:40.250 +01:00 [INF] Executing OkObjectResult, writing value of type 'Castle.Proxies.UserProxy'.
2024-11-07 17:20:40.250 +01:00 [INF] Executing OkObjectResult, writing value of type 'Castle.Proxies.UserProxy'.
2024-11-07 17:20:40.277 +01:00 [INF] Executed action systemOut.Controllers.UserAPIController.GetUser (api) in 29.9499ms
2024-11-07 17:20:40.277 +01:00 [INF] Executed endpoint 'systemOut.Controllers.UserAPIController.GetUser (api)'
2024-11-07 17:20:40.277 +01:00 [INF] Request finished HTTP/2 GET https://localhost:7285/api/userapi/2 - 200 2046 application/json; charset=utf-8 30.7394ms
2024-11-07 17:20:40.277 +01:00 [INF] Executed action systemOut.Controllers.UserAPIController.GetUser (api) in 29.7863ms
2024-11-07 17:20:40.277 +01:00 [INF] Executed endpoint 'systemOut.Controllers.UserAPIController.GetUser (api)'
2024-11-07 17:20:40.277 +01:00 [INF] Request finished HTTP/2 GET https://localhost:7285/api/userapi/2 - 200 2046 application/json; charset=utf-8 30.2835ms
2024-11-07 17:20:42.826 +01:00 [INF] Request starting HTTP/2 GET https://localhost:7285/api/noteapi/getnotes - null null
2024-11-07 17:20:42.826 +01:00 [INF] CORS policy execution successful.
2024-11-07 17:20:42.827 +01:00 [INF] Executing endpoint 'systemOut.Controllers.NoteAPICOntroller.GetNotes (api)'
2024-11-07 17:20:42.827 +01:00 [INF] Route matched with {action = "GetNotes", controller = "NoteAPI"}. Executing controller action with signature System.Threading.Tasks.Task`1[Microsoft.AspNetCore.Mvc.IActionResult] GetNotes() on controller systemOut.Controllers.NoteAPICOntroller (api).
2024-11-07 17:20:42.829 +01:00 [INF] Executing OkObjectResult, writing value of type 'System.Linq.Enumerable+SelectListIterator`2[[systemOut.Models.Note, api, Version=1.0.0.0, Culture=neutral, PublicKeyToken=null],[systemOut.DTOs.NoteDto, api, Version=1.0.0.0, Culture=neutral, PublicKeyToken=null]]'.
2024-11-07 17:20:42.829 +01:00 [INF] Executed action systemOut.Controllers.NoteAPICOntroller.GetNotes (api) in 2.1248ms
2024-11-07 17:20:42.829 +01:00 [INF] Executed endpoint 'systemOut.Controllers.NoteAPICOntroller.GetNotes (api)'
2024-11-07 17:20:42.829 +01:00 [INF] Request finished HTTP/2 GET https://localhost:7285/api/noteapi/getnotes - 200 619 application/json; charset=utf-8 2.5723ms
2024-11-07 17:20:43.537 +01:00 [INF] Request starting HTTP/2 GET https://localhost:7285/api/noteapi/2 - null null
2024-11-07 17:20:43.537 +01:00 [INF] Request starting HTTP/2 GET https://localhost:7285/api/noteapi/2 - null null
2024-11-07 17:20:43.538 +01:00 [INF] CORS policy execution successful.
2024-11-07 17:20:43.538 +01:00 [INF] CORS policy execution successful.
2024-11-07 17:20:43.538 +01:00 [INF] Executing endpoint 'systemOut.Controllers.NoteAPICOntroller.GetNoteById (api)'
2024-11-07 17:20:43.538 +01:00 [INF] Executing endpoint 'systemOut.Controllers.NoteAPICOntroller.GetNoteById (api)'
2024-11-07 17:20:43.538 +01:00 [INF] Route matched with {action = "GetNoteById", controller = "NoteAPI"}. Executing controller action with signature System.Threading.Tasks.Task`1[Microsoft.AspNetCore.Mvc.IActionResult] GetNoteById(Int32) on controller systemOut.Controllers.NoteAPICOntroller (api).
2024-11-07 17:20:43.538 +01:00 [INF] Route matched with {action = "GetNoteById", controller = "NoteAPI"}. Executing controller action with signature System.Threading.Tasks.Task`1[Microsoft.AspNetCore.Mvc.IActionResult] GetNoteById(Int32) on controller systemOut.Controllers.NoteAPICOntroller (api).
2024-11-07 17:20:43.540 +01:00 [INF] Executing OkObjectResult, writing value of type 'Castle.Proxies.NoteProxy'.
2024-11-07 17:20:43.541 +01:00 [INF] Executing OkObjectResult, writing value of type 'Castle.Proxies.NoteProxy'.
2024-11-07 17:20:43.569 +01:00 [INF] Executed action systemOut.Controllers.NoteAPICOntroller.GetNoteById (api) in 30.711ms
2024-11-07 17:20:43.569 +01:00 [INF] Executed endpoint 'systemOut.Controllers.NoteAPICOntroller.GetNoteById (api)'
2024-11-07 17:20:43.569 +01:00 [INF] Request finished HTTP/2 GET https://localhost:7285/api/noteapi/2 - 200 2950 application/json; charset=utf-8 31.9491ms
2024-11-07 17:20:43.569 +01:00 [INF] Executed action systemOut.Controllers.NoteAPICOntroller.GetNoteById (api) in 31.2998ms
2024-11-07 17:20:43.569 +01:00 [INF] Executed endpoint 'systemOut.Controllers.NoteAPICOntroller.GetNoteById (api)'
2024-11-07 17:20:43.569 +01:00 [INF] Request finished HTTP/2 GET https://localhost:7285/api/noteapi/2 - 200 2950 application/json; charset=utf-8 31.8015ms
2024-11-07 17:20:43.575 +01:00 [INF] Request starting HTTP/2 GET https://localhost:7285/api/commentapi/getcomments - null null
2024-11-07 17:20:43.576 +01:00 [INF] CORS policy execution successful.
2024-11-07 17:20:43.576 +01:00 [INF] Executing endpoint 'systemOut.Controllers.CommentAPIController.GetComments (api)'
2024-11-07 17:20:43.576 +01:00 [INF] Route matched with {action = "GetComments", controller = "CommentAPI"}. Executing controller action with signature System.Threading.Tasks.Task`1[Microsoft.AspNetCore.Mvc.IActionResult] GetComments() on controller systemOut.Controllers.CommentAPIController (api).
2024-11-07 17:20:43.576 +01:00 [INF] Request starting HTTP/2 GET https://localhost:7285/api/commentapi/getcomments - null null
2024-11-07 17:20:43.576 +01:00 [INF] CORS policy execution successful.
2024-11-07 17:20:43.576 +01:00 [INF] Executing endpoint 'systemOut.Controllers.CommentAPIController.GetComments (api)'
2024-11-07 17:20:43.576 +01:00 [INF] Route matched with {action = "GetComments", controller = "CommentAPI"}. Executing controller action with signature System.Threading.Tasks.Task`1[Microsoft.AspNetCore.Mvc.IActionResult] GetComments() on controller systemOut.Controllers.CommentAPIController (api).
2024-11-07 17:20:43.578 +01:00 [INF] Executing OkObjectResult, writing value of type 'System.Linq.Enumerable+SelectListIterator`2[[systemOut.Models.Comment, api, Version=1.0.0.0, Culture=neutral, PublicKeyToken=null],[systemOut.DTOs.CommentDto, api, Version=1.0.0.0, Culture=neutral, PublicKeyToken=null]]'.
2024-11-07 17:20:43.579 +01:00 [INF] Executed action systemOut.Controllers.CommentAPIController.GetComments (api) in 2.8157ms
2024-11-07 17:20:43.579 +01:00 [INF] Executed endpoint 'systemOut.Controllers.CommentAPIController.GetComments (api)'
2024-11-07 17:20:43.579 +01:00 [INF] Executing OkObjectResult, writing value of type 'System.Linq.Enumerable+SelectListIterator`2[[systemOut.Models.Comment, api, Version=1.0.0.0, Culture=neutral, PublicKeyToken=null],[systemOut.DTOs.CommentDto, api, Version=1.0.0.0, Culture=neutral, PublicKeyToken=null]]'.
2024-11-07 17:20:43.579 +01:00 [INF] Executed action systemOut.Controllers.CommentAPIController.GetComments (api) in 2.6232ms
2024-11-07 17:20:43.579 +01:00 [INF] Request finished HTTP/2 GET https://localhost:7285/api/commentapi/getcomments - 200 213 application/json; charset=utf-8 3.5266ms
2024-11-07 17:20:43.579 +01:00 [INF] Executed endpoint 'systemOut.Controllers.CommentAPIController.GetComments (api)'
2024-11-07 17:20:43.579 +01:00 [INF] Request finished HTTP/2 GET https://localhost:7285/api/commentapi/getcomments - 200 213 application/json; charset=utf-8 3.0654ms
2024-11-07 17:20:43.582 +01:00 [INF] Request starting HTTP/2 GET https://localhost:7285/api/userapi/2 - null null
2024-11-07 17:20:43.582 +01:00 [INF] CORS policy execution successful.
2024-11-07 17:20:43.582 +01:00 [INF] Executing endpoint 'systemOut.Controllers.UserAPIController.GetUser (api)'
2024-11-07 17:20:43.582 +01:00 [INF] Route matched with {action = "GetUser", controller = "UserAPI"}. Executing controller action with signature System.Threading.Tasks.Task`1[Microsoft.AspNetCore.Mvc.IActionResult] GetUser(Int32) on controller systemOut.Controllers.UserAPIController (api).
2024-11-07 17:20:43.584 +01:00 [INF] Request starting HTTP/2 GET https://localhost:7285/api/userapi/2 - null null
2024-11-07 17:20:43.585 +01:00 [INF] Executing OkObjectResult, writing value of type 'Castle.Proxies.UserProxy'.
2024-11-07 17:20:43.585 +01:00 [INF] CORS policy execution successful.
2024-11-07 17:20:43.585 +01:00 [INF] Executing endpoint 'systemOut.Controllers.UserAPIController.GetUser (api)'
2024-11-07 17:20:43.585 +01:00 [INF] Route matched with {action = "GetUser", controller = "UserAPI"}. Executing controller action with signature System.Threading.Tasks.Task`1[Microsoft.AspNetCore.Mvc.IActionResult] GetUser(Int32) on controller systemOut.Controllers.UserAPIController (api).
2024-11-07 17:20:43.588 +01:00 [INF] Executing OkObjectResult, writing value of type 'Castle.Proxies.UserProxy'.
2024-11-07 17:20:43.610 +01:00 [INF] Executed action systemOut.Controllers.UserAPIController.GetUser (api) in 28.1805ms
2024-11-07 17:20:43.610 +01:00 [INF] Executed endpoint 'systemOut.Controllers.UserAPIController.GetUser (api)'
2024-11-07 17:20:43.611 +01:00 [INF] Request finished HTTP/2 GET https://localhost:7285/api/userapi/2 - 200 2046 application/json; charset=utf-8 28.5239ms
2024-11-07 17:20:43.613 +01:00 [INF] Executed action systemOut.Controllers.UserAPIController.GetUser (api) in 27.9628ms
2024-11-07 17:20:43.613 +01:00 [INF] Executed endpoint 'systemOut.Controllers.UserAPIController.GetUser (api)'
2024-11-07 17:20:43.613 +01:00 [INF] Request finished HTTP/2 GET https://localhost:7285/api/userapi/2 - 200 2046 application/json; charset=utf-8 28.3883ms
2024-11-07 17:20:49.694 +01:00 [INF] Request starting HTTP/2 GET https://localhost:7285/api/noteapi/getnotes - null null
2024-11-07 17:20:49.695 +01:00 [INF] CORS policy execution successful.
2024-11-07 17:20:49.695 +01:00 [INF] Executing endpoint 'systemOut.Controllers.NoteAPICOntroller.GetNotes (api)'
2024-11-07 17:20:49.695 +01:00 [INF] Route matched with {action = "GetNotes", controller = "NoteAPI"}. Executing controller action with signature System.Threading.Tasks.Task`1[Microsoft.AspNetCore.Mvc.IActionResult] GetNotes() on controller systemOut.Controllers.NoteAPICOntroller (api).
2024-11-07 17:20:49.697 +01:00 [INF] Executing OkObjectResult, writing value of type 'System.Linq.Enumerable+SelectListIterator`2[[systemOut.Models.Note, api, Version=1.0.0.0, Culture=neutral, PublicKeyToken=null],[systemOut.DTOs.NoteDto, api, Version=1.0.0.0, Culture=neutral, PublicKeyToken=null]]'.
2024-11-07 17:20:49.697 +01:00 [INF] Executed action systemOut.Controllers.NoteAPICOntroller.GetNotes (api) in 2.1528ms
2024-11-07 17:20:49.697 +01:00 [INF] Executed endpoint 'systemOut.Controllers.NoteAPICOntroller.GetNotes (api)'
2024-11-07 17:20:49.697 +01:00 [INF] Request finished HTTP/2 GET https://localhost:7285/api/noteapi/getnotes - 200 619 application/json; charset=utf-8 2.8205ms
2024-11-07 17:20:51.819 +01:00 [INF] Request starting HTTP/2 GET https://localhost:7285/api/imageapi/getimages - null null
2024-11-07 17:20:51.819 +01:00 [INF] CORS policy execution successful.
2024-11-07 17:20:51.819 +01:00 [INF] Executing endpoint 'systemOut.Controllers.ImageAPIController.GetImages (api)'
2024-11-07 17:20:51.822 +01:00 [INF] Route matched with {action = "GetImages", controller = "ImageAPI"}. Executing controller action with signature System.Threading.Tasks.Task`1[Microsoft.AspNetCore.Mvc.IActionResult] GetImages() on controller systemOut.Controllers.ImageAPIController (api).
2024-11-07 17:20:51.829 +01:00 [INF] Executing OkObjectResult, writing value of type 'System.Linq.Enumerable+SelectListIterator`2[[systemOut.Models.Image, api, Version=1.0.0.0, Culture=neutral, PublicKeyToken=null],[systemOut.DTOs.ImageDto, api, Version=1.0.0.0, Culture=neutral, PublicKeyToken=null]]'.
2024-11-07 17:20:51.831 +01:00 [INF] Executed action systemOut.Controllers.ImageAPIController.GetImages (api) in 9.0781ms
2024-11-07 17:20:51.831 +01:00 [INF] Executed endpoint 'systemOut.Controllers.ImageAPIController.GetImages (api)'
2024-11-07 17:20:51.831 +01:00 [INF] Request finished HTTP/2 GET https://localhost:7285/api/imageapi/getimages - 200 253 application/json; charset=utf-8 12.2004ms
2024-11-07 17:20:53.399 +01:00 [INF] Request starting HTTP/2 GET https://localhost:7285/api/userapi/userlist - null null
2024-11-07 17:20:53.399 +01:00 [INF] CORS policy execution successful.
2024-11-07 17:20:53.399 +01:00 [INF] Executing endpoint 'systemOut.Controllers.UserAPIController.UserList (api)'
2024-11-07 17:20:53.402 +01:00 [INF] Route matched with {action = "UserList", controller = "UserAPI"}. Executing controller action with signature System.Threading.Tasks.Task`1[Microsoft.AspNetCore.Mvc.IActionResult] UserList() on controller systemOut.Controllers.UserAPIController (api).
2024-11-07 17:20:53.408 +01:00 [INF] Executing OkObjectResult, writing value of type 'System.Linq.Enumerable+SelectListIterator`2[[systemOut.Models.User, api, Version=1.0.0.0, Culture=neutral, PublicKeyToken=null],[systemOut.DTOs.UserDto, api, Version=1.0.0.0, Culture=neutral, PublicKeyToken=null]]'.
2024-11-07 17:20:53.409 +01:00 [INF] Executed action systemOut.Controllers.UserAPIController.UserList (api) in 7.5674ms
2024-11-07 17:20:53.410 +01:00 [INF] Executed endpoint 'systemOut.Controllers.UserAPIController.UserList (api)'
2024-11-07 17:20:53.410 +01:00 [INF] Request finished HTTP/2 GET https://localhost:7285/api/userapi/userlist - 200 145 application/json; charset=utf-8 10.5834ms
2024-11-07 17:20:53.416 +01:00 [INF] Request starting HTTP/2 GET https://localhost:7285/api/userapi/userlist - null null
2024-11-07 17:20:53.416 +01:00 [INF] CORS policy execution successful.
2024-11-07 17:20:53.416 +01:00 [INF] Executing endpoint 'systemOut.Controllers.UserAPIController.UserList (api)'
2024-11-07 17:20:53.417 +01:00 [INF] Route matched with {action = "UserList", controller = "UserAPI"}. Executing controller action with signature System.Threading.Tasks.Task`1[Microsoft.AspNetCore.Mvc.IActionResult] UserList() on controller systemOut.Controllers.UserAPIController (api).
2024-11-07 17:20:53.419 +01:00 [INF] Executing OkObjectResult, writing value of type 'System.Linq.Enumerable+SelectListIterator`2[[systemOut.Models.User, api, Version=1.0.0.0, Culture=neutral, PublicKeyToken=null],[systemOut.DTOs.UserDto, api, Version=1.0.0.0, Culture=neutral, PublicKeyToken=null]]'.
2024-11-07 17:20:53.419 +01:00 [INF] Executed action systemOut.Controllers.UserAPIController.UserList (api) in 2.617ms
2024-11-07 17:20:53.419 +01:00 [INF] Executed endpoint 'systemOut.Controllers.UserAPIController.UserList (api)'
2024-11-07 17:20:53.419 +01:00 [INF] Request finished HTTP/2 GET https://localhost:7285/api/userapi/userlist - 200 145 application/json; charset=utf-8 3.1415ms
2024-11-07 17:20:53.428 +01:00 [INF] Request starting HTTP/2 GET https://localhost:7285/images/bruker6/bruker6.jpg - null null
2024-11-07 17:20:53.430 +01:00 [INF] The file /images/bruker6/bruker6.jpg was not modified
2024-11-07 17:20:53.430 +01:00 [INF] Request finished HTTP/2 GET https://localhost:7285/images/bruker6/bruker6.jpg - 304 null image/jpeg 2.3101ms
2024-11-07 17:20:53.431 +01:00 [INF] Request starting HTTP/2 GET https://localhost:7285/images/bruker7/bruker7.jpg - null null
2024-11-07 17:20:53.431 +01:00 [INF] The file /images/bruker7/bruker7.jpg was not modified
2024-11-07 17:20:53.431 +01:00 [INF] Request finished HTTP/2 GET https://localhost:7285/images/bruker7/bruker7.jpg - 304 null image/jpeg 0.451ms
