2024-11-29 11:32:54.498 +01:00 [INF] Now listening on: https://localhost:7285
2024-11-29 11:32:54.505 +01:00 [INF] Now listening on: http://localhost:5269
2024-11-29 11:32:54.508 +01:00 [INF] Application started. Press Ctrl+C to shut down.
2024-11-29 11:32:54.509 +01:00 [INF] Hosting environment: Development
2024-11-29 11:32:54.509 +01:00 [INF] Content root path: C:\Users\47477\OneDrive\Skrivebord\ITPE3200\React\ITPE3200-React\api
2024-11-29 11:32:54.666 +01:00 [INF] Request starting HTTP/2 GET https://localhost:7285/api/userapi/userlist - null null
2024-11-29 11:32:54.705 +01:00 [INF] CORS policy execution successful.
2024-11-29 11:32:54.708 +01:00 [INF] Executing endpoint 'systemOut.Controllers.UserAPIController.UserList (api)'
2024-11-29 11:32:54.724 +01:00 [INF] Route matched with {action = "UserList", controller = "UserAPI"}. Executing controller action with signature System.Threading.Tasks.Task`1[Microsoft.AspNetCore.Mvc.IActionResult] UserList() on controller systemOut.Controllers.UserAPIController (api).
2024-11-29 11:32:54.863 +01:00 [INF] Request starting HTTP/2 GET https://localhost:7285/ - null null
2024-11-29 11:32:54.869 +01:00 [INF] Request finished HTTP/2 GET https://localhost:7285/ - 404 0 null 5.0531ms
2024-11-29 11:32:54.873 +01:00 [INF] Request reached the end of the middleware pipeline without being handled by application code. Request path: GET https://localhost:7285/, Response status code: 404
2024-11-29 11:32:55.003 +01:00 [INF] Executing OkObjectResult, writing value of type 'System.Linq.Enumerable+SelectListIterator`2[[systemOut.Models.User, api, Version=1.0.0.0, Culture=neutral, PublicKeyToken=null],[systemOut.DTOs.UserDto, api, Version=1.0.0.0, Culture=neutral, PublicKeyToken=null]]'.
2024-11-29 11:32:55.080 +01:00 [INF] Executed action systemOut.Controllers.UserAPIController.UserList (api) in 352.6093ms
2024-11-29 11:32:55.080 +01:00 [INF] Executed endpoint 'systemOut.Controllers.UserAPIController.UserList (api)'
2024-11-29 11:32:55.088 +01:00 [INF] Request finished HTTP/2 GET https://localhost:7285/api/userapi/userlist - 200 372 application/json; charset=utf-8 424.102ms
2024-11-29 11:32:59.925 +01:00 [INF] Request starting HTTP/2 GET https://localhost:7285/api/userapi/userlist - null null
2024-11-29 11:32:59.925 +01:00 [INF] Request starting HTTP/2 GET https://localhost:7285/api/imageapi/get-all-image-urls - null null
2024-11-29 11:32:59.930 +01:00 [INF] CORS policy execution successful.
2024-11-29 11:32:59.930 +01:00 [INF] CORS policy execution successful.
2024-11-29 11:32:59.930 +01:00 [INF] Executing endpoint 'systemOut.Controllers.UserAPIController.UserList (api)'
2024-11-29 11:32:59.930 +01:00 [INF] Executing endpoint 'systemOut.Controllers.ImageAPIController.GetAllImageUrls (api)'
2024-11-29 11:32:59.931 +01:00 [INF] Route matched with {action = "UserList", controller = "UserAPI"}. Executing controller action with signature System.Threading.Tasks.Task`1[Microsoft.AspNetCore.Mvc.IActionResult] UserList() on controller systemOut.Controllers.UserAPIController (api).
2024-11-29 11:32:59.934 +01:00 [INF] Route matched with {action = "GetAllImageUrls", controller = "ImageAPI"}. Executing controller action with signature Microsoft.AspNetCore.Mvc.IActionResult GetAllImageUrls() on controller systemOut.Controllers.ImageAPIController (api).
2024-11-29 11:32:59.942 +01:00 [INF] Executing OkObjectResult, writing value of type 'System.Collections.Generic.List`1[[System.String, System.Private.CoreLib, Version=8.0.0.0, Culture=neutral, PublicKeyToken=7cec85d7bea7798e]]'.
2024-11-29 11:32:59.944 +01:00 [INF] Executed action systemOut.Controllers.ImageAPIController.GetAllImageUrls (api) in 9.9979ms
2024-11-29 11:32:59.944 +01:00 [INF] Executed endpoint 'systemOut.Controllers.ImageAPIController.GetAllImageUrls (api)'
2024-11-29 11:32:59.944 +01:00 [INF] Request finished HTTP/2 GET https://localhost:7285/api/imageapi/get-all-image-urls - 200 582 application/json; charset=utf-8 19.3285ms
2024-11-29 11:32:59.947 +01:00 [INF] Request starting HTTP/2 GET https://localhost:7285/api/imageapi/get-all-image-urls - null null
2024-11-29 11:32:59.948 +01:00 [INF] CORS policy execution successful.
2024-11-29 11:32:59.949 +01:00 [INF] Executing endpoint 'systemOut.Controllers.ImageAPIController.GetAllImageUrls (api)'
2024-11-29 11:32:59.949 +01:00 [INF] Route matched with {action = "GetAllImageUrls", controller = "ImageAPI"}. Executing controller action with signature Microsoft.AspNetCore.Mvc.IActionResult GetAllImageUrls() on controller systemOut.Controllers.ImageAPIController (api).
2024-11-29 11:32:59.956 +01:00 [INF] Executing OkObjectResult, writing value of type 'System.Collections.Generic.List`1[[System.String, System.Private.CoreLib, Version=8.0.0.0, Culture=neutral, PublicKeyToken=7cec85d7bea7798e]]'.
2024-11-29 11:32:59.956 +01:00 [INF] Executed action systemOut.Controllers.ImageAPIController.GetAllImageUrls (api) in 7.2094ms
2024-11-29 11:32:59.956 +01:00 [INF] Executed endpoint 'systemOut.Controllers.ImageAPIController.GetAllImageUrls (api)'
2024-11-29 11:32:59.956 +01:00 [INF] Request finished HTTP/2 GET https://localhost:7285/api/imageapi/get-all-image-urls - 200 582 application/json; charset=utf-8 9.542ms
2024-11-29 11:33:00.001 +01:00 [INF] Executing OkObjectResult, writing value of type 'System.Linq.Enumerable+SelectListIterator`2[[systemOut.Models.User, api, Version=1.0.0.0, Culture=neutral, PublicKeyToken=null],[systemOut.DTOs.UserDto, api, Version=1.0.0.0, Culture=neutral, PublicKeyToken=null]]'.
2024-11-29 11:33:00.002 +01:00 [INF] Executed action systemOut.Controllers.UserAPIController.UserList (api) in 71.6773ms
2024-11-29 11:33:00.003 +01:00 [INF] Executed endpoint 'systemOut.Controllers.UserAPIController.UserList (api)'
2024-11-29 11:33:00.003 +01:00 [INF] Request finished HTTP/2 GET https://localhost:7285/api/userapi/userlist - 200 372 application/json; charset=utf-8 78.5756ms
2024-11-29 11:33:00.005 +01:00 [INF] Request starting HTTP/2 GET https://localhost:7285/api/userapi/userlist - null null
2024-11-29 11:33:00.005 +01:00 [INF] CORS policy execution successful.
2024-11-29 11:33:00.006 +01:00 [INF] Executing endpoint 'systemOut.Controllers.UserAPIController.UserList (api)'
2024-11-29 11:33:00.006 +01:00 [INF] Route matched with {action = "UserList", controller = "UserAPI"}. Executing controller action with signature System.Threading.Tasks.Task`1[Microsoft.AspNetCore.Mvc.IActionResult] UserList() on controller systemOut.Controllers.UserAPIController (api).
2024-11-29 11:33:00.012 +01:00 [INF] Executing OkObjectResult, writing value of type 'System.Linq.Enumerable+SelectListIterator`2[[systemOut.Models.User, api, Version=1.0.0.0, Culture=neutral, PublicKeyToken=null],[systemOut.DTOs.UserDto, api, Version=1.0.0.0, Culture=neutral, PublicKeyToken=null]]'.
2024-11-29 11:33:00.012 +01:00 [INF] Executed action systemOut.Controllers.UserAPIController.UserList (api) in 6.192ms
2024-11-29 11:33:00.012 +01:00 [INF] Executed endpoint 'systemOut.Controllers.UserAPIController.UserList (api)'
2024-11-29 11:33:00.013 +01:00 [INF] Request finished HTTP/2 GET https://localhost:7285/api/userapi/userlist - 200 372 application/json; charset=utf-8 7.4523ms
2024-11-29 11:33:00.020 +01:00 [INF] Request starting HTTP/2 GET https://localhost:7285/api/userapi/userlist - null null
2024-11-29 11:33:00.021 +01:00 [INF] CORS policy execution successful.
2024-11-29 11:33:00.021 +01:00 [INF] Executing endpoint 'systemOut.Controllers.UserAPIController.UserList (api)'
2024-11-29 11:33:00.021 +01:00 [INF] Route matched with {action = "UserList", controller = "UserAPI"}. Executing controller action with signature System.Threading.Tasks.Task`1[Microsoft.AspNetCore.Mvc.IActionResult] UserList() on controller systemOut.Controllers.UserAPIController (api).
2024-11-29 11:33:00.026 +01:00 [INF] Executing OkObjectResult, writing value of type 'System.Linq.Enumerable+SelectListIterator`2[[systemOut.Models.User, api, Version=1.0.0.0, Culture=neutral, PublicKeyToken=null],[systemOut.DTOs.UserDto, api, Version=1.0.0.0, Culture=neutral, PublicKeyToken=null]]'.
2024-11-29 11:33:00.027 +01:00 [INF] Executed action systemOut.Controllers.UserAPIController.UserList (api) in 5.5402ms
2024-11-29 11:33:00.027 +01:00 [INF] Executed endpoint 'systemOut.Controllers.UserAPIController.UserList (api)'
2024-11-29 11:33:00.027 +01:00 [INF] Request finished HTTP/2 GET https://localhost:7285/api/userapi/userlist - 200 372 application/json; charset=utf-8 7.2007ms
2024-11-29 11:33:00.032 +01:00 [INF] Request starting HTTP/2 GET https://localhost:7285/api/userapi/userlist - null null
2024-11-29 11:33:00.032 +01:00 [INF] CORS policy execution successful.
2024-11-29 11:33:00.033 +01:00 [INF] Executing endpoint 'systemOut.Controllers.UserAPIController.UserList (api)'
2024-11-29 11:33:00.033 +01:00 [INF] Route matched with {action = "UserList", controller = "UserAPI"}. Executing controller action with signature System.Threading.Tasks.Task`1[Microsoft.AspNetCore.Mvc.IActionResult] UserList() on controller systemOut.Controllers.UserAPIController (api).
2024-11-29 11:33:00.038 +01:00 [INF] Executing OkObjectResult, writing value of type 'System.Linq.Enumerable+SelectListIterator`2[[systemOut.Models.User, api, Version=1.0.0.0, Culture=neutral, PublicKeyToken=null],[systemOut.DTOs.UserDto, api, Version=1.0.0.0, Culture=neutral, PublicKeyToken=null]]'.
2024-11-29 11:33:00.041 +01:00 [INF] Executed action systemOut.Controllers.UserAPIController.UserList (api) in 7.3069ms
2024-11-29 11:33:00.041 +01:00 [INF] Executed endpoint 'systemOut.Controllers.UserAPIController.UserList (api)'
2024-11-29 11:33:00.041 +01:00 [INF] Request finished HTTP/2 GET https://localhost:7285/api/userapi/userlist - 200 372 application/json; charset=utf-8 9.1737ms
2024-11-29 11:33:09.929 +01:00 [INF] Request starting HTTP/2 OPTIONS https://localhost:7285/api/imageapi/create - null null
2024-11-29 11:33:09.930 +01:00 [INF] CORS policy execution successful.
2024-11-29 11:33:09.932 +01:00 [INF] Request finished HTTP/2 OPTIONS https://localhost:7285/api/imageapi/create - 204 null null 2.9959ms
2024-11-29 11:33:09.934 +01:00 [INF] Request starting HTTP/2 POST https://localhost:7285/api/imageapi/create - application/json 102
2024-11-29 11:33:09.934 +01:00 [INF] CORS policy execution successful.
2024-11-29 11:33:09.935 +01:00 [INF] Executing endpoint 'systemOut.Controllers.ImageAPIController.Create (api)'
2024-11-29 11:33:09.941 +01:00 [INF] Route matched with {action = "Create", controller = "ImageAPI"}. Executing controller action with signature System.Threading.Tasks.Task`1[Microsoft.AspNetCore.Mvc.IActionResult] Create(systemOut.DTOs.ImageDto) on controller systemOut.Controllers.ImageAPIController (api).
2024-11-29 11:33:09.976 +01:00 [INF] Executing BadRequestObjectResult, writing value of type 'Microsoft.AspNetCore.Mvc.ValidationProblemDetails'.
2024-11-29 11:33:09.994 +01:00 [INF] Executed action systemOut.Controllers.ImageAPIController.Create (api) in 52.9205ms
2024-11-29 11:33:09.994 +01:00 [INF] Executed endpoint 'systemOut.Controllers.ImageAPIController.Create (api)'
2024-11-29 11:33:09.994 +01:00 [INF] Request finished HTTP/2 POST https://localhost:7285/api/imageapi/create - 400 277 application/problem+json; charset=utf-8 60.0173ms
2024-11-29 11:33:10.553 +01:00 [INF] Request starting HTTP/2 POST https://localhost:7285/api/imageapi/create - application/json 102
2024-11-29 11:33:10.554 +01:00 [INF] CORS policy execution successful.
2024-11-29 11:33:10.554 +01:00 [INF] Executing endpoint 'systemOut.Controllers.ImageAPIController.Create (api)'
2024-11-29 11:33:10.554 +01:00 [INF] Route matched with {action = "Create", controller = "ImageAPI"}. Executing controller action with signature System.Threading.Tasks.Task`1[Microsoft.AspNetCore.Mvc.IActionResult] Create(systemOut.DTOs.ImageDto) on controller systemOut.Controllers.ImageAPIController (api).
2024-11-29 11:33:10.555 +01:00 [INF] Executing BadRequestObjectResult, writing value of type 'Microsoft.AspNetCore.Mvc.ValidationProblemDetails'.
2024-11-29 11:33:10.557 +01:00 [INF] Executed action systemOut.Controllers.ImageAPIController.Create (api) in 3.477ms
2024-11-29 11:33:10.557 +01:00 [INF] Executed endpoint 'systemOut.Controllers.ImageAPIController.Create (api)'
2024-11-29 11:33:10.558 +01:00 [INF] Request finished HTTP/2 POST https://localhost:7285/api/imageapi/create - 400 277 application/problem+json; charset=utf-8 4.4389ms
2024-11-29 11:33:10.724 +01:00 [INF] Request starting HTTP/2 POST https://localhost:7285/api/imageapi/create - application/json 102
2024-11-29 11:33:10.725 +01:00 [INF] CORS policy execution successful.
2024-11-29 11:33:10.725 +01:00 [INF] Executing endpoint 'systemOut.Controllers.ImageAPIController.Create (api)'
2024-11-29 11:33:10.725 +01:00 [INF] Route matched with {action = "Create", controller = "ImageAPI"}. Executing controller action with signature System.Threading.Tasks.Task`1[Microsoft.AspNetCore.Mvc.IActionResult] Create(systemOut.DTOs.ImageDto) on controller systemOut.Controllers.ImageAPIController (api).
2024-11-29 11:33:10.725 +01:00 [INF] Executing BadRequestObjectResult, writing value of type 'Microsoft.AspNetCore.Mvc.ValidationProblemDetails'.
2024-11-29 11:33:10.726 +01:00 [INF] Executed action systemOut.Controllers.ImageAPIController.Create (api) in 0.7822ms
2024-11-29 11:33:10.726 +01:00 [INF] Executed endpoint 'systemOut.Controllers.ImageAPIController.Create (api)'
2024-11-29 11:33:10.726 +01:00 [INF] Request finished HTTP/2 POST https://localhost:7285/api/imageapi/create - 400 277 application/problem+json; charset=utf-8 1.3318ms
2024-11-29 11:33:10.876 +01:00 [INF] Request starting HTTP/2 POST https://localhost:7285/api/imageapi/create - application/json 102
2024-11-29 11:33:10.876 +01:00 [INF] CORS policy execution successful.
2024-11-29 11:33:10.876 +01:00 [INF] Executing endpoint 'systemOut.Controllers.ImageAPIController.Create (api)'
2024-11-29 11:33:10.877 +01:00 [INF] Route matched with {action = "Create", controller = "ImageAPI"}. Executing controller action with signature System.Threading.Tasks.Task`1[Microsoft.AspNetCore.Mvc.IActionResult] Create(systemOut.DTOs.ImageDto) on controller systemOut.Controllers.ImageAPIController (api).
2024-11-29 11:33:10.877 +01:00 [INF] Executing BadRequestObjectResult, writing value of type 'Microsoft.AspNetCore.Mvc.ValidationProblemDetails'.
2024-11-29 11:33:10.877 +01:00 [INF] Executed action systemOut.Controllers.ImageAPIController.Create (api) in 0.7873ms
2024-11-29 11:33:10.877 +01:00 [INF] Executed endpoint 'systemOut.Controllers.ImageAPIController.Create (api)'
2024-11-29 11:33:10.878 +01:00 [INF] Request finished HTTP/2 POST https://localhost:7285/api/imageapi/create - 400 277 application/problem+json; charset=utf-8 1.4479ms
2024-11-29 11:33:16.444 +01:00 [INF] Request starting HTTP/2 OPTIONS https://localhost:7285/api/imageapi/create - null null
2024-11-29 11:33:16.445 +01:00 [INF] CORS policy execution successful.
2024-11-29 11:33:16.445 +01:00 [INF] Request finished HTTP/2 OPTIONS https://localhost:7285/api/imageapi/create - 204 null null 0.4039ms
2024-11-29 11:33:16.446 +01:00 [INF] Request starting HTTP/2 POST https://localhost:7285/api/imageapi/create - application/json 93
2024-11-29 11:33:16.446 +01:00 [INF] CORS policy execution successful.
2024-11-29 11:33:16.447 +01:00 [INF] Executing endpoint 'systemOut.Controllers.ImageAPIController.Create (api)'
2024-11-29 11:33:16.447 +01:00 [INF] Route matched with {action = "Create", controller = "ImageAPI"}. Executing controller action with signature System.Threading.Tasks.Task`1[Microsoft.AspNetCore.Mvc.IActionResult] Create(systemOut.DTOs.ImageDto) on controller systemOut.Controllers.ImageAPIController (api).
2024-11-29 11:33:16.582 +01:00 [INF] Executing CreatedAtActionResult, writing value of type 'systemOut.Models.Image'.
2024-11-29 11:33:16.599 +01:00 [INF] Executed action systemOut.Controllers.ImageAPIController.Create (api) in 152.1437ms
2024-11-29 11:33:16.599 +01:00 [INF] Executed endpoint 'systemOut.Controllers.ImageAPIController.Create (api)'
2024-11-29 11:33:16.599 +01:00 [INF] Request finished HTTP/2 POST https://localhost:7285/api/imageapi/create - 201 151 application/json; charset=utf-8 152.7561ms
2024-11-29 11:33:16.609 +01:00 [INF] Request starting HTTP/2 GET https://localhost:7285/api/imageapi/getimages - null null
2024-11-29 11:33:16.610 +01:00 [INF] CORS policy execution successful.
2024-11-29 11:33:16.610 +01:00 [INF] Executing endpoint 'systemOut.Controllers.ImageAPIController.GetImages (api)'
2024-11-29 11:33:16.615 +01:00 [INF] Route matched with {action = "GetImages", controller = "ImageAPI"}. Executing controller action with signature System.Threading.Tasks.Task`1[Microsoft.AspNetCore.Mvc.IActionResult] GetImages() on controller systemOut.Controllers.ImageAPIController (api).
2024-11-29 11:33:16.648 +01:00 [INF] Executing OkObjectResult, writing value of type 'System.Linq.Enumerable+SelectListIterator`2[[systemOut.Models.Image, api, Version=1.0.0.0, Culture=neutral, PublicKeyToken=null],[systemOut.DTOs.ImageDto, api, Version=1.0.0.0, Culture=neutral, PublicKeyToken=null]]'.
2024-11-29 11:33:16.653 +01:00 [INF] Executed action systemOut.Controllers.ImageAPIController.GetImages (api) in 37.7506ms
2024-11-29 11:33:16.653 +01:00 [INF] Executed endpoint 'systemOut.Controllers.ImageAPIController.GetImages (api)'
2024-11-29 11:33:16.654 +01:00 [INF] Request finished HTTP/2 GET https://localhost:7285/api/imageapi/getimages - 200 815 application/json; charset=utf-8 44.7097ms
2024-11-29 11:33:16.656 +01:00 [INF] Request starting HTTP/2 GET https://localhost:7285/api/imageapi/getimages - null null
2024-11-29 11:33:16.657 +01:00 [INF] CORS policy execution successful.
2024-11-29 11:33:16.657 +01:00 [INF] Executing endpoint 'systemOut.Controllers.ImageAPIController.GetImages (api)'
2024-11-29 11:33:16.657 +01:00 [INF] Route matched with {action = "GetImages", controller = "ImageAPI"}. Executing controller action with signature System.Threading.Tasks.Task`1[Microsoft.AspNetCore.Mvc.IActionResult] GetImages() on controller systemOut.Controllers.ImageAPIController (api).
2024-11-29 11:33:16.665 +01:00 [INF] Executing OkObjectResult, writing value of type 'System.Linq.Enumerable+SelectListIterator`2[[systemOut.Models.Image, api, Version=1.0.0.0, Culture=neutral, PublicKeyToken=null],[systemOut.DTOs.ImageDto, api, Version=1.0.0.0, Culture=neutral, PublicKeyToken=null]]'.
2024-11-29 11:33:16.665 +01:00 [INF] Executed action systemOut.Controllers.ImageAPIController.GetImages (api) in 7.85ms
2024-11-29 11:33:16.665 +01:00 [INF] Executed endpoint 'systemOut.Controllers.ImageAPIController.GetImages (api)'
2024-11-29 11:33:16.666 +01:00 [INF] Request finished HTTP/2 GET https://localhost:7285/api/imageapi/getimages - 200 815 application/json; charset=utf-8 9.1383ms
