2024-11-05 14:40:10.415 +01:00 [WRN] The ASP.NET Core developer certificate is not trusted. For information about trusting the ASP.NET Core developer certificate, see https://aka.ms/aspnet/https-trust-dev-cert.
2024-11-05 14:40:10.453 +01:00 [INF] Now listening on: https://localhost:7285
2024-11-05 14:40:10.455 +01:00 [INF] Now listening on: http://localhost:5269
2024-11-05 14:40:10.459 +01:00 [INF] Application started. Press Ctrl+C to shut down.
2024-11-05 14:40:10.461 +01:00 [INF] Hosting environment: Development
2024-11-05 14:40:10.463 +01:00 [INF] Content root path: C:\Users\Per\Desktop\ReactBranch\ITPE3200-React\api
2024-11-05 14:40:10.703 +01:00 [INF] Request starting HTTP/2 GET https://localhost:7285/ - null null
2024-11-05 14:40:10.737 +01:00 [INF] Request finished HTTP/2 GET https://localhost:7285/ - 404 0 null 34.8487ms
2024-11-05 14:40:10.743 +01:00 [INF] Request reached the end of the middleware pipeline without being handled by application code. Request path: GET https://localhost:7285/, Response status code: 404
2024-11-05 14:40:25.129 +01:00 [INF] Request starting HTTP/2 GET https://localhost:7285/images/bruker3/bruker3.jpg - null null
2024-11-05 14:40:25.174 +01:00 [INF] Sending file. Request path: '/images/bruker3/bruker3.jpg'. Physical path: 'C:\Users\Per\Desktop\ReactBranch\ITPE3200-React\api\wwwroot\images\bruker3\bruker3.jpg'
2024-11-05 14:40:25.175 +01:00 [INF] Request finished HTTP/2 GET https://localhost:7285/images/bruker3/bruker3.jpg - 200 651609 image/jpeg 46.779ms
2024-11-05 14:40:27.031 +01:00 [INF] Request starting HTTP/2 GET https://localhost:7285/api/userapi/userlist - null null
2024-11-05 14:40:27.031 +01:00 [INF] Request starting HTTP/2 GET https://localhost:7285/api/userapi/userlist - null null
2024-11-05 14:40:27.039 +01:00 [INF] CORS policy execution successful.
2024-11-05 14:40:27.039 +01:00 [INF] CORS policy execution successful.
2024-11-05 14:40:27.041 +01:00 [INF] Executing endpoint 'systemOut.Controllers.UserAPIController.UserList (api)'
2024-11-05 14:40:27.041 +01:00 [INF] Executing endpoint 'systemOut.Controllers.UserAPIController.UserList (api)'
2024-11-05 14:40:27.061 +01:00 [INF] Route matched with {action = "UserList", controller = "UserAPI"}. Executing controller action with signature System.Threading.Tasks.Task`1[Microsoft.AspNetCore.Mvc.IActionResult] UserList() on controller systemOut.Controllers.UserAPIController (api).
2024-11-05 14:40:27.061 +01:00 [INF] Route matched with {action = "UserList", controller = "UserAPI"}. Executing controller action with signature System.Threading.Tasks.Task`1[Microsoft.AspNetCore.Mvc.IActionResult] UserList() on controller systemOut.Controllers.UserAPIController (api).
2024-11-05 14:40:27.234 +01:00 [INF] Executing OkObjectResult, writing value of type 'System.Linq.Enumerable+SelectListIterator`2[[systemOut.Models.User, api, Version=1.0.0.0, Culture=neutral, PublicKeyToken=null],[systemOut.DTOs.UserDto, api, Version=1.0.0.0, Culture=neutral, PublicKeyToken=null]]'.
2024-11-05 14:40:27.234 +01:00 [INF] Executing OkObjectResult, writing value of type 'System.Linq.Enumerable+SelectListIterator`2[[systemOut.Models.User, api, Version=1.0.0.0, Culture=neutral, PublicKeyToken=null],[systemOut.DTOs.UserDto, api, Version=1.0.0.0, Culture=neutral, PublicKeyToken=null]]'.
2024-11-05 14:40:27.311 +01:00 [INF] Executed action systemOut.Controllers.UserAPIController.UserList (api) in 247.4664ms
2024-11-05 14:40:27.311 +01:00 [INF] Executed action systemOut.Controllers.UserAPIController.UserList (api) in 247.4626ms
2024-11-05 14:40:27.311 +01:00 [INF] Executed endpoint 'systemOut.Controllers.UserAPIController.UserList (api)'
2024-11-05 14:40:27.311 +01:00 [INF] Executed endpoint 'systemOut.Controllers.UserAPIController.UserList (api)'
2024-11-05 14:40:27.317 +01:00 [INF] Request finished HTTP/2 GET https://localhost:7285/api/userapi/userlist - 200 145 application/json; charset=utf-8 286.9118ms
2024-11-05 14:40:27.317 +01:00 [INF] Request finished HTTP/2 GET https://localhost:7285/api/userapi/userlist - 200 145 application/json; charset=utf-8 286.4055ms
2024-11-05 14:40:27.320 +01:00 [INF] Request starting HTTP/2 GET https://localhost:7285/images/bruker6/bruker6.jpg - null null
2024-11-05 14:40:27.363 +01:00 [INF] Sending file. Request path: '/images/bruker6/bruker6.jpg'. Physical path: 'C:\Users\Per\Desktop\ReactBranch\ITPE3200-React\api\wwwroot\images\bruker6\bruker6.jpg'
2024-11-05 14:40:27.363 +01:00 [INF] Request finished HTTP/2 GET https://localhost:7285/images/bruker6/bruker6.jpg - 200 2207768 image/jpeg 43.1511ms
2024-11-05 14:40:28.457 +01:00 [INF] Request starting HTTP/2 GET https://localhost:7285/api/userapi/userlist - null null
2024-11-05 14:40:28.459 +01:00 [INF] CORS policy execution successful.
2024-11-05 14:40:28.459 +01:00 [INF] Executing endpoint 'systemOut.Controllers.UserAPIController.UserList (api)'
2024-11-05 14:40:28.459 +01:00 [INF] Route matched with {action = "UserList", controller = "UserAPI"}. Executing controller action with signature System.Threading.Tasks.Task`1[Microsoft.AspNetCore.Mvc.IActionResult] UserList() on controller systemOut.Controllers.UserAPIController (api).
2024-11-05 14:40:28.504 +01:00 [INF] Executing OkObjectResult, writing value of type 'System.Linq.Enumerable+SelectListIterator`2[[systemOut.Models.User, api, Version=1.0.0.0, Culture=neutral, PublicKeyToken=null],[systemOut.DTOs.UserDto, api, Version=1.0.0.0, Culture=neutral, PublicKeyToken=null]]'.
2024-11-05 14:40:28.504 +01:00 [INF] Executed action systemOut.Controllers.UserAPIController.UserList (api) in 45.0896ms
2024-11-05 14:40:28.505 +01:00 [INF] Executed endpoint 'systemOut.Controllers.UserAPIController.UserList (api)'
2024-11-05 14:40:28.505 +01:00 [INF] Request finished HTTP/2 GET https://localhost:7285/api/userapi/userlist - 200 145 application/json; charset=utf-8 47.7701ms
2024-11-05 14:40:29.139 +01:00 [INF] Request starting HTTP/2 GET https://localhost:7285/api/userapi/userlist - null null
2024-11-05 14:40:29.140 +01:00 [INF] CORS policy execution successful.
2024-11-05 14:40:29.140 +01:00 [INF] Executing endpoint 'systemOut.Controllers.UserAPIController.UserList (api)'
2024-11-05 14:40:29.140 +01:00 [INF] Route matched with {action = "UserList", controller = "UserAPI"}. Executing controller action with signature System.Threading.Tasks.Task`1[Microsoft.AspNetCore.Mvc.IActionResult] UserList() on controller systemOut.Controllers.UserAPIController (api).
2024-11-05 14:40:29.143 +01:00 [INF] Executing OkObjectResult, writing value of type 'System.Linq.Enumerable+SelectListIterator`2[[systemOut.Models.User, api, Version=1.0.0.0, Culture=neutral, PublicKeyToken=null],[systemOut.DTOs.UserDto, api, Version=1.0.0.0, Culture=neutral, PublicKeyToken=null]]'.
2024-11-05 14:40:29.143 +01:00 [INF] Executed action systemOut.Controllers.UserAPIController.UserList (api) in 2.9819ms
2024-11-05 14:40:29.143 +01:00 [INF] Executed endpoint 'systemOut.Controllers.UserAPIController.UserList (api)'
2024-11-05 14:40:29.143 +01:00 [INF] Request finished HTTP/2 GET https://localhost:7285/api/userapi/userlist - 200 145 application/json; charset=utf-8 3.8321ms
2024-11-05 14:40:29.333 +01:00 [INF] Request starting HTTP/2 GET https://localhost:7285/api/userapi/userlist - null null
2024-11-05 14:40:29.333 +01:00 [INF] CORS policy execution successful.
2024-11-05 14:40:29.333 +01:00 [INF] Executing endpoint 'systemOut.Controllers.UserAPIController.UserList (api)'
2024-11-05 14:40:29.333 +01:00 [INF] Route matched with {action = "UserList", controller = "UserAPI"}. Executing controller action with signature System.Threading.Tasks.Task`1[Microsoft.AspNetCore.Mvc.IActionResult] UserList() on controller systemOut.Controllers.UserAPIController (api).
2024-11-05 14:40:29.335 +01:00 [INF] Executing OkObjectResult, writing value of type 'System.Linq.Enumerable+SelectListIterator`2[[systemOut.Models.User, api, Version=1.0.0.0, Culture=neutral, PublicKeyToken=null],[systemOut.DTOs.UserDto, api, Version=1.0.0.0, Culture=neutral, PublicKeyToken=null]]'.
2024-11-05 14:40:29.335 +01:00 [INF] Executed action systemOut.Controllers.UserAPIController.UserList (api) in 2.3842ms
2024-11-05 14:40:29.336 +01:00 [INF] Executed endpoint 'systemOut.Controllers.UserAPIController.UserList (api)'
2024-11-05 14:40:29.336 +01:00 [INF] Request finished HTTP/2 GET https://localhost:7285/api/userapi/userlist - 200 145 application/json; charset=utf-8 2.9999ms
2024-11-05 14:40:29.515 +01:00 [INF] Request starting HTTP/2 GET https://localhost:7285/api/userapi/userlist - null null
2024-11-05 14:40:29.516 +01:00 [INF] CORS policy execution successful.
2024-11-05 14:40:29.516 +01:00 [INF] Executing endpoint 'systemOut.Controllers.UserAPIController.UserList (api)'
2024-11-05 14:40:29.516 +01:00 [INF] Route matched with {action = "UserList", controller = "UserAPI"}. Executing controller action with signature System.Threading.Tasks.Task`1[Microsoft.AspNetCore.Mvc.IActionResult] UserList() on controller systemOut.Controllers.UserAPIController (api).
2024-11-05 14:40:29.518 +01:00 [INF] Executing OkObjectResult, writing value of type 'System.Linq.Enumerable+SelectListIterator`2[[systemOut.Models.User, api, Version=1.0.0.0, Culture=neutral, PublicKeyToken=null],[systemOut.DTOs.UserDto, api, Version=1.0.0.0, Culture=neutral, PublicKeyToken=null]]'.
2024-11-05 14:40:29.519 +01:00 [INF] Executed action systemOut.Controllers.UserAPIController.UserList (api) in 2.7595ms
2024-11-05 14:40:29.519 +01:00 [INF] Executed endpoint 'systemOut.Controllers.UserAPIController.UserList (api)'
2024-11-05 14:40:29.519 +01:00 [INF] Request finished HTTP/2 GET https://localhost:7285/api/userapi/userlist - 200 145 application/json; charset=utf-8 3.512ms
2024-11-05 14:41:07.536 +01:00 [INF] Request starting HTTP/2 OPTIONS https://localhost:7285/api/userapi/create - null null
2024-11-05 14:41:07.536 +01:00 [INF] CORS policy execution successful.
2024-11-05 14:41:07.537 +01:00 [INF] Request finished HTTP/2 OPTIONS https://localhost:7285/api/userapi/create - 204 null null 0.9272ms
2024-11-05 14:41:07.538 +01:00 [INF] Request starting HTTP/2 POST https://localhost:7285/api/userapi/create - application/json 62
2024-11-05 14:41:07.538 +01:00 [INF] CORS policy execution successful.
2024-11-05 14:41:07.539 +01:00 [INF] Executing endpoint 'systemOut.Controllers.UserAPIController.Create (api)'
2024-11-05 14:41:07.546 +01:00 [INF] Route matched with {action = "Create", controller = "UserAPI"}. Executing controller action with signature System.Threading.Tasks.Task`1[Microsoft.AspNetCore.Mvc.IActionResult] Create(systemOut.DTOs.UserDto) on controller systemOut.Controllers.UserAPIController (api).
2024-11-05 14:41:07.672 +01:00 [INF] Executing CreatedAtActionResult, writing value of type 'systemOut.Models.User'.
2024-11-05 14:41:07.690 +01:00 [INF] Executed action systemOut.Controllers.UserAPIController.Create (api) in 143.9264ms
2024-11-05 14:41:07.690 +01:00 [INF] Executed endpoint 'systemOut.Controllers.UserAPIController.Create (api)'
2024-11-05 14:41:07.690 +01:00 [INF] Request finished HTTP/2 POST https://localhost:7285/api/userapi/create - 201 116 application/json; charset=utf-8 151.8958ms
2024-11-05 14:41:07.704 +01:00 [INF] Request starting HTTP/2 GET https://localhost:7285/api/userapi/userlist - null null
2024-11-05 14:41:07.705 +01:00 [INF] CORS policy execution successful.
2024-11-05 14:41:07.705 +01:00 [INF] Executing endpoint 'systemOut.Controllers.UserAPIController.UserList (api)'
2024-11-05 14:41:07.705 +01:00 [INF] Route matched with {action = "UserList", controller = "UserAPI"}. Executing controller action with signature System.Threading.Tasks.Task`1[Microsoft.AspNetCore.Mvc.IActionResult] UserList() on controller systemOut.Controllers.UserAPIController (api).
2024-11-05 14:41:07.707 +01:00 [INF] Executing OkObjectResult, writing value of type 'System.Linq.Enumerable+SelectListIterator`2[[systemOut.Models.User, api, Version=1.0.0.0, Culture=neutral, PublicKeyToken=null],[systemOut.DTOs.UserDto, api, Version=1.0.0.0, Culture=neutral, PublicKeyToken=null]]'.
2024-11-05 14:41:07.707 +01:00 [INF] Executed action systemOut.Controllers.UserAPIController.UserList (api) in 2.1014ms
2024-11-05 14:41:07.707 +01:00 [INF] Executed endpoint 'systemOut.Controllers.UserAPIController.UserList (api)'
2024-11-05 14:41:07.707 +01:00 [INF] Request finished HTTP/2 GET https://localhost:7285/api/userapi/userlist - 200 219 application/json; charset=utf-8 2.815ms
2024-11-05 14:41:07.710 +01:00 [INF] Request starting HTTP/2 GET https://localhost:7285/api/userapi/userlist - null null
2024-11-05 14:41:07.710 +01:00 [INF] CORS policy execution successful.
2024-11-05 14:41:07.710 +01:00 [INF] Executing endpoint 'systemOut.Controllers.UserAPIController.UserList (api)'
2024-11-05 14:41:07.710 +01:00 [INF] Route matched with {action = "UserList", controller = "UserAPI"}. Executing controller action with signature System.Threading.Tasks.Task`1[Microsoft.AspNetCore.Mvc.IActionResult] UserList() on controller systemOut.Controllers.UserAPIController (api).
2024-11-05 14:41:07.712 +01:00 [INF] Executing OkObjectResult, writing value of type 'System.Linq.Enumerable+SelectListIterator`2[[systemOut.Models.User, api, Version=1.0.0.0, Culture=neutral, PublicKeyToken=null],[systemOut.DTOs.UserDto, api, Version=1.0.0.0, Culture=neutral, PublicKeyToken=null]]'.
2024-11-05 14:41:07.712 +01:00 [INF] Executed action systemOut.Controllers.UserAPIController.UserList (api) in 2.248ms
2024-11-05 14:41:07.712 +01:00 [INF] Executed endpoint 'systemOut.Controllers.UserAPIController.UserList (api)'
2024-11-05 14:41:07.712 +01:00 [INF] Request finished HTTP/2 GET https://localhost:7285/api/userapi/userlist - 200 219 application/json; charset=utf-8 2.79ms
