2024-11-05 19:28:53.113 +01:00 [WRN] The ASP.NET Core developer certificate is not trusted. For information about trusting the ASP.NET Core developer certificate, see https://aka.ms/aspnet/https-trust-dev-cert.
2024-11-05 19:28:53.151 +01:00 [INF] Now listening on: https://localhost:7285
2024-11-05 19:28:53.153 +01:00 [INF] Now listening on: http://localhost:5269
2024-11-05 19:28:53.157 +01:00 [INF] Application started. Press Ctrl+C to shut down.
2024-11-05 19:28:53.159 +01:00 [INF] Hosting environment: Development
2024-11-05 19:28:53.160 +01:00 [INF] Content root path: C:\Users\Per\Desktop\ReactBranch\ITPE3200-React\api
2024-11-05 19:28:53.408 +01:00 [INF] Request starting HTTP/2 GET https://localhost:7285/ - null null
2024-11-05 19:28:53.439 +01:00 [INF] Request finished HTTP/2 GET https://localhost:7285/ - 404 0 null 31.7717ms
2024-11-05 19:28:53.444 +01:00 [INF] Request reached the end of the middleware pipeline without being handled by application code. Request path: GET https://localhost:7285/, Response status code: 404
2024-11-05 19:29:07.737 +01:00 [INF] Request starting HTTP/2 GET https://localhost:7285/images/bruker3/bruker3.jpg - null null
2024-11-05 19:29:07.779 +01:00 [INF] Sending file. Request path: '/images/bruker3/bruker3.jpg'. Physical path: 'C:\Users\Per\Desktop\ReactBranch\ITPE3200-React\api\wwwroot\images\bruker3\bruker3.jpg'
2024-11-05 19:29:07.780 +01:00 [INF] Request finished HTTP/2 GET https://localhost:7285/images/bruker3/bruker3.jpg - 200 651609 image/jpeg 43.1007ms
2024-11-05 19:29:12.729 +01:00 [INF] Request starting HTTP/2 GET https://localhost:7285/api/imageapi/getimages - null null
2024-11-05 19:29:12.733 +01:00 [INF] CORS policy execution successful.
2024-11-05 19:29:12.734 +01:00 [INF] Executing endpoint 'systemOut.Controllers.ImageAPIController.GetImages (api)'
2024-11-05 19:29:12.748 +01:00 [INF] Route matched with {action = "GetImages", controller = "ImageAPI"}. Executing controller action with signature System.Threading.Tasks.Task`1[Microsoft.AspNetCore.Mvc.IActionResult] GetImages() on controller systemOut.Controllers.ImageAPIController (api).
2024-11-05 19:29:12.917 +01:00 [INF] Executing OkObjectResult, writing value of type 'System.Linq.Enumerable+SelectListIterator`2[[systemOut.Models.Image, api, Version=1.0.0.0, Culture=neutral, PublicKeyToken=null],[systemOut.DTOs.ImageDto, api, Version=1.0.0.0, Culture=neutral, PublicKeyToken=null]]'.
2024-11-05 19:29:12.987 +01:00 [INF] Executed action systemOut.Controllers.ImageAPIController.GetImages (api) in 235.9402ms
2024-11-05 19:29:12.987 +01:00 [INF] Executed endpoint 'systemOut.Controllers.ImageAPIController.GetImages (api)'
2024-11-05 19:29:12.993 +01:00 [INF] Request finished HTTP/2 GET https://localhost:7285/api/imageapi/getimages - 200 253 application/json; charset=utf-8 264.7409ms
2024-11-05 19:29:12.993 +01:00 [INF] Request starting HTTP/2 GET https://localhost:7285/images/bruker5/bruker5.jpg - null null
2024-11-05 19:29:12.994 +01:00 [INF] Request starting HTTP/2 GET https://localhost:7285/images/bruker4/bruker4.jpg - null null
2024-11-05 19:29:13.022 +01:00 [INF] Sending file. Request path: '/images/bruker5/bruker5.jpg'. Physical path: 'C:\Users\Per\Desktop\ReactBranch\ITPE3200-React\api\wwwroot\images\bruker5\bruker5.jpg'
2024-11-05 19:29:13.023 +01:00 [INF] Request finished HTTP/2 GET https://localhost:7285/images/bruker5/bruker5.jpg - 200 612825 image/jpeg 29.5985ms
2024-11-05 19:29:13.036 +01:00 [INF] Sending file. Request path: '/images/bruker4/bruker4.jpg'. Physical path: 'C:\Users\Per\Desktop\ReactBranch\ITPE3200-React\api\wwwroot\images\bruker4\bruker4.jpg'
2024-11-05 19:29:13.036 +01:00 [INF] Request finished HTTP/2 GET https://localhost:7285/images/bruker4/bruker4.jpg - 200 1202767 image/jpeg 42.387ms
2024-11-05 19:29:47.797 +01:00 [INF] Request starting HTTP/2 GET https://localhost:7285/api/imageapi/getimages - null null
2024-11-05 19:29:47.799 +01:00 [INF] CORS policy execution successful.
2024-11-05 19:29:47.799 +01:00 [INF] Executing endpoint 'systemOut.Controllers.ImageAPIController.GetImages (api)'
2024-11-05 19:29:47.799 +01:00 [INF] Route matched with {action = "GetImages", controller = "ImageAPI"}. Executing controller action with signature System.Threading.Tasks.Task`1[Microsoft.AspNetCore.Mvc.IActionResult] GetImages() on controller systemOut.Controllers.ImageAPIController (api).
2024-11-05 19:29:47.843 +01:00 [INF] Executing OkObjectResult, writing value of type 'System.Linq.Enumerable+SelectListIterator`2[[systemOut.Models.Image, api, Version=1.0.0.0, Culture=neutral, PublicKeyToken=null],[systemOut.DTOs.ImageDto, api, Version=1.0.0.0, Culture=neutral, PublicKeyToken=null]]'.
2024-11-05 19:29:47.844 +01:00 [INF] Executed action systemOut.Controllers.ImageAPIController.GetImages (api) in 44.5716ms
2024-11-05 19:29:47.844 +01:00 [INF] Executed endpoint 'systemOut.Controllers.ImageAPIController.GetImages (api)'
2024-11-05 19:29:47.844 +01:00 [INF] Request finished HTTP/2 GET https://localhost:7285/api/imageapi/getimages - 200 253 application/json; charset=utf-8 46.9186ms
