2024-11-04 15:50:56.197 +01:00 [WRN] The ASP.NET Core developer certificate is not trusted. For information about trusting the ASP.NET Core developer certificate, see https://aka.ms/aspnet/https-trust-dev-cert.
2024-11-04 15:50:56.241 +01:00 [INF] Now listening on: https://localhost:7285
2024-11-04 15:50:56.243 +01:00 [INF] Now listening on: http://localhost:5269
2024-11-04 15:50:56.247 +01:00 [INF] Application started. Press Ctrl+C to shut down.
2024-11-04 15:50:56.248 +01:00 [INF] Hosting environment: Development
2024-11-04 15:50:56.250 +01:00 [INF] Content root path: C:\Users\Per\Desktop\ReactBranch\ITPE3200-React\api
2024-11-04 15:50:56.530 +01:00 [INF] Request starting HTTP/2 GET https://localhost:7285/ - null null
2024-11-04 15:50:56.560 +01:00 [INF] Request finished HTTP/2 GET https://localhost:7285/ - 404 0 null 31.4462ms
2024-11-04 15:50:56.568 +01:00 [INF] Request reached the end of the middleware pipeline without being handled by application code. Request path: GET https://localhost:7285/, Response status code: 404
2024-11-04 15:51:32.445 +01:00 [INF] Request starting HTTP/2 GET https://localhost:7285/images/bruker2/bruker2.jpg - null null
2024-11-04 15:51:32.445 +01:00 [INF] Request starting HTTP/2 GET https://localhost:7285/images/bruker1/bruker1.jpg - null null
2024-11-04 15:51:32.445 +01:00 [INF] Request starting HTTP/2 GET https://localhost:7285/images/bruker3/bruker3.jpg - null null
2024-11-04 15:51:32.543 +01:00 [INF] Sending file. Request path: '/images/bruker3/bruker3.jpg'. Physical path: 'C:\Users\Per\Desktop\ReactBranch\ITPE3200-React\api\wwwroot\images\bruker3\bruker3.jpg'
2024-11-04 15:51:32.547 +01:00 [INF] Request finished HTTP/2 GET https://localhost:7285/images/bruker3/bruker3.jpg - 200 651609 image/jpeg 103.349ms
2024-11-04 15:51:32.554 +01:00 [INF] Sending file. Request path: '/images/bruker2/bruker2.jpg'. Physical path: 'C:\Users\Per\Desktop\ReactBranch\ITPE3200-React\api\wwwroot\images\bruker2\bruker2.jpg'
2024-11-04 15:51:32.555 +01:00 [INF] Request finished HTTP/2 GET https://localhost:7285/images/bruker2/bruker2.jpg - 200 1185535 image/jpeg 112.5783ms
2024-11-04 15:51:32.584 +01:00 [INF] Sending file. Request path: '/images/bruker1/bruker1.jpg'. Physical path: 'C:\Users\Per\Desktop\ReactBranch\ITPE3200-React\api\wwwroot\images\bruker1\bruker1.jpg'
2024-11-04 15:51:32.584 +01:00 [INF] Request finished HTTP/2 GET https://localhost:7285/images/bruker1/bruker1.jpg - 200 2136966 image/jpeg 139.0862ms
2024-11-04 15:51:38.609 +01:00 [INF] Request starting HTTP/2 GET https://localhost:7285/api/userapi/userlist - null null
2024-11-04 15:51:38.609 +01:00 [INF] Request starting HTTP/2 GET https://localhost:7285/api/userapi/userlist - null null
2024-11-04 15:51:38.614 +01:00 [INF] CORS policy execution successful.
2024-11-04 15:51:38.614 +01:00 [INF] CORS policy execution successful.
2024-11-04 15:51:38.615 +01:00 [INF] Executing endpoint 'systemOut.Controllers.UserAPIController.UserList (api)'
2024-11-04 15:51:38.615 +01:00 [INF] Executing endpoint 'systemOut.Controllers.UserAPIController.UserList (api)'
2024-11-04 15:51:38.637 +01:00 [INF] Route matched with {action = "UserList", controller = "UserAPI"}. Executing controller action with signature System.Threading.Tasks.Task`1[Microsoft.AspNetCore.Mvc.IActionResult] UserList() on controller systemOut.Controllers.UserAPIController (api).
2024-11-04 15:51:38.637 +01:00 [INF] Route matched with {action = "UserList", controller = "UserAPI"}. Executing controller action with signature System.Threading.Tasks.Task`1[Microsoft.AspNetCore.Mvc.IActionResult] UserList() on controller systemOut.Controllers.UserAPIController (api).
2024-11-04 15:51:38.801 +01:00 [INF] Executing OkObjectResult, writing value of type 'System.Linq.Enumerable+SelectListIterator`2[[systemOut.Models.User, api, Version=1.0.0.0, Culture=neutral, PublicKeyToken=null],[systemOut.DTOs.UserDto, api, Version=1.0.0.0, Culture=neutral, PublicKeyToken=null]]'.
2024-11-04 15:51:38.801 +01:00 [INF] Executing OkObjectResult, writing value of type 'System.Linq.Enumerable+SelectListIterator`2[[systemOut.Models.User, api, Version=1.0.0.0, Culture=neutral, PublicKeyToken=null],[systemOut.DTOs.UserDto, api, Version=1.0.0.0, Culture=neutral, PublicKeyToken=null]]'.
2024-11-04 15:51:38.878 +01:00 [INF] Executed action systemOut.Controllers.UserAPIController.UserList (api) in 238.8787ms
2024-11-04 15:51:38.878 +01:00 [INF] Executed action systemOut.Controllers.UserAPIController.UserList (api) in 238.8774ms
2024-11-04 15:51:38.878 +01:00 [INF] Executed endpoint 'systemOut.Controllers.UserAPIController.UserList (api)'
2024-11-04 15:51:38.878 +01:00 [INF] Executed endpoint 'systemOut.Controllers.UserAPIController.UserList (api)'
2024-11-04 15:51:38.884 +01:00 [INF] Request finished HTTP/2 GET https://localhost:7285/api/userapi/userlist - 200 145 application/json; charset=utf-8 275.1921ms
2024-11-04 15:51:38.884 +01:00 [INF] Request finished HTTP/2 GET https://localhost:7285/api/userapi/userlist - 200 145 application/json; charset=utf-8 275.1894ms
2024-11-04 15:51:46.375 +01:00 [INF] Request starting HTTP/2 GET https://localhost:7285/api/userapi/userlist - null null
2024-11-04 15:51:46.376 +01:00 [INF] CORS policy execution successful.
2024-11-04 15:51:46.376 +01:00 [INF] Executing endpoint 'systemOut.Controllers.UserAPIController.UserList (api)'
2024-11-04 15:51:46.377 +01:00 [INF] Route matched with {action = "UserList", controller = "UserAPI"}. Executing controller action with signature System.Threading.Tasks.Task`1[Microsoft.AspNetCore.Mvc.IActionResult] UserList() on controller systemOut.Controllers.UserAPIController (api).
2024-11-04 15:51:46.420 +01:00 [INF] Executing OkObjectResult, writing value of type 'System.Linq.Enumerable+SelectListIterator`2[[systemOut.Models.User, api, Version=1.0.0.0, Culture=neutral, PublicKeyToken=null],[systemOut.DTOs.UserDto, api, Version=1.0.0.0, Culture=neutral, PublicKeyToken=null]]'.
2024-11-04 15:51:46.420 +01:00 [INF] Executed action systemOut.Controllers.UserAPIController.UserList (api) in 43.6437ms
2024-11-04 15:51:46.420 +01:00 [INF] Executed endpoint 'systemOut.Controllers.UserAPIController.UserList (api)'
2024-11-04 15:51:46.421 +01:00 [INF] Request finished HTTP/2 GET https://localhost:7285/api/userapi/userlist - 200 145 application/json; charset=utf-8 45.6857ms
2024-11-04 15:51:47.174 +01:00 [INF] Request starting HTTP/2 GET https://localhost:7285/api/userapi/userlist - null null
2024-11-04 15:51:47.175 +01:00 [INF] CORS policy execution successful.
2024-11-04 15:51:47.175 +01:00 [INF] Executing endpoint 'systemOut.Controllers.UserAPIController.UserList (api)'
2024-11-04 15:51:47.175 +01:00 [INF] Route matched with {action = "UserList", controller = "UserAPI"}. Executing controller action with signature System.Threading.Tasks.Task`1[Microsoft.AspNetCore.Mvc.IActionResult] UserList() on controller systemOut.Controllers.UserAPIController (api).
2024-11-04 15:51:47.178 +01:00 [INF] Executing OkObjectResult, writing value of type 'System.Linq.Enumerable+SelectListIterator`2[[systemOut.Models.User, api, Version=1.0.0.0, Culture=neutral, PublicKeyToken=null],[systemOut.DTOs.UserDto, api, Version=1.0.0.0, Culture=neutral, PublicKeyToken=null]]'.
2024-11-04 15:51:47.178 +01:00 [INF] Executed action systemOut.Controllers.UserAPIController.UserList (api) in 2.8561ms
2024-11-04 15:51:47.178 +01:00 [INF] Executed endpoint 'systemOut.Controllers.UserAPIController.UserList (api)'
2024-11-04 15:51:47.178 +01:00 [INF] Request finished HTTP/2 GET https://localhost:7285/api/userapi/userlist - 200 145 application/json; charset=utf-8 3.6571ms
2024-11-04 15:55:28.945 +01:00 [INF] Request starting HTTP/2 GET https://localhost:7285/api/userapi/userlist - null null
2024-11-04 15:55:28.947 +01:00 [INF] CORS policy execution successful.
2024-11-04 15:55:28.947 +01:00 [INF] Executing endpoint 'systemOut.Controllers.UserAPIController.UserList (api)'
2024-11-04 15:55:28.947 +01:00 [INF] Route matched with {action = "UserList", controller = "UserAPI"}. Executing controller action with signature System.Threading.Tasks.Task`1[Microsoft.AspNetCore.Mvc.IActionResult] UserList() on controller systemOut.Controllers.UserAPIController (api).
2024-11-04 15:55:28.950 +01:00 [INF] Executing OkObjectResult, writing value of type 'System.Linq.Enumerable+SelectListIterator`2[[systemOut.Models.User, api, Version=1.0.0.0, Culture=neutral, PublicKeyToken=null],[systemOut.DTOs.UserDto, api, Version=1.0.0.0, Culture=neutral, PublicKeyToken=null]]'.
2024-11-04 15:55:28.950 +01:00 [INF] Executed action systemOut.Controllers.UserAPIController.UserList (api) in 2.822ms
2024-11-04 15:55:28.950 +01:00 [INF] Executed endpoint 'systemOut.Controllers.UserAPIController.UserList (api)'
2024-11-04 15:55:28.951 +01:00 [INF] Request finished HTTP/2 GET https://localhost:7285/api/userapi/userlist - 200 145 application/json; charset=utf-8 6.3586ms
