2024-11-29 21:04:13.297 +01:00 [INF] Now listening on: https://localhost:7285
2024-11-29 21:04:13.303 +01:00 [INF] Now listening on: http://localhost:5269
2024-11-29 21:04:13.307 +01:00 [INF] Application started. Press Ctrl+C to shut down.
2024-11-29 21:04:13.308 +01:00 [INF] Hosting environment: Development
2024-11-29 21:04:13.308 +01:00 [INF] Content root path: C:\Users\47477\OneDrive\Skrivebord\ITPE3200\React\ITPE3200-React\api
2024-11-29 21:04:13.650 +01:00 [INF] Request starting HTTP/2 GET https://localhost:7285/ - null null
2024-11-29 21:04:13.690 +01:00 [INF] Request finished HTTP/2 GET https://localhost:7285/ - 404 0 null 41.0245ms
2024-11-29 21:04:13.694 +01:00 [INF] Request reached the end of the middleware pipeline without being handled by application code. Request path: GET https://localhost:7285/, Response status code: 404
2024-11-29 21:04:33.609 +01:00 [INF] Request starting HTTP/2 GET https://localhost:7285/api/imageapi/getimages - null null
2024-11-29 21:04:33.616 +01:00 [INF] CORS policy execution successful.
2024-11-29 21:04:33.618 +01:00 [INF] Executing endpoint 'systemOut.Controllers.ImageAPIController.GetImages (api)'
2024-11-29 21:04:33.634 +01:00 [INF] Route matched with {action = "GetImages", controller = "ImageAPI"}. Executing controller action with signature System.Threading.Tasks.Task`1[Microsoft.AspNetCore.Mvc.IActionResult] GetImages() on controller systemOut.Controllers.ImageAPIController (api).
2024-11-29 21:04:33.872 +01:00 [INF] Executing OkObjectResult, writing value of type 'System.Linq.Enumerable+SelectListIterator`2[[systemOut.Models.Image, api, Version=1.0.0.0, Culture=neutral, PublicKeyToken=null],[systemOut.DTOs.ImageDto, api, Version=1.0.0.0, Culture=neutral, PublicKeyToken=null]]'.
2024-11-29 21:04:33.954 +01:00 [INF] Executed action systemOut.Controllers.ImageAPIController.GetImages (api) in 316.6818ms
2024-11-29 21:04:33.954 +01:00 [INF] Executed endpoint 'systemOut.Controllers.ImageAPIController.GetImages (api)'
2024-11-29 21:04:33.954 +01:00 [INF] Request starting HTTP/2 GET https://localhost:7285/api/imageapi/getimages - null null
2024-11-29 21:04:33.960 +01:00 [INF] CORS policy execution successful.
2024-11-29 21:04:33.961 +01:00 [INF] Executing endpoint 'systemOut.Controllers.ImageAPIController.GetImages (api)'
2024-11-29 21:04:33.961 +01:00 [INF] Route matched with {action = "GetImages", controller = "ImageAPI"}. Executing controller action with signature System.Threading.Tasks.Task`1[Microsoft.AspNetCore.Mvc.IActionResult] GetImages() on controller systemOut.Controllers.ImageAPIController (api).
2024-11-29 21:04:33.965 +01:00 [INF] Request finished HTTP/2 GET https://localhost:7285/api/imageapi/getimages - 200 843 application/json; charset=utf-8 355.206ms
2024-11-29 21:04:34.052 +01:00 [INF] Executing OkObjectResult, writing value of type 'System.Linq.Enumerable+SelectListIterator`2[[systemOut.Models.Image, api, Version=1.0.0.0, Culture=neutral, PublicKeyToken=null],[systemOut.DTOs.ImageDto, api, Version=1.0.0.0, Culture=neutral, PublicKeyToken=null]]'.
2024-11-29 21:04:34.053 +01:00 [INF] Executed action systemOut.Controllers.ImageAPIController.GetImages (api) in 91.6487ms
2024-11-29 21:04:34.053 +01:00 [INF] Executed endpoint 'systemOut.Controllers.ImageAPIController.GetImages (api)'
2024-11-29 21:04:34.054 +01:00 [INF] Request finished HTTP/2 GET https://localhost:7285/api/imageapi/getimages - 200 843 application/json; charset=utf-8 99.5518ms
2024-11-29 21:04:35.708 +01:00 [INF] Request starting HTTP/2 GET https://localhost:7285/api/imageapi/18 - null null
2024-11-29 21:04:35.708 +01:00 [INF] CORS policy execution successful.
2024-11-29 21:04:35.708 +01:00 [INF] Executing endpoint 'systemOut.Controllers.ImageAPIController.GetImage (api)'
2024-11-29 21:04:35.718 +01:00 [INF] Route matched with {action = "GetImage", controller = "ImageAPI"}. Executing controller action with signature System.Threading.Tasks.Task`1[Microsoft.AspNetCore.Mvc.IActionResult] GetImage(Int32) on controller systemOut.Controllers.ImageAPIController (api).
2024-11-29 21:04:35.764 +01:00 [INF] Executing OkObjectResult, writing value of type 'Castle.Proxies.ImageProxy'.
2024-11-29 21:04:35.884 +01:00 [INF] Executed action systemOut.Controllers.ImageAPIController.GetImage (api) in 165.2824ms
2024-11-29 21:04:35.884 +01:00 [INF] Executed endpoint 'systemOut.Controllers.ImageAPIController.GetImage (api)'
2024-11-29 21:04:35.884 +01:00 [INF] Request finished HTTP/2 GET https://localhost:7285/api/imageapi/18 - 200 429 application/json; charset=utf-8 176.478ms
2024-11-29 21:04:35.886 +01:00 [INF] Request starting HTTP/2 GET https://localhost:7285/api/imageapi/18 - null null
2024-11-29 21:04:35.886 +01:00 [INF] CORS policy execution successful.
2024-11-29 21:04:35.886 +01:00 [INF] Executing endpoint 'systemOut.Controllers.ImageAPIController.GetImage (api)'
2024-11-29 21:04:35.887 +01:00 [INF] Route matched with {action = "GetImage", controller = "ImageAPI"}. Executing controller action with signature System.Threading.Tasks.Task`1[Microsoft.AspNetCore.Mvc.IActionResult] GetImage(Int32) on controller systemOut.Controllers.ImageAPIController (api).
2024-11-29 21:04:35.891 +01:00 [INF] Executing OkObjectResult, writing value of type 'Castle.Proxies.ImageProxy'.
2024-11-29 21:04:35.892 +01:00 [INF] Request starting HTTP/2 GET https://localhost:7285/api/commentapi/getcomments - null null
2024-11-29 21:04:35.893 +01:00 [INF] CORS policy execution successful.
2024-11-29 21:04:35.893 +01:00 [INF] Executing endpoint 'systemOut.Controllers.CommentAPIController.GetComments (api)'
2024-11-29 21:04:35.897 +01:00 [INF] Route matched with {action = "GetComments", controller = "CommentAPI"}. Executing controller action with signature System.Threading.Tasks.Task`1[Microsoft.AspNetCore.Mvc.IActionResult] GetComments() on controller systemOut.Controllers.CommentAPIController (api).
2024-11-29 21:04:35.902 +01:00 [INF] Executed action systemOut.Controllers.ImageAPIController.GetImage (api) in 15.6438ms
2024-11-29 21:04:35.905 +01:00 [INF] Executed endpoint 'systemOut.Controllers.ImageAPIController.GetImage (api)'
2024-11-29 21:04:35.905 +01:00 [INF] Request finished HTTP/2 GET https://localhost:7285/api/imageapi/18 - 200 429 application/json; charset=utf-8 19.0938ms
2024-11-29 21:04:35.920 +01:00 [INF] Executing OkObjectResult, writing value of type 'System.Linq.Enumerable+SelectListIterator`2[[systemOut.Models.Comment, api, Version=1.0.0.0, Culture=neutral, PublicKeyToken=null],[systemOut.DTOs.CommentDto, api, Version=1.0.0.0, Culture=neutral, PublicKeyToken=null]]'.
2024-11-29 21:04:35.924 +01:00 [INF] Executed action systemOut.Controllers.CommentAPIController.GetComments (api) in 27.2761ms
2024-11-29 21:04:35.924 +01:00 [INF] Executed endpoint 'systemOut.Controllers.CommentAPIController.GetComments (api)'
2024-11-29 21:04:35.926 +01:00 [INF] Request finished HTTP/2 GET https://localhost:7285/api/commentapi/getcomments - 200 793 application/json; charset=utf-8 33.7887ms
2024-11-29 21:04:35.926 +01:00 [INF] Request starting HTTP/2 GET https://localhost:7285/api/commentapi/getcomments - null null
2024-11-29 21:04:35.927 +01:00 [INF] CORS policy execution successful.
2024-11-29 21:04:35.927 +01:00 [INF] Executing endpoint 'systemOut.Controllers.CommentAPIController.GetComments (api)'
2024-11-29 21:04:35.928 +01:00 [INF] Route matched with {action = "GetComments", controller = "CommentAPI"}. Executing controller action with signature System.Threading.Tasks.Task`1[Microsoft.AspNetCore.Mvc.IActionResult] GetComments() on controller systemOut.Controllers.CommentAPIController (api).
2024-11-29 21:04:35.930 +01:00 [INF] Executing OkObjectResult, writing value of type 'System.Linq.Enumerable+SelectListIterator`2[[systemOut.Models.Comment, api, Version=1.0.0.0, Culture=neutral, PublicKeyToken=null],[systemOut.DTOs.CommentDto, api, Version=1.0.0.0, Culture=neutral, PublicKeyToken=null]]'.
2024-11-29 21:04:35.930 +01:00 [INF] Executed action systemOut.Controllers.CommentAPIController.GetComments (api) in 2.767ms
2024-11-29 21:04:35.931 +01:00 [INF] Executed endpoint 'systemOut.Controllers.CommentAPIController.GetComments (api)'
2024-11-29 21:04:35.931 +01:00 [INF] Request finished HTTP/2 GET https://localhost:7285/api/commentapi/getcomments - 200 793 application/json; charset=utf-8 4.9046ms
2024-11-29 21:04:37.737 +01:00 [INF] Request starting HTTP/2 GET https://localhost:7285/api/imageapi/18 - null null
2024-11-29 21:04:37.737 +01:00 [INF] CORS policy execution successful.
2024-11-29 21:04:37.737 +01:00 [INF] Executing endpoint 'systemOut.Controllers.ImageAPIController.GetImage (api)'
2024-11-29 21:04:37.738 +01:00 [INF] Route matched with {action = "GetImage", controller = "ImageAPI"}. Executing controller action with signature System.Threading.Tasks.Task`1[Microsoft.AspNetCore.Mvc.IActionResult] GetImage(Int32) on controller systemOut.Controllers.ImageAPIController (api).
2024-11-29 21:04:37.740 +01:00 [INF] Executing OkObjectResult, writing value of type 'Castle.Proxies.ImageProxy'.
2024-11-29 21:04:37.750 +01:00 [INF] Executed action systemOut.Controllers.ImageAPIController.GetImage (api) in 12.102ms
2024-11-29 21:04:37.750 +01:00 [INF] Executed endpoint 'systemOut.Controllers.ImageAPIController.GetImage (api)'
2024-11-29 21:04:37.751 +01:00 [INF] Request finished HTTP/2 GET https://localhost:7285/api/imageapi/18 - 200 429 application/json; charset=utf-8 13.7602ms
2024-11-29 21:04:37.752 +01:00 [INF] Request starting HTTP/2 GET https://localhost:7285/api/imageapi/18 - null null
2024-11-29 21:04:37.753 +01:00 [INF] CORS policy execution successful.
2024-11-29 21:04:37.753 +01:00 [INF] Executing endpoint 'systemOut.Controllers.ImageAPIController.GetImage (api)'
2024-11-29 21:04:37.754 +01:00 [INF] Route matched with {action = "GetImage", controller = "ImageAPI"}. Executing controller action with signature System.Threading.Tasks.Task`1[Microsoft.AspNetCore.Mvc.IActionResult] GetImage(Int32) on controller systemOut.Controllers.ImageAPIController (api).
2024-11-29 21:04:37.758 +01:00 [INF] Executing OkObjectResult, writing value of type 'Castle.Proxies.ImageProxy'.
2024-11-29 21:04:37.765 +01:00 [INF] Request starting HTTP/2 GET https://localhost:7285/api/userapi/userlist - null null
2024-11-29 21:04:37.765 +01:00 [INF] Request starting HTTP/2 GET https://localhost:7285/api/imageapi/get-all-image-urls - null null
2024-11-29 21:04:37.765 +01:00 [INF] CORS policy execution successful.
2024-11-29 21:04:37.765 +01:00 [INF] CORS policy execution successful.
2024-11-29 21:04:37.765 +01:00 [INF] Executing endpoint 'systemOut.Controllers.ImageAPIController.GetAllImageUrls (api)'
2024-11-29 21:04:37.765 +01:00 [INF] Executing endpoint 'systemOut.Controllers.UserAPIController.UserList (api)'
2024-11-29 21:04:37.767 +01:00 [INF] Route matched with {action = "GetAllImageUrls", controller = "ImageAPI"}. Executing controller action with signature Microsoft.AspNetCore.Mvc.IActionResult GetAllImageUrls() on controller systemOut.Controllers.ImageAPIController (api).
2024-11-29 21:04:37.771 +01:00 [INF] Route matched with {action = "UserList", controller = "UserAPI"}. Executing controller action with signature System.Threading.Tasks.Task`1[Microsoft.AspNetCore.Mvc.IActionResult] UserList() on controller systemOut.Controllers.UserAPIController (api).
2024-11-29 21:04:37.772 +01:00 [INF] Executed action systemOut.Controllers.ImageAPIController.GetImage (api) in 18.0702ms
2024-11-29 21:04:37.772 +01:00 [INF] Executed endpoint 'systemOut.Controllers.ImageAPIController.GetImage (api)'
2024-11-29 21:04:37.773 +01:00 [INF] Executing OkObjectResult, writing value of type 'System.Collections.Generic.List`1[[System.String, System.Private.CoreLib, Version=8.0.0.0, Culture=neutral, PublicKeyToken=7cec85d7bea7798e]]'.
2024-11-29 21:04:37.774 +01:00 [INF] Executed action systemOut.Controllers.ImageAPIController.GetAllImageUrls (api) in 6.2822ms
2024-11-29 21:04:37.774 +01:00 [INF] Executed endpoint 'systemOut.Controllers.ImageAPIController.GetAllImageUrls (api)'
2024-11-29 21:04:37.774 +01:00 [INF] Request finished HTTP/2 GET https://localhost:7285/api/imageapi/get-all-image-urls - 200 582 application/json; charset=utf-8 9.2745ms
2024-11-29 21:04:37.774 +01:00 [INF] Request finished HTTP/2 GET https://localhost:7285/api/imageapi/18 - 200 429 application/json; charset=utf-8 21.2493ms
2024-11-29 21:04:37.778 +01:00 [INF] Request starting HTTP/2 GET https://localhost:7285/api/imageapi/get-all-image-urls - null null
2024-11-29 21:04:37.779 +01:00 [INF] CORS policy execution successful.
2024-11-29 21:04:37.779 +01:00 [INF] Executing endpoint 'systemOut.Controllers.ImageAPIController.GetAllImageUrls (api)'
2024-11-29 21:04:37.779 +01:00 [INF] Route matched with {action = "GetAllImageUrls", controller = "ImageAPI"}. Executing controller action with signature Microsoft.AspNetCore.Mvc.IActionResult GetAllImageUrls() on controller systemOut.Controllers.ImageAPIController (api).
2024-11-29 21:04:37.782 +01:00 [INF] Executing OkObjectResult, writing value of type 'System.Collections.Generic.List`1[[System.String, System.Private.CoreLib, Version=8.0.0.0, Culture=neutral, PublicKeyToken=7cec85d7bea7798e]]'.
2024-11-29 21:04:37.783 +01:00 [INF] Executed action systemOut.Controllers.ImageAPIController.GetAllImageUrls (api) in 3.4342ms
2024-11-29 21:04:37.783 +01:00 [INF] Executed endpoint 'systemOut.Controllers.ImageAPIController.GetAllImageUrls (api)'
2024-11-29 21:04:37.783 +01:00 [INF] Request finished HTTP/2 GET https://localhost:7285/api/imageapi/get-all-image-urls - 200 582 application/json; charset=utf-8 4.7287ms
2024-11-29 21:04:37.787 +01:00 [INF] Executing OkObjectResult, writing value of type 'System.Linq.Enumerable+SelectListIterator`2[[systemOut.Models.User, api, Version=1.0.0.0, Culture=neutral, PublicKeyToken=null],[systemOut.DTOs.UserDto, api, Version=1.0.0.0, Culture=neutral, PublicKeyToken=null]]'.
2024-11-29 21:04:37.790 +01:00 [INF] Executed action systemOut.Controllers.UserAPIController.UserList (api) in 18.2786ms
2024-11-29 21:04:37.790 +01:00 [INF] Executed endpoint 'systemOut.Controllers.UserAPIController.UserList (api)'
2024-11-29 21:04:37.790 +01:00 [INF] Request finished HTTP/2 GET https://localhost:7285/api/userapi/userlist - 200 372 application/json; charset=utf-8 25.0897ms
2024-11-29 21:04:37.792 +01:00 [INF] Request starting HTTP/2 GET https://localhost:7285/api/userapi/userlist - null null
2024-11-29 21:04:37.793 +01:00 [INF] CORS policy execution successful.
2024-11-29 21:04:37.793 +01:00 [INF] Executing endpoint 'systemOut.Controllers.UserAPIController.UserList (api)'
2024-11-29 21:04:37.793 +01:00 [INF] Route matched with {action = "UserList", controller = "UserAPI"}. Executing controller action with signature System.Threading.Tasks.Task`1[Microsoft.AspNetCore.Mvc.IActionResult] UserList() on controller systemOut.Controllers.UserAPIController (api).
2024-11-29 21:04:37.794 +01:00 [INF] Executing OkObjectResult, writing value of type 'System.Linq.Enumerable+SelectListIterator`2[[systemOut.Models.User, api, Version=1.0.0.0, Culture=neutral, PublicKeyToken=null],[systemOut.DTOs.UserDto, api, Version=1.0.0.0, Culture=neutral, PublicKeyToken=null]]'.
2024-11-29 21:04:37.795 +01:00 [INF] Executed action systemOut.Controllers.UserAPIController.UserList (api) in 2.1595ms
2024-11-29 21:04:37.795 +01:00 [INF] Executed endpoint 'systemOut.Controllers.UserAPIController.UserList (api)'
2024-11-29 21:04:37.796 +01:00 [INF] Request finished HTTP/2 GET https://localhost:7285/api/userapi/userlist - 200 372 application/json; charset=utf-8 3.9198ms
2024-11-29 21:04:43.073 +01:00 [INF] Request starting HTTP/2 OPTIONS https://localhost:7285/api/imageapi/update/18 - null null
2024-11-29 21:04:43.074 +01:00 [INF] CORS policy execution successful.
2024-11-29 21:04:43.074 +01:00 [INF] Request finished HTTP/2 OPTIONS https://localhost:7285/api/imageapi/update/18 - 204 null null 0.8931ms
2024-11-29 21:04:43.076 +01:00 [INF] Request starting HTTP/2 PUT https://localhost:7285/api/imageapi/update/18 - application/json 150
2024-11-29 21:04:43.076 +01:00 [INF] CORS policy execution successful.
2024-11-29 21:04:43.076 +01:00 [INF] Executing endpoint 'systemOut.Controllers.ImageAPIController.Update (api)'
2024-11-29 21:04:43.079 +01:00 [INF] Route matched with {action = "Update", controller = "ImageAPI"}. Executing controller action with signature System.Threading.Tasks.Task`1[Microsoft.AspNetCore.Mvc.IActionResult] Update(Int32, systemOut.DTOs.ImageDto) on controller systemOut.Controllers.ImageAPIController (api).
2024-11-29 21:04:43.170 +01:00 [INF] Executing OkObjectResult, writing value of type 'Castle.Proxies.ImageProxy'.
2024-11-29 21:04:43.175 +01:00 [INF] Executed action systemOut.Controllers.ImageAPIController.Update (api) in 95.2773ms
2024-11-29 21:04:43.175 +01:00 [INF] Executed endpoint 'systemOut.Controllers.ImageAPIController.Update (api)'
2024-11-29 21:04:43.175 +01:00 [INF] Request finished HTTP/2 PUT https://localhost:7285/api/imageapi/update/18 - 200 442 application/json; charset=utf-8 99.2076ms
2024-11-29 21:04:43.193 +01:00 [INF] Request starting HTTP/2 GET https://localhost:7285/api/imageapi/getimages - null null
2024-11-29 21:04:43.194 +01:00 [INF] CORS policy execution successful.
2024-11-29 21:04:43.194 +01:00 [INF] Executing endpoint 'systemOut.Controllers.ImageAPIController.GetImages (api)'
2024-11-29 21:04:43.194 +01:00 [INF] Route matched with {action = "GetImages", controller = "ImageAPI"}. Executing controller action with signature System.Threading.Tasks.Task`1[Microsoft.AspNetCore.Mvc.IActionResult] GetImages() on controller systemOut.Controllers.ImageAPIController (api).
2024-11-29 21:04:43.195 +01:00 [INF] Executing OkObjectResult, writing value of type 'System.Linq.Enumerable+SelectListIterator`2[[systemOut.Models.Image, api, Version=1.0.0.0, Culture=neutral, PublicKeyToken=null],[systemOut.DTOs.ImageDto, api, Version=1.0.0.0, Culture=neutral, PublicKeyToken=null]]'.
2024-11-29 21:04:43.196 +01:00 [INF] Executed action systemOut.Controllers.ImageAPIController.GetImages (api) in 2.0945ms
2024-11-29 21:04:43.196 +01:00 [INF] Executed endpoint 'systemOut.Controllers.ImageAPIController.GetImages (api)'
2024-11-29 21:04:43.196 +01:00 [INF] Request finished HTTP/2 GET https://localhost:7285/api/imageapi/getimages - 200 856 application/json; charset=utf-8 2.9942ms
2024-11-29 21:04:43.199 +01:00 [INF] Request starting HTTP/2 GET https://localhost:7285/api/imageapi/getimages - null null
2024-11-29 21:04:43.200 +01:00 [INF] CORS policy execution successful.
2024-11-29 21:04:43.200 +01:00 [INF] Executing endpoint 'systemOut.Controllers.ImageAPIController.GetImages (api)'
2024-11-29 21:04:43.200 +01:00 [INF] Route matched with {action = "GetImages", controller = "ImageAPI"}. Executing controller action with signature System.Threading.Tasks.Task`1[Microsoft.AspNetCore.Mvc.IActionResult] GetImages() on controller systemOut.Controllers.ImageAPIController (api).
2024-11-29 21:04:43.202 +01:00 [INF] Executing OkObjectResult, writing value of type 'System.Linq.Enumerable+SelectListIterator`2[[systemOut.Models.Image, api, Version=1.0.0.0, Culture=neutral, PublicKeyToken=null],[systemOut.DTOs.ImageDto, api, Version=1.0.0.0, Culture=neutral, PublicKeyToken=null]]'.
2024-11-29 21:04:43.203 +01:00 [INF] Executed action systemOut.Controllers.ImageAPIController.GetImages (api) in 2.3983ms
2024-11-29 21:04:43.203 +01:00 [INF] Executed endpoint 'systemOut.Controllers.ImageAPIController.GetImages (api)'
2024-11-29 21:04:43.203 +01:00 [INF] Request finished HTTP/2 GET https://localhost:7285/api/imageapi/getimages - 200 856 application/json; charset=utf-8 4.4974ms
2024-11-29 21:04:50.478 +01:00 [INF] Request starting HTTP/2 GET https://localhost:7285/api/imageapi/18 - null null
2024-11-29 21:04:50.479 +01:00 [INF] CORS policy execution successful.
2024-11-29 21:04:50.479 +01:00 [INF] Executing endpoint 'systemOut.Controllers.ImageAPIController.GetImage (api)'
2024-11-29 21:04:50.479 +01:00 [INF] Route matched with {action = "GetImage", controller = "ImageAPI"}. Executing controller action with signature System.Threading.Tasks.Task`1[Microsoft.AspNetCore.Mvc.IActionResult] GetImage(Int32) on controller systemOut.Controllers.ImageAPIController (api).
2024-11-29 21:04:50.481 +01:00 [INF] Executing OkObjectResult, writing value of type 'Castle.Proxies.ImageProxy'.
2024-11-29 21:04:50.492 +01:00 [INF] Executed action systemOut.Controllers.ImageAPIController.GetImage (api) in 12.8615ms
2024-11-29 21:04:50.492 +01:00 [INF] Executed endpoint 'systemOut.Controllers.ImageAPIController.GetImage (api)'
2024-11-29 21:04:50.493 +01:00 [INF] Request finished HTTP/2 GET https://localhost:7285/api/imageapi/18 - 200 442 application/json; charset=utf-8 14.1788ms
2024-11-29 21:04:50.494 +01:00 [INF] Request starting HTTP/2 GET https://localhost:7285/api/imageapi/18 - null null
2024-11-29 21:04:50.494 +01:00 [INF] CORS policy execution successful.
2024-11-29 21:04:50.494 +01:00 [INF] Executing endpoint 'systemOut.Controllers.ImageAPIController.GetImage (api)'
2024-11-29 21:04:50.495 +01:00 [INF] Route matched with {action = "GetImage", controller = "ImageAPI"}. Executing controller action with signature System.Threading.Tasks.Task`1[Microsoft.AspNetCore.Mvc.IActionResult] GetImage(Int32) on controller systemOut.Controllers.ImageAPIController (api).
2024-11-29 21:04:50.496 +01:00 [INF] Executing OkObjectResult, writing value of type 'Castle.Proxies.ImageProxy'.
2024-11-29 21:04:50.500 +01:00 [INF] Request starting HTTP/2 GET https://localhost:7285/api/commentapi/getcomments - null null
2024-11-29 21:04:50.500 +01:00 [INF] CORS policy execution successful.
2024-11-29 21:04:50.500 +01:00 [INF] Executing endpoint 'systemOut.Controllers.CommentAPIController.GetComments (api)'
2024-11-29 21:04:50.500 +01:00 [INF] Route matched with {action = "GetComments", controller = "CommentAPI"}. Executing controller action with signature System.Threading.Tasks.Task`1[Microsoft.AspNetCore.Mvc.IActionResult] GetComments() on controller systemOut.Controllers.CommentAPIController (api).
2024-11-29 21:04:50.503 +01:00 [INF] Executed action systemOut.Controllers.ImageAPIController.GetImage (api) in 8.3457ms
2024-11-29 21:04:50.503 +01:00 [INF] Executed endpoint 'systemOut.Controllers.ImageAPIController.GetImage (api)'
2024-11-29 21:04:50.503 +01:00 [INF] Request finished HTTP/2 GET https://localhost:7285/api/imageapi/18 - 200 442 application/json; charset=utf-8 9.1591ms
2024-11-29 21:04:50.504 +01:00 [INF] Executing OkObjectResult, writing value of type 'System.Linq.Enumerable+SelectListIterator`2[[systemOut.Models.Comment, api, Version=1.0.0.0, Culture=neutral, PublicKeyToken=null],[systemOut.DTOs.CommentDto, api, Version=1.0.0.0, Culture=neutral, PublicKeyToken=null]]'.
2024-11-29 21:04:50.505 +01:00 [INF] Executed action systemOut.Controllers.CommentAPIController.GetComments (api) in 4.2804ms
2024-11-29 21:04:50.505 +01:00 [INF] Executed endpoint 'systemOut.Controllers.CommentAPIController.GetComments (api)'
2024-11-29 21:04:50.505 +01:00 [INF] Request finished HTTP/2 GET https://localhost:7285/api/commentapi/getcomments - 200 793 application/json; charset=utf-8 4.9801ms
2024-11-29 21:04:50.506 +01:00 [INF] Request starting HTTP/2 GET https://localhost:7285/api/commentapi/getcomments - null null
2024-11-29 21:04:50.507 +01:00 [INF] CORS policy execution successful.
2024-11-29 21:04:50.507 +01:00 [INF] Executing endpoint 'systemOut.Controllers.CommentAPIController.GetComments (api)'
2024-11-29 21:04:50.507 +01:00 [INF] Route matched with {action = "GetComments", controller = "CommentAPI"}. Executing controller action with signature System.Threading.Tasks.Task`1[Microsoft.AspNetCore.Mvc.IActionResult] GetComments() on controller systemOut.Controllers.CommentAPIController (api).
2024-11-29 21:04:50.508 +01:00 [INF] Executing OkObjectResult, writing value of type 'System.Linq.Enumerable+SelectListIterator`2[[systemOut.Models.Comment, api, Version=1.0.0.0, Culture=neutral, PublicKeyToken=null],[systemOut.DTOs.CommentDto, api, Version=1.0.0.0, Culture=neutral, PublicKeyToken=null]]'.
2024-11-29 21:04:50.508 +01:00 [INF] Executed action systemOut.Controllers.CommentAPIController.GetComments (api) in 1.5081ms
2024-11-29 21:04:50.508 +01:00 [INF] Executed endpoint 'systemOut.Controllers.CommentAPIController.GetComments (api)'
2024-11-29 21:04:50.509 +01:00 [INF] Request finished HTTP/2 GET https://localhost:7285/api/commentapi/getcomments - 200 793 application/json; charset=utf-8 2.1436ms
2024-11-29 21:04:52.205 +01:00 [INF] Request starting HTTP/2 GET https://localhost:7285/api/imageapi/18 - null null
2024-11-29 21:04:52.205 +01:00 [INF] CORS policy execution successful.
2024-11-29 21:04:52.206 +01:00 [INF] Executing endpoint 'systemOut.Controllers.ImageAPIController.GetImage (api)'
2024-11-29 21:04:52.206 +01:00 [INF] Route matched with {action = "GetImage", controller = "ImageAPI"}. Executing controller action with signature System.Threading.Tasks.Task`1[Microsoft.AspNetCore.Mvc.IActionResult] GetImage(Int32) on controller systemOut.Controllers.ImageAPIController (api).
2024-11-29 21:04:52.208 +01:00 [INF] Executing OkObjectResult, writing value of type 'Castle.Proxies.ImageProxy'.
2024-11-29 21:04:52.216 +01:00 [INF] Executed action systemOut.Controllers.ImageAPIController.GetImage (api) in 9.9246ms
2024-11-29 21:04:52.216 +01:00 [INF] Executed endpoint 'systemOut.Controllers.ImageAPIController.GetImage (api)'
2024-11-29 21:04:52.216 +01:00 [INF] Request finished HTTP/2 GET https://localhost:7285/api/imageapi/18 - 200 442 application/json; charset=utf-8 10.7533ms
2024-11-29 21:04:52.217 +01:00 [INF] Request starting HTTP/2 GET https://localhost:7285/api/imageapi/18 - null null
2024-11-29 21:04:52.218 +01:00 [INF] CORS policy execution successful.
2024-11-29 21:04:52.218 +01:00 [INF] Executing endpoint 'systemOut.Controllers.ImageAPIController.GetImage (api)'
2024-11-29 21:04:52.218 +01:00 [INF] Route matched with {action = "GetImage", controller = "ImageAPI"}. Executing controller action with signature System.Threading.Tasks.Task`1[Microsoft.AspNetCore.Mvc.IActionResult] GetImage(Int32) on controller systemOut.Controllers.ImageAPIController (api).
2024-11-29 21:04:52.220 +01:00 [INF] Executing OkObjectResult, writing value of type 'Castle.Proxies.ImageProxy'.
2024-11-29 21:04:52.231 +01:00 [INF] Executed action systemOut.Controllers.ImageAPIController.GetImage (api) in 12.8816ms
2024-11-29 21:04:52.231 +01:00 [INF] Executed endpoint 'systemOut.Controllers.ImageAPIController.GetImage (api)'
2024-11-29 21:04:52.231 +01:00 [INF] Request finished HTTP/2 GET https://localhost:7285/api/imageapi/18 - 200 442 application/json; charset=utf-8 13.4912ms
2024-11-29 21:04:52.237 +01:00 [INF] Request starting HTTP/2 GET https://localhost:7285/api/userapi/userlist - null null
2024-11-29 21:04:52.237 +01:00 [INF] Request starting HTTP/2 GET https://localhost:7285/api/imageapi/get-all-image-urls - null null
2024-11-29 21:04:52.238 +01:00 [INF] CORS policy execution successful.
2024-11-29 21:04:52.238 +01:00 [INF] CORS policy execution successful.
2024-11-29 21:04:52.238 +01:00 [INF] Executing endpoint 'systemOut.Controllers.UserAPIController.UserList (api)'
2024-11-29 21:04:52.238 +01:00 [INF] Executing endpoint 'systemOut.Controllers.ImageAPIController.GetAllImageUrls (api)'
2024-11-29 21:04:52.238 +01:00 [INF] Route matched with {action = "GetAllImageUrls", controller = "ImageAPI"}. Executing controller action with signature Microsoft.AspNetCore.Mvc.IActionResult GetAllImageUrls() on controller systemOut.Controllers.ImageAPIController (api).
2024-11-29 21:04:52.238 +01:00 [INF] Route matched with {action = "UserList", controller = "UserAPI"}. Executing controller action with signature System.Threading.Tasks.Task`1[Microsoft.AspNetCore.Mvc.IActionResult] UserList() on controller systemOut.Controllers.UserAPIController (api).
2024-11-29 21:04:52.240 +01:00 [INF] Executing OkObjectResult, writing value of type 'System.Linq.Enumerable+SelectListIterator`2[[systemOut.Models.User, api, Version=1.0.0.0, Culture=neutral, PublicKeyToken=null],[systemOut.DTOs.UserDto, api, Version=1.0.0.0, Culture=neutral, PublicKeyToken=null]]'.
2024-11-29 21:04:52.241 +01:00 [INF] Executing OkObjectResult, writing value of type 'System.Collections.Generic.List`1[[System.String, System.Private.CoreLib, Version=8.0.0.0, Culture=neutral, PublicKeyToken=7cec85d7bea7798e]]'.
2024-11-29 21:04:52.241 +01:00 [INF] Executed action systemOut.Controllers.UserAPIController.UserList (api) in 2.4079ms
2024-11-29 21:04:52.241 +01:00 [INF] Executed action systemOut.Controllers.ImageAPIController.GetAllImageUrls (api) in 2.5065ms
2024-11-29 21:04:52.241 +01:00 [INF] Executed endpoint 'systemOut.Controllers.ImageAPIController.GetAllImageUrls (api)'
2024-11-29 21:04:52.242 +01:00 [INF] Request finished HTTP/2 GET https://localhost:7285/api/imageapi/get-all-image-urls - 200 582 application/json; charset=utf-8 4.319ms
2024-11-29 21:04:52.241 +01:00 [INF] Executed endpoint 'systemOut.Controllers.UserAPIController.UserList (api)'
2024-11-29 21:04:52.242 +01:00 [INF] Request finished HTTP/2 GET https://localhost:7285/api/userapi/userlist - 200 372 application/json; charset=utf-8 4.5936ms
2024-11-29 21:04:52.245 +01:00 [INF] Request starting HTTP/2 GET https://localhost:7285/api/imageapi/get-all-image-urls - null null
2024-11-29 21:04:52.245 +01:00 [INF] Request starting HTTP/2 GET https://localhost:7285/api/userapi/userlist - null null
2024-11-29 21:04:52.245 +01:00 [INF] CORS policy execution successful.
2024-11-29 21:04:52.245 +01:00 [INF] CORS policy execution successful.
2024-11-29 21:04:52.245 +01:00 [INF] Executing endpoint 'systemOut.Controllers.ImageAPIController.GetAllImageUrls (api)'
2024-11-29 21:04:52.245 +01:00 [INF] Executing endpoint 'systemOut.Controllers.UserAPIController.UserList (api)'
2024-11-29 21:04:52.245 +01:00 [INF] Route matched with {action = "GetAllImageUrls", controller = "ImageAPI"}. Executing controller action with signature Microsoft.AspNetCore.Mvc.IActionResult GetAllImageUrls() on controller systemOut.Controllers.ImageAPIController (api).
2024-11-29 21:04:52.245 +01:00 [INF] Route matched with {action = "UserList", controller = "UserAPI"}. Executing controller action with signature System.Threading.Tasks.Task`1[Microsoft.AspNetCore.Mvc.IActionResult] UserList() on controller systemOut.Controllers.UserAPIController (api).
2024-11-29 21:04:52.247 +01:00 [INF] Executing OkObjectResult, writing value of type 'System.Linq.Enumerable+SelectListIterator`2[[systemOut.Models.User, api, Version=1.0.0.0, Culture=neutral, PublicKeyToken=null],[systemOut.DTOs.UserDto, api, Version=1.0.0.0, Culture=neutral, PublicKeyToken=null]]'.
2024-11-29 21:04:52.247 +01:00 [INF] Executed action systemOut.Controllers.UserAPIController.UserList (api) in 1.7519ms
2024-11-29 21:04:52.247 +01:00 [INF] Executed endpoint 'systemOut.Controllers.UserAPIController.UserList (api)'
2024-11-29 21:04:52.247 +01:00 [INF] Request finished HTTP/2 GET https://localhost:7285/api/userapi/userlist - 200 372 application/json; charset=utf-8 2.5285ms
2024-11-29 21:04:52.249 +01:00 [INF] Executing OkObjectResult, writing value of type 'System.Collections.Generic.List`1[[System.String, System.Private.CoreLib, Version=8.0.0.0, Culture=neutral, PublicKeyToken=7cec85d7bea7798e]]'.
2024-11-29 21:04:52.250 +01:00 [INF] Executed action systemOut.Controllers.ImageAPIController.GetAllImageUrls (api) in 4.3987ms
2024-11-29 21:04:52.250 +01:00 [INF] Executed endpoint 'systemOut.Controllers.ImageAPIController.GetAllImageUrls (api)'
2024-11-29 21:04:52.250 +01:00 [INF] Request finished HTTP/2 GET https://localhost:7285/api/imageapi/get-all-image-urls - 200 582 application/json; charset=utf-8 5.1532ms
2024-11-29 21:05:04.806 +01:00 [INF] Request starting HTTP/2 OPTIONS https://localhost:7285/api/imageapi/update/18 - null null
2024-11-29 21:05:04.806 +01:00 [INF] CORS policy execution successful.
2024-11-29 21:05:04.806 +01:00 [INF] Request finished HTTP/2 OPTIONS https://localhost:7285/api/imageapi/update/18 - 204 null null 0.3316ms
2024-11-29 21:05:04.808 +01:00 [INF] Request starting HTTP/2 PUT https://localhost:7285/api/imageapi/update/18 - application/json 151
2024-11-29 21:05:04.808 +01:00 [INF] CORS policy execution successful.
2024-11-29 21:05:04.808 +01:00 [INF] Executing endpoint 'systemOut.Controllers.ImageAPIController.Update (api)'
2024-11-29 21:05:04.808 +01:00 [INF] Route matched with {action = "Update", controller = "ImageAPI"}. Executing controller action with signature System.Threading.Tasks.Task`1[Microsoft.AspNetCore.Mvc.IActionResult] Update(Int32, systemOut.DTOs.ImageDto) on controller systemOut.Controllers.ImageAPIController (api).
2024-11-29 21:05:04.815 +01:00 [INF] Executing OkObjectResult, writing value of type 'Castle.Proxies.ImageProxy'.
2024-11-29 21:05:04.819 +01:00 [INF] Executed action systemOut.Controllers.ImageAPIController.Update (api) in 10.4612ms
2024-11-29 21:05:04.819 +01:00 [INF] Executed endpoint 'systemOut.Controllers.ImageAPIController.Update (api)'
2024-11-29 21:05:04.819 +01:00 [INF] Request finished HTTP/2 PUT https://localhost:7285/api/imageapi/update/18 - 200 443 application/json; charset=utf-8 11.1019ms
2024-11-29 21:05:04.838 +01:00 [INF] Request starting HTTP/2 GET https://localhost:7285/api/imageapi/getimages - null null
2024-11-29 21:05:04.838 +01:00 [INF] CORS policy execution successful.
2024-11-29 21:05:04.838 +01:00 [INF] Executing endpoint 'systemOut.Controllers.ImageAPIController.GetImages (api)'
2024-11-29 21:05:04.838 +01:00 [INF] Route matched with {action = "GetImages", controller = "ImageAPI"}. Executing controller action with signature System.Threading.Tasks.Task`1[Microsoft.AspNetCore.Mvc.IActionResult] GetImages() on controller systemOut.Controllers.ImageAPIController (api).
2024-11-29 21:05:04.839 +01:00 [INF] Executing OkObjectResult, writing value of type 'System.Linq.Enumerable+SelectListIterator`2[[systemOut.Models.Image, api, Version=1.0.0.0, Culture=neutral, PublicKeyToken=null],[systemOut.DTOs.ImageDto, api, Version=1.0.0.0, Culture=neutral, PublicKeyToken=null]]'.
2024-11-29 21:05:04.839 +01:00 [INF] Executed action systemOut.Controllers.ImageAPIController.GetImages (api) in 0.9474ms
2024-11-29 21:05:04.839 +01:00 [INF] Executed endpoint 'systemOut.Controllers.ImageAPIController.GetImages (api)'
2024-11-29 21:05:04.839 +01:00 [INF] Request finished HTTP/2 GET https://localhost:7285/api/imageapi/getimages - 200 857 application/json; charset=utf-8 1.5067ms
2024-11-29 21:05:04.841 +01:00 [INF] Request starting HTTP/2 GET https://localhost:7285/api/imageapi/getimages - null null
2024-11-29 21:05:04.842 +01:00 [INF] CORS policy execution successful.
2024-11-29 21:05:04.842 +01:00 [INF] Executing endpoint 'systemOut.Controllers.ImageAPIController.GetImages (api)'
2024-11-29 21:05:04.842 +01:00 [INF] Route matched with {action = "GetImages", controller = "ImageAPI"}. Executing controller action with signature System.Threading.Tasks.Task`1[Microsoft.AspNetCore.Mvc.IActionResult] GetImages() on controller systemOut.Controllers.ImageAPIController (api).
2024-11-29 21:05:04.846 +01:00 [INF] Executing OkObjectResult, writing value of type 'System.Linq.Enumerable+SelectListIterator`2[[systemOut.Models.Image, api, Version=1.0.0.0, Culture=neutral, PublicKeyToken=null],[systemOut.DTOs.ImageDto, api, Version=1.0.0.0, Culture=neutral, PublicKeyToken=null]]'.
2024-11-29 21:05:04.846 +01:00 [INF] Executed action systemOut.Controllers.ImageAPIController.GetImages (api) in 4.2371ms
2024-11-29 21:05:04.846 +01:00 [INF] Executed endpoint 'systemOut.Controllers.ImageAPIController.GetImages (api)'
2024-11-29 21:05:04.847 +01:00 [INF] Request finished HTTP/2 GET https://localhost:7285/api/imageapi/getimages - 200 857 application/json; charset=utf-8 5.2817ms
