2024-11-05 09:58:04.417 +01:00 [WRN] The ASP.NET Core developer certificate is not trusted. For information about trusting the ASP.NET Core developer certificate, see https://aka.ms/aspnet/https-trust-dev-cert.
2024-11-05 09:58:04.459 +01:00 [INF] Now listening on: https://localhost:7285
2024-11-05 09:58:04.461 +01:00 [INF] Now listening on: http://localhost:5269
2024-11-05 09:58:04.465 +01:00 [INF] Application started. Press Ctrl+C to shut down.
2024-11-05 09:58:04.467 +01:00 [INF] Hosting environment: Development
2024-11-05 09:58:04.468 +01:00 [INF] Content root path: C:\Users\Per\Desktop\ReactBranch\ITPE3200-React\api
2024-11-05 09:58:05.823 +01:00 [INF] Request starting HTTP/2 GET https://localhost:7285/ - null null
2024-11-05 09:58:05.856 +01:00 [INF] Request finished HTTP/2 GET https://localhost:7285/ - 404 0 null 34.357ms
2024-11-05 09:58:05.865 +01:00 [INF] Request reached the end of the middleware pipeline without being handled by application code. Request path: GET https://localhost:7285/, Response status code: 404
2024-11-05 09:59:18.347 +01:00 [INF] Request starting HTTP/2 GET https://localhost:7285/api/userapi/userlist - null null
2024-11-05 09:59:18.347 +01:00 [INF] Request starting HTTP/2 GET https://localhost:7285/api/userapi/userlist - null null
2024-11-05 09:59:18.356 +01:00 [INF] CORS policy execution successful.
2024-11-05 09:59:18.356 +01:00 [INF] CORS policy execution successful.
2024-11-05 09:59:18.357 +01:00 [INF] Executing endpoint 'systemOut.Controllers.UserAPIController.UserList (api)'
2024-11-05 09:59:18.357 +01:00 [INF] Executing endpoint 'systemOut.Controllers.UserAPIController.UserList (api)'
2024-11-05 09:59:18.371 +01:00 [INF] Route matched with {action = "UserList", controller = "UserAPI"}. Executing controller action with signature System.Threading.Tasks.Task`1[Microsoft.AspNetCore.Mvc.IActionResult] UserList() on controller systemOut.Controllers.UserAPIController (api).
2024-11-05 09:59:18.371 +01:00 [INF] Route matched with {action = "UserList", controller = "UserAPI"}. Executing controller action with signature System.Threading.Tasks.Task`1[Microsoft.AspNetCore.Mvc.IActionResult] UserList() on controller systemOut.Controllers.UserAPIController (api).
2024-11-05 09:59:18.545 +01:00 [INF] Executing OkObjectResult, writing value of type 'System.Linq.Enumerable+SelectListIterator`2[[systemOut.Models.User, api, Version=1.0.0.0, Culture=neutral, PublicKeyToken=null],[systemOut.DTOs.UserDto, api, Version=1.0.0.0, Culture=neutral, PublicKeyToken=null]]'.
2024-11-05 09:59:18.545 +01:00 [INF] Executing OkObjectResult, writing value of type 'System.Linq.Enumerable+SelectListIterator`2[[systemOut.Models.User, api, Version=1.0.0.0, Culture=neutral, PublicKeyToken=null],[systemOut.DTOs.UserDto, api, Version=1.0.0.0, Culture=neutral, PublicKeyToken=null]]'.
2024-11-05 09:59:18.622 +01:00 [INF] Executed action systemOut.Controllers.UserAPIController.UserList (api) in 248ms
2024-11-05 09:59:18.622 +01:00 [INF] Executed action systemOut.Controllers.UserAPIController.UserList (api) in 247.9803ms
2024-11-05 09:59:18.622 +01:00 [INF] Executed endpoint 'systemOut.Controllers.UserAPIController.UserList (api)'
2024-11-05 09:59:18.622 +01:00 [INF] Executed endpoint 'systemOut.Controllers.UserAPIController.UserList (api)'
2024-11-05 09:59:18.628 +01:00 [INF] Request finished HTTP/2 GET https://localhost:7285/api/userapi/userlist - 200 293 application/json; charset=utf-8 280.8912ms
2024-11-05 09:59:18.628 +01:00 [INF] Request finished HTTP/2 GET https://localhost:7285/api/userapi/userlist - 200 293 application/json; charset=utf-8 280.8902ms
2024-11-05 09:59:18.632 +01:00 [INF] Request starting HTTP/2 GET https://localhost:7285/images/bruker2/bruker2.jpg - null null
2024-11-05 09:59:18.632 +01:00 [INF] Request starting HTTP/2 GET https://localhost:7285/images/bruker1/bruker1.jpg - null null
2024-11-05 09:59:18.643 +01:00 [INF] The file /images/bruker2/bruker2.jpg was not modified
2024-11-05 09:59:18.643 +01:00 [INF] The file /images/bruker1/bruker1.jpg was not modified
2024-11-05 09:59:18.644 +01:00 [INF] Request finished HTTP/2 GET https://localhost:7285/images/bruker1/bruker1.jpg - 304 null image/jpeg 11.4996ms
2024-11-05 09:59:18.644 +01:00 [INF] Request finished HTTP/2 GET https://localhost:7285/images/bruker2/bruker2.jpg - 304 null image/jpeg 11.947ms
2024-11-05 09:59:37.533 +01:00 [INF] Request starting HTTP/2 GET https://localhost:7285/api/userapi/userlist - null null
2024-11-05 09:59:37.535 +01:00 [INF] CORS policy execution successful.
2024-11-05 09:59:37.535 +01:00 [INF] Executing endpoint 'systemOut.Controllers.UserAPIController.UserList (api)'
2024-11-05 09:59:37.535 +01:00 [INF] Route matched with {action = "UserList", controller = "UserAPI"}. Executing controller action with signature System.Threading.Tasks.Task`1[Microsoft.AspNetCore.Mvc.IActionResult] UserList() on controller systemOut.Controllers.UserAPIController (api).
2024-11-05 09:59:37.559 +01:00 [INF] Request starting HTTP/2 GET https://localhost:7285/api/userapi/userlist - null null
2024-11-05 09:59:37.559 +01:00 [INF] CORS policy execution successful.
2024-11-05 09:59:37.559 +01:00 [INF] Executing endpoint 'systemOut.Controllers.UserAPIController.UserList (api)'
2024-11-05 09:59:37.559 +01:00 [INF] Route matched with {action = "UserList", controller = "UserAPI"}. Executing controller action with signature System.Threading.Tasks.Task`1[Microsoft.AspNetCore.Mvc.IActionResult] UserList() on controller systemOut.Controllers.UserAPIController (api).
2024-11-05 09:59:37.582 +01:00 [INF] Executing OkObjectResult, writing value of type 'System.Linq.Enumerable+SelectListIterator`2[[systemOut.Models.User, api, Version=1.0.0.0, Culture=neutral, PublicKeyToken=null],[systemOut.DTOs.UserDto, api, Version=1.0.0.0, Culture=neutral, PublicKeyToken=null]]'.
2024-11-05 09:59:37.582 +01:00 [INF] Executing OkObjectResult, writing value of type 'System.Linq.Enumerable+SelectListIterator`2[[systemOut.Models.User, api, Version=1.0.0.0, Culture=neutral, PublicKeyToken=null],[systemOut.DTOs.UserDto, api, Version=1.0.0.0, Culture=neutral, PublicKeyToken=null]]'.
2024-11-05 09:59:37.583 +01:00 [INF] Executed action systemOut.Controllers.UserAPIController.UserList (api) in 47.2244ms
2024-11-05 09:59:37.583 +01:00 [INF] Executed action systemOut.Controllers.UserAPIController.UserList (api) in 23.3039ms
2024-11-05 09:59:37.583 +01:00 [INF] Executed endpoint 'systemOut.Controllers.UserAPIController.UserList (api)'
2024-11-05 09:59:37.583 +01:00 [INF] Executed endpoint 'systemOut.Controllers.UserAPIController.UserList (api)'
2024-11-05 09:59:37.583 +01:00 [INF] Request finished HTTP/2 GET https://localhost:7285/api/userapi/userlist - 200 293 application/json; charset=utf-8 49.5519ms
2024-11-05 09:59:37.583 +01:00 [INF] Request finished HTTP/2 GET https://localhost:7285/api/userapi/userlist - 200 293 application/json; charset=utf-8 24.0221ms
2024-11-05 09:59:41.228 +01:00 [INF] Request starting HTTP/2 GET https://localhost:7285/api/userapi/userlist - null null
2024-11-05 09:59:41.229 +01:00 [INF] CORS policy execution successful.
2024-11-05 09:59:41.229 +01:00 [INF] Executing endpoint 'systemOut.Controllers.UserAPIController.UserList (api)'
2024-11-05 09:59:41.229 +01:00 [INF] Route matched with {action = "UserList", controller = "UserAPI"}. Executing controller action with signature System.Threading.Tasks.Task`1[Microsoft.AspNetCore.Mvc.IActionResult] UserList() on controller systemOut.Controllers.UserAPIController (api).
2024-11-05 09:59:41.232 +01:00 [INF] Executing OkObjectResult, writing value of type 'System.Linq.Enumerable+SelectListIterator`2[[systemOut.Models.User, api, Version=1.0.0.0, Culture=neutral, PublicKeyToken=null],[systemOut.DTOs.UserDto, api, Version=1.0.0.0, Culture=neutral, PublicKeyToken=null]]'.
2024-11-05 09:59:41.232 +01:00 [INF] Executed action systemOut.Controllers.UserAPIController.UserList (api) in 2.9595ms
2024-11-05 09:59:41.232 +01:00 [INF] Executed endpoint 'systemOut.Controllers.UserAPIController.UserList (api)'
2024-11-05 09:59:41.232 +01:00 [INF] Request finished HTTP/2 GET https://localhost:7285/api/userapi/userlist - 200 293 application/json; charset=utf-8 4ms
2024-11-05 09:59:41.237 +01:00 [INF] Request starting HTTP/2 GET https://localhost:7285/api/userapi/userlist - null null
2024-11-05 09:59:41.237 +01:00 [INF] CORS policy execution successful.
2024-11-05 09:59:41.237 +01:00 [INF] Executing endpoint 'systemOut.Controllers.UserAPIController.UserList (api)'
2024-11-05 09:59:41.237 +01:00 [INF] Route matched with {action = "UserList", controller = "UserAPI"}. Executing controller action with signature System.Threading.Tasks.Task`1[Microsoft.AspNetCore.Mvc.IActionResult] UserList() on controller systemOut.Controllers.UserAPIController (api).
2024-11-05 09:59:41.240 +01:00 [INF] Executing OkObjectResult, writing value of type 'System.Linq.Enumerable+SelectListIterator`2[[systemOut.Models.User, api, Version=1.0.0.0, Culture=neutral, PublicKeyToken=null],[systemOut.DTOs.UserDto, api, Version=1.0.0.0, Culture=neutral, PublicKeyToken=null]]'.
2024-11-05 09:59:41.240 +01:00 [INF] Executed action systemOut.Controllers.UserAPIController.UserList (api) in 2.8078ms
2024-11-05 09:59:41.240 +01:00 [INF] Executed endpoint 'systemOut.Controllers.UserAPIController.UserList (api)'
2024-11-05 09:59:41.240 +01:00 [INF] Request finished HTTP/2 GET https://localhost:7285/api/userapi/userlist - 200 293 application/json; charset=utf-8 3.3157ms
2024-11-05 09:59:51.892 +01:00 [INF] Request starting HTTP/2 GET https://localhost:7285/api/userapi/userlist - null null
2024-11-05 09:59:51.892 +01:00 [INF] CORS policy execution successful.
2024-11-05 09:59:51.892 +01:00 [INF] Executing endpoint 'systemOut.Controllers.UserAPIController.UserList (api)'
2024-11-05 09:59:51.892 +01:00 [INF] Route matched with {action = "UserList", controller = "UserAPI"}. Executing controller action with signature System.Threading.Tasks.Task`1[Microsoft.AspNetCore.Mvc.IActionResult] UserList() on controller systemOut.Controllers.UserAPIController (api).
2024-11-05 09:59:51.895 +01:00 [INF] Executing OkObjectResult, writing value of type 'System.Linq.Enumerable+SelectListIterator`2[[systemOut.Models.User, api, Version=1.0.0.0, Culture=neutral, PublicKeyToken=null],[systemOut.DTOs.UserDto, api, Version=1.0.0.0, Culture=neutral, PublicKeyToken=null]]'.
2024-11-05 09:59:51.895 +01:00 [INF] Executed action systemOut.Controllers.UserAPIController.UserList (api) in 2.6881ms
2024-11-05 09:59:51.895 +01:00 [INF] Executed endpoint 'systemOut.Controllers.UserAPIController.UserList (api)'
2024-11-05 09:59:51.895 +01:00 [INF] Request finished HTTP/2 GET https://localhost:7285/api/userapi/userlist - 200 293 application/json; charset=utf-8 3.2763ms
2024-11-05 09:59:51.900 +01:00 [INF] Request starting HTTP/2 GET https://localhost:7285/api/userapi/userlist - null null
2024-11-05 09:59:51.900 +01:00 [INF] CORS policy execution successful.
2024-11-05 09:59:51.900 +01:00 [INF] Executing endpoint 'systemOut.Controllers.UserAPIController.UserList (api)'
2024-11-05 09:59:51.901 +01:00 [INF] Route matched with {action = "UserList", controller = "UserAPI"}. Executing controller action with signature System.Threading.Tasks.Task`1[Microsoft.AspNetCore.Mvc.IActionResult] UserList() on controller systemOut.Controllers.UserAPIController (api).
2024-11-05 09:59:51.903 +01:00 [INF] Executing OkObjectResult, writing value of type 'System.Linq.Enumerable+SelectListIterator`2[[systemOut.Models.User, api, Version=1.0.0.0, Culture=neutral, PublicKeyToken=null],[systemOut.DTOs.UserDto, api, Version=1.0.0.0, Culture=neutral, PublicKeyToken=null]]'.
2024-11-05 09:59:51.904 +01:00 [INF] Executed action systemOut.Controllers.UserAPIController.UserList (api) in 2.9288ms
2024-11-05 09:59:51.904 +01:00 [INF] Executed endpoint 'systemOut.Controllers.UserAPIController.UserList (api)'
2024-11-05 09:59:51.904 +01:00 [INF] Request finished HTTP/2 GET https://localhost:7285/api/userapi/userlist - 200 293 application/json; charset=utf-8 3.4801ms
2024-11-05 10:00:01.105 +01:00 [INF] Request starting HTTP/2 GET https://localhost:7285/api/userapi/userlist - null null
2024-11-05 10:00:01.105 +01:00 [INF] CORS policy execution successful.
2024-11-05 10:00:01.105 +01:00 [INF] Executing endpoint 'systemOut.Controllers.UserAPIController.UserList (api)'
2024-11-05 10:00:01.105 +01:00 [INF] Route matched with {action = "UserList", controller = "UserAPI"}. Executing controller action with signature System.Threading.Tasks.Task`1[Microsoft.AspNetCore.Mvc.IActionResult] UserList() on controller systemOut.Controllers.UserAPIController (api).
2024-11-05 10:00:01.108 +01:00 [INF] Executing OkObjectResult, writing value of type 'System.Linq.Enumerable+SelectListIterator`2[[systemOut.Models.User, api, Version=1.0.0.0, Culture=neutral, PublicKeyToken=null],[systemOut.DTOs.UserDto, api, Version=1.0.0.0, Culture=neutral, PublicKeyToken=null]]'.
2024-11-05 10:00:01.109 +01:00 [INF] Executed action systemOut.Controllers.UserAPIController.UserList (api) in 3.1223ms
2024-11-05 10:00:01.109 +01:00 [INF] Executed endpoint 'systemOut.Controllers.UserAPIController.UserList (api)'
2024-11-05 10:00:01.109 +01:00 [INF] Request finished HTTP/2 GET https://localhost:7285/api/userapi/userlist - 200 293 application/json; charset=utf-8 3.6732ms
2024-11-05 10:00:01.114 +01:00 [INF] Request starting HTTP/2 GET https://localhost:7285/api/userapi/userlist - null null
2024-11-05 10:00:01.114 +01:00 [INF] CORS policy execution successful.
2024-11-05 10:00:01.114 +01:00 [INF] Executing endpoint 'systemOut.Controllers.UserAPIController.UserList (api)'
2024-11-05 10:00:01.114 +01:00 [INF] Route matched with {action = "UserList", controller = "UserAPI"}. Executing controller action with signature System.Threading.Tasks.Task`1[Microsoft.AspNetCore.Mvc.IActionResult] UserList() on controller systemOut.Controllers.UserAPIController (api).
2024-11-05 10:00:01.116 +01:00 [INF] Executing OkObjectResult, writing value of type 'System.Linq.Enumerable+SelectListIterator`2[[systemOut.Models.User, api, Version=1.0.0.0, Culture=neutral, PublicKeyToken=null],[systemOut.DTOs.UserDto, api, Version=1.0.0.0, Culture=neutral, PublicKeyToken=null]]'.
2024-11-05 10:00:01.117 +01:00 [INF] Executed action systemOut.Controllers.UserAPIController.UserList (api) in 2.484ms
2024-11-05 10:00:01.117 +01:00 [INF] Executed endpoint 'systemOut.Controllers.UserAPIController.UserList (api)'
2024-11-05 10:00:01.117 +01:00 [INF] Request finished HTTP/2 GET https://localhost:7285/api/userapi/userlist - 200 293 application/json; charset=utf-8 2.88ms
2024-11-05 10:00:03.685 +01:00 [INF] Request starting HTTP/2 GET https://localhost:7285/api/userapi/3 - null null
2024-11-05 10:00:03.685 +01:00 [INF] CORS policy execution successful.
2024-11-05 10:00:03.685 +01:00 [INF] Executing endpoint 'systemOut.Controllers.UserAPIController.GetUser (api)'
2024-11-05 10:00:03.693 +01:00 [INF] Route matched with {action = "GetUser", controller = "UserAPI"}. Executing controller action with signature System.Threading.Tasks.Task`1[Microsoft.AspNetCore.Mvc.IActionResult] GetUser(Int32) on controller systemOut.Controllers.UserAPIController (api).
2024-11-05 10:00:03.737 +01:00 [INF] Executing OkObjectResult, writing value of type 'Castle.Proxies.UserProxy'.
2024-11-05 10:00:03.806 +01:00 [INF] Executed action systemOut.Controllers.UserAPIController.GetUser (api) in 113.3099ms
2024-11-05 10:00:03.806 +01:00 [INF] Executed endpoint 'systemOut.Controllers.UserAPIController.GetUser (api)'
2024-11-05 10:00:03.806 +01:00 [INF] Request finished HTTP/2 GET https://localhost:7285/api/userapi/3 - 200 110 application/json; charset=utf-8 121.0005ms
2024-11-05 10:00:03.808 +01:00 [INF] Request starting HTTP/2 GET https://localhost:7285/api/userapi/3 - null null
2024-11-05 10:00:03.808 +01:00 [INF] CORS policy execution successful.
2024-11-05 10:00:03.808 +01:00 [INF] Executing endpoint 'systemOut.Controllers.UserAPIController.GetUser (api)'
2024-11-05 10:00:03.808 +01:00 [INF] Route matched with {action = "GetUser", controller = "UserAPI"}. Executing controller action with signature System.Threading.Tasks.Task`1[Microsoft.AspNetCore.Mvc.IActionResult] GetUser(Int32) on controller systemOut.Controllers.UserAPIController (api).
2024-11-05 10:00:03.812 +01:00 [INF] Executing OkObjectResult, writing value of type 'Castle.Proxies.UserProxy'.
2024-11-05 10:00:03.817 +01:00 [INF] Executed action systemOut.Controllers.UserAPIController.GetUser (api) in 8.5708ms
2024-11-05 10:00:03.817 +01:00 [INF] Executed endpoint 'systemOut.Controllers.UserAPIController.GetUser (api)'
2024-11-05 10:00:03.817 +01:00 [INF] Request finished HTTP/2 GET https://localhost:7285/api/userapi/3 - 200 110 application/json; charset=utf-8 9.0475ms
2024-11-05 10:00:35.103 +01:00 [INF] Request starting HTTP/2 OPTIONS https://localhost:7285/api/userapi/update/3 - null null
2024-11-05 10:00:35.104 +01:00 [INF] CORS policy execution successful.
2024-11-05 10:00:35.104 +01:00 [INF] Request finished HTTP/2 OPTIONS https://localhost:7285/api/userapi/update/3 - 204 null null 0.9281ms
2024-11-05 10:00:35.106 +01:00 [INF] Request starting HTTP/2 PUT https://localhost:7285/api/userapi/update/3 - application/json 73
2024-11-05 10:00:35.106 +01:00 [INF] CORS policy execution successful.
2024-11-05 10:00:35.106 +01:00 [INF] Executing endpoint 'systemOut.Controllers.UserAPIController.Update (api)'
2024-11-05 10:00:35.109 +01:00 [INF] Route matched with {action = "Update", controller = "UserAPI"}. Executing controller action with signature System.Threading.Tasks.Task`1[Microsoft.AspNetCore.Mvc.IActionResult] Update(Int32, systemOut.DTOs.UserDto) on controller systemOut.Controllers.UserAPIController (api).
2024-11-05 10:00:35.184 +01:00 [INF] Executing OkObjectResult, writing value of type 'Castle.Proxies.UserProxy'.
2024-11-05 10:00:35.189 +01:00 [INF] Executed action systemOut.Controllers.UserAPIController.Update (api) in 79.8413ms
2024-11-05 10:00:35.189 +01:00 [INF] Executed endpoint 'systemOut.Controllers.UserAPIController.Update (api)'
2024-11-05 10:00:35.189 +01:00 [INF] Request finished HTTP/2 PUT https://localhost:7285/api/userapi/update/3 - 200 110 application/json; charset=utf-8 83.3161ms
2024-11-05 10:00:35.275 +01:00 [INF] Request starting HTTP/2 GET https://localhost:7285/api/userapi/userlist - null null
2024-11-05 10:00:35.276 +01:00 [INF] CORS policy execution successful.
2024-11-05 10:00:35.276 +01:00 [INF] Executing endpoint 'systemOut.Controllers.UserAPIController.UserList (api)'
2024-11-05 10:00:35.276 +01:00 [INF] Route matched with {action = "UserList", controller = "UserAPI"}. Executing controller action with signature System.Threading.Tasks.Task`1[Microsoft.AspNetCore.Mvc.IActionResult] UserList() on controller systemOut.Controllers.UserAPIController (api).
2024-11-05 10:00:35.278 +01:00 [INF] Executing OkObjectResult, writing value of type 'System.Linq.Enumerable+SelectListIterator`2[[systemOut.Models.User, api, Version=1.0.0.0, Culture=neutral, PublicKeyToken=null],[systemOut.DTOs.UserDto, api, Version=1.0.0.0, Culture=neutral, PublicKeyToken=null]]'.
2024-11-05 10:00:35.278 +01:00 [INF] Executed action systemOut.Controllers.UserAPIController.UserList (api) in 2.0784ms
2024-11-05 10:00:35.278 +01:00 [INF] Executed endpoint 'systemOut.Controllers.UserAPIController.UserList (api)'
2024-11-05 10:00:35.278 +01:00 [INF] Request finished HTTP/2 GET https://localhost:7285/api/userapi/userlist - 200 293 application/json; charset=utf-8 2.5133ms
2024-11-05 10:00:35.302 +01:00 [INF] Request starting HTTP/2 GET https://localhost:7285/api/userapi/userlist - null null
2024-11-05 10:00:35.302 +01:00 [INF] CORS policy execution successful.
2024-11-05 10:00:35.302 +01:00 [INF] Executing endpoint 'systemOut.Controllers.UserAPIController.UserList (api)'
2024-11-05 10:00:35.302 +01:00 [INF] Route matched with {action = "UserList", controller = "UserAPI"}. Executing controller action with signature System.Threading.Tasks.Task`1[Microsoft.AspNetCore.Mvc.IActionResult] UserList() on controller systemOut.Controllers.UserAPIController (api).
2024-11-05 10:00:35.304 +01:00 [INF] Executing OkObjectResult, writing value of type 'System.Linq.Enumerable+SelectListIterator`2[[systemOut.Models.User, api, Version=1.0.0.0, Culture=neutral, PublicKeyToken=null],[systemOut.DTOs.UserDto, api, Version=1.0.0.0, Culture=neutral, PublicKeyToken=null]]'.
2024-11-05 10:00:35.305 +01:00 [INF] Executed action systemOut.Controllers.UserAPIController.UserList (api) in 2.4515ms
2024-11-05 10:00:35.305 +01:00 [INF] Executed endpoint 'systemOut.Controllers.UserAPIController.UserList (api)'
2024-11-05 10:00:35.305 +01:00 [INF] Request finished HTTP/2 GET https://localhost:7285/api/userapi/userlist - 200 293 application/json; charset=utf-8 2.8069ms
2024-11-05 10:01:00.505 +01:00 [INF] Request starting HTTP/2 GET https://localhost:7285/api/userapi/userlist - null null
2024-11-05 10:01:00.505 +01:00 [INF] CORS policy execution successful.
2024-11-05 10:01:00.505 +01:00 [INF] Executing endpoint 'systemOut.Controllers.UserAPIController.UserList (api)'
2024-11-05 10:01:00.505 +01:00 [INF] Route matched with {action = "UserList", controller = "UserAPI"}. Executing controller action with signature System.Threading.Tasks.Task`1[Microsoft.AspNetCore.Mvc.IActionResult] UserList() on controller systemOut.Controllers.UserAPIController (api).
2024-11-05 10:01:00.508 +01:00 [INF] Executing OkObjectResult, writing value of type 'System.Linq.Enumerable+SelectListIterator`2[[systemOut.Models.User, api, Version=1.0.0.0, Culture=neutral, PublicKeyToken=null],[systemOut.DTOs.UserDto, api, Version=1.0.0.0, Culture=neutral, PublicKeyToken=null]]'.
2024-11-05 10:01:00.508 +01:00 [INF] Executed action systemOut.Controllers.UserAPIController.UserList (api) in 2.627ms
2024-11-05 10:01:00.508 +01:00 [INF] Executed endpoint 'systemOut.Controllers.UserAPIController.UserList (api)'
2024-11-05 10:01:00.508 +01:00 [INF] Request finished HTTP/2 GET https://localhost:7285/api/userapi/userlist - 200 293 application/json; charset=utf-8 3.4402ms
2024-11-05 10:01:00.510 +01:00 [INF] Request starting HTTP/2 GET https://localhost:7285/api/userapi/userlist - null null
2024-11-05 10:01:00.510 +01:00 [INF] CORS policy execution successful.
2024-11-05 10:01:00.511 +01:00 [INF] Executing endpoint 'systemOut.Controllers.UserAPIController.UserList (api)'
2024-11-05 10:01:00.511 +01:00 [INF] Route matched with {action = "UserList", controller = "UserAPI"}. Executing controller action with signature System.Threading.Tasks.Task`1[Microsoft.AspNetCore.Mvc.IActionResult] UserList() on controller systemOut.Controllers.UserAPIController (api).
2024-11-05 10:01:00.513 +01:00 [INF] Executing OkObjectResult, writing value of type 'System.Linq.Enumerable+SelectListIterator`2[[systemOut.Models.User, api, Version=1.0.0.0, Culture=neutral, PublicKeyToken=null],[systemOut.DTOs.UserDto, api, Version=1.0.0.0, Culture=neutral, PublicKeyToken=null]]'.
2024-11-05 10:01:00.513 +01:00 [INF] Executed action systemOut.Controllers.UserAPIController.UserList (api) in 2.6728ms
2024-11-05 10:01:00.513 +01:00 [INF] Executed endpoint 'systemOut.Controllers.UserAPIController.UserList (api)'
2024-11-05 10:01:00.513 +01:00 [INF] Request finished HTTP/2 GET https://localhost:7285/api/userapi/userlist - 200 293 application/json; charset=utf-8 3.0618ms
2024-11-05 10:01:02.209 +01:00 [INF] Request starting HTTP/2 GET https://localhost:7285/api/userapi/1 - null null
2024-11-05 10:01:02.209 +01:00 [INF] CORS policy execution successful.
2024-11-05 10:01:02.209 +01:00 [INF] Executing endpoint 'systemOut.Controllers.UserAPIController.GetUser (api)'
2024-11-05 10:01:02.209 +01:00 [INF] Route matched with {action = "GetUser", controller = "UserAPI"}. Executing controller action with signature System.Threading.Tasks.Task`1[Microsoft.AspNetCore.Mvc.IActionResult] GetUser(Int32) on controller systemOut.Controllers.UserAPIController (api).
2024-11-05 10:01:02.212 +01:00 [INF] Executing OkObjectResult, writing value of type 'Castle.Proxies.UserProxy'.
2024-11-05 10:01:02.278 +01:00 [INF] Executed action systemOut.Controllers.UserAPIController.GetUser (api) in 68.8177ms
2024-11-05 10:01:02.278 +01:00 [INF] Executed endpoint 'systemOut.Controllers.UserAPIController.GetUser (api)'
2024-11-05 10:01:02.278 +01:00 [INF] Request finished HTTP/2 GET https://localhost:7285/api/userapi/1 - 200 878 application/json; charset=utf-8 69.3654ms
2024-11-05 10:01:02.280 +01:00 [INF] Request starting HTTP/2 GET https://localhost:7285/api/userapi/1 - null null
2024-11-05 10:01:02.280 +01:00 [INF] CORS policy execution successful.
2024-11-05 10:01:02.280 +01:00 [INF] Executing endpoint 'systemOut.Controllers.UserAPIController.GetUser (api)'
2024-11-05 10:01:02.280 +01:00 [INF] Route matched with {action = "GetUser", controller = "UserAPI"}. Executing controller action with signature System.Threading.Tasks.Task`1[Microsoft.AspNetCore.Mvc.IActionResult] GetUser(Int32) on controller systemOut.Controllers.UserAPIController (api).
2024-11-05 10:01:02.282 +01:00 [INF] Executing OkObjectResult, writing value of type 'Castle.Proxies.UserProxy'.
2024-11-05 10:01:02.291 +01:00 [INF] Executed action systemOut.Controllers.UserAPIController.GetUser (api) in 10.4377ms
2024-11-05 10:01:02.291 +01:00 [INF] Executed endpoint 'systemOut.Controllers.UserAPIController.GetUser (api)'
2024-11-05 10:01:02.291 +01:00 [INF] Request finished HTTP/2 GET https://localhost:7285/api/userapi/1 - 200 878 application/json; charset=utf-8 10.8365ms
2024-11-05 10:01:10.098 +01:00 [INF] Request starting HTTP/2 OPTIONS https://localhost:7285/api/userapi/update/1 - null null
2024-11-05 10:01:10.098 +01:00 [INF] CORS policy execution successful.
2024-11-05 10:01:10.098 +01:00 [INF] Request finished HTTP/2 OPTIONS https://localhost:7285/api/userapi/update/1 - 204 null null 0.258ms
2024-11-05 10:01:10.100 +01:00 [INF] Request starting HTTP/2 PUT https://localhost:7285/api/userapi/update/1 - application/json 71
2024-11-05 10:01:10.100 +01:00 [INF] CORS policy execution successful.
2024-11-05 10:01:10.100 +01:00 [INF] Executing endpoint 'systemOut.Controllers.UserAPIController.Update (api)'
2024-11-05 10:01:10.100 +01:00 [INF] Route matched with {action = "Update", controller = "UserAPI"}. Executing controller action with signature System.Threading.Tasks.Task`1[Microsoft.AspNetCore.Mvc.IActionResult] Update(Int32, systemOut.DTOs.UserDto) on controller systemOut.Controllers.UserAPIController (api).
2024-11-05 10:01:10.105 +01:00 [INF] Executing OkObjectResult, writing value of type 'Castle.Proxies.UserProxy'.
2024-11-05 10:01:10.113 +01:00 [INF] Executed action systemOut.Controllers.UserAPIController.Update (api) in 13.2404ms
2024-11-05 10:01:10.113 +01:00 [INF] Executed endpoint 'systemOut.Controllers.UserAPIController.Update (api)'
2024-11-05 10:01:10.113 +01:00 [INF] Request finished HTTP/2 PUT https://localhost:7285/api/userapi/update/1 - 200 878 application/json; charset=utf-8 13.6721ms
2024-11-05 10:01:10.123 +01:00 [INF] Request starting HTTP/2 GET https://localhost:7285/api/userapi/userlist - null null
2024-11-05 10:01:10.123 +01:00 [INF] CORS policy execution successful.
2024-11-05 10:01:10.123 +01:00 [INF] Executing endpoint 'systemOut.Controllers.UserAPIController.UserList (api)'
2024-11-05 10:01:10.123 +01:00 [INF] Route matched with {action = "UserList", controller = "UserAPI"}. Executing controller action with signature System.Threading.Tasks.Task`1[Microsoft.AspNetCore.Mvc.IActionResult] UserList() on controller systemOut.Controllers.UserAPIController (api).
2024-11-05 10:01:10.125 +01:00 [INF] Executing OkObjectResult, writing value of type 'System.Linq.Enumerable+SelectListIterator`2[[systemOut.Models.User, api, Version=1.0.0.0, Culture=neutral, PublicKeyToken=null],[systemOut.DTOs.UserDto, api, Version=1.0.0.0, Culture=neutral, PublicKeyToken=null]]'.
2024-11-05 10:01:10.125 +01:00 [INF] Executed action systemOut.Controllers.UserAPIController.UserList (api) in 1.8775ms
2024-11-05 10:01:10.125 +01:00 [INF] Executed endpoint 'systemOut.Controllers.UserAPIController.UserList (api)'
2024-11-05 10:01:10.125 +01:00 [INF] Request finished HTTP/2 GET https://localhost:7285/api/userapi/userlist - 200 293 application/json; charset=utf-8 2.3322ms
2024-11-05 10:01:10.127 +01:00 [INF] Request starting HTTP/2 GET https://localhost:7285/api/userapi/userlist - null null
2024-11-05 10:01:10.127 +01:00 [INF] CORS policy execution successful.
2024-11-05 10:01:10.127 +01:00 [INF] Executing endpoint 'systemOut.Controllers.UserAPIController.UserList (api)'
2024-11-05 10:01:10.127 +01:00 [INF] Route matched with {action = "UserList", controller = "UserAPI"}. Executing controller action with signature System.Threading.Tasks.Task`1[Microsoft.AspNetCore.Mvc.IActionResult] UserList() on controller systemOut.Controllers.UserAPIController (api).
2024-11-05 10:01:10.129 +01:00 [INF] Executing OkObjectResult, writing value of type 'System.Linq.Enumerable+SelectListIterator`2[[systemOut.Models.User, api, Version=1.0.0.0, Culture=neutral, PublicKeyToken=null],[systemOut.DTOs.UserDto, api, Version=1.0.0.0, Culture=neutral, PublicKeyToken=null]]'.
2024-11-05 10:01:10.129 +01:00 [INF] Executed action systemOut.Controllers.UserAPIController.UserList (api) in 1.9672ms
2024-11-05 10:01:10.129 +01:00 [INF] Executed endpoint 'systemOut.Controllers.UserAPIController.UserList (api)'
2024-11-05 10:01:10.129 +01:00 [INF] Request finished HTTP/2 GET https://localhost:7285/api/userapi/userlist - 200 293 application/json; charset=utf-8 2.3938ms
2024-11-05 10:01:38.190 +01:00 [INF] Request starting HTTP/2 GET https://localhost:7285/swagger/index.html - null null
2024-11-05 10:01:38.237 +01:00 [INF] Request finished HTTP/2 GET https://localhost:7285/swagger/index.html - 200 null text/html;charset=utf-8 47.3926ms
2024-11-05 10:01:38.357 +01:00 [INF] Request starting HTTP/2 GET https://localhost:7285/swagger/favicon-16x16.png - null null
2024-11-05 10:01:38.362 +01:00 [INF] Sending file. Request path: '/favicon-16x16.png'. Physical path: 'N/A'
2024-11-05 10:01:38.362 +01:00 [INF] Request finished HTTP/2 GET https://localhost:7285/swagger/favicon-16x16.png - 499 665 image/png 4.7007ms
2024-11-05 10:01:38.381 +01:00 [INF] Request starting HTTP/2 GET https://localhost:7285/swagger/v1/swagger.json - null null
2024-11-05 10:01:38.449 +01:00 [INF] Request finished HTTP/2 GET https://localhost:7285/swagger/v1/swagger.json - 200 null application/json;charset=utf-8 67.7228ms
2024-11-05 10:06:05.996 +01:00 [INF] Request starting HTTP/2 GET https://localhost:7285/api/userapi/userlist - null null
2024-11-05 10:06:05.998 +01:00 [INF] CORS policy execution successful.
2024-11-05 10:06:05.999 +01:00 [INF] Executing endpoint 'systemOut.Controllers.UserAPIController.UserList (api)'
2024-11-05 10:06:05.999 +01:00 [INF] Route matched with {action = "UserList", controller = "UserAPI"}. Executing controller action with signature System.Threading.Tasks.Task`1[Microsoft.AspNetCore.Mvc.IActionResult] UserList() on controller systemOut.Controllers.UserAPIController (api).
2024-11-05 10:06:06.001 +01:00 [INF] Executing OkObjectResult, writing value of type 'System.Linq.Enumerable+SelectListIterator`2[[systemOut.Models.User, api, Version=1.0.0.0, Culture=neutral, PublicKeyToken=null],[systemOut.DTOs.UserDto, api, Version=1.0.0.0, Culture=neutral, PublicKeyToken=null]]'.
2024-11-05 10:06:06.001 +01:00 [INF] Executed action systemOut.Controllers.UserAPIController.UserList (api) in 2.1501ms
2024-11-05 10:06:06.001 +01:00 [INF] Executed endpoint 'systemOut.Controllers.UserAPIController.UserList (api)'
2024-11-05 10:06:06.001 +01:00 [INF] Request finished HTTP/2 GET https://localhost:7285/api/userapi/userlist - 200 293 application/json; charset=utf-8 5.2048ms
2024-11-05 10:09:21.235 +01:00 [INF] Request starting HTTP/2 GET https://localhost:7285/api/userapi/userlist - null null
2024-11-05 10:09:21.236 +01:00 [INF] CORS policy execution successful.
2024-11-05 10:09:21.236 +01:00 [INF] Executing endpoint 'systemOut.Controllers.UserAPIController.UserList (api)'
2024-11-05 10:09:21.237 +01:00 [INF] Route matched with {action = "UserList", controller = "UserAPI"}. Executing controller action with signature System.Threading.Tasks.Task`1[Microsoft.AspNetCore.Mvc.IActionResult] UserList() on controller systemOut.Controllers.UserAPIController (api).
2024-11-05 10:09:21.240 +01:00 [INF] Executing OkObjectResult, writing value of type 'System.Linq.Enumerable+SelectListIterator`2[[systemOut.Models.User, api, Version=1.0.0.0, Culture=neutral, PublicKeyToken=null],[systemOut.DTOs.UserDto, api, Version=1.0.0.0, Culture=neutral, PublicKeyToken=null]]'.
2024-11-05 10:09:21.240 +01:00 [INF] Executed action systemOut.Controllers.UserAPIController.UserList (api) in 2.9934ms
2024-11-05 10:09:21.240 +01:00 [INF] Executed endpoint 'systemOut.Controllers.UserAPIController.UserList (api)'
2024-11-05 10:09:21.240 +01:00 [INF] Request finished HTTP/2 GET https://localhost:7285/api/userapi/userlist - 200 293 application/json; charset=utf-8 5.8681ms
2024-11-05 10:09:21.243 +01:00 [INF] Request starting HTTP/2 GET https://localhost:7285/api/userapi/userlist - null null
2024-11-05 10:09:21.243 +01:00 [INF] CORS policy execution successful.
2024-11-05 10:09:21.243 +01:00 [INF] Executing endpoint 'systemOut.Controllers.UserAPIController.UserList (api)'
2024-11-05 10:09:21.243 +01:00 [INF] Route matched with {action = "UserList", controller = "UserAPI"}. Executing controller action with signature System.Threading.Tasks.Task`1[Microsoft.AspNetCore.Mvc.IActionResult] UserList() on controller systemOut.Controllers.UserAPIController (api).
2024-11-05 10:09:21.245 +01:00 [INF] Executing OkObjectResult, writing value of type 'System.Linq.Enumerable+SelectListIterator`2[[systemOut.Models.User, api, Version=1.0.0.0, Culture=neutral, PublicKeyToken=null],[systemOut.DTOs.UserDto, api, Version=1.0.0.0, Culture=neutral, PublicKeyToken=null]]'.
2024-11-05 10:09:21.245 +01:00 [INF] Executed action systemOut.Controllers.UserAPIController.UserList (api) in 1.9843ms
2024-11-05 10:09:21.245 +01:00 [INF] Executed endpoint 'systemOut.Controllers.UserAPIController.UserList (api)'
2024-11-05 10:09:21.245 +01:00 [INF] Request finished HTTP/2 GET https://localhost:7285/api/userapi/userlist - 200 293 application/json; charset=utf-8 2.2941ms
2024-11-05 10:10:07.601 +01:00 [INF] Request starting HTTP/2 GET https://localhost:7285/api/userapi/3 - null null
2024-11-05 10:10:07.602 +01:00 [INF] CORS policy execution successful.
2024-11-05 10:10:07.602 +01:00 [INF] Executing endpoint 'systemOut.Controllers.UserAPIController.GetUser (api)'
2024-11-05 10:10:07.603 +01:00 [INF] Route matched with {action = "GetUser", controller = "UserAPI"}. Executing controller action with signature System.Threading.Tasks.Task`1[Microsoft.AspNetCore.Mvc.IActionResult] GetUser(Int32) on controller systemOut.Controllers.UserAPIController (api).
2024-11-05 10:10:07.606 +01:00 [INF] Executing OkObjectResult, writing value of type 'Castle.Proxies.UserProxy'.
2024-11-05 10:10:07.611 +01:00 [INF] Executed action systemOut.Controllers.UserAPIController.GetUser (api) in 7.8041ms
2024-11-05 10:10:07.611 +01:00 [INF] Executed endpoint 'systemOut.Controllers.UserAPIController.GetUser (api)'
2024-11-05 10:10:07.611 +01:00 [INF] Request finished HTTP/2 GET https://localhost:7285/api/userapi/3 - 200 110 application/json; charset=utf-8 10.4677ms
2024-11-05 10:10:07.615 +01:00 [INF] Request starting HTTP/2 GET https://localhost:7285/api/userapi/3 - null null
2024-11-05 10:10:07.615 +01:00 [INF] CORS policy execution successful.
2024-11-05 10:10:07.615 +01:00 [INF] Executing endpoint 'systemOut.Controllers.UserAPIController.GetUser (api)'
2024-11-05 10:10:07.615 +01:00 [INF] Route matched with {action = "GetUser", controller = "UserAPI"}. Executing controller action with signature System.Threading.Tasks.Task`1[Microsoft.AspNetCore.Mvc.IActionResult] GetUser(Int32) on controller systemOut.Controllers.UserAPIController (api).
2024-11-05 10:10:07.618 +01:00 [INF] Executing OkObjectResult, writing value of type 'Castle.Proxies.UserProxy'.
2024-11-05 10:10:07.622 +01:00 [INF] Executed action systemOut.Controllers.UserAPIController.GetUser (api) in 6.5274ms
2024-11-05 10:10:07.622 +01:00 [INF] Executed endpoint 'systemOut.Controllers.UserAPIController.GetUser (api)'
2024-11-05 10:10:07.622 +01:00 [INF] Request finished HTTP/2 GET https://localhost:7285/api/userapi/3 - 200 110 application/json; charset=utf-8 8.1186ms
2024-11-05 10:10:13.026 +01:00 [INF] Request starting HTTP/2 OPTIONS https://localhost:7285/api/userapi/update/3 - null null
2024-11-05 10:10:13.026 +01:00 [INF] CORS policy execution successful.
2024-11-05 10:10:13.026 +01:00 [INF] Request finished HTTP/2 OPTIONS https://localhost:7285/api/userapi/update/3 - 204 null null 0.3778ms
2024-11-05 10:10:13.027 +01:00 [INF] Request starting HTTP/2 PUT https://localhost:7285/api/userapi/update/3 - application/json 73
2024-11-05 10:10:13.028 +01:00 [INF] CORS policy execution successful.
2024-11-05 10:10:13.028 +01:00 [INF] Executing endpoint 'systemOut.Controllers.UserAPIController.Update (api)'
2024-11-05 10:10:13.028 +01:00 [INF] Route matched with {action = "Update", controller = "UserAPI"}. Executing controller action with signature System.Threading.Tasks.Task`1[Microsoft.AspNetCore.Mvc.IActionResult] Update(Int32, systemOut.DTOs.UserDto) on controller systemOut.Controllers.UserAPIController (api).
2024-11-05 10:10:13.032 +01:00 [INF] Executing OkObjectResult, writing value of type 'Castle.Proxies.UserProxy'.
2024-11-05 10:10:13.036 +01:00 [INF] Executed action systemOut.Controllers.UserAPIController.Update (api) in 8.6095ms
2024-11-05 10:10:13.036 +01:00 [INF] Executed endpoint 'systemOut.Controllers.UserAPIController.Update (api)'
2024-11-05 10:10:13.036 +01:00 [INF] Request finished HTTP/2 PUT https://localhost:7285/api/userapi/update/3 - 200 110 application/json; charset=utf-8 9.1542ms
2024-11-05 10:10:13.046 +01:00 [INF] Request starting HTTP/2 GET https://localhost:7285/api/userapi/userlist - null null
2024-11-05 10:10:13.046 +01:00 [INF] CORS policy execution successful.
2024-11-05 10:10:13.046 +01:00 [INF] Executing endpoint 'systemOut.Controllers.UserAPIController.UserList (api)'
2024-11-05 10:10:13.046 +01:00 [INF] Route matched with {action = "UserList", controller = "UserAPI"}. Executing controller action with signature System.Threading.Tasks.Task`1[Microsoft.AspNetCore.Mvc.IActionResult] UserList() on controller systemOut.Controllers.UserAPIController (api).
2024-11-05 10:10:13.048 +01:00 [INF] Executing OkObjectResult, writing value of type 'System.Linq.Enumerable+SelectListIterator`2[[systemOut.Models.User, api, Version=1.0.0.0, Culture=neutral, PublicKeyToken=null],[systemOut.DTOs.UserDto, api, Version=1.0.0.0, Culture=neutral, PublicKeyToken=null]]'.
2024-11-05 10:10:13.048 +01:00 [INF] Executed action systemOut.Controllers.UserAPIController.UserList (api) in 2.178ms
2024-11-05 10:10:13.048 +01:00 [INF] Executed endpoint 'systemOut.Controllers.UserAPIController.UserList (api)'
2024-11-05 10:10:13.048 +01:00 [INF] Request finished HTTP/2 GET https://localhost:7285/api/userapi/userlist - 200 293 application/json; charset=utf-8 2.9071ms
2024-11-05 10:10:13.051 +01:00 [INF] Request starting HTTP/2 GET https://localhost:7285/api/userapi/userlist - null null
2024-11-05 10:10:13.051 +01:00 [INF] CORS policy execution successful.
2024-11-05 10:10:13.052 +01:00 [INF] Executing endpoint 'systemOut.Controllers.UserAPIController.UserList (api)'
2024-11-05 10:10:13.052 +01:00 [INF] Route matched with {action = "UserList", controller = "UserAPI"}. Executing controller action with signature System.Threading.Tasks.Task`1[Microsoft.AspNetCore.Mvc.IActionResult] UserList() on controller systemOut.Controllers.UserAPIController (api).
2024-11-05 10:10:13.053 +01:00 [INF] Executing OkObjectResult, writing value of type 'System.Linq.Enumerable+SelectListIterator`2[[systemOut.Models.User, api, Version=1.0.0.0, Culture=neutral, PublicKeyToken=null],[systemOut.DTOs.UserDto, api, Version=1.0.0.0, Culture=neutral, PublicKeyToken=null]]'.
2024-11-05 10:10:13.053 +01:00 [INF] Executed action systemOut.Controllers.UserAPIController.UserList (api) in 1.8774ms
2024-11-05 10:10:13.054 +01:00 [INF] Executed endpoint 'systemOut.Controllers.UserAPIController.UserList (api)'
2024-11-05 10:10:13.054 +01:00 [INF] Request finished HTTP/2 GET https://localhost:7285/api/userapi/userlist - 200 293 application/json; charset=utf-8 2.3624ms
2024-11-05 10:10:20.318 +01:00 [INF] Request starting HTTP/2 GET https://localhost:7285/api/userapi/3 - null null
2024-11-05 10:10:20.319 +01:00 [INF] CORS policy execution successful.
2024-11-05 10:10:20.319 +01:00 [INF] Executing endpoint 'systemOut.Controllers.UserAPIController.GetUser (api)'
2024-11-05 10:10:20.319 +01:00 [INF] Route matched with {action = "GetUser", controller = "UserAPI"}. Executing controller action with signature System.Threading.Tasks.Task`1[Microsoft.AspNetCore.Mvc.IActionResult] GetUser(Int32) on controller systemOut.Controllers.UserAPIController (api).
2024-11-05 10:10:20.321 +01:00 [INF] Executing OkObjectResult, writing value of type 'Castle.Proxies.UserProxy'.
2024-11-05 10:10:20.327 +01:00 [INF] Executed action systemOut.Controllers.UserAPIController.GetUser (api) in 7.8266ms
2024-11-05 10:10:20.327 +01:00 [INF] Executed endpoint 'systemOut.Controllers.UserAPIController.GetUser (api)'
2024-11-05 10:10:20.327 +01:00 [INF] Request finished HTTP/2 GET https://localhost:7285/api/userapi/3 - 200 110 application/json; charset=utf-8 8.504ms
2024-11-05 10:10:20.329 +01:00 [INF] Request starting HTTP/2 GET https://localhost:7285/api/userapi/3 - null null
2024-11-05 10:10:20.329 +01:00 [INF] CORS policy execution successful.
2024-11-05 10:10:20.329 +01:00 [INF] Executing endpoint 'systemOut.Controllers.UserAPIController.GetUser (api)'
2024-11-05 10:10:20.329 +01:00 [INF] Route matched with {action = "GetUser", controller = "UserAPI"}. Executing controller action with signature System.Threading.Tasks.Task`1[Microsoft.AspNetCore.Mvc.IActionResult] GetUser(Int32) on controller systemOut.Controllers.UserAPIController (api).
2024-11-05 10:10:20.332 +01:00 [INF] Executing OkObjectResult, writing value of type 'Castle.Proxies.UserProxy'.
2024-11-05 10:10:20.337 +01:00 [INF] Executed action systemOut.Controllers.UserAPIController.GetUser (api) in 7.7587ms
2024-11-05 10:10:20.337 +01:00 [INF] Executed endpoint 'systemOut.Controllers.UserAPIController.GetUser (api)'
2024-11-05 10:10:20.337 +01:00 [INF] Request finished HTTP/2 GET https://localhost:7285/api/userapi/3 - 200 110 application/json; charset=utf-8 8.3976ms
2024-11-05 10:10:23.963 +01:00 [INF] Request starting HTTP/2 OPTIONS https://localhost:7285/api/userapi/update/3 - null null
2024-11-05 10:10:23.963 +01:00 [INF] CORS policy execution successful.
2024-11-05 10:10:23.963 +01:00 [INF] Request finished HTTP/2 OPTIONS https://localhost:7285/api/userapi/update/3 - 204 null null 0.2587ms
2024-11-05 10:10:23.964 +01:00 [INF] Request starting HTTP/2 PUT https://localhost:7285/api/userapi/update/3 - application/json 73
2024-11-05 10:10:23.965 +01:00 [INF] CORS policy execution successful.
2024-11-05 10:10:23.965 +01:00 [INF] Executing endpoint 'systemOut.Controllers.UserAPIController.Update (api)'
2024-11-05 10:10:23.965 +01:00 [INF] Route matched with {action = "Update", controller = "UserAPI"}. Executing controller action with signature System.Threading.Tasks.Task`1[Microsoft.AspNetCore.Mvc.IActionResult] Update(Int32, systemOut.DTOs.UserDto) on controller systemOut.Controllers.UserAPIController (api).
2024-11-05 10:10:23.969 +01:00 [INF] Executing OkObjectResult, writing value of type 'Castle.Proxies.UserProxy'.
2024-11-05 10:10:23.973 +01:00 [INF] Executed action systemOut.Controllers.UserAPIController.Update (api) in 8.416ms
2024-11-05 10:10:23.973 +01:00 [INF] Executed endpoint 'systemOut.Controllers.UserAPIController.Update (api)'
2024-11-05 10:10:23.973 +01:00 [INF] Request finished HTTP/2 PUT https://localhost:7285/api/userapi/update/3 - 200 110 application/json; charset=utf-8 9.0588ms
2024-11-05 10:10:23.984 +01:00 [INF] Request starting HTTP/2 GET https://localhost:7285/api/userapi/userlist - null null
2024-11-05 10:10:23.985 +01:00 [INF] CORS policy execution successful.
2024-11-05 10:10:23.985 +01:00 [INF] Executing endpoint 'systemOut.Controllers.UserAPIController.UserList (api)'
2024-11-05 10:10:23.985 +01:00 [INF] Route matched with {action = "UserList", controller = "UserAPI"}. Executing controller action with signature System.Threading.Tasks.Task`1[Microsoft.AspNetCore.Mvc.IActionResult] UserList() on controller systemOut.Controllers.UserAPIController (api).
2024-11-05 10:10:23.987 +01:00 [INF] Executing OkObjectResult, writing value of type 'System.Linq.Enumerable+SelectListIterator`2[[systemOut.Models.User, api, Version=1.0.0.0, Culture=neutral, PublicKeyToken=null],[systemOut.DTOs.UserDto, api, Version=1.0.0.0, Culture=neutral, PublicKeyToken=null]]'.
2024-11-05 10:10:23.987 +01:00 [INF] Executed action systemOut.Controllers.UserAPIController.UserList (api) in 2.0036ms
2024-11-05 10:10:23.987 +01:00 [INF] Executed endpoint 'systemOut.Controllers.UserAPIController.UserList (api)'
2024-11-05 10:10:23.987 +01:00 [INF] Request finished HTTP/2 GET https://localhost:7285/api/userapi/userlist - 200 293 application/json; charset=utf-8 2.345ms
2024-11-05 10:10:23.990 +01:00 [INF] Request starting HTTP/2 GET https://localhost:7285/api/userapi/userlist - null null
2024-11-05 10:10:23.990 +01:00 [INF] CORS policy execution successful.
2024-11-05 10:10:23.990 +01:00 [INF] Executing endpoint 'systemOut.Controllers.UserAPIController.UserList (api)'
2024-11-05 10:10:23.990 +01:00 [INF] Route matched with {action = "UserList", controller = "UserAPI"}. Executing controller action with signature System.Threading.Tasks.Task`1[Microsoft.AspNetCore.Mvc.IActionResult] UserList() on controller systemOut.Controllers.UserAPIController (api).
2024-11-05 10:10:23.992 +01:00 [INF] Executing OkObjectResult, writing value of type 'System.Linq.Enumerable+SelectListIterator`2[[systemOut.Models.User, api, Version=1.0.0.0, Culture=neutral, PublicKeyToken=null],[systemOut.DTOs.UserDto, api, Version=1.0.0.0, Culture=neutral, PublicKeyToken=null]]'.
2024-11-05 10:10:23.992 +01:00 [INF] Executed action systemOut.Controllers.UserAPIController.UserList (api) in 1.753ms
2024-11-05 10:10:23.992 +01:00 [INF] Executed endpoint 'systemOut.Controllers.UserAPIController.UserList (api)'
2024-11-05 10:10:23.992 +01:00 [INF] Request finished HTTP/2 GET https://localhost:7285/api/userapi/userlist - 200 293 application/json; charset=utf-8 2.0753ms
