2024-10-31 18:42:58.717 +01:00 [WRN] The ASP.NET Core developer certificate is not trusted. For information about trusting the ASP.NET Core developer certificate, see https://aka.ms/aspnet/https-trust-dev-cert.
2024-10-31 18:42:58.752 +01:00 [INF] Now listening on: https://localhost:7285
2024-10-31 18:42:58.753 +01:00 [INF] Now listening on: http://localhost:5269
2024-10-31 18:42:58.757 +01:00 [INF] Application started. Press Ctrl+C to shut down.
2024-10-31 18:42:58.759 +01:00 [INF] Hosting environment: Development
2024-10-31 18:42:58.760 +01:00 [INF] Content root path: C:\Users\Per\Desktop\ReactBranch\ITPE3200-React\api
2024-10-31 18:42:58.976 +01:00 [INF] Request starting HTTP/2 GET https://localhost:7285/ - null null
2024-10-31 18:42:58.976 +01:00 [INF] Request starting HTTP/2 GET https://localhost:7285/api/userapi/userlist - null null
2024-10-31 18:42:59.006 +01:00 [INF] CORS policy execution successful.
2024-10-31 18:42:59.007 +01:00 [INF] Request finished HTTP/2 GET https://localhost:7285/ - 404 0 null 31.6151ms
2024-10-31 18:42:59.011 +01:00 [INF] Executing endpoint 'systemOut.Controllers.UserAPIController.UserList (api)'
2024-10-31 18:42:59.011 +01:00 [INF] Request reached the end of the middleware pipeline without being handled by application code. Request path: GET https://localhost:7285/, Response status code: 404
2024-10-31 18:42:59.024 +01:00 [INF] Route matched with {action = "UserList", controller = "UserAPI"}. Executing controller action with signature System.Threading.Tasks.Task`1[Microsoft.AspNetCore.Mvc.IActionResult] UserList() on controller systemOut.Controllers.UserAPIController (api).
2024-10-31 18:42:59.184 +01:00 [INF] Executing OkObjectResult, writing value of type 'System.Linq.Enumerable+SelectListIterator`2[[systemOut.Models.User, api, Version=1.0.0.0, Culture=neutral, PublicKeyToken=null],[systemOut.DTOs.UserDto, api, Version=1.0.0.0, Culture=neutral, PublicKeyToken=null]]'.
2024-10-31 18:42:59.248 +01:00 [INF] Executed action systemOut.Controllers.UserAPIController.UserList (api) in 222.459ms
2024-10-31 18:42:59.249 +01:00 [INF] Executed endpoint 'systemOut.Controllers.UserAPIController.UserList (api)'
2024-10-31 18:42:59.255 +01:00 [INF] Request finished HTTP/2 GET https://localhost:7285/api/userapi/userlist - 200 145 application/json; charset=utf-8 280.7043ms
2024-10-31 18:43:01.283 +01:00 [INF] Request starting HTTP/2 GET https://localhost:7285/api/userapi/userlist - null null
2024-10-31 18:43:01.285 +01:00 [INF] CORS policy execution successful.
2024-10-31 18:43:01.285 +01:00 [INF] Executing endpoint 'systemOut.Controllers.UserAPIController.UserList (api)'
2024-10-31 18:43:01.285 +01:00 [INF] Route matched with {action = "UserList", controller = "UserAPI"}. Executing controller action with signature System.Threading.Tasks.Task`1[Microsoft.AspNetCore.Mvc.IActionResult] UserList() on controller systemOut.Controllers.UserAPIController (api).
2024-10-31 18:43:01.328 +01:00 [INF] Executing OkObjectResult, writing value of type 'System.Linq.Enumerable+SelectListIterator`2[[systemOut.Models.User, api, Version=1.0.0.0, Culture=neutral, PublicKeyToken=null],[systemOut.DTOs.UserDto, api, Version=1.0.0.0, Culture=neutral, PublicKeyToken=null]]'.
2024-10-31 18:43:01.328 +01:00 [INF] Executed action systemOut.Controllers.UserAPIController.UserList (api) in 42.8585ms
2024-10-31 18:43:01.328 +01:00 [INF] Executed endpoint 'systemOut.Controllers.UserAPIController.UserList (api)'
2024-10-31 18:43:01.329 +01:00 [INF] Request finished HTTP/2 GET https://localhost:7285/api/userapi/userlist - 200 145 application/json; charset=utf-8 45.4502ms
