2024-11-02 17:15:11.451 +01:00 [WRN] The ASP.NET Core developer certificate is not trusted. For information about trusting the ASP.NET Core developer certificate, see https://aka.ms/aspnet/https-trust-dev-cert.
2024-11-02 17:15:11.493 +01:00 [INF] Now listening on: https://localhost:7285
2024-11-02 17:15:11.495 +01:00 [INF] Now listening on: http://localhost:5269
2024-11-02 17:15:11.499 +01:00 [INF] Application started. Press Ctrl+C to shut down.
2024-11-02 17:15:11.501 +01:00 [INF] Hosting environment: Development
2024-11-02 17:15:11.502 +01:00 [INF] Content root path: C:\Users\Per\Desktop\ReactBranch\ITPE3200-React\api
2024-11-02 17:15:11.838 +01:00 [INF] Request starting HTTP/2 GET https://localhost:7285/ - null null
2024-11-02 17:15:11.874 +01:00 [INF] Request finished HTTP/2 GET https://localhost:7285/ - 404 0 null 37.2323ms
2024-11-02 17:15:11.881 +01:00 [INF] Request reached the end of the middleware pipeline without being handled by application code. Request path: GET https://localhost:7285/, Response status code: 404
2024-11-02 17:15:32.569 +01:00 [INF] Request starting HTTP/2 GET https://localhost:7285/api/userapi/userlist - null null
2024-11-02 17:15:32.570 +01:00 [INF] Request starting HTTP/2 GET https://localhost:7285/api/userapi/userlist - null null
2024-11-02 17:15:32.580 +01:00 [INF] CORS policy execution successful.
2024-11-02 17:15:32.580 +01:00 [INF] CORS policy execution successful.
2024-11-02 17:15:32.581 +01:00 [INF] Executing endpoint 'systemOut.Controllers.UserAPIController.UserList (api)'
2024-11-02 17:15:32.581 +01:00 [INF] Executing endpoint 'systemOut.Controllers.UserAPIController.UserList (api)'
2024-11-02 17:15:32.596 +01:00 [INF] Route matched with {action = "UserList", controller = "UserAPI"}. Executing controller action with signature System.Threading.Tasks.Task`1[Microsoft.AspNetCore.Mvc.IActionResult] UserList() on controller systemOut.Controllers.UserAPIController (api).
2024-11-02 17:15:32.596 +01:00 [INF] Route matched with {action = "UserList", controller = "UserAPI"}. Executing controller action with signature System.Threading.Tasks.Task`1[Microsoft.AspNetCore.Mvc.IActionResult] UserList() on controller systemOut.Controllers.UserAPIController (api).
2024-11-02 17:15:32.780 +01:00 [INF] Executing OkObjectResult, writing value of type 'System.Linq.Enumerable+SelectListIterator`2[[systemOut.Models.User, api, Version=1.0.0.0, Culture=neutral, PublicKeyToken=null],[systemOut.DTOs.UserDto, api, Version=1.0.0.0, Culture=neutral, PublicKeyToken=null]]'.
2024-11-02 17:15:32.780 +01:00 [INF] Executing OkObjectResult, writing value of type 'System.Linq.Enumerable+SelectListIterator`2[[systemOut.Models.User, api, Version=1.0.0.0, Culture=neutral, PublicKeyToken=null],[systemOut.DTOs.UserDto, api, Version=1.0.0.0, Culture=neutral, PublicKeyToken=null]]'.
2024-11-02 17:15:32.863 +01:00 [INF] Executed action systemOut.Controllers.UserAPIController.UserList (api) in 263.9511ms
2024-11-02 17:15:32.863 +01:00 [INF] Executed action systemOut.Controllers.UserAPIController.UserList (api) in 263.9822ms
2024-11-02 17:15:32.863 +01:00 [INF] Executed endpoint 'systemOut.Controllers.UserAPIController.UserList (api)'
2024-11-02 17:15:32.863 +01:00 [INF] Executed endpoint 'systemOut.Controllers.UserAPIController.UserList (api)'
2024-11-02 17:15:32.869 +01:00 [INF] Request finished HTTP/2 GET https://localhost:7285/api/userapi/userlist - 200 145 application/json; charset=utf-8 300.6233ms
2024-11-02 17:15:32.869 +01:00 [INF] Request finished HTTP/2 GET https://localhost:7285/api/userapi/userlist - 200 145 application/json; charset=utf-8 300.5598ms
2024-11-02 17:15:46.856 +01:00 [INF] Request starting HTTP/2 GET https://localhost:7285/api/userapi/userlist - null null
2024-11-02 17:15:46.856 +01:00 [INF] Request starting HTTP/2 GET https://localhost:7285/api/userapi/userlist - null null
2024-11-02 17:15:46.858 +01:00 [INF] CORS policy execution successful.
2024-11-02 17:15:46.858 +01:00 [INF] CORS policy execution successful.
2024-11-02 17:15:46.858 +01:00 [INF] Executing endpoint 'systemOut.Controllers.UserAPIController.UserList (api)'
2024-11-02 17:15:46.858 +01:00 [INF] Executing endpoint 'systemOut.Controllers.UserAPIController.UserList (api)'
2024-11-02 17:15:46.859 +01:00 [INF] Route matched with {action = "UserList", controller = "UserAPI"}. Executing controller action with signature System.Threading.Tasks.Task`1[Microsoft.AspNetCore.Mvc.IActionResult] UserList() on controller systemOut.Controllers.UserAPIController (api).
2024-11-02 17:15:46.859 +01:00 [INF] Route matched with {action = "UserList", controller = "UserAPI"}. Executing controller action with signature System.Threading.Tasks.Task`1[Microsoft.AspNetCore.Mvc.IActionResult] UserList() on controller systemOut.Controllers.UserAPIController (api).
2024-11-02 17:15:46.905 +01:00 [INF] Executing OkObjectResult, writing value of type 'System.Linq.Enumerable+SelectListIterator`2[[systemOut.Models.User, api, Version=1.0.0.0, Culture=neutral, PublicKeyToken=null],[systemOut.DTOs.UserDto, api, Version=1.0.0.0, Culture=neutral, PublicKeyToken=null]]'.
2024-11-02 17:15:46.905 +01:00 [INF] Executing OkObjectResult, writing value of type 'System.Linq.Enumerable+SelectListIterator`2[[systemOut.Models.User, api, Version=1.0.0.0, Culture=neutral, PublicKeyToken=null],[systemOut.DTOs.UserDto, api, Version=1.0.0.0, Culture=neutral, PublicKeyToken=null]]'.
2024-11-02 17:15:46.906 +01:00 [INF] Executed action systemOut.Controllers.UserAPIController.UserList (api) in 46.9007ms
2024-11-02 17:15:46.906 +01:00 [INF] Executed action systemOut.Controllers.UserAPIController.UserList (api) in 46.8696ms
2024-11-02 17:15:46.906 +01:00 [INF] Executed endpoint 'systemOut.Controllers.UserAPIController.UserList (api)'
2024-11-02 17:15:46.906 +01:00 [INF] Executed endpoint 'systemOut.Controllers.UserAPIController.UserList (api)'
2024-11-02 17:15:46.906 +01:00 [INF] Request finished HTTP/2 GET https://localhost:7285/api/userapi/userlist - 200 145 application/json; charset=utf-8 50.3588ms
2024-11-02 17:15:46.906 +01:00 [INF] Request finished HTTP/2 GET https://localhost:7285/api/userapi/userlist - 200 145 application/json; charset=utf-8 50.2684ms
2024-11-02 17:15:46.912 +01:00 [INF] Request starting HTTP/2 GET https://localhost:7285/images/bruker1/bruker1.jpg - null null
2024-11-02 17:15:46.913 +01:00 [INF] Request starting HTTP/2 GET https://localhost:7285/images/bruker2/bruker2.jpg - null null
2024-11-02 17:15:46.982 +01:00 [INF] Sending file. Request path: '/images/bruker2/bruker2.jpg'. Physical path: 'C:\Users\Per\Desktop\ReactBranch\ITPE3200-React\api\wwwroot\images\bruker2\bruker2.jpg'
2024-11-02 17:15:46.985 +01:00 [INF] Request finished HTTP/2 GET https://localhost:7285/images/bruker2/bruker2.jpg - 200 1185535 image/jpeg 71.6691ms
2024-11-02 17:15:47.006 +01:00 [INF] Sending file. Request path: '/images/bruker1/bruker1.jpg'. Physical path: 'C:\Users\Per\Desktop\ReactBranch\ITPE3200-React\api\wwwroot\images\bruker1\bruker1.jpg'
2024-11-02 17:15:47.006 +01:00 [INF] Request finished HTTP/2 GET https://localhost:7285/images/bruker1/bruker1.jpg - 200 2136966 image/jpeg 93.3983ms
2024-11-02 17:21:58.047 +01:00 [INF] Request starting HTTP/2 GET https://localhost:7285/images/bruker3/bruker3.jpg - null null
2024-11-02 17:21:58.068 +01:00 [INF] Sending file. Request path: '/images/bruker3/bruker3.jpg'. Physical path: 'C:\Users\Per\Desktop\ReactBranch\ITPE3200-React\api\wwwroot\images\bruker3\bruker3.jpg'
2024-11-02 17:21:58.068 +01:00 [INF] Request finished HTTP/2 GET https://localhost:7285/images/bruker3/bruker3.jpg - 200 651609 image/jpeg 21.4189ms
2024-11-02 17:34:22.013 +01:00 [INF] Request starting HTTP/2 GET https://localhost:7285/api/userapi/userlist - null null
2024-11-02 17:34:22.013 +01:00 [INF] Request starting HTTP/2 GET https://localhost:7285/api/userapi/userlist - null null
2024-11-02 17:34:22.015 +01:00 [INF] CORS policy execution successful.
2024-11-02 17:34:22.015 +01:00 [INF] CORS policy execution successful.
2024-11-02 17:34:22.017 +01:00 [INF] Executing endpoint 'systemOut.Controllers.UserAPIController.UserList (api)'
2024-11-02 17:34:22.017 +01:00 [INF] Executing endpoint 'systemOut.Controllers.UserAPIController.UserList (api)'
2024-11-02 17:34:22.017 +01:00 [INF] Route matched with {action = "UserList", controller = "UserAPI"}. Executing controller action with signature System.Threading.Tasks.Task`1[Microsoft.AspNetCore.Mvc.IActionResult] UserList() on controller systemOut.Controllers.UserAPIController (api).
2024-11-02 17:34:22.017 +01:00 [INF] Route matched with {action = "UserList", controller = "UserAPI"}. Executing controller action with signature System.Threading.Tasks.Task`1[Microsoft.AspNetCore.Mvc.IActionResult] UserList() on controller systemOut.Controllers.UserAPIController (api).
2024-11-02 17:34:22.026 +01:00 [INF] Executing OkObjectResult, writing value of type 'System.Linq.Enumerable+SelectListIterator`2[[systemOut.Models.User, api, Version=1.0.0.0, Culture=neutral, PublicKeyToken=null],[systemOut.DTOs.UserDto, api, Version=1.0.0.0, Culture=neutral, PublicKeyToken=null]]'.
2024-11-02 17:34:22.026 +01:00 [INF] Executing OkObjectResult, writing value of type 'System.Linq.Enumerable+SelectListIterator`2[[systemOut.Models.User, api, Version=1.0.0.0, Culture=neutral, PublicKeyToken=null],[systemOut.DTOs.UserDto, api, Version=1.0.0.0, Culture=neutral, PublicKeyToken=null]]'.
2024-11-02 17:34:22.027 +01:00 [INF] Executed action systemOut.Controllers.UserAPIController.UserList (api) in 9.5274ms
2024-11-02 17:34:22.027 +01:00 [INF] Executed action systemOut.Controllers.UserAPIController.UserList (api) in 9.5091ms
2024-11-02 17:34:22.027 +01:00 [INF] Executed endpoint 'systemOut.Controllers.UserAPIController.UserList (api)'
2024-11-02 17:34:22.027 +01:00 [INF] Executed endpoint 'systemOut.Controllers.UserAPIController.UserList (api)'
2024-11-02 17:34:22.027 +01:00 [INF] Request finished HTTP/2 GET https://localhost:7285/api/userapi/userlist - 200 145 application/json; charset=utf-8 13.9483ms
2024-11-02 17:34:22.027 +01:00 [INF] Request finished HTTP/2 GET https://localhost:7285/api/userapi/userlist - 200 145 application/json; charset=utf-8 13.8242ms
