2024-10-31 18:39:00.175 +01:00 [WRN] The ASP.NET Core developer certificate is not trusted. For information about trusting the ASP.NET Core developer certificate, see https://aka.ms/aspnet/https-trust-dev-cert.
2024-10-31 18:39:00.217 +01:00 [INF] Now listening on: https://localhost:7285
2024-10-31 18:39:00.219 +01:00 [INF] Now listening on: http://localhost:5269
2024-10-31 18:39:00.224 +01:00 [INF] Application started. Press Ctrl+C to shut down.
2024-10-31 18:39:00.226 +01:00 [INF] Hosting environment: Development
2024-10-31 18:39:00.227 +01:00 [INF] Content root path: C:\Users\Per\Desktop\ReactBranch\ITPE3200-React\api
2024-10-31 18:39:00.453 +01:00 [INF] Request starting HTTP/2 GET https://localhost:7285/ - null null
2024-10-31 18:39:00.482 +01:00 [INF] Request finished HTTP/2 GET https://localhost:7285/ - 404 0 null 30.0541ms
2024-10-31 18:39:00.488 +01:00 [INF] Request reached the end of the middleware pipeline without being handled by application code. Request path: GET https://localhost:7285/, Response status code: 404
2024-10-31 18:39:05.869 +01:00 [INF] Request starting HTTP/2 GET https://localhost:7285/api/userapi/userlist - null null
2024-10-31 18:39:05.873 +01:00 [INF] CORS policy execution successful.
2024-10-31 18:39:05.874 +01:00 [INF] Executing endpoint 'systemOut.Controllers.UserAPIController.UserList (api)'
2024-10-31 18:39:05.887 +01:00 [INF] Route matched with {action = "UserList", controller = "UserAPI"}. Executing controller action with signature System.Threading.Tasks.Task`1[Microsoft.AspNetCore.Mvc.IActionResult] UserList() on controller systemOut.Controllers.UserAPIController (api).
2024-10-31 18:39:06.053 +01:00 [INF] Executing OkObjectResult, writing value of type 'System.Linq.Enumerable+SelectListIterator`2[[systemOut.Models.User, api, Version=1.0.0.0, Culture=neutral, PublicKeyToken=null],[systemOut.DTOs.UserDto, api, Version=1.0.0.0, Culture=neutral, PublicKeyToken=null]]'.
2024-10-31 18:39:06.120 +01:00 [INF] Executed action systemOut.Controllers.UserAPIController.UserList (api) in 229.9948ms
2024-10-31 18:39:06.120 +01:00 [INF] Executed endpoint 'systemOut.Controllers.UserAPIController.UserList (api)'
2024-10-31 18:39:06.126 +01:00 [INF] Request finished HTTP/2 GET https://localhost:7285/api/userapi/userlist - 200 145 application/json; charset=utf-8 256.3934ms
2024-10-31 18:39:06.221 +01:00 [INF] Request starting HTTP/2 GET https://localhost:7285/images/bruker1/bruker1.jpg - null null
2024-10-31 18:39:06.221 +01:00 [INF] Request starting HTTP/2 GET https://localhost:7285/images/bruker2/bruker2.jpg - null null
2024-10-31 18:39:06.305 +01:00 [INF] Sending file. Request path: '/images/bruker2/bruker2.jpg'. Physical path: 'C:\Users\Per\Desktop\ReactBranch\ITPE3200-React\api\wwwroot\images\bruker2\bruker2.jpg'
2024-10-31 18:39:06.307 +01:00 [INF] Request finished HTTP/2 GET https://localhost:7285/images/bruker2/bruker2.jpg - 200 1185535 image/jpeg 85.9897ms
2024-10-31 18:39:06.323 +01:00 [INF] Sending file. Request path: '/images/bruker1/bruker1.jpg'. Physical path: 'C:\Users\Per\Desktop\ReactBranch\ITPE3200-React\api\wwwroot\images\bruker1\bruker1.jpg'
2024-10-31 18:39:06.324 +01:00 [INF] Request finished HTTP/2 GET https://localhost:7285/images/bruker1/bruker1.jpg - 200 2136966 image/jpeg 102.9289ms
