2024-11-29 13:43:03.114 +01:00 [INF] Now listening on: https://localhost:7285
2024-11-29 13:43:03.120 +01:00 [INF] Now listening on: http://localhost:5269
2024-11-29 13:43:03.123 +01:00 [INF] Application started. Press Ctrl+C to shut down.
2024-11-29 13:43:03.123 +01:00 [INF] Hosting environment: Development
2024-11-29 13:43:03.123 +01:00 [INF] Content root path: C:\Users\47477\OneDrive\Skrivebord\ITPE3200\React\ITPE3200-React\api
2024-11-29 13:43:03.566 +01:00 [INF] Request starting HTTP/2 GET https://localhost:7285/ - null null
2024-11-29 13:43:03.610 +01:00 [INF] Request finished HTTP/2 GET https://localhost:7285/ - 404 0 null 45.4101ms
2024-11-29 13:43:03.615 +01:00 [INF] Request reached the end of the middleware pipeline without being handled by application code. Request path: GET https://localhost:7285/, Response status code: 404
2024-11-29 13:43:31.389 +01:00 [INF] Request starting HTTP/2 GET https://localhost:7285/api/userapi/userlist - null null
2024-11-29 13:43:31.394 +01:00 [INF] CORS policy execution successful.
2024-11-29 13:43:31.397 +01:00 [INF] Executing endpoint 'systemOut.Controllers.UserAPIController.UserList (api)'
2024-11-29 13:43:31.414 +01:00 [INF] Route matched with {action = "UserList", controller = "UserAPI"}. Executing controller action with signature System.Threading.Tasks.Task`1[Microsoft.AspNetCore.Mvc.IActionResult] UserList() on controller systemOut.Controllers.UserAPIController (api).
2024-11-29 13:43:31.569 +01:00 [INF] Executing OkObjectResult, writing value of type 'System.Linq.Enumerable+SelectListIterator`2[[systemOut.Models.User, api, Version=1.0.0.0, Culture=neutral, PublicKeyToken=null],[systemOut.DTOs.UserDto, api, Version=1.0.0.0, Culture=neutral, PublicKeyToken=null]]'.
2024-11-29 13:43:31.636 +01:00 [INF] Executed action systemOut.Controllers.UserAPIController.UserList (api) in 218.4102ms
2024-11-29 13:43:31.636 +01:00 [INF] Executed endpoint 'systemOut.Controllers.UserAPIController.UserList (api)'
2024-11-29 13:43:31.642 +01:00 [INF] Request finished HTTP/2 GET https://localhost:7285/api/userapi/userlist - 200 372 application/json; charset=utf-8 253.1544ms
2024-11-29 13:43:40.922 +01:00 [INF] Request starting HTTP/2 GET https://localhost:7285/api/userapi/userlist - null null
2024-11-29 13:43:40.922 +01:00 [INF] Request starting HTTP/2 GET https://localhost:7285/api/noteapi/getnotes - null null
2024-11-29 13:43:40.922 +01:00 [INF] Request starting HTTP/2 GET https://localhost:7285/api/imageapi/getimages - null null
2024-11-29 13:43:40.925 +01:00 [INF] CORS policy execution successful.
2024-11-29 13:43:40.925 +01:00 [INF] CORS policy execution successful.
2024-11-29 13:43:40.925 +01:00 [INF] CORS policy execution successful.
2024-11-29 13:43:40.925 +01:00 [INF] Executing endpoint 'systemOut.Controllers.UserAPIController.UserList (api)'
2024-11-29 13:43:40.925 +01:00 [INF] Executing endpoint 'systemOut.Controllers.ImageAPIController.GetImages (api)'
2024-11-29 13:43:40.925 +01:00 [INF] Executing endpoint 'systemOut.Controllers.NoteAPICOntroller.GetNotes (api)'
2024-11-29 13:43:40.926 +01:00 [INF] Route matched with {action = "UserList", controller = "UserAPI"}. Executing controller action with signature System.Threading.Tasks.Task`1[Microsoft.AspNetCore.Mvc.IActionResult] UserList() on controller systemOut.Controllers.UserAPIController (api).
2024-11-29 13:43:40.931 +01:00 [INF] Route matched with {action = "GetImages", controller = "ImageAPI"}. Executing controller action with signature System.Threading.Tasks.Task`1[Microsoft.AspNetCore.Mvc.IActionResult] GetImages() on controller systemOut.Controllers.ImageAPIController (api).
2024-11-29 13:43:40.931 +01:00 [INF] Route matched with {action = "GetNotes", controller = "NoteAPI"}. Executing controller action with signature System.Threading.Tasks.Task`1[Microsoft.AspNetCore.Mvc.IActionResult] GetNotes() on controller systemOut.Controllers.NoteAPICOntroller (api).
2024-11-29 13:43:40.979 +01:00 [INF] Executing OkObjectResult, writing value of type 'System.Linq.Enumerable+SelectListIterator`2[[systemOut.Models.User, api, Version=1.0.0.0, Culture=neutral, PublicKeyToken=null],[systemOut.DTOs.UserDto, api, Version=1.0.0.0, Culture=neutral, PublicKeyToken=null]]'.
2024-11-29 13:43:40.980 +01:00 [INF] Executed action systemOut.Controllers.UserAPIController.UserList (api) in 54.7149ms
2024-11-29 13:43:40.981 +01:00 [INF] Executed endpoint 'systemOut.Controllers.UserAPIController.UserList (api)'
2024-11-29 13:43:40.981 +01:00 [INF] Request finished HTTP/2 GET https://localhost:7285/api/userapi/userlist - 200 372 application/json; charset=utf-8 59.4539ms
2024-11-29 13:43:40.984 +01:00 [INF] Request starting HTTP/2 GET https://localhost:7285/api/userapi/userlist - null null
2024-11-29 13:43:40.984 +01:00 [INF] CORS policy execution successful.
2024-11-29 13:43:40.984 +01:00 [INF] Executing endpoint 'systemOut.Controllers.UserAPIController.UserList (api)'
2024-11-29 13:43:40.984 +01:00 [INF] Route matched with {action = "UserList", controller = "UserAPI"}. Executing controller action with signature System.Threading.Tasks.Task`1[Microsoft.AspNetCore.Mvc.IActionResult] UserList() on controller systemOut.Controllers.UserAPIController (api).
2024-11-29 13:43:40.989 +01:00 [INF] Executing OkObjectResult, writing value of type 'System.Linq.Enumerable+SelectListIterator`2[[systemOut.Models.User, api, Version=1.0.0.0, Culture=neutral, PublicKeyToken=null],[systemOut.DTOs.UserDto, api, Version=1.0.0.0, Culture=neutral, PublicKeyToken=null]]'.
2024-11-29 13:43:40.990 +01:00 [INF] Executed action systemOut.Controllers.UserAPIController.UserList (api) in 5.775ms
2024-11-29 13:43:40.990 +01:00 [INF] Executed endpoint 'systemOut.Controllers.UserAPIController.UserList (api)'
2024-11-29 13:43:40.991 +01:00 [INF] Request finished HTTP/2 GET https://localhost:7285/api/userapi/userlist - 200 372 application/json; charset=utf-8 7.057ms
2024-11-29 13:43:41.006 +01:00 [INF] Executing OkObjectResult, writing value of type 'System.Linq.Enumerable+SelectListIterator`2[[systemOut.Models.Note, api, Version=1.0.0.0, Culture=neutral, PublicKeyToken=null],[systemOut.DTOs.NoteDto, api, Version=1.0.0.0, Culture=neutral, PublicKeyToken=null]]'.
2024-11-29 13:43:41.008 +01:00 [INF] Executing OkObjectResult, writing value of type 'System.Linq.Enumerable+SelectListIterator`2[[systemOut.Models.Image, api, Version=1.0.0.0, Culture=neutral, PublicKeyToken=null],[systemOut.DTOs.ImageDto, api, Version=1.0.0.0, Culture=neutral, PublicKeyToken=null]]'.
2024-11-29 13:43:41.010 +01:00 [INF] Executed action systemOut.Controllers.NoteAPICOntroller.GetNotes (api) in 79.3215ms
2024-11-29 13:43:41.010 +01:00 [INF] Executed endpoint 'systemOut.Controllers.NoteAPICOntroller.GetNotes (api)'
2024-11-29 13:43:41.014 +01:00 [INF] Executed action systemOut.Controllers.ImageAPIController.GetImages (api) in 83.629ms
2024-11-29 13:43:41.015 +01:00 [INF] Executed endpoint 'systemOut.Controllers.ImageAPIController.GetImages (api)'
2024-11-29 13:43:41.015 +01:00 [INF] Request finished HTTP/2 GET https://localhost:7285/api/noteapi/getnotes - 200 746 application/json; charset=utf-8 92.9843ms
2024-11-29 13:43:41.018 +01:00 [INF] Request finished HTTP/2 GET https://localhost:7285/api/imageapi/getimages - 200 815 application/json; charset=utf-8 95.7665ms
2024-11-29 13:43:41.020 +01:00 [INF] Request starting HTTP/2 GET https://localhost:7285/api/noteapi/getnotes - null null
2024-11-29 13:43:41.020 +01:00 [INF] Request starting HTTP/2 GET https://localhost:7285/api/imageapi/getimages - null null
2024-11-29 13:43:41.021 +01:00 [INF] CORS policy execution successful.
2024-11-29 13:43:41.021 +01:00 [INF] CORS policy execution successful.
2024-11-29 13:43:41.021 +01:00 [INF] Executing endpoint 'systemOut.Controllers.ImageAPIController.GetImages (api)'
2024-11-29 13:43:41.021 +01:00 [INF] Executing endpoint 'systemOut.Controllers.NoteAPICOntroller.GetNotes (api)'
2024-11-29 13:43:41.022 +01:00 [INF] Route matched with {action = "GetImages", controller = "ImageAPI"}. Executing controller action with signature System.Threading.Tasks.Task`1[Microsoft.AspNetCore.Mvc.IActionResult] GetImages() on controller systemOut.Controllers.ImageAPIController (api).
2024-11-29 13:43:41.022 +01:00 [INF] Route matched with {action = "GetNotes", controller = "NoteAPI"}. Executing controller action with signature System.Threading.Tasks.Task`1[Microsoft.AspNetCore.Mvc.IActionResult] GetNotes() on controller systemOut.Controllers.NoteAPICOntroller (api).
2024-11-29 13:43:41.025 +01:00 [INF] Executing OkObjectResult, writing value of type 'System.Linq.Enumerable+SelectListIterator`2[[systemOut.Models.Image, api, Version=1.0.0.0, Culture=neutral, PublicKeyToken=null],[systemOut.DTOs.ImageDto, api, Version=1.0.0.0, Culture=neutral, PublicKeyToken=null]]'.
2024-11-29 13:43:41.026 +01:00 [INF] Executed action systemOut.Controllers.ImageAPIController.GetImages (api) in 3.8945ms
2024-11-29 13:43:41.026 +01:00 [INF] Executed endpoint 'systemOut.Controllers.ImageAPIController.GetImages (api)'
2024-11-29 13:43:41.026 +01:00 [INF] Request finished HTTP/2 GET https://localhost:7285/api/imageapi/getimages - 200 815 application/json; charset=utf-8 6.551ms
2024-11-29 13:43:41.028 +01:00 [INF] Executing OkObjectResult, writing value of type 'System.Linq.Enumerable+SelectListIterator`2[[systemOut.Models.Note, api, Version=1.0.0.0, Culture=neutral, PublicKeyToken=null],[systemOut.DTOs.NoteDto, api, Version=1.0.0.0, Culture=neutral, PublicKeyToken=null]]'.
2024-11-29 13:43:41.036 +01:00 [INF] Executed action systemOut.Controllers.NoteAPICOntroller.GetNotes (api) in 14.2562ms
2024-11-29 13:43:41.037 +01:00 [INF] Executed endpoint 'systemOut.Controllers.NoteAPICOntroller.GetNotes (api)'
2024-11-29 13:43:41.037 +01:00 [INF] Request finished HTTP/2 GET https://localhost:7285/api/noteapi/getnotes - 200 746 application/json; charset=utf-8 17.4154ms
2024-11-29 15:07:18.413 +01:00 [INF] Request starting HTTP/2 GET https://localhost:7285/api/imageapi/18 - null null
2024-11-29 15:07:18.414 +01:00 [INF] CORS policy execution successful.
2024-11-29 15:07:18.414 +01:00 [INF] Executing endpoint 'systemOut.Controllers.ImageAPIController.GetImage (api)'
2024-11-29 15:07:18.424 +01:00 [INF] Route matched with {action = "GetImage", controller = "ImageAPI"}. Executing controller action with signature System.Threading.Tasks.Task`1[Microsoft.AspNetCore.Mvc.IActionResult] GetImage(Int32) on controller systemOut.Controllers.ImageAPIController (api).
2024-11-29 15:07:18.484 +01:00 [INF] Executing OkObjectResult, writing value of type 'Castle.Proxies.ImageProxy'.
2024-11-29 15:07:18.611 +01:00 [INF] Executed action systemOut.Controllers.ImageAPIController.GetImage (api) in 186.7497ms
2024-11-29 15:07:18.611 +01:00 [INF] Executed endpoint 'systemOut.Controllers.ImageAPIController.GetImage (api)'
2024-11-29 15:07:18.611 +01:00 [INF] Request finished HTTP/2 GET https://localhost:7285/api/imageapi/18 - 200 398 application/json; charset=utf-8 197.8198ms
2024-11-29 15:07:18.612 +01:00 [INF] Request starting HTTP/2 GET https://localhost:7285/api/imageapi/18 - null null
2024-11-29 15:07:18.613 +01:00 [INF] CORS policy execution successful.
2024-11-29 15:07:18.613 +01:00 [INF] Executing endpoint 'systemOut.Controllers.ImageAPIController.GetImage (api)'
2024-11-29 15:07:18.613 +01:00 [INF] Route matched with {action = "GetImage", controller = "ImageAPI"}. Executing controller action with signature System.Threading.Tasks.Task`1[Microsoft.AspNetCore.Mvc.IActionResult] GetImage(Int32) on controller systemOut.Controllers.ImageAPIController (api).
2024-11-29 15:07:18.618 +01:00 [INF] Executing OkObjectResult, writing value of type 'Castle.Proxies.ImageProxy'.
2024-11-29 15:07:18.624 +01:00 [INF] Request starting HTTP/2 GET https://localhost:7285/api/commentapi/getcomments - null null
2024-11-29 15:07:18.625 +01:00 [INF] CORS policy execution successful.
2024-11-29 15:07:18.625 +01:00 [INF] Executing endpoint 'systemOut.Controllers.CommentAPIController.GetComments (api)'
2024-11-29 15:07:18.629 +01:00 [INF] Route matched with {action = "GetComments", controller = "CommentAPI"}. Executing controller action with signature System.Threading.Tasks.Task`1[Microsoft.AspNetCore.Mvc.IActionResult] GetComments() on controller systemOut.Controllers.CommentAPIController (api).
2024-11-29 15:07:18.632 +01:00 [INF] Executed action systemOut.Controllers.ImageAPIController.GetImage (api) in 19.1909ms
2024-11-29 15:07:18.632 +01:00 [INF] Executed endpoint 'systemOut.Controllers.ImageAPIController.GetImage (api)'
2024-11-29 15:07:18.633 +01:00 [INF] Request finished HTTP/2 GET https://localhost:7285/api/imageapi/18 - 200 398 application/json; charset=utf-8 20.2992ms
2024-11-29 15:07:18.658 +01:00 [INF] Executing OkObjectResult, writing value of type 'System.Linq.Enumerable+SelectListIterator`2[[systemOut.Models.Comment, api, Version=1.0.0.0, Culture=neutral, PublicKeyToken=null],[systemOut.DTOs.CommentDto, api, Version=1.0.0.0, Culture=neutral, PublicKeyToken=null]]'.
2024-11-29 15:07:18.661 +01:00 [INF] Executed action systemOut.Controllers.CommentAPIController.GetComments (api) in 31.1337ms
2024-11-29 15:07:18.661 +01:00 [INF] Executed endpoint 'systemOut.Controllers.CommentAPIController.GetComments (api)'
2024-11-29 15:07:18.664 +01:00 [INF] Request starting HTTP/2 GET https://localhost:7285/api/commentapi/getcomments - null null
2024-11-29 15:07:18.664 +01:00 [INF] Request finished HTTP/2 GET https://localhost:7285/api/commentapi/getcomments - 200 793 application/json; charset=utf-8 39.968ms
2024-11-29 15:07:18.665 +01:00 [INF] CORS policy execution successful.
2024-11-29 15:07:18.665 +01:00 [INF] Executing endpoint 'systemOut.Controllers.CommentAPIController.GetComments (api)'
2024-11-29 15:07:18.665 +01:00 [INF] Route matched with {action = "GetComments", controller = "CommentAPI"}. Executing controller action with signature System.Threading.Tasks.Task`1[Microsoft.AspNetCore.Mvc.IActionResult] GetComments() on controller systemOut.Controllers.CommentAPIController (api).
2024-11-29 15:07:18.668 +01:00 [INF] Executing OkObjectResult, writing value of type 'System.Linq.Enumerable+SelectListIterator`2[[systemOut.Models.Comment, api, Version=1.0.0.0, Culture=neutral, PublicKeyToken=null],[systemOut.DTOs.CommentDto, api, Version=1.0.0.0, Culture=neutral, PublicKeyToken=null]]'.
2024-11-29 15:07:18.668 +01:00 [INF] Executed action systemOut.Controllers.CommentAPIController.GetComments (api) in 2.7663ms
2024-11-29 15:07:18.668 +01:00 [INF] Executed endpoint 'systemOut.Controllers.CommentAPIController.GetComments (api)'
2024-11-29 15:07:18.669 +01:00 [INF] Request finished HTTP/2 GET https://localhost:7285/api/commentapi/getcomments - 200 793 application/json; charset=utf-8 4.6184ms
2024-11-29 15:07:21.356 +01:00 [INF] Request starting HTTP/2 GET https://localhost:7285/api/imageapi/18 - null null
2024-11-29 15:07:21.357 +01:00 [INF] CORS policy execution successful.
2024-11-29 15:07:21.357 +01:00 [INF] Executing endpoint 'systemOut.Controllers.ImageAPIController.GetImage (api)'
2024-11-29 15:07:21.357 +01:00 [INF] Route matched with {action = "GetImage", controller = "ImageAPI"}. Executing controller action with signature System.Threading.Tasks.Task`1[Microsoft.AspNetCore.Mvc.IActionResult] GetImage(Int32) on controller systemOut.Controllers.ImageAPIController (api).
2024-11-29 15:07:21.360 +01:00 [INF] Executing OkObjectResult, writing value of type 'Castle.Proxies.ImageProxy'.
2024-11-29 15:07:21.368 +01:00 [INF] Executed action systemOut.Controllers.ImageAPIController.GetImage (api) in 11.3314ms
2024-11-29 15:07:21.368 +01:00 [INF] Executed endpoint 'systemOut.Controllers.ImageAPIController.GetImage (api)'
2024-11-29 15:07:21.369 +01:00 [INF] Request finished HTTP/2 GET https://localhost:7285/api/imageapi/18 - 200 398 application/json; charset=utf-8 12.2167ms
2024-11-29 15:07:21.371 +01:00 [INF] Request starting HTTP/2 GET https://localhost:7285/api/imageapi/18 - null null
2024-11-29 15:07:21.372 +01:00 [INF] CORS policy execution successful.
2024-11-29 15:07:21.372 +01:00 [INF] Executing endpoint 'systemOut.Controllers.ImageAPIController.GetImage (api)'
2024-11-29 15:07:21.372 +01:00 [INF] Route matched with {action = "GetImage", controller = "ImageAPI"}. Executing controller action with signature System.Threading.Tasks.Task`1[Microsoft.AspNetCore.Mvc.IActionResult] GetImage(Int32) on controller systemOut.Controllers.ImageAPIController (api).
2024-11-29 15:07:21.374 +01:00 [INF] Executing OkObjectResult, writing value of type 'Castle.Proxies.ImageProxy'.
2024-11-29 15:07:21.386 +01:00 [INF] Executed action systemOut.Controllers.ImageAPIController.GetImage (api) in 13.5017ms
2024-11-29 15:07:21.386 +01:00 [INF] Executed endpoint 'systemOut.Controllers.ImageAPIController.GetImage (api)'
2024-11-29 15:07:21.386 +01:00 [INF] Request finished HTTP/2 GET https://localhost:7285/api/imageapi/18 - 200 398 application/json; charset=utf-8 14.59ms
2024-11-29 15:07:21.386 +01:00 [INF] Request starting HTTP/2 GET https://localhost:7285/api/userapi/userlist - null null
2024-11-29 15:07:21.387 +01:00 [INF] CORS policy execution successful.
2024-11-29 15:07:21.387 +01:00 [INF] Executing endpoint 'systemOut.Controllers.UserAPIController.UserList (api)'
2024-11-29 15:07:21.387 +01:00 [INF] Request starting HTTP/2 GET https://localhost:7285/api/imageapi/get-all-image-urls - null null
2024-11-29 15:07:21.387 +01:00 [INF] Route matched with {action = "UserList", controller = "UserAPI"}. Executing controller action with signature System.Threading.Tasks.Task`1[Microsoft.AspNetCore.Mvc.IActionResult] UserList() on controller systemOut.Controllers.UserAPIController (api).
2024-11-29 15:07:21.388 +01:00 [INF] CORS policy execution successful.
2024-11-29 15:07:21.388 +01:00 [INF] Executing endpoint 'systemOut.Controllers.ImageAPIController.GetAllImageUrls (api)'
2024-11-29 15:07:21.393 +01:00 [INF] Route matched with {action = "GetAllImageUrls", controller = "ImageAPI"}. Executing controller action with signature Microsoft.AspNetCore.Mvc.IActionResult GetAllImageUrls() on controller systemOut.Controllers.ImageAPIController (api).
2024-11-29 15:07:21.393 +01:00 [INF] Executing OkObjectResult, writing value of type 'System.Linq.Enumerable+SelectListIterator`2[[systemOut.Models.User, api, Version=1.0.0.0, Culture=neutral, PublicKeyToken=null],[systemOut.DTOs.UserDto, api, Version=1.0.0.0, Culture=neutral, PublicKeyToken=null]]'.
2024-11-29 15:07:21.393 +01:00 [INF] Executed action systemOut.Controllers.UserAPIController.UserList (api) in 5.6392ms
2024-11-29 15:07:21.393 +01:00 [INF] Executed endpoint 'systemOut.Controllers.UserAPIController.UserList (api)'
2024-11-29 15:07:21.393 +01:00 [INF] Request finished HTTP/2 GET https://localhost:7285/api/userapi/userlist - 200 372 application/json; charset=utf-8 7.0756ms
2024-11-29 15:07:21.396 +01:00 [INF] Request starting HTTP/2 GET https://localhost:7285/api/userapi/userlist - null null
2024-11-29 15:07:21.396 +01:00 [INF] CORS policy execution successful.
2024-11-29 15:07:21.396 +01:00 [INF] Executing endpoint 'systemOut.Controllers.UserAPIController.UserList (api)'
2024-11-29 15:07:21.397 +01:00 [INF] Route matched with {action = "UserList", controller = "UserAPI"}. Executing controller action with signature System.Threading.Tasks.Task`1[Microsoft.AspNetCore.Mvc.IActionResult] UserList() on controller systemOut.Controllers.UserAPIController (api).
2024-11-29 15:07:21.400 +01:00 [INF] Executing OkObjectResult, writing value of type 'System.Linq.Enumerable+SelectListIterator`2[[systemOut.Models.User, api, Version=1.0.0.0, Culture=neutral, PublicKeyToken=null],[systemOut.DTOs.UserDto, api, Version=1.0.0.0, Culture=neutral, PublicKeyToken=null]]'.
2024-11-29 15:07:21.400 +01:00 [INF] Executed action systemOut.Controllers.UserAPIController.UserList (api) in 3.3257ms
2024-11-29 15:07:21.400 +01:00 [INF] Executed endpoint 'systemOut.Controllers.UserAPIController.UserList (api)'
2024-11-29 15:07:21.401 +01:00 [INF] Request finished HTTP/2 GET https://localhost:7285/api/userapi/userlist - 200 372 application/json; charset=utf-8 4.5216ms
2024-11-29 15:07:21.403 +01:00 [INF] Executing OkObjectResult, writing value of type 'System.Collections.Generic.List`1[[System.String, System.Private.CoreLib, Version=8.0.0.0, Culture=neutral, PublicKeyToken=7cec85d7bea7798e]]'.
2024-11-29 15:07:21.404 +01:00 [INF] Executed action systemOut.Controllers.ImageAPIController.GetAllImageUrls (api) in 11.3833ms
2024-11-29 15:07:21.404 +01:00 [INF] Executed endpoint 'systemOut.Controllers.ImageAPIController.GetAllImageUrls (api)'
2024-11-29 15:07:21.404 +01:00 [INF] Request finished HTTP/2 GET https://localhost:7285/api/imageapi/get-all-image-urls - 200 582 application/json; charset=utf-8 17.1208ms
2024-11-29 15:07:21.408 +01:00 [INF] Request starting HTTP/2 GET https://localhost:7285/api/imageapi/get-all-image-urls - null null
2024-11-29 15:07:21.409 +01:00 [INF] CORS policy execution successful.
2024-11-29 15:07:21.409 +01:00 [INF] Executing endpoint 'systemOut.Controllers.ImageAPIController.GetAllImageUrls (api)'
2024-11-29 15:07:21.409 +01:00 [INF] Route matched with {action = "GetAllImageUrls", controller = "ImageAPI"}. Executing controller action with signature Microsoft.AspNetCore.Mvc.IActionResult GetAllImageUrls() on controller systemOut.Controllers.ImageAPIController (api).
2024-11-29 15:07:21.414 +01:00 [INF] Executing OkObjectResult, writing value of type 'System.Collections.Generic.List`1[[System.String, System.Private.CoreLib, Version=8.0.0.0, Culture=neutral, PublicKeyToken=7cec85d7bea7798e]]'.
2024-11-29 15:07:21.415 +01:00 [INF] Executed action systemOut.Controllers.ImageAPIController.GetAllImageUrls (api) in 5.2ms
2024-11-29 15:07:21.415 +01:00 [INF] Executed endpoint 'systemOut.Controllers.ImageAPIController.GetAllImageUrls (api)'
2024-11-29 15:07:21.417 +01:00 [INF] Request finished HTTP/2 GET https://localhost:7285/api/imageapi/get-all-image-urls - 200 582 application/json; charset=utf-8 8.2812ms
2024-11-29 15:07:37.192 +01:00 [INF] Request starting HTTP/2 OPTIONS https://localhost:7285/api/imageapi/update/18 - null null
2024-11-29 15:07:37.192 +01:00 [INF] CORS policy execution successful.
2024-11-29 15:07:37.193 +01:00 [INF] Request finished HTTP/2 OPTIONS https://localhost:7285/api/imageapi/update/18 - 204 null null 1.1648ms
2024-11-29 15:07:37.196 +01:00 [INF] Request starting HTTP/2 PUT https://localhost:7285/api/imageapi/update/18 - application/json 128
2024-11-29 15:07:37.196 +01:00 [INF] CORS policy execution successful.
2024-11-29 15:07:37.196 +01:00 [INF] Executing endpoint 'systemOut.Controllers.ImageAPIController.Update (api)'
2024-11-29 15:07:37.200 +01:00 [INF] Route matched with {action = "Update", controller = "ImageAPI"}. Executing controller action with signature System.Threading.Tasks.Task`1[Microsoft.AspNetCore.Mvc.IActionResult] Update(Int32, systemOut.DTOs.ImageDto) on controller systemOut.Controllers.ImageAPIController (api).
2024-11-29 15:07:37.243 +01:00 [INF] Executing BadRequestObjectResult, writing value of type 'Microsoft.AspNetCore.Mvc.ValidationProblemDetails'.
2024-11-29 15:07:37.261 +01:00 [INF] Executed action systemOut.Controllers.ImageAPIController.Update (api) in 60.6535ms
2024-11-29 15:07:37.261 +01:00 [INF] Executed endpoint 'systemOut.Controllers.ImageAPIController.Update (api)'
2024-11-29 15:07:37.262 +01:00 [INF] Request finished HTTP/2 PUT https://localhost:7285/api/imageapi/update/18 - 400 277 application/problem+json; charset=utf-8 65.7456ms
