2024-10-30 10:08:32.040 +01:00 [WRN] The ASP.NET Core developer certificate is not trusted. For information about trusting the ASP.NET Core developer certificate, see https://aka.ms/aspnet/https-trust-dev-cert.
2024-10-30 10:08:32.076 +01:00 [INF] Now listening on: https://localhost:7285
2024-10-30 10:08:32.078 +01:00 [INF] Now listening on: http://localhost:5269
2024-10-30 10:08:32.083 +01:00 [INF] Application started. Press Ctrl+C to shut down.
2024-10-30 10:08:32.085 +01:00 [INF] Hosting environment: Development
2024-10-30 10:08:32.086 +01:00 [INF] Content root path: C:\Users\Per\Desktop\ReactBranch\ITPE3200-React\api
2024-10-30 10:08:32.304 +01:00 [INF] Request starting HTTP/2 GET https://localhost:7285/ - null null
2024-10-30 10:08:32.332 +01:00 [INF] Request finished HTTP/2 GET https://localhost:7285/ - 404 0 null 29.649ms
2024-10-30 10:08:32.337 +01:00 [INF] Request reached the end of the middleware pipeline without being handled by application code. Request path: GET https://localhost:7285/, Response status code: 404
2024-10-30 10:08:32.357 +01:00 [INF] Request starting HTTP/2 GET https://localhost:7285/favicon.ico - null null
2024-10-30 10:08:32.365 +01:00 [INF] Request finished HTTP/2 GET https://localhost:7285/favicon.ico - 499 null null 7.9497ms
2024-10-30 10:08:32.365 +01:00 [INF] Request reached the end of the middleware pipeline without being handled by application code. Request path: GET https://localhost:7285/favicon.ico, Response status code: 499
2024-10-30 10:08:37.879 +01:00 [INF] Request starting HTTP/2 GET https://localhost:7285/swagger/index.html - null null
2024-10-30 10:08:37.926 +01:00 [INF] Request finished HTTP/2 GET https://localhost:7285/swagger/index.html - 200 null text/html;charset=utf-8 47.0872ms
2024-10-30 10:08:37.951 +01:00 [INF] Request starting HTTP/2 GET https://localhost:7285/swagger/swagger-ui.css - null null
2024-10-30 10:08:37.960 +01:00 [INF] Sending file. Request path: '/swagger-ui.css'. Physical path: 'N/A'
2024-10-30 10:08:37.960 +01:00 [INF] Request finished HTTP/2 GET https://localhost:7285/swagger/swagger-ui.css - 499 143943 text/css 9.252ms
2024-10-30 10:08:38.004 +01:00 [INF] Request starting HTTP/2 GET https://localhost:7285/swagger/favicon-16x16.png - null null
2024-10-30 10:08:38.004 +01:00 [INF] Sending file. Request path: '/favicon-16x16.png'. Physical path: 'N/A'
2024-10-30 10:08:38.004 +01:00 [INF] Request finished HTTP/2 GET https://localhost:7285/swagger/favicon-16x16.png - 499 665 image/png 1.2073ms
2024-10-30 10:08:38.025 +01:00 [INF] Request starting HTTP/2 GET https://localhost:7285/swagger/v1/swagger.json - null null
2024-10-30 10:08:38.082 +01:00 [INF] Request finished HTTP/2 GET https://localhost:7285/swagger/v1/swagger.json - 200 null application/json;charset=utf-8 57.2741ms
2024-10-30 10:08:49.769 +01:00 [INF] Request starting HTTP/2 GET https://localhost:7285/api/(controller) - null null
2024-10-30 10:08:49.772 +01:00 [INF] Executing endpoint 'systemOut.Controllers.UserAPIController.UserList (api)'
2024-10-30 10:08:49.787 +01:00 [INF] Route matched with {action = "UserList", controller = "UserAPI"}. Executing controller action with signature System.Threading.Tasks.Task`1[Microsoft.AspNetCore.Mvc.IActionResult] UserList() on controller systemOut.Controllers.UserAPIController (api).
2024-10-30 10:08:49.959 +01:00 [INF] Executing OkObjectResult, writing value of type 'System.Collections.Generic.List`1[[systemOut.Models.User, api, Version=1.0.0.0, Culture=neutral, PublicKeyToken=null]]'.
2024-10-30 10:08:50.228 +01:00 [INF] Executed action systemOut.Controllers.UserAPIController.UserList (api) in 438.3781ms
2024-10-30 10:08:50.229 +01:00 [INF] Executed endpoint 'systemOut.Controllers.UserAPIController.UserList (api)'
2024-10-30 10:08:50.231 +01:00 [INF] Request finished HTTP/2 GET https://localhost:7285/api/(controller) - 200 1955 application/json; charset=utf-8 462.5099ms
