2024-10-30 09:36:53.296 +01:00 [WRN] The ASP.NET Core developer certificate is not trusted. For information about trusting the ASP.NET Core developer certificate, see https://aka.ms/aspnet/https-trust-dev-cert.
2024-10-30 09:36:53.338 +01:00 [INF] Now listening on: https://localhost:7285
2024-10-30 09:36:53.340 +01:00 [INF] Now listening on: http://localhost:5269
2024-10-30 09:36:53.345 +01:00 [INF] Application started. Press Ctrl+C to shut down.
2024-10-30 09:36:53.347 +01:00 [INF] Hosting environment: Development
2024-10-30 09:36:53.349 +01:00 [INF] Content root path: C:\Users\Per\Desktop\ReactBranch\ITPE3200-React\api
2024-10-30 09:36:53.577 +01:00 [INF] Request starting HTTP/2 GET https://localhost:7285/ - null null
2024-10-30 09:36:53.605 +01:00 [INF] Request finished HTTP/2 GET https://localhost:7285/ - 404 0 null 28.3556ms
2024-10-30 09:36:53.611 +01:00 [INF] Request reached the end of the middleware pipeline without being handled by application code. Request path: GET https://localhost:7285/, Response status code: 404
2024-10-30 09:36:59.113 +01:00 [INF] Request starting HTTP/2 GET https://localhost:7285/swagger/ - null null
2024-10-30 09:36:59.115 +01:00 [INF] Request finished HTTP/2 GET https://localhost:7285/swagger/ - 301 0 null 1.7125ms
2024-10-30 09:36:59.118 +01:00 [INF] Request starting HTTP/2 GET https://localhost:7285/swagger/index.html - null null
2024-10-30 09:36:59.164 +01:00 [INF] Request finished HTTP/2 GET https://localhost:7285/swagger/index.html - 200 null text/html;charset=utf-8 46.2313ms
2024-10-30 09:36:59.304 +01:00 [INF] Request starting HTTP/2 GET https://localhost:7285/swagger/v1/swagger.json - null null
2024-10-30 09:36:59.359 +01:00 [INF] Request finished HTTP/2 GET https://localhost:7285/swagger/v1/swagger.json - 200 null application/json;charset=utf-8 54.4447ms
2024-10-30 09:37:03.526 +01:00 [INF] Request starting HTTP/2 GET https://localhost:7285/api/(controller) - null null
2024-10-30 09:37:03.530 +01:00 [INF] Executing endpoint 'systemOut.Controllers.UserAPIController.UserList (api)'
2024-10-30 09:37:03.543 +01:00 [INF] Route matched with {action = "UserList", controller = "UserAPI"}. Executing controller action with signature System.Threading.Tasks.Task`1[Microsoft.AspNetCore.Mvc.IActionResult] UserList() on controller systemOut.Controllers.UserAPIController (api).
2024-10-30 09:37:03.689 +01:00 [INF] Executing OkObjectResult, writing value of type 'System.Collections.Generic.List`1[[systemOut.Models.User, api, Version=1.0.0.0, Culture=neutral, PublicKeyToken=null]]'.
2024-10-30 09:37:03.695 +01:00 [INF] Executed action systemOut.Controllers.UserAPIController.UserList (api) in 149.6534ms
2024-10-30 09:37:03.695 +01:00 [INF] Executed endpoint 'systemOut.Controllers.UserAPIController.UserList (api)'
2024-10-30 09:37:03.701 +01:00 [INF] Request finished HTTP/2 GET https://localhost:7285/api/(controller) - 200 null application/json; charset=utf-8 175.2798ms
