2024-10-30 09:24:19.656 +01:00 [WRN] The ASP.NET Core developer certificate is not trusted. For information about trusting the ASP.NET Core developer certificate, see https://aka.ms/aspnet/https-trust-dev-cert.
2024-10-30 09:24:19.694 +01:00 [INF] Now listening on: https://localhost:7285
2024-10-30 09:24:19.696 +01:00 [INF] Now listening on: http://localhost:5269
2024-10-30 09:24:19.700 +01:00 [INF] Application started. Press Ctrl+C to shut down.
2024-10-30 09:24:19.701 +01:00 [INF] Hosting environment: Development
2024-10-30 09:24:19.702 +01:00 [INF] Content root path: C:\Users\Per\Desktop\ReactBranch\ITPE3200-React\api
2024-10-30 09:24:26.491 +01:00 [INF] Request starting HTTP/2 GET https://localhost:7285/ - null null
2024-10-30 09:24:26.530 +01:00 [INF] Request finished HTTP/2 GET https://localhost:7285/ - 404 0 null 41.6042ms
2024-10-30 09:24:26.541 +01:00 [INF] Request reached the end of the middleware pipeline without being handled by application code. Request path: GET https://localhost:7285/, Response status code: 404
2024-10-30 09:24:26.573 +01:00 [INF] Request starting HTTP/2 GET https://localhost:7285/favicon.ico - null null
2024-10-30 09:24:26.583 +01:00 [INF] Request finished HTTP/2 GET https://localhost:7285/favicon.ico - 404 0 null 9.9639ms
2024-10-30 09:24:26.583 +01:00 [INF] Request reached the end of the middleware pipeline without being handled by application code. Request path: GET https://localhost:7285/favicon.ico, Response status code: 404
2024-10-30 09:24:42.685 +01:00 [INF] Request starting HTTP/2 GET https://localhost:7285/swagger/index.html - null null
2024-10-30 09:24:42.734 +01:00 [INF] Request finished HTTP/2 GET https://localhost:7285/swagger/index.html - 200 null text/html;charset=utf-8 48.9128ms
2024-10-30 09:24:42.759 +01:00 [INF] Request starting HTTP/2 GET https://localhost:7285/swagger/swagger-ui.css - null null
2024-10-30 09:24:42.759 +01:00 [INF] Request starting HTTP/2 GET https://localhost:7285/swagger/swagger-ui-bundle.js - null null
2024-10-30 09:24:42.759 +01:00 [INF] Request starting HTTP/2 GET https://localhost:7285/swagger/swagger-ui-standalone-preset.js - null null
2024-10-30 09:24:42.794 +01:00 [INF] Sending file. Request path: '/swagger-ui-standalone-preset.js'. Physical path: 'N/A'
2024-10-30 09:24:42.794 +01:00 [INF] Sending file. Request path: '/swagger-ui.css'. Physical path: 'N/A'
2024-10-30 09:24:42.795 +01:00 [INF] Request finished HTTP/2 GET https://localhost:7285/swagger/swagger-ui-standalone-preset.js - 200 339486 text/javascript 35.3891ms
2024-10-30 09:24:42.795 +01:00 [INF] Request finished HTTP/2 GET https://localhost:7285/swagger/swagger-ui.css - 200 143943 text/css 35.5919ms
2024-10-30 09:24:42.801 +01:00 [INF] Sending file. Request path: '/swagger-ui-bundle.js'. Physical path: 'N/A'
2024-10-30 09:24:42.801 +01:00 [INF] Request finished HTTP/2 GET https://localhost:7285/swagger/swagger-ui-bundle.js - 200 1096145 text/javascript 41.8992ms
2024-10-30 09:24:42.894 +01:00 [INF] Request starting HTTP/2 GET https://localhost:7285/swagger/favicon-16x16.png - null null
2024-10-30 09:24:42.894 +01:00 [INF] Sending file. Request path: '/favicon-16x16.png'. Physical path: 'N/A'
2024-10-30 09:24:42.894 +01:00 [INF] Request finished HTTP/2 GET https://localhost:7285/swagger/favicon-16x16.png - 200 665 image/png 0.6158ms
2024-10-30 09:24:42.916 +01:00 [INF] Request starting HTTP/2 GET https://localhost:7285/swagger/v1/swagger.json - null null
2024-10-30 09:24:42.929 +01:00 [INF] Request finished HTTP/2 GET https://localhost:7285/swagger/v1/swagger.json - 200 null application/json;charset=utf-8 13.278ms
