2024-10-30 09:54:18.397 +01:00 [WRN] The ASP.NET Core developer certificate is not trusted. For information about trusting the ASP.NET Core developer certificate, see https://aka.ms/aspnet/https-trust-dev-cert.
2024-10-30 09:54:18.437 +01:00 [INF] Now listening on: https://localhost:7285
2024-10-30 09:54:18.439 +01:00 [INF] Now listening on: http://localhost:5269
2024-10-30 09:54:18.443 +01:00 [INF] Application started. Press Ctrl+C to shut down.
2024-10-30 09:54:18.446 +01:00 [INF] Hosting environment: Development
2024-10-30 09:54:18.447 +01:00 [INF] Content root path: C:\Users\Per\Desktop\ReactBranch\ITPE3200-React\api
2024-10-30 09:54:18.661 +01:00 [INF] Request starting HTTP/2 GET https://localhost:7285/ - null null
2024-10-30 09:54:18.689 +01:00 [INF] Request finished HTTP/2 GET https://localhost:7285/ - 404 0 null 28.8153ms
2024-10-30 09:54:18.696 +01:00 [INF] Request reached the end of the middleware pipeline without being handled by application code. Request path: GET https://localhost:7285/, Response status code: 404
2024-10-30 09:54:18.710 +01:00 [INF] Request starting HTTP/2 GET https://localhost:7285/favicon.ico - null null
2024-10-30 09:54:18.718 +01:00 [INF] Request finished HTTP/2 GET https://localhost:7285/favicon.ico - 499 null null 8.5634ms
2024-10-30 09:54:18.718 +01:00 [INF] Request reached the end of the middleware pipeline without being handled by application code. Request path: GET https://localhost:7285/favicon.ico, Response status code: 499
2024-10-30 09:54:25.051 +01:00 [INF] Request starting HTTP/2 GET https://localhost:7285/swagger/index.html - null null
2024-10-30 09:54:25.102 +01:00 [INF] Request finished HTTP/2 GET https://localhost:7285/swagger/index.html - 200 null text/html;charset=utf-8 50.4053ms
2024-10-30 09:54:25.124 +01:00 [INF] Request starting HTTP/2 GET https://localhost:7285/swagger/swagger-ui.css - null null
2024-10-30 09:54:25.133 +01:00 [INF] Sending file. Request path: '/swagger-ui.css'. Physical path: 'N/A'
2024-10-30 09:54:25.133 +01:00 [INF] Request finished HTTP/2 GET https://localhost:7285/swagger/swagger-ui.css - 499 143943 text/css 8.565ms
2024-10-30 09:54:25.175 +01:00 [INF] Request starting HTTP/2 GET https://localhost:7285/swagger/favicon-16x16.png - null null
2024-10-30 09:54:25.176 +01:00 [INF] Sending file. Request path: '/favicon-16x16.png'. Physical path: 'N/A'
2024-10-30 09:54:25.176 +01:00 [INF] Request finished HTTP/2 GET https://localhost:7285/swagger/favicon-16x16.png - 499 665 image/png 1.3985ms
2024-10-30 09:54:25.196 +01:00 [INF] Request starting HTTP/2 GET https://localhost:7285/swagger/v1/swagger.json - null null
2024-10-30 09:54:25.253 +01:00 [INF] Request finished HTTP/2 GET https://localhost:7285/swagger/v1/swagger.json - 200 null application/json;charset=utf-8 56.5385ms
2024-10-30 09:54:28.406 +01:00 [INF] Request starting HTTP/2 GET https://localhost:7285/api/(controller) - null null
2024-10-30 09:54:28.409 +01:00 [INF] Executing endpoint 'systemOut.Controllers.UserAPIController.UserList (api)'
2024-10-30 09:54:28.424 +01:00 [INF] Route matched with {action = "UserList", controller = "UserAPI"}. Executing controller action with signature System.Threading.Tasks.Task`1[Microsoft.AspNetCore.Mvc.IActionResult] UserList() on controller systemOut.Controllers.UserAPIController (api).
2024-10-30 09:54:28.582 +01:00 [INF] Executing OkObjectResult, writing value of type 'System.Collections.Generic.List`1[[systemOut.Models.User, api, Version=1.0.0.0, Culture=neutral, PublicKeyToken=null]]'.
2024-10-30 09:54:28.840 +01:00 [INF] Executed action systemOut.Controllers.UserAPIController.UserList (api) in 413.0499ms
2024-10-30 09:54:28.840 +01:00 [INF] Executed endpoint 'systemOut.Controllers.UserAPIController.UserList (api)'
2024-10-30 09:54:28.842 +01:00 [INF] Request finished HTTP/2 GET https://localhost:7285/api/(controller) - 200 1955 application/json; charset=utf-8 435.9857ms
